[2026-04-24 20:21:13,550] {taskinstance.py:877} INFO - Dependencies all met for <TaskInstance: download_rocket_launches.download_launches 2026-04-24T20:21:12.733296+00:00 [queued]>
[2026-04-24 20:21:13,563] {taskinstance.py:877} INFO - Dependencies all met for <TaskInstance: download_rocket_launches.download_launches 2026-04-24T20:21:12.733296+00:00 [queued]>
[2026-04-24 20:21:13,563] {taskinstance.py:1068} INFO - 
--------------------------------------------------------------------------------
[2026-04-24 20:21:13,563] {taskinstance.py:1069} INFO - Starting attempt 1 of 1
[2026-04-24 20:21:13,563] {taskinstance.py:1070} INFO - 
--------------------------------------------------------------------------------
[2026-04-24 20:21:13,569] {taskinstance.py:1089} INFO - Executing <Task(BashOperator): download_launches> on 2026-04-24T20:21:12.733296+00:00
[2026-04-24 20:21:13,572] {standard_task_runner.py:52} INFO - Started process 55 to run task
[2026-04-24 20:21:13,575] {standard_task_runner.py:76} INFO - Running: ['airflow', 'tasks', 'run', 'download_rocket_launches', 'download_launches', '2026-04-24T20:21:12.733296+00:00', '--job-id', '6', '--pool', 'default_pool', '--raw', '--subdir', 'DAGS_FOLDER/tp9.py', '--cfg-path', '/tmp/tmp1wfhh3un', '--error-file', '/tmp/tmp6lf744k3']
[2026-04-24 20:21:13,575] {standard_task_runner.py:77} INFO - Job 6: Subtask download_launches
[2026-04-24 20:21:13,602] {logging_mixin.py:104} INFO - Running <TaskInstance: download_rocket_launches.download_launches 2026-04-24T20:21:12.733296+00:00 [running]> on host 19afc48938a0
[2026-04-24 20:21:13,630] {taskinstance.py:1283} INFO - Exporting the following env vars:
AIRFLOW_CTX_DAG_OWNER=airflow
AIRFLOW_CTX_DAG_ID=download_rocket_launches
AIRFLOW_CTX_TASK_ID=download_launches
AIRFLOW_CTX_EXECUTION_DATE=2026-04-24T20:21:12.733296+00:00
AIRFLOW_CTX_DAG_RUN_ID=manual__2026-04-24T20:21:12.733296+00:00
[2026-04-24 20:21:13,630] {bash.py:135} INFO - Tmp dir root location: 
 /tmp
[2026-04-24 20:21:13,630] {bash.py:158} INFO - Running command: curl -Lk "https://ll.thespacedevs.com/2.0.0/launch/upcoming" -o /opt/airflow/dags/tmp/launches.json
[2026-04-24 20:21:13,641] {bash.py:169} INFO - Output:
[2026-04-24 20:21:13,647] {bash.py:173} INFO -   % Total    % Received % Xferd  Average Speed   Time    Time     Time  Current
[2026-04-24 20:21:13,647] {bash.py:173} INFO -                                  Dload  Upload   Total   Spent    Left  Speed
[2026-04-24 20:21:14,005] {bash.py:173} INFO -   0     0    0     0    0     0      0      0 --:--:-- --:--:-- --:--:--     0  0     0    0     0    0     0      0      0 --:--:-- --:--:-- --:--:--     0  0     0    0     0    0     0      0      0 --:--:-- --:--:-- --:--:--     0
[2026-04-24 20:21:14,866] {bash.py:173} INFO - 100 25441    0 25441    0     0  20870      0 --:--:--  0:00:01 --:--:-- 20870
[2026-04-24 20:21:14,868] {bash.py:177} INFO - Command exited with return code 0
[2026-04-24 20:21:14,900] {taskinstance.py:1192} INFO - Marking task as SUCCESS. dag_id=download_rocket_launches, task_id=download_launches, execution_date=20260424T202112, start_date=20260424T202113, end_date=20260424T202114
[2026-04-24 20:21:14,925] {taskinstance.py:1246} INFO - 1 downstream tasks scheduled from follow-on schedule check
[2026-04-24 20:21:14,954] {local_task_job.py:146} INFO - Task exited with return code 0
