[2026-04-24 20:07:24,758] {scheduler_job.py:182} INFO - Started process (PID=43) to work on /home/airflow/.local/lib/python3.6/site-packages/airflow/example_dags/example_trigger_target_dag.py
[2026-04-24 20:07:24,759] {scheduler_job.py:629} INFO - Processing file /home/airflow/.local/lib/python3.6/site-packages/airflow/example_dags/example_trigger_target_dag.py for tasks to queue
[2026-04-24 20:07:24,760] {logging_mixin.py:104} INFO - [2026-04-24 20:07:24,759] {dagbag.py:451} INFO - Filling up the DagBag from /home/airflow/.local/lib/python3.6/site-packages/airflow/example_dags/example_trigger_target_dag.py
[2026-04-24 20:07:24,776] {scheduler_job.py:639} INFO - DAG(s) dict_keys(['example_trigger_target_dag']) retrieved from /home/airflow/.local/lib/python3.6/site-packages/airflow/example_dags/example_trigger_target_dag.py
[2026-04-24 20:07:24,802] {logging_mixin.py:104} INFO - [2026-04-24 20:07:24,802] {dag.py:1824} INFO - Sync 1 DAGs
[2026-04-24 20:07:24,812] {logging_mixin.py:104} INFO - [2026-04-24 20:07:24,812] {dag.py:1843} INFO - Creating ORM DAG for example_trigger_target_dag
[2026-04-24 20:07:24,820] {logging_mixin.py:104} INFO - [2026-04-24 20:07:24,819] {dag.py:2280} INFO - Setting next_dagrun for example_trigger_target_dag to None
[2026-04-24 20:07:24,843] {scheduler_job.py:190} INFO - Processing /home/airflow/.local/lib/python3.6/site-packages/airflow/example_dags/example_trigger_target_dag.py took 0.088 seconds
[2026-04-24 20:07:54,985] {scheduler_job.py:182} INFO - Started process (PID=69) to work on /home/airflow/.local/lib/python3.6/site-packages/airflow/example_dags/example_trigger_target_dag.py
[2026-04-24 20:07:54,986] {scheduler_job.py:629} INFO - Processing file /home/airflow/.local/lib/python3.6/site-packages/airflow/example_dags/example_trigger_target_dag.py for tasks to queue
[2026-04-24 20:07:54,986] {logging_mixin.py:104} INFO - [2026-04-24 20:07:54,986] {dagbag.py:451} INFO - Filling up the DagBag from /home/airflow/.local/lib/python3.6/site-packages/airflow/example_dags/example_trigger_target_dag.py
[2026-04-24 20:07:54,994] {scheduler_job.py:639} INFO - DAG(s) dict_keys(['example_trigger_target_dag']) retrieved from /home/airflow/.local/lib/python3.6/site-packages/airflow/example_dags/example_trigger_target_dag.py
[2026-04-24 20:07:55,008] {logging_mixin.py:104} INFO - [2026-04-24 20:07:55,007] {dag.py:1824} INFO - Sync 1 DAGs
[2026-04-24 20:07:55,018] {logging_mixin.py:104} INFO - [2026-04-24 20:07:55,018] {dag.py:2280} INFO - Setting next_dagrun for example_trigger_target_dag to None
[2026-04-24 20:07:55,026] {scheduler_job.py:190} INFO - Processing /home/airflow/.local/lib/python3.6/site-packages/airflow/example_dags/example_trigger_target_dag.py took 0.042 seconds
[2026-04-24 20:08:25,067] {scheduler_job.py:182} INFO - Started process (PID=95) to work on /home/airflow/.local/lib/python3.6/site-packages/airflow/example_dags/example_trigger_target_dag.py
[2026-04-24 20:08:25,068] {scheduler_job.py:629} INFO - Processing file /home/airflow/.local/lib/python3.6/site-packages/airflow/example_dags/example_trigger_target_dag.py for tasks to queue
[2026-04-24 20:08:25,069] {logging_mixin.py:104} INFO - [2026-04-24 20:08:25,069] {dagbag.py:451} INFO - Filling up the DagBag from /home/airflow/.local/lib/python3.6/site-packages/airflow/example_dags/example_trigger_target_dag.py
[2026-04-24 20:08:25,076] {scheduler_job.py:639} INFO - DAG(s) dict_keys(['example_trigger_target_dag']) retrieved from /home/airflow/.local/lib/python3.6/site-packages/airflow/example_dags/example_trigger_target_dag.py
[2026-04-24 20:08:25,088] {logging_mixin.py:104} INFO - [2026-04-24 20:08:25,088] {dag.py:1824} INFO - Sync 1 DAGs
[2026-04-24 20:08:25,098] {logging_mixin.py:104} INFO - [2026-04-24 20:08:25,098] {dag.py:2280} INFO - Setting next_dagrun for example_trigger_target_dag to None
[2026-04-24 20:08:25,104] {scheduler_job.py:190} INFO - Processing /home/airflow/.local/lib/python3.6/site-packages/airflow/example_dags/example_trigger_target_dag.py took 0.038 seconds
[2026-04-24 20:08:56,029] {scheduler_job.py:182} INFO - Started process (PID=121) to work on /home/airflow/.local/lib/python3.6/site-packages/airflow/example_dags/example_trigger_target_dag.py
[2026-04-24 20:08:56,029] {scheduler_job.py:629} INFO - Processing file /home/airflow/.local/lib/python3.6/site-packages/airflow/example_dags/example_trigger_target_dag.py for tasks to queue
[2026-04-24 20:08:56,030] {logging_mixin.py:104} INFO - [2026-04-24 20:08:56,030] {dagbag.py:451} INFO - Filling up the DagBag from /home/airflow/.local/lib/python3.6/site-packages/airflow/example_dags/example_trigger_target_dag.py
[2026-04-24 20:08:56,038] {scheduler_job.py:639} INFO - DAG(s) dict_keys(['example_trigger_target_dag']) retrieved from /home/airflow/.local/lib/python3.6/site-packages/airflow/example_dags/example_trigger_target_dag.py
[2026-04-24 20:08:56,051] {logging_mixin.py:104} INFO - [2026-04-24 20:08:56,051] {dag.py:1824} INFO - Sync 1 DAGs
[2026-04-24 20:08:56,062] {logging_mixin.py:104} INFO - [2026-04-24 20:08:56,062] {dag.py:2280} INFO - Setting next_dagrun for example_trigger_target_dag to None
[2026-04-24 20:08:56,069] {scheduler_job.py:190} INFO - Processing /home/airflow/.local/lib/python3.6/site-packages/airflow/example_dags/example_trigger_target_dag.py took 0.043 seconds
[2026-04-24 20:09:27,193] {scheduler_job.py:182} INFO - Started process (PID=147) to work on /home/airflow/.local/lib/python3.6/site-packages/airflow/example_dags/example_trigger_target_dag.py
[2026-04-24 20:09:27,196] {scheduler_job.py:629} INFO - Processing file /home/airflow/.local/lib/python3.6/site-packages/airflow/example_dags/example_trigger_target_dag.py for tasks to queue
[2026-04-24 20:09:27,197] {logging_mixin.py:104} INFO - [2026-04-24 20:09:27,197] {dagbag.py:451} INFO - Filling up the DagBag from /home/airflow/.local/lib/python3.6/site-packages/airflow/example_dags/example_trigger_target_dag.py
[2026-04-24 20:09:27,209] {scheduler_job.py:639} INFO - DAG(s) dict_keys(['example_trigger_target_dag']) retrieved from /home/airflow/.local/lib/python3.6/site-packages/airflow/example_dags/example_trigger_target_dag.py
[2026-04-24 20:09:27,234] {logging_mixin.py:104} INFO - [2026-04-24 20:09:27,234] {dag.py:1824} INFO - Sync 1 DAGs
[2026-04-24 20:09:27,247] {logging_mixin.py:104} INFO - [2026-04-24 20:09:27,247] {dag.py:2280} INFO - Setting next_dagrun for example_trigger_target_dag to None
[2026-04-24 20:09:27,258] {scheduler_job.py:190} INFO - Processing /home/airflow/.local/lib/python3.6/site-packages/airflow/example_dags/example_trigger_target_dag.py took 0.070 seconds
[2026-04-24 20:09:46,614] {scheduler_job.py:182} INFO - Started process (PID=55) to work on /home/airflow/.local/lib/python3.6/site-packages/airflow/example_dags/example_trigger_target_dag.py
[2026-04-24 20:09:46,615] {scheduler_job.py:629} INFO - Processing file /home/airflow/.local/lib/python3.6/site-packages/airflow/example_dags/example_trigger_target_dag.py for tasks to queue
[2026-04-24 20:09:46,616] {logging_mixin.py:104} INFO - [2026-04-24 20:09:46,615] {dagbag.py:451} INFO - Filling up the DagBag from /home/airflow/.local/lib/python3.6/site-packages/airflow/example_dags/example_trigger_target_dag.py
[2026-04-24 20:09:46,626] {scheduler_job.py:639} INFO - DAG(s) dict_keys(['example_trigger_target_dag']) retrieved from /home/airflow/.local/lib/python3.6/site-packages/airflow/example_dags/example_trigger_target_dag.py
[2026-04-24 20:09:46,648] {logging_mixin.py:104} INFO - [2026-04-24 20:09:46,647] {dag.py:1824} INFO - Sync 1 DAGs
[2026-04-24 20:09:46,665] {logging_mixin.py:104} INFO - [2026-04-24 20:09:46,664] {dag.py:2280} INFO - Setting next_dagrun for example_trigger_target_dag to None
[2026-04-24 20:09:46,674] {scheduler_job.py:190} INFO - Processing /home/airflow/.local/lib/python3.6/site-packages/airflow/example_dags/example_trigger_target_dag.py took 0.064 seconds
[2026-04-24 20:10:16,698] {scheduler_job.py:182} INFO - Started process (PID=82) to work on /home/airflow/.local/lib/python3.6/site-packages/airflow/example_dags/example_trigger_target_dag.py
[2026-04-24 20:10:16,699] {scheduler_job.py:629} INFO - Processing file /home/airflow/.local/lib/python3.6/site-packages/airflow/example_dags/example_trigger_target_dag.py for tasks to queue
[2026-04-24 20:10:16,700] {logging_mixin.py:104} INFO - [2026-04-24 20:10:16,699] {dagbag.py:451} INFO - Filling up the DagBag from /home/airflow/.local/lib/python3.6/site-packages/airflow/example_dags/example_trigger_target_dag.py
[2026-04-24 20:10:16,708] {scheduler_job.py:639} INFO - DAG(s) dict_keys(['example_trigger_target_dag']) retrieved from /home/airflow/.local/lib/python3.6/site-packages/airflow/example_dags/example_trigger_target_dag.py
[2026-04-24 20:10:16,736] {logging_mixin.py:104} INFO - [2026-04-24 20:10:16,736] {dag.py:1824} INFO - Sync 1 DAGs
[2026-04-24 20:10:16,750] {logging_mixin.py:104} INFO - [2026-04-24 20:10:16,750] {dag.py:2280} INFO - Setting next_dagrun for example_trigger_target_dag to None
[2026-04-24 20:10:16,761] {scheduler_job.py:190} INFO - Processing /home/airflow/.local/lib/python3.6/site-packages/airflow/example_dags/example_trigger_target_dag.py took 0.064 seconds
[2026-04-24 20:10:46,944] {scheduler_job.py:182} INFO - Started process (PID=109) to work on /home/airflow/.local/lib/python3.6/site-packages/airflow/example_dags/example_trigger_target_dag.py
[2026-04-24 20:10:46,945] {scheduler_job.py:629} INFO - Processing file /home/airflow/.local/lib/python3.6/site-packages/airflow/example_dags/example_trigger_target_dag.py for tasks to queue
[2026-04-24 20:10:46,946] {logging_mixin.py:104} INFO - [2026-04-24 20:10:46,946] {dagbag.py:451} INFO - Filling up the DagBag from /home/airflow/.local/lib/python3.6/site-packages/airflow/example_dags/example_trigger_target_dag.py
[2026-04-24 20:10:46,958] {scheduler_job.py:639} INFO - DAG(s) dict_keys(['example_trigger_target_dag']) retrieved from /home/airflow/.local/lib/python3.6/site-packages/airflow/example_dags/example_trigger_target_dag.py
[2026-04-24 20:10:46,973] {logging_mixin.py:104} INFO - [2026-04-24 20:10:46,972] {dag.py:1824} INFO - Sync 1 DAGs
[2026-04-24 20:10:46,985] {logging_mixin.py:104} INFO - [2026-04-24 20:10:46,985] {dag.py:2280} INFO - Setting next_dagrun for example_trigger_target_dag to None
[2026-04-24 20:10:46,992] {scheduler_job.py:190} INFO - Processing /home/airflow/.local/lib/python3.6/site-packages/airflow/example_dags/example_trigger_target_dag.py took 0.052 seconds
[2026-04-24 20:11:17,931] {scheduler_job.py:182} INFO - Started process (PID=136) to work on /home/airflow/.local/lib/python3.6/site-packages/airflow/example_dags/example_trigger_target_dag.py
[2026-04-24 20:11:17,933] {scheduler_job.py:629} INFO - Processing file /home/airflow/.local/lib/python3.6/site-packages/airflow/example_dags/example_trigger_target_dag.py for tasks to queue
[2026-04-24 20:11:17,933] {logging_mixin.py:104} INFO - [2026-04-24 20:11:17,933] {dagbag.py:451} INFO - Filling up the DagBag from /home/airflow/.local/lib/python3.6/site-packages/airflow/example_dags/example_trigger_target_dag.py
[2026-04-24 20:11:17,943] {scheduler_job.py:639} INFO - DAG(s) dict_keys(['example_trigger_target_dag']) retrieved from /home/airflow/.local/lib/python3.6/site-packages/airflow/example_dags/example_trigger_target_dag.py
[2026-04-24 20:11:17,956] {logging_mixin.py:104} INFO - [2026-04-24 20:11:17,956] {dag.py:1824} INFO - Sync 1 DAGs
[2026-04-24 20:11:17,968] {logging_mixin.py:104} INFO - [2026-04-24 20:11:17,967] {dag.py:2280} INFO - Setting next_dagrun for example_trigger_target_dag to None
[2026-04-24 20:11:17,988] {scheduler_job.py:190} INFO - Processing /home/airflow/.local/lib/python3.6/site-packages/airflow/example_dags/example_trigger_target_dag.py took 0.060 seconds
[2026-04-24 20:11:48,033] {scheduler_job.py:182} INFO - Started process (PID=162) to work on /home/airflow/.local/lib/python3.6/site-packages/airflow/example_dags/example_trigger_target_dag.py
[2026-04-24 20:11:48,034] {scheduler_job.py:629} INFO - Processing file /home/airflow/.local/lib/python3.6/site-packages/airflow/example_dags/example_trigger_target_dag.py for tasks to queue
[2026-04-24 20:11:48,035] {logging_mixin.py:104} INFO - [2026-04-24 20:11:48,035] {dagbag.py:451} INFO - Filling up the DagBag from /home/airflow/.local/lib/python3.6/site-packages/airflow/example_dags/example_trigger_target_dag.py
[2026-04-24 20:11:48,047] {scheduler_job.py:639} INFO - DAG(s) dict_keys(['example_trigger_target_dag']) retrieved from /home/airflow/.local/lib/python3.6/site-packages/airflow/example_dags/example_trigger_target_dag.py
[2026-04-24 20:11:48,062] {logging_mixin.py:104} INFO - [2026-04-24 20:11:48,062] {dag.py:1824} INFO - Sync 1 DAGs
[2026-04-24 20:11:48,075] {logging_mixin.py:104} INFO - [2026-04-24 20:11:48,075] {dag.py:2280} INFO - Setting next_dagrun for example_trigger_target_dag to None
[2026-04-24 20:11:48,086] {scheduler_job.py:190} INFO - Processing /home/airflow/.local/lib/python3.6/site-packages/airflow/example_dags/example_trigger_target_dag.py took 0.057 seconds
[2026-04-24 20:12:18,164] {scheduler_job.py:182} INFO - Started process (PID=189) to work on /home/airflow/.local/lib/python3.6/site-packages/airflow/example_dags/example_trigger_target_dag.py
[2026-04-24 20:12:18,166] {scheduler_job.py:629} INFO - Processing file /home/airflow/.local/lib/python3.6/site-packages/airflow/example_dags/example_trigger_target_dag.py for tasks to queue
[2026-04-24 20:12:18,167] {logging_mixin.py:104} INFO - [2026-04-24 20:12:18,167] {dagbag.py:451} INFO - Filling up the DagBag from /home/airflow/.local/lib/python3.6/site-packages/airflow/example_dags/example_trigger_target_dag.py
[2026-04-24 20:12:18,178] {scheduler_job.py:639} INFO - DAG(s) dict_keys(['example_trigger_target_dag']) retrieved from /home/airflow/.local/lib/python3.6/site-packages/airflow/example_dags/example_trigger_target_dag.py
[2026-04-24 20:12:18,195] {logging_mixin.py:104} INFO - [2026-04-24 20:12:18,195] {dag.py:1824} INFO - Sync 1 DAGs
[2026-04-24 20:12:18,206] {logging_mixin.py:104} INFO - [2026-04-24 20:12:18,206] {dag.py:2280} INFO - Setting next_dagrun for example_trigger_target_dag to None
[2026-04-24 20:12:18,214] {scheduler_job.py:190} INFO - Processing /home/airflow/.local/lib/python3.6/site-packages/airflow/example_dags/example_trigger_target_dag.py took 0.053 seconds
[2026-04-24 20:12:49,163] {scheduler_job.py:182} INFO - Started process (PID=217) to work on /home/airflow/.local/lib/python3.6/site-packages/airflow/example_dags/example_trigger_target_dag.py
[2026-04-24 20:12:49,164] {scheduler_job.py:629} INFO - Processing file /home/airflow/.local/lib/python3.6/site-packages/airflow/example_dags/example_trigger_target_dag.py for tasks to queue
[2026-04-24 20:12:49,165] {logging_mixin.py:104} INFO - [2026-04-24 20:12:49,165] {dagbag.py:451} INFO - Filling up the DagBag from /home/airflow/.local/lib/python3.6/site-packages/airflow/example_dags/example_trigger_target_dag.py
[2026-04-24 20:12:49,176] {scheduler_job.py:639} INFO - DAG(s) dict_keys(['example_trigger_target_dag']) retrieved from /home/airflow/.local/lib/python3.6/site-packages/airflow/example_dags/example_trigger_target_dag.py
[2026-04-24 20:12:49,194] {logging_mixin.py:104} INFO - [2026-04-24 20:12:49,194] {dag.py:1824} INFO - Sync 1 DAGs
[2026-04-24 20:12:49,204] {logging_mixin.py:104} INFO - [2026-04-24 20:12:49,204] {dag.py:2280} INFO - Setting next_dagrun for example_trigger_target_dag to None
[2026-04-24 20:12:49,211] {scheduler_job.py:190} INFO - Processing /home/airflow/.local/lib/python3.6/site-packages/airflow/example_dags/example_trigger_target_dag.py took 0.052 seconds
[2026-04-24 20:13:20,140] {scheduler_job.py:182} INFO - Started process (PID=244) to work on /home/airflow/.local/lib/python3.6/site-packages/airflow/example_dags/example_trigger_target_dag.py
[2026-04-24 20:13:20,141] {scheduler_job.py:629} INFO - Processing file /home/airflow/.local/lib/python3.6/site-packages/airflow/example_dags/example_trigger_target_dag.py for tasks to queue
[2026-04-24 20:13:20,142] {logging_mixin.py:104} INFO - [2026-04-24 20:13:20,142] {dagbag.py:451} INFO - Filling up the DagBag from /home/airflow/.local/lib/python3.6/site-packages/airflow/example_dags/example_trigger_target_dag.py
[2026-04-24 20:13:20,153] {scheduler_job.py:639} INFO - DAG(s) dict_keys(['example_trigger_target_dag']) retrieved from /home/airflow/.local/lib/python3.6/site-packages/airflow/example_dags/example_trigger_target_dag.py
[2026-04-24 20:13:20,170] {logging_mixin.py:104} INFO - [2026-04-24 20:13:20,170] {dag.py:1824} INFO - Sync 1 DAGs
[2026-04-24 20:13:20,180] {logging_mixin.py:104} INFO - [2026-04-24 20:13:20,180] {dag.py:2280} INFO - Setting next_dagrun for example_trigger_target_dag to None
[2026-04-24 20:13:20,187] {scheduler_job.py:190} INFO - Processing /home/airflow/.local/lib/python3.6/site-packages/airflow/example_dags/example_trigger_target_dag.py took 0.052 seconds
[2026-04-24 20:13:51,094] {scheduler_job.py:182} INFO - Started process (PID=271) to work on /home/airflow/.local/lib/python3.6/site-packages/airflow/example_dags/example_trigger_target_dag.py
[2026-04-24 20:13:51,095] {scheduler_job.py:629} INFO - Processing file /home/airflow/.local/lib/python3.6/site-packages/airflow/example_dags/example_trigger_target_dag.py for tasks to queue
[2026-04-24 20:13:51,096] {logging_mixin.py:104} INFO - [2026-04-24 20:13:51,096] {dagbag.py:451} INFO - Filling up the DagBag from /home/airflow/.local/lib/python3.6/site-packages/airflow/example_dags/example_trigger_target_dag.py
[2026-04-24 20:13:51,108] {scheduler_job.py:639} INFO - DAG(s) dict_keys(['example_trigger_target_dag']) retrieved from /home/airflow/.local/lib/python3.6/site-packages/airflow/example_dags/example_trigger_target_dag.py
[2026-04-24 20:13:51,124] {logging_mixin.py:104} INFO - [2026-04-24 20:13:51,124] {dag.py:1824} INFO - Sync 1 DAGs
[2026-04-24 20:13:51,135] {logging_mixin.py:104} INFO - [2026-04-24 20:13:51,134] {dag.py:2280} INFO - Setting next_dagrun for example_trigger_target_dag to None
[2026-04-24 20:13:51,153] {scheduler_job.py:190} INFO - Processing /home/airflow/.local/lib/python3.6/site-packages/airflow/example_dags/example_trigger_target_dag.py took 0.064 seconds
[2026-04-24 20:14:21,229] {scheduler_job.py:182} INFO - Started process (PID=297) to work on /home/airflow/.local/lib/python3.6/site-packages/airflow/example_dags/example_trigger_target_dag.py
[2026-04-24 20:14:21,231] {scheduler_job.py:629} INFO - Processing file /home/airflow/.local/lib/python3.6/site-packages/airflow/example_dags/example_trigger_target_dag.py for tasks to queue
[2026-04-24 20:14:21,231] {logging_mixin.py:104} INFO - [2026-04-24 20:14:21,231] {dagbag.py:451} INFO - Filling up the DagBag from /home/airflow/.local/lib/python3.6/site-packages/airflow/example_dags/example_trigger_target_dag.py
[2026-04-24 20:14:21,240] {scheduler_job.py:639} INFO - DAG(s) dict_keys(['example_trigger_target_dag']) retrieved from /home/airflow/.local/lib/python3.6/site-packages/airflow/example_dags/example_trigger_target_dag.py
[2026-04-24 20:14:21,257] {logging_mixin.py:104} INFO - [2026-04-24 20:14:21,256] {dag.py:1824} INFO - Sync 1 DAGs
[2026-04-24 20:14:21,267] {logging_mixin.py:104} INFO - [2026-04-24 20:14:21,267] {dag.py:2280} INFO - Setting next_dagrun for example_trigger_target_dag to None
[2026-04-24 20:14:21,279] {scheduler_job.py:190} INFO - Processing /home/airflow/.local/lib/python3.6/site-packages/airflow/example_dags/example_trigger_target_dag.py took 0.053 seconds
[2026-04-24 20:14:51,374] {scheduler_job.py:182} INFO - Started process (PID=324) to work on /home/airflow/.local/lib/python3.6/site-packages/airflow/example_dags/example_trigger_target_dag.py
[2026-04-24 20:14:51,375] {scheduler_job.py:629} INFO - Processing file /home/airflow/.local/lib/python3.6/site-packages/airflow/example_dags/example_trigger_target_dag.py for tasks to queue
[2026-04-24 20:14:51,376] {logging_mixin.py:104} INFO - [2026-04-24 20:14:51,376] {dagbag.py:451} INFO - Filling up the DagBag from /home/airflow/.local/lib/python3.6/site-packages/airflow/example_dags/example_trigger_target_dag.py
[2026-04-24 20:14:51,389] {scheduler_job.py:639} INFO - DAG(s) dict_keys(['example_trigger_target_dag']) retrieved from /home/airflow/.local/lib/python3.6/site-packages/airflow/example_dags/example_trigger_target_dag.py
[2026-04-24 20:14:51,404] {logging_mixin.py:104} INFO - [2026-04-24 20:14:51,404] {dag.py:1824} INFO - Sync 1 DAGs
[2026-04-24 20:14:51,416] {logging_mixin.py:104} INFO - [2026-04-24 20:14:51,415] {dag.py:2280} INFO - Setting next_dagrun for example_trigger_target_dag to None
[2026-04-24 20:14:51,423] {scheduler_job.py:190} INFO - Processing /home/airflow/.local/lib/python3.6/site-packages/airflow/example_dags/example_trigger_target_dag.py took 0.053 seconds
[2026-04-24 20:15:21,469] {scheduler_job.py:182} INFO - Started process (PID=351) to work on /home/airflow/.local/lib/python3.6/site-packages/airflow/example_dags/example_trigger_target_dag.py
[2026-04-24 20:15:21,470] {scheduler_job.py:629} INFO - Processing file /home/airflow/.local/lib/python3.6/site-packages/airflow/example_dags/example_trigger_target_dag.py for tasks to queue
[2026-04-24 20:15:21,471] {logging_mixin.py:104} INFO - [2026-04-24 20:15:21,471] {dagbag.py:451} INFO - Filling up the DagBag from /home/airflow/.local/lib/python3.6/site-packages/airflow/example_dags/example_trigger_target_dag.py
[2026-04-24 20:15:21,482] {scheduler_job.py:639} INFO - DAG(s) dict_keys(['example_trigger_target_dag']) retrieved from /home/airflow/.local/lib/python3.6/site-packages/airflow/example_dags/example_trigger_target_dag.py
[2026-04-24 20:15:21,502] {logging_mixin.py:104} INFO - [2026-04-24 20:15:21,502] {dag.py:1824} INFO - Sync 1 DAGs
[2026-04-24 20:15:21,516] {logging_mixin.py:104} INFO - [2026-04-24 20:15:21,516] {dag.py:2280} INFO - Setting next_dagrun for example_trigger_target_dag to None
[2026-04-24 20:15:21,537] {scheduler_job.py:190} INFO - Processing /home/airflow/.local/lib/python3.6/site-packages/airflow/example_dags/example_trigger_target_dag.py took 0.072 seconds
[2026-04-24 20:15:51,614] {scheduler_job.py:182} INFO - Started process (PID=378) to work on /home/airflow/.local/lib/python3.6/site-packages/airflow/example_dags/example_trigger_target_dag.py
[2026-04-24 20:15:51,615] {scheduler_job.py:629} INFO - Processing file /home/airflow/.local/lib/python3.6/site-packages/airflow/example_dags/example_trigger_target_dag.py for tasks to queue
[2026-04-24 20:15:51,616] {logging_mixin.py:104} INFO - [2026-04-24 20:15:51,616] {dagbag.py:451} INFO - Filling up the DagBag from /home/airflow/.local/lib/python3.6/site-packages/airflow/example_dags/example_trigger_target_dag.py
[2026-04-24 20:15:51,629] {scheduler_job.py:639} INFO - DAG(s) dict_keys(['example_trigger_target_dag']) retrieved from /home/airflow/.local/lib/python3.6/site-packages/airflow/example_dags/example_trigger_target_dag.py
[2026-04-24 20:15:51,641] {logging_mixin.py:104} INFO - [2026-04-24 20:15:51,641] {dag.py:1824} INFO - Sync 1 DAGs
[2026-04-24 20:15:51,651] {logging_mixin.py:104} INFO - [2026-04-24 20:15:51,651] {dag.py:2280} INFO - Setting next_dagrun for example_trigger_target_dag to None
[2026-04-24 20:15:51,657] {scheduler_job.py:190} INFO - Processing /home/airflow/.local/lib/python3.6/site-packages/airflow/example_dags/example_trigger_target_dag.py took 0.046 seconds
[2026-04-24 20:16:21,681] {scheduler_job.py:182} INFO - Started process (PID=405) to work on /home/airflow/.local/lib/python3.6/site-packages/airflow/example_dags/example_trigger_target_dag.py
[2026-04-24 20:16:21,682] {scheduler_job.py:629} INFO - Processing file /home/airflow/.local/lib/python3.6/site-packages/airflow/example_dags/example_trigger_target_dag.py for tasks to queue
[2026-04-24 20:16:21,683] {logging_mixin.py:104} INFO - [2026-04-24 20:16:21,683] {dagbag.py:451} INFO - Filling up the DagBag from /home/airflow/.local/lib/python3.6/site-packages/airflow/example_dags/example_trigger_target_dag.py
[2026-04-24 20:16:21,697] {scheduler_job.py:639} INFO - DAG(s) dict_keys(['example_trigger_target_dag']) retrieved from /home/airflow/.local/lib/python3.6/site-packages/airflow/example_dags/example_trigger_target_dag.py
[2026-04-24 20:16:21,711] {logging_mixin.py:104} INFO - [2026-04-24 20:16:21,711] {dag.py:1824} INFO - Sync 1 DAGs
[2026-04-24 20:16:21,722] {logging_mixin.py:104} INFO - [2026-04-24 20:16:21,722] {dag.py:2280} INFO - Setting next_dagrun for example_trigger_target_dag to None
[2026-04-24 20:16:21,734] {scheduler_job.py:190} INFO - Processing /home/airflow/.local/lib/python3.6/site-packages/airflow/example_dags/example_trigger_target_dag.py took 0.057 seconds
[2026-04-24 20:16:51,757] {scheduler_job.py:182} INFO - Started process (PID=432) to work on /home/airflow/.local/lib/python3.6/site-packages/airflow/example_dags/example_trigger_target_dag.py
[2026-04-24 20:16:51,763] {scheduler_job.py:629} INFO - Processing file /home/airflow/.local/lib/python3.6/site-packages/airflow/example_dags/example_trigger_target_dag.py for tasks to queue
[2026-04-24 20:16:51,764] {logging_mixin.py:104} INFO - [2026-04-24 20:16:51,764] {dagbag.py:451} INFO - Filling up the DagBag from /home/airflow/.local/lib/python3.6/site-packages/airflow/example_dags/example_trigger_target_dag.py
[2026-04-24 20:16:51,773] {scheduler_job.py:639} INFO - DAG(s) dict_keys(['example_trigger_target_dag']) retrieved from /home/airflow/.local/lib/python3.6/site-packages/airflow/example_dags/example_trigger_target_dag.py
[2026-04-24 20:16:51,786] {logging_mixin.py:104} INFO - [2026-04-24 20:16:51,786] {dag.py:1824} INFO - Sync 1 DAGs
[2026-04-24 20:16:51,796] {logging_mixin.py:104} INFO - [2026-04-24 20:16:51,795] {dag.py:2280} INFO - Setting next_dagrun for example_trigger_target_dag to None
[2026-04-24 20:16:51,807] {scheduler_job.py:190} INFO - Processing /home/airflow/.local/lib/python3.6/site-packages/airflow/example_dags/example_trigger_target_dag.py took 0.053 seconds
[2026-04-24 20:17:21,872] {scheduler_job.py:182} INFO - Started process (PID=459) to work on /home/airflow/.local/lib/python3.6/site-packages/airflow/example_dags/example_trigger_target_dag.py
[2026-04-24 20:17:21,873] {scheduler_job.py:629} INFO - Processing file /home/airflow/.local/lib/python3.6/site-packages/airflow/example_dags/example_trigger_target_dag.py for tasks to queue
[2026-04-24 20:17:21,874] {logging_mixin.py:104} INFO - [2026-04-24 20:17:21,874] {dagbag.py:451} INFO - Filling up the DagBag from /home/airflow/.local/lib/python3.6/site-packages/airflow/example_dags/example_trigger_target_dag.py
[2026-04-24 20:17:21,882] {scheduler_job.py:639} INFO - DAG(s) dict_keys(['example_trigger_target_dag']) retrieved from /home/airflow/.local/lib/python3.6/site-packages/airflow/example_dags/example_trigger_target_dag.py
[2026-04-24 20:17:21,896] {logging_mixin.py:104} INFO - [2026-04-24 20:17:21,896] {dag.py:1824} INFO - Sync 1 DAGs
[2026-04-24 20:17:21,907] {logging_mixin.py:104} INFO - [2026-04-24 20:17:21,907] {dag.py:2280} INFO - Setting next_dagrun for example_trigger_target_dag to None
[2026-04-24 20:17:21,919] {scheduler_job.py:190} INFO - Processing /home/airflow/.local/lib/python3.6/site-packages/airflow/example_dags/example_trigger_target_dag.py took 0.051 seconds
[2026-04-24 20:17:51,953] {scheduler_job.py:182} INFO - Started process (PID=486) to work on /home/airflow/.local/lib/python3.6/site-packages/airflow/example_dags/example_trigger_target_dag.py
[2026-04-24 20:17:51,954] {scheduler_job.py:629} INFO - Processing file /home/airflow/.local/lib/python3.6/site-packages/airflow/example_dags/example_trigger_target_dag.py for tasks to queue
[2026-04-24 20:17:51,955] {logging_mixin.py:104} INFO - [2026-04-24 20:17:51,955] {dagbag.py:451} INFO - Filling up the DagBag from /home/airflow/.local/lib/python3.6/site-packages/airflow/example_dags/example_trigger_target_dag.py
[2026-04-24 20:17:51,966] {scheduler_job.py:639} INFO - DAG(s) dict_keys(['example_trigger_target_dag']) retrieved from /home/airflow/.local/lib/python3.6/site-packages/airflow/example_dags/example_trigger_target_dag.py
[2026-04-24 20:17:51,981] {logging_mixin.py:104} INFO - [2026-04-24 20:17:51,981] {dag.py:1824} INFO - Sync 1 DAGs
[2026-04-24 20:17:51,991] {logging_mixin.py:104} INFO - [2026-04-24 20:17:51,991] {dag.py:2280} INFO - Setting next_dagrun for example_trigger_target_dag to None
[2026-04-24 20:17:51,998] {scheduler_job.py:190} INFO - Processing /home/airflow/.local/lib/python3.6/site-packages/airflow/example_dags/example_trigger_target_dag.py took 0.049 seconds
[2026-04-24 20:18:22,917] {scheduler_job.py:182} INFO - Started process (PID=514) to work on /home/airflow/.local/lib/python3.6/site-packages/airflow/example_dags/example_trigger_target_dag.py
[2026-04-24 20:18:22,918] {scheduler_job.py:629} INFO - Processing file /home/airflow/.local/lib/python3.6/site-packages/airflow/example_dags/example_trigger_target_dag.py for tasks to queue
[2026-04-24 20:18:22,918] {logging_mixin.py:104} INFO - [2026-04-24 20:18:22,918] {dagbag.py:451} INFO - Filling up the DagBag from /home/airflow/.local/lib/python3.6/site-packages/airflow/example_dags/example_trigger_target_dag.py
[2026-04-24 20:18:22,930] {scheduler_job.py:639} INFO - DAG(s) dict_keys(['example_trigger_target_dag']) retrieved from /home/airflow/.local/lib/python3.6/site-packages/airflow/example_dags/example_trigger_target_dag.py
[2026-04-24 20:18:22,949] {logging_mixin.py:104} INFO - [2026-04-24 20:18:22,949] {dag.py:1824} INFO - Sync 1 DAGs
[2026-04-24 20:18:22,962] {logging_mixin.py:104} INFO - [2026-04-24 20:18:22,962] {dag.py:2280} INFO - Setting next_dagrun for example_trigger_target_dag to None
[2026-04-24 20:18:22,968] {scheduler_job.py:190} INFO - Processing /home/airflow/.local/lib/python3.6/site-packages/airflow/example_dags/example_trigger_target_dag.py took 0.054 seconds
[2026-04-24 20:18:53,781] {scheduler_job.py:182} INFO - Started process (PID=541) to work on /home/airflow/.local/lib/python3.6/site-packages/airflow/example_dags/example_trigger_target_dag.py
[2026-04-24 20:18:53,782] {scheduler_job.py:629} INFO - Processing file /home/airflow/.local/lib/python3.6/site-packages/airflow/example_dags/example_trigger_target_dag.py for tasks to queue
[2026-04-24 20:18:53,783] {logging_mixin.py:104} INFO - [2026-04-24 20:18:53,783] {dagbag.py:451} INFO - Filling up the DagBag from /home/airflow/.local/lib/python3.6/site-packages/airflow/example_dags/example_trigger_target_dag.py
[2026-04-24 20:18:53,791] {scheduler_job.py:639} INFO - DAG(s) dict_keys(['example_trigger_target_dag']) retrieved from /home/airflow/.local/lib/python3.6/site-packages/airflow/example_dags/example_trigger_target_dag.py
[2026-04-24 20:18:53,805] {logging_mixin.py:104} INFO - [2026-04-24 20:18:53,805] {dag.py:1824} INFO - Sync 1 DAGs
[2026-04-24 20:18:53,817] {logging_mixin.py:104} INFO - [2026-04-24 20:18:53,817] {dag.py:2280} INFO - Setting next_dagrun for example_trigger_target_dag to None
[2026-04-24 20:18:53,827] {scheduler_job.py:190} INFO - Processing /home/airflow/.local/lib/python3.6/site-packages/airflow/example_dags/example_trigger_target_dag.py took 0.048 seconds
[2026-04-24 20:19:24,700] {scheduler_job.py:182} INFO - Started process (PID=568) to work on /home/airflow/.local/lib/python3.6/site-packages/airflow/example_dags/example_trigger_target_dag.py
[2026-04-24 20:19:24,701] {scheduler_job.py:629} INFO - Processing file /home/airflow/.local/lib/python3.6/site-packages/airflow/example_dags/example_trigger_target_dag.py for tasks to queue
[2026-04-24 20:19:24,702] {logging_mixin.py:104} INFO - [2026-04-24 20:19:24,702] {dagbag.py:451} INFO - Filling up the DagBag from /home/airflow/.local/lib/python3.6/site-packages/airflow/example_dags/example_trigger_target_dag.py
[2026-04-24 20:19:24,713] {scheduler_job.py:639} INFO - DAG(s) dict_keys(['example_trigger_target_dag']) retrieved from /home/airflow/.local/lib/python3.6/site-packages/airflow/example_dags/example_trigger_target_dag.py
[2026-04-24 20:19:24,725] {logging_mixin.py:104} INFO - [2026-04-24 20:19:24,725] {dag.py:1824} INFO - Sync 1 DAGs
[2026-04-24 20:19:24,736] {logging_mixin.py:104} INFO - [2026-04-24 20:19:24,736] {dag.py:2280} INFO - Setting next_dagrun for example_trigger_target_dag to None
[2026-04-24 20:19:24,742] {scheduler_job.py:190} INFO - Processing /home/airflow/.local/lib/python3.6/site-packages/airflow/example_dags/example_trigger_target_dag.py took 0.047 seconds
[2026-04-24 20:19:55,676] {scheduler_job.py:182} INFO - Started process (PID=595) to work on /home/airflow/.local/lib/python3.6/site-packages/airflow/example_dags/example_trigger_target_dag.py
[2026-04-24 20:19:55,677] {scheduler_job.py:629} INFO - Processing file /home/airflow/.local/lib/python3.6/site-packages/airflow/example_dags/example_trigger_target_dag.py for tasks to queue
[2026-04-24 20:19:55,678] {logging_mixin.py:104} INFO - [2026-04-24 20:19:55,678] {dagbag.py:451} INFO - Filling up the DagBag from /home/airflow/.local/lib/python3.6/site-packages/airflow/example_dags/example_trigger_target_dag.py
[2026-04-24 20:19:55,686] {scheduler_job.py:639} INFO - DAG(s) dict_keys(['example_trigger_target_dag']) retrieved from /home/airflow/.local/lib/python3.6/site-packages/airflow/example_dags/example_trigger_target_dag.py
[2026-04-24 20:19:55,701] {logging_mixin.py:104} INFO - [2026-04-24 20:19:55,701] {dag.py:1824} INFO - Sync 1 DAGs
[2026-04-24 20:19:55,712] {logging_mixin.py:104} INFO - [2026-04-24 20:19:55,712] {dag.py:2280} INFO - Setting next_dagrun for example_trigger_target_dag to None
[2026-04-24 20:19:55,719] {scheduler_job.py:190} INFO - Processing /home/airflow/.local/lib/python3.6/site-packages/airflow/example_dags/example_trigger_target_dag.py took 0.047 seconds
[2026-04-24 20:20:26,715] {scheduler_job.py:182} INFO - Started process (PID=622) to work on /home/airflow/.local/lib/python3.6/site-packages/airflow/example_dags/example_trigger_target_dag.py
[2026-04-24 20:20:26,715] {scheduler_job.py:629} INFO - Processing file /home/airflow/.local/lib/python3.6/site-packages/airflow/example_dags/example_trigger_target_dag.py for tasks to queue
[2026-04-24 20:20:26,716] {logging_mixin.py:104} INFO - [2026-04-24 20:20:26,716] {dagbag.py:451} INFO - Filling up the DagBag from /home/airflow/.local/lib/python3.6/site-packages/airflow/example_dags/example_trigger_target_dag.py
[2026-04-24 20:20:26,724] {scheduler_job.py:639} INFO - DAG(s) dict_keys(['example_trigger_target_dag']) retrieved from /home/airflow/.local/lib/python3.6/site-packages/airflow/example_dags/example_trigger_target_dag.py
[2026-04-24 20:20:26,738] {logging_mixin.py:104} INFO - [2026-04-24 20:20:26,738] {dag.py:1824} INFO - Sync 1 DAGs
[2026-04-24 20:20:26,749] {logging_mixin.py:104} INFO - [2026-04-24 20:20:26,749] {dag.py:2280} INFO - Setting next_dagrun for example_trigger_target_dag to None
[2026-04-24 20:20:26,759] {scheduler_job.py:190} INFO - Processing /home/airflow/.local/lib/python3.6/site-packages/airflow/example_dags/example_trigger_target_dag.py took 0.046 seconds
[2026-04-24 20:20:57,632] {scheduler_job.py:182} INFO - Started process (PID=649) to work on /home/airflow/.local/lib/python3.6/site-packages/airflow/example_dags/example_trigger_target_dag.py
[2026-04-24 20:20:57,632] {scheduler_job.py:629} INFO - Processing file /home/airflow/.local/lib/python3.6/site-packages/airflow/example_dags/example_trigger_target_dag.py for tasks to queue
[2026-04-24 20:20:57,633] {logging_mixin.py:104} INFO - [2026-04-24 20:20:57,633] {dagbag.py:451} INFO - Filling up the DagBag from /home/airflow/.local/lib/python3.6/site-packages/airflow/example_dags/example_trigger_target_dag.py
[2026-04-24 20:20:57,640] {scheduler_job.py:639} INFO - DAG(s) dict_keys(['example_trigger_target_dag']) retrieved from /home/airflow/.local/lib/python3.6/site-packages/airflow/example_dags/example_trigger_target_dag.py
[2026-04-24 20:20:57,653] {logging_mixin.py:104} INFO - [2026-04-24 20:20:57,653] {dag.py:1824} INFO - Sync 1 DAGs
[2026-04-24 20:20:57,664] {logging_mixin.py:104} INFO - [2026-04-24 20:20:57,664] {dag.py:2280} INFO - Setting next_dagrun for example_trigger_target_dag to None
[2026-04-24 20:20:57,676] {scheduler_job.py:190} INFO - Processing /home/airflow/.local/lib/python3.6/site-packages/airflow/example_dags/example_trigger_target_dag.py took 0.046 seconds
[2026-04-24 20:21:28,557] {scheduler_job.py:182} INFO - Started process (PID=676) to work on /home/airflow/.local/lib/python3.6/site-packages/airflow/example_dags/example_trigger_target_dag.py
[2026-04-24 20:21:28,558] {scheduler_job.py:629} INFO - Processing file /home/airflow/.local/lib/python3.6/site-packages/airflow/example_dags/example_trigger_target_dag.py for tasks to queue
[2026-04-24 20:21:28,559] {logging_mixin.py:104} INFO - [2026-04-24 20:21:28,559] {dagbag.py:451} INFO - Filling up the DagBag from /home/airflow/.local/lib/python3.6/site-packages/airflow/example_dags/example_trigger_target_dag.py
[2026-04-24 20:21:28,570] {scheduler_job.py:639} INFO - DAG(s) dict_keys(['example_trigger_target_dag']) retrieved from /home/airflow/.local/lib/python3.6/site-packages/airflow/example_dags/example_trigger_target_dag.py
[2026-04-24 20:21:28,585] {logging_mixin.py:104} INFO - [2026-04-24 20:21:28,585] {dag.py:1824} INFO - Sync 1 DAGs
[2026-04-24 20:21:28,596] {logging_mixin.py:104} INFO - [2026-04-24 20:21:28,596] {dag.py:2280} INFO - Setting next_dagrun for example_trigger_target_dag to None
[2026-04-24 20:21:28,603] {scheduler_job.py:190} INFO - Processing /home/airflow/.local/lib/python3.6/site-packages/airflow/example_dags/example_trigger_target_dag.py took 0.050 seconds
[2026-04-24 20:21:59,469] {scheduler_job.py:182} INFO - Started process (PID=703) to work on /home/airflow/.local/lib/python3.6/site-packages/airflow/example_dags/example_trigger_target_dag.py
[2026-04-24 20:21:59,471] {scheduler_job.py:629} INFO - Processing file /home/airflow/.local/lib/python3.6/site-packages/airflow/example_dags/example_trigger_target_dag.py for tasks to queue
[2026-04-24 20:21:59,471] {logging_mixin.py:104} INFO - [2026-04-24 20:21:59,471] {dagbag.py:451} INFO - Filling up the DagBag from /home/airflow/.local/lib/python3.6/site-packages/airflow/example_dags/example_trigger_target_dag.py
[2026-04-24 20:21:59,478] {scheduler_job.py:639} INFO - DAG(s) dict_keys(['example_trigger_target_dag']) retrieved from /home/airflow/.local/lib/python3.6/site-packages/airflow/example_dags/example_trigger_target_dag.py
[2026-04-24 20:21:59,493] {logging_mixin.py:104} INFO - [2026-04-24 20:21:59,493] {dag.py:1824} INFO - Sync 1 DAGs
[2026-04-24 20:21:59,505] {logging_mixin.py:104} INFO - [2026-04-24 20:21:59,505] {dag.py:2280} INFO - Setting next_dagrun for example_trigger_target_dag to None
[2026-04-24 20:21:59,515] {scheduler_job.py:190} INFO - Processing /home/airflow/.local/lib/python3.6/site-packages/airflow/example_dags/example_trigger_target_dag.py took 0.050 seconds
[2026-04-24 20:22:30,444] {scheduler_job.py:182} INFO - Started process (PID=730) to work on /home/airflow/.local/lib/python3.6/site-packages/airflow/example_dags/example_trigger_target_dag.py
[2026-04-24 20:22:30,445] {scheduler_job.py:629} INFO - Processing file /home/airflow/.local/lib/python3.6/site-packages/airflow/example_dags/example_trigger_target_dag.py for tasks to queue
[2026-04-24 20:22:30,445] {logging_mixin.py:104} INFO - [2026-04-24 20:22:30,445] {dagbag.py:451} INFO - Filling up the DagBag from /home/airflow/.local/lib/python3.6/site-packages/airflow/example_dags/example_trigger_target_dag.py
[2026-04-24 20:22:30,453] {scheduler_job.py:639} INFO - DAG(s) dict_keys(['example_trigger_target_dag']) retrieved from /home/airflow/.local/lib/python3.6/site-packages/airflow/example_dags/example_trigger_target_dag.py
[2026-04-24 20:22:30,468] {logging_mixin.py:104} INFO - [2026-04-24 20:22:30,467] {dag.py:1824} INFO - Sync 1 DAGs
[2026-04-24 20:22:30,479] {logging_mixin.py:104} INFO - [2026-04-24 20:22:30,479] {dag.py:2280} INFO - Setting next_dagrun for example_trigger_target_dag to None
[2026-04-24 20:22:30,485] {scheduler_job.py:190} INFO - Processing /home/airflow/.local/lib/python3.6/site-packages/airflow/example_dags/example_trigger_target_dag.py took 0.044 seconds
[2026-04-24 20:23:01,300] {scheduler_job.py:182} INFO - Started process (PID=757) to work on /home/airflow/.local/lib/python3.6/site-packages/airflow/example_dags/example_trigger_target_dag.py
[2026-04-24 20:23:01,301] {scheduler_job.py:629} INFO - Processing file /home/airflow/.local/lib/python3.6/site-packages/airflow/example_dags/example_trigger_target_dag.py for tasks to queue
[2026-04-24 20:23:01,302] {logging_mixin.py:104} INFO - [2026-04-24 20:23:01,302] {dagbag.py:451} INFO - Filling up the DagBag from /home/airflow/.local/lib/python3.6/site-packages/airflow/example_dags/example_trigger_target_dag.py
[2026-04-24 20:23:01,313] {scheduler_job.py:639} INFO - DAG(s) dict_keys(['example_trigger_target_dag']) retrieved from /home/airflow/.local/lib/python3.6/site-packages/airflow/example_dags/example_trigger_target_dag.py
[2026-04-24 20:23:01,327] {logging_mixin.py:104} INFO - [2026-04-24 20:23:01,327] {dag.py:1824} INFO - Sync 1 DAGs
[2026-04-24 20:23:01,337] {logging_mixin.py:104} INFO - [2026-04-24 20:23:01,337] {dag.py:2280} INFO - Setting next_dagrun for example_trigger_target_dag to None
[2026-04-24 20:23:01,344] {scheduler_job.py:190} INFO - Processing /home/airflow/.local/lib/python3.6/site-packages/airflow/example_dags/example_trigger_target_dag.py took 0.048 seconds
[2026-04-24 20:23:32,179] {scheduler_job.py:182} INFO - Started process (PID=784) to work on /home/airflow/.local/lib/python3.6/site-packages/airflow/example_dags/example_trigger_target_dag.py
[2026-04-24 20:23:32,180] {scheduler_job.py:629} INFO - Processing file /home/airflow/.local/lib/python3.6/site-packages/airflow/example_dags/example_trigger_target_dag.py for tasks to queue
[2026-04-24 20:23:32,181] {logging_mixin.py:104} INFO - [2026-04-24 20:23:32,181] {dagbag.py:451} INFO - Filling up the DagBag from /home/airflow/.local/lib/python3.6/site-packages/airflow/example_dags/example_trigger_target_dag.py
[2026-04-24 20:23:32,192] {scheduler_job.py:639} INFO - DAG(s) dict_keys(['example_trigger_target_dag']) retrieved from /home/airflow/.local/lib/python3.6/site-packages/airflow/example_dags/example_trigger_target_dag.py
[2026-04-24 20:23:32,208] {logging_mixin.py:104} INFO - [2026-04-24 20:23:32,208] {dag.py:1824} INFO - Sync 1 DAGs
[2026-04-24 20:23:32,219] {logging_mixin.py:104} INFO - [2026-04-24 20:23:32,219] {dag.py:2280} INFO - Setting next_dagrun for example_trigger_target_dag to None
[2026-04-24 20:23:32,228] {scheduler_job.py:190} INFO - Processing /home/airflow/.local/lib/python3.6/site-packages/airflow/example_dags/example_trigger_target_dag.py took 0.053 seconds
[2026-04-24 20:24:03,152] {scheduler_job.py:182} INFO - Started process (PID=811) to work on /home/airflow/.local/lib/python3.6/site-packages/airflow/example_dags/example_trigger_target_dag.py
[2026-04-24 20:24:03,154] {scheduler_job.py:629} INFO - Processing file /home/airflow/.local/lib/python3.6/site-packages/airflow/example_dags/example_trigger_target_dag.py for tasks to queue
[2026-04-24 20:24:03,154] {logging_mixin.py:104} INFO - [2026-04-24 20:24:03,154] {dagbag.py:451} INFO - Filling up the DagBag from /home/airflow/.local/lib/python3.6/site-packages/airflow/example_dags/example_trigger_target_dag.py
[2026-04-24 20:24:03,167] {scheduler_job.py:639} INFO - DAG(s) dict_keys(['example_trigger_target_dag']) retrieved from /home/airflow/.local/lib/python3.6/site-packages/airflow/example_dags/example_trigger_target_dag.py
[2026-04-24 20:24:03,181] {logging_mixin.py:104} INFO - [2026-04-24 20:24:03,181] {dag.py:1824} INFO - Sync 1 DAGs
[2026-04-24 20:24:03,191] {logging_mixin.py:104} INFO - [2026-04-24 20:24:03,191] {dag.py:2280} INFO - Setting next_dagrun for example_trigger_target_dag to None
[2026-04-24 20:24:03,210] {scheduler_job.py:190} INFO - Processing /home/airflow/.local/lib/python3.6/site-packages/airflow/example_dags/example_trigger_target_dag.py took 0.061 seconds
[2026-04-24 20:24:34,084] {scheduler_job.py:182} INFO - Started process (PID=838) to work on /home/airflow/.local/lib/python3.6/site-packages/airflow/example_dags/example_trigger_target_dag.py
[2026-04-24 20:24:34,086] {scheduler_job.py:629} INFO - Processing file /home/airflow/.local/lib/python3.6/site-packages/airflow/example_dags/example_trigger_target_dag.py for tasks to queue
[2026-04-24 20:24:34,086] {logging_mixin.py:104} INFO - [2026-04-24 20:24:34,086] {dagbag.py:451} INFO - Filling up the DagBag from /home/airflow/.local/lib/python3.6/site-packages/airflow/example_dags/example_trigger_target_dag.py
[2026-04-24 20:24:34,099] {scheduler_job.py:639} INFO - DAG(s) dict_keys(['example_trigger_target_dag']) retrieved from /home/airflow/.local/lib/python3.6/site-packages/airflow/example_dags/example_trigger_target_dag.py
[2026-04-24 20:24:34,114] {logging_mixin.py:104} INFO - [2026-04-24 20:24:34,114] {dag.py:1824} INFO - Sync 1 DAGs
[2026-04-24 20:24:34,126] {logging_mixin.py:104} INFO - [2026-04-24 20:24:34,125] {dag.py:2280} INFO - Setting next_dagrun for example_trigger_target_dag to None
[2026-04-24 20:24:34,134] {scheduler_job.py:190} INFO - Processing /home/airflow/.local/lib/python3.6/site-packages/airflow/example_dags/example_trigger_target_dag.py took 0.053 seconds
