[2026-04-24 20:07:24,954] {scheduler_job.py:182} INFO - Started process (PID=47) to work on /home/airflow/.local/lib/python3.6/site-packages/airflow/example_dags/example_task_group.py
[2026-04-24 20:07:24,955] {scheduler_job.py:629} INFO - Processing file /home/airflow/.local/lib/python3.6/site-packages/airflow/example_dags/example_task_group.py for tasks to queue
[2026-04-24 20:07:24,955] {logging_mixin.py:104} INFO - [2026-04-24 20:07:24,955] {dagbag.py:451} INFO - Filling up the DagBag from /home/airflow/.local/lib/python3.6/site-packages/airflow/example_dags/example_task_group.py
[2026-04-24 20:07:24,963] {scheduler_job.py:639} INFO - DAG(s) dict_keys(['example_task_group']) retrieved from /home/airflow/.local/lib/python3.6/site-packages/airflow/example_dags/example_task_group.py
[2026-04-24 20:07:24,990] {logging_mixin.py:104} INFO - [2026-04-24 20:07:24,990] {dag.py:1824} INFO - Sync 1 DAGs
[2026-04-24 20:07:25,006] {logging_mixin.py:104} INFO - [2026-04-24 20:07:25,006] {dag.py:1843} INFO - Creating ORM DAG for example_task_group
[2026-04-24 20:07:25,011] {logging_mixin.py:104} INFO - [2026-04-24 20:07:25,010] {dag.py:2280} INFO - Setting next_dagrun for example_task_group to 2026-04-22 00:00:00+00:00
[2026-04-24 20:07:25,029] {scheduler_job.py:190} INFO - Processing /home/airflow/.local/lib/python3.6/site-packages/airflow/example_dags/example_task_group.py took 0.079 seconds
[2026-04-24 20:07:55,103] {scheduler_job.py:182} INFO - Started process (PID=72) to work on /home/airflow/.local/lib/python3.6/site-packages/airflow/example_dags/example_task_group.py
[2026-04-24 20:07:55,104] {scheduler_job.py:629} INFO - Processing file /home/airflow/.local/lib/python3.6/site-packages/airflow/example_dags/example_task_group.py for tasks to queue
[2026-04-24 20:07:55,104] {logging_mixin.py:104} INFO - [2026-04-24 20:07:55,104] {dagbag.py:451} INFO - Filling up the DagBag from /home/airflow/.local/lib/python3.6/site-packages/airflow/example_dags/example_task_group.py
[2026-04-24 20:07:55,115] {scheduler_job.py:639} INFO - DAG(s) dict_keys(['example_task_group']) retrieved from /home/airflow/.local/lib/python3.6/site-packages/airflow/example_dags/example_task_group.py
[2026-04-24 20:07:55,130] {logging_mixin.py:104} INFO - [2026-04-24 20:07:55,130] {dag.py:1824} INFO - Sync 1 DAGs
[2026-04-24 20:07:55,141] {logging_mixin.py:104} INFO - [2026-04-24 20:07:55,141] {dag.py:2280} INFO - Setting next_dagrun for example_task_group to 2026-04-22 00:00:00+00:00
[2026-04-24 20:07:55,150] {scheduler_job.py:190} INFO - Processing /home/airflow/.local/lib/python3.6/site-packages/airflow/example_dags/example_task_group.py took 0.049 seconds
[2026-04-24 20:08:25,167] {scheduler_job.py:182} INFO - Started process (PID=98) to work on /home/airflow/.local/lib/python3.6/site-packages/airflow/example_dags/example_task_group.py
[2026-04-24 20:08:25,168] {scheduler_job.py:629} INFO - Processing file /home/airflow/.local/lib/python3.6/site-packages/airflow/example_dags/example_task_group.py for tasks to queue
[2026-04-24 20:08:25,169] {logging_mixin.py:104} INFO - [2026-04-24 20:08:25,168] {dagbag.py:451} INFO - Filling up the DagBag from /home/airflow/.local/lib/python3.6/site-packages/airflow/example_dags/example_task_group.py
[2026-04-24 20:08:25,176] {scheduler_job.py:639} INFO - DAG(s) dict_keys(['example_task_group']) retrieved from /home/airflow/.local/lib/python3.6/site-packages/airflow/example_dags/example_task_group.py
[2026-04-24 20:08:25,189] {logging_mixin.py:104} INFO - [2026-04-24 20:08:25,189] {dag.py:1824} INFO - Sync 1 DAGs
[2026-04-24 20:08:25,201] {logging_mixin.py:104} INFO - [2026-04-24 20:08:25,201] {dag.py:2280} INFO - Setting next_dagrun for example_task_group to 2026-04-22 00:00:00+00:00
[2026-04-24 20:08:25,209] {scheduler_job.py:190} INFO - Processing /home/airflow/.local/lib/python3.6/site-packages/airflow/example_dags/example_task_group.py took 0.044 seconds
[2026-04-24 20:08:56,127] {scheduler_job.py:182} INFO - Started process (PID=124) to work on /home/airflow/.local/lib/python3.6/site-packages/airflow/example_dags/example_task_group.py
[2026-04-24 20:08:56,128] {scheduler_job.py:629} INFO - Processing file /home/airflow/.local/lib/python3.6/site-packages/airflow/example_dags/example_task_group.py for tasks to queue
[2026-04-24 20:08:56,128] {logging_mixin.py:104} INFO - [2026-04-24 20:08:56,128] {dagbag.py:451} INFO - Filling up the DagBag from /home/airflow/.local/lib/python3.6/site-packages/airflow/example_dags/example_task_group.py
[2026-04-24 20:08:56,136] {scheduler_job.py:639} INFO - DAG(s) dict_keys(['example_task_group']) retrieved from /home/airflow/.local/lib/python3.6/site-packages/airflow/example_dags/example_task_group.py
[2026-04-24 20:08:56,149] {logging_mixin.py:104} INFO - [2026-04-24 20:08:56,149] {dag.py:1824} INFO - Sync 1 DAGs
[2026-04-24 20:08:56,160] {logging_mixin.py:104} INFO - [2026-04-24 20:08:56,160] {dag.py:2280} INFO - Setting next_dagrun for example_task_group to 2026-04-22 00:00:00+00:00
[2026-04-24 20:08:56,166] {scheduler_job.py:190} INFO - Processing /home/airflow/.local/lib/python3.6/site-packages/airflow/example_dags/example_task_group.py took 0.041 seconds
[2026-04-24 20:09:27,356] {scheduler_job.py:182} INFO - Started process (PID=150) to work on /home/airflow/.local/lib/python3.6/site-packages/airflow/example_dags/example_task_group.py
[2026-04-24 20:09:27,357] {scheduler_job.py:629} INFO - Processing file /home/airflow/.local/lib/python3.6/site-packages/airflow/example_dags/example_task_group.py for tasks to queue
[2026-04-24 20:09:27,358] {logging_mixin.py:104} INFO - [2026-04-24 20:09:27,358] {dagbag.py:451} INFO - Filling up the DagBag from /home/airflow/.local/lib/python3.6/site-packages/airflow/example_dags/example_task_group.py
[2026-04-24 20:09:27,374] {scheduler_job.py:639} INFO - DAG(s) dict_keys(['example_task_group']) retrieved from /home/airflow/.local/lib/python3.6/site-packages/airflow/example_dags/example_task_group.py
[2026-04-24 20:09:27,400] {logging_mixin.py:104} INFO - [2026-04-24 20:09:27,400] {dag.py:1824} INFO - Sync 1 DAGs
[2026-04-24 20:09:27,414] {logging_mixin.py:104} INFO - [2026-04-24 20:09:27,414] {dag.py:2280} INFO - Setting next_dagrun for example_task_group to 2026-04-22 00:00:00+00:00
[2026-04-24 20:09:27,432] {scheduler_job.py:190} INFO - Processing /home/airflow/.local/lib/python3.6/site-packages/airflow/example_dags/example_task_group.py took 0.078 seconds
[2026-04-24 20:09:46,328] {scheduler_job.py:182} INFO - Started process (PID=48) to work on /home/airflow/.local/lib/python3.6/site-packages/airflow/example_dags/example_task_group.py
[2026-04-24 20:09:46,329] {scheduler_job.py:629} INFO - Processing file /home/airflow/.local/lib/python3.6/site-packages/airflow/example_dags/example_task_group.py for tasks to queue
[2026-04-24 20:09:46,329] {logging_mixin.py:104} INFO - [2026-04-24 20:09:46,329] {dagbag.py:451} INFO - Filling up the DagBag from /home/airflow/.local/lib/python3.6/site-packages/airflow/example_dags/example_task_group.py
[2026-04-24 20:09:46,340] {scheduler_job.py:639} INFO - DAG(s) dict_keys(['example_task_group']) retrieved from /home/airflow/.local/lib/python3.6/site-packages/airflow/example_dags/example_task_group.py
[2026-04-24 20:09:46,371] {logging_mixin.py:104} INFO - [2026-04-24 20:09:46,370] {dag.py:1824} INFO - Sync 1 DAGs
[2026-04-24 20:09:46,400] {logging_mixin.py:104} INFO - [2026-04-24 20:09:46,399] {dag.py:2280} INFO - Setting next_dagrun for example_task_group to 2026-04-22 00:00:00+00:00
[2026-04-24 20:09:46,413] {scheduler_job.py:190} INFO - Processing /home/airflow/.local/lib/python3.6/site-packages/airflow/example_dags/example_task_group.py took 0.088 seconds
[2026-04-24 20:10:16,471] {scheduler_job.py:182} INFO - Started process (PID=75) to work on /home/airflow/.local/lib/python3.6/site-packages/airflow/example_dags/example_task_group.py
[2026-04-24 20:10:16,471] {scheduler_job.py:629} INFO - Processing file /home/airflow/.local/lib/python3.6/site-packages/airflow/example_dags/example_task_group.py for tasks to queue
[2026-04-24 20:10:16,472] {logging_mixin.py:104} INFO - [2026-04-24 20:10:16,472] {dagbag.py:451} INFO - Filling up the DagBag from /home/airflow/.local/lib/python3.6/site-packages/airflow/example_dags/example_task_group.py
[2026-04-24 20:10:16,480] {scheduler_job.py:639} INFO - DAG(s) dict_keys(['example_task_group']) retrieved from /home/airflow/.local/lib/python3.6/site-packages/airflow/example_dags/example_task_group.py
[2026-04-24 20:10:16,494] {logging_mixin.py:104} INFO - [2026-04-24 20:10:16,493] {dag.py:1824} INFO - Sync 1 DAGs
[2026-04-24 20:10:16,506] {logging_mixin.py:104} INFO - [2026-04-24 20:10:16,506] {dag.py:2280} INFO - Setting next_dagrun for example_task_group to 2026-04-22 00:00:00+00:00
[2026-04-24 20:10:16,513] {scheduler_job.py:190} INFO - Processing /home/airflow/.local/lib/python3.6/site-packages/airflow/example_dags/example_task_group.py took 0.045 seconds
[2026-04-24 20:10:46,560] {scheduler_job.py:182} INFO - Started process (PID=102) to work on /home/airflow/.local/lib/python3.6/site-packages/airflow/example_dags/example_task_group.py
[2026-04-24 20:10:46,561] {scheduler_job.py:629} INFO - Processing file /home/airflow/.local/lib/python3.6/site-packages/airflow/example_dags/example_task_group.py for tasks to queue
[2026-04-24 20:10:46,561] {logging_mixin.py:104} INFO - [2026-04-24 20:10:46,561] {dagbag.py:451} INFO - Filling up the DagBag from /home/airflow/.local/lib/python3.6/site-packages/airflow/example_dags/example_task_group.py
[2026-04-24 20:10:46,569] {scheduler_job.py:639} INFO - DAG(s) dict_keys(['example_task_group']) retrieved from /home/airflow/.local/lib/python3.6/site-packages/airflow/example_dags/example_task_group.py
[2026-04-24 20:10:46,582] {logging_mixin.py:104} INFO - [2026-04-24 20:10:46,582] {dag.py:1824} INFO - Sync 1 DAGs
[2026-04-24 20:10:46,596] {logging_mixin.py:104} INFO - [2026-04-24 20:10:46,595] {dag.py:2280} INFO - Setting next_dagrun for example_task_group to 2026-04-22 00:00:00+00:00
[2026-04-24 20:10:46,603] {scheduler_job.py:190} INFO - Processing /home/airflow/.local/lib/python3.6/site-packages/airflow/example_dags/example_task_group.py took 0.045 seconds
[2026-04-24 20:11:16,744] {scheduler_job.py:182} INFO - Started process (PID=129) to work on /home/airflow/.local/lib/python3.6/site-packages/airflow/example_dags/example_task_group.py
[2026-04-24 20:11:16,746] {scheduler_job.py:629} INFO - Processing file /home/airflow/.local/lib/python3.6/site-packages/airflow/example_dags/example_task_group.py for tasks to queue
[2026-04-24 20:11:16,746] {logging_mixin.py:104} INFO - [2026-04-24 20:11:16,746] {dagbag.py:451} INFO - Filling up the DagBag from /home/airflow/.local/lib/python3.6/site-packages/airflow/example_dags/example_task_group.py
[2026-04-24 20:11:16,756] {scheduler_job.py:639} INFO - DAG(s) dict_keys(['example_task_group']) retrieved from /home/airflow/.local/lib/python3.6/site-packages/airflow/example_dags/example_task_group.py
[2026-04-24 20:11:16,770] {logging_mixin.py:104} INFO - [2026-04-24 20:11:16,770] {dag.py:1824} INFO - Sync 1 DAGs
[2026-04-24 20:11:16,782] {logging_mixin.py:104} INFO - [2026-04-24 20:11:16,782] {dag.py:2280} INFO - Setting next_dagrun for example_task_group to 2026-04-22 00:00:00+00:00
[2026-04-24 20:11:16,789] {scheduler_job.py:190} INFO - Processing /home/airflow/.local/lib/python3.6/site-packages/airflow/example_dags/example_task_group.py took 0.048 seconds
[2026-04-24 20:11:46,801] {scheduler_job.py:182} INFO - Started process (PID=156) to work on /home/airflow/.local/lib/python3.6/site-packages/airflow/example_dags/example_task_group.py
[2026-04-24 20:11:46,802] {scheduler_job.py:629} INFO - Processing file /home/airflow/.local/lib/python3.6/site-packages/airflow/example_dags/example_task_group.py for tasks to queue
[2026-04-24 20:11:46,802] {logging_mixin.py:104} INFO - [2026-04-24 20:11:46,802] {dagbag.py:451} INFO - Filling up the DagBag from /home/airflow/.local/lib/python3.6/site-packages/airflow/example_dags/example_task_group.py
[2026-04-24 20:11:46,810] {scheduler_job.py:639} INFO - DAG(s) dict_keys(['example_task_group']) retrieved from /home/airflow/.local/lib/python3.6/site-packages/airflow/example_dags/example_task_group.py
[2026-04-24 20:11:46,825] {logging_mixin.py:104} INFO - [2026-04-24 20:11:46,824] {dag.py:1824} INFO - Sync 1 DAGs
[2026-04-24 20:11:46,838] {logging_mixin.py:104} INFO - [2026-04-24 20:11:46,838] {dag.py:2280} INFO - Setting next_dagrun for example_task_group to 2026-04-22 00:00:00+00:00
[2026-04-24 20:11:46,845] {scheduler_job.py:190} INFO - Processing /home/airflow/.local/lib/python3.6/site-packages/airflow/example_dags/example_task_group.py took 0.046 seconds
[2026-04-24 20:12:16,922] {scheduler_job.py:182} INFO - Started process (PID=182) to work on /home/airflow/.local/lib/python3.6/site-packages/airflow/example_dags/example_task_group.py
[2026-04-24 20:12:16,924] {scheduler_job.py:629} INFO - Processing file /home/airflow/.local/lib/python3.6/site-packages/airflow/example_dags/example_task_group.py for tasks to queue
[2026-04-24 20:12:16,925] {logging_mixin.py:104} INFO - [2026-04-24 20:12:16,924] {dagbag.py:451} INFO - Filling up the DagBag from /home/airflow/.local/lib/python3.6/site-packages/airflow/example_dags/example_task_group.py
[2026-04-24 20:12:16,936] {scheduler_job.py:639} INFO - DAG(s) dict_keys(['example_task_group']) retrieved from /home/airflow/.local/lib/python3.6/site-packages/airflow/example_dags/example_task_group.py
[2026-04-24 20:12:16,952] {logging_mixin.py:104} INFO - [2026-04-24 20:12:16,952] {dag.py:1824} INFO - Sync 1 DAGs
[2026-04-24 20:12:16,963] {logging_mixin.py:104} INFO - [2026-04-24 20:12:16,963] {dag.py:2280} INFO - Setting next_dagrun for example_task_group to 2026-04-22 00:00:00+00:00
[2026-04-24 20:12:16,970] {scheduler_job.py:190} INFO - Processing /home/airflow/.local/lib/python3.6/site-packages/airflow/example_dags/example_task_group.py took 0.051 seconds
[2026-04-24 20:12:47,918] {scheduler_job.py:182} INFO - Started process (PID=209) to work on /home/airflow/.local/lib/python3.6/site-packages/airflow/example_dags/example_task_group.py
[2026-04-24 20:12:47,919] {scheduler_job.py:629} INFO - Processing file /home/airflow/.local/lib/python3.6/site-packages/airflow/example_dags/example_task_group.py for tasks to queue
[2026-04-24 20:12:47,919] {logging_mixin.py:104} INFO - [2026-04-24 20:12:47,919] {dagbag.py:451} INFO - Filling up the DagBag from /home/airflow/.local/lib/python3.6/site-packages/airflow/example_dags/example_task_group.py
[2026-04-24 20:12:47,927] {scheduler_job.py:639} INFO - DAG(s) dict_keys(['example_task_group']) retrieved from /home/airflow/.local/lib/python3.6/site-packages/airflow/example_dags/example_task_group.py
[2026-04-24 20:12:47,943] {logging_mixin.py:104} INFO - [2026-04-24 20:12:47,943] {dag.py:1824} INFO - Sync 1 DAGs
[2026-04-24 20:12:47,954] {logging_mixin.py:104} INFO - [2026-04-24 20:12:47,954] {dag.py:2280} INFO - Setting next_dagrun for example_task_group to 2026-04-22 00:00:00+00:00
[2026-04-24 20:12:47,961] {scheduler_job.py:190} INFO - Processing /home/airflow/.local/lib/python3.6/site-packages/airflow/example_dags/example_task_group.py took 0.044 seconds
[2026-04-24 20:13:18,934] {scheduler_job.py:182} INFO - Started process (PID=236) to work on /home/airflow/.local/lib/python3.6/site-packages/airflow/example_dags/example_task_group.py
[2026-04-24 20:13:18,934] {scheduler_job.py:629} INFO - Processing file /home/airflow/.local/lib/python3.6/site-packages/airflow/example_dags/example_task_group.py for tasks to queue
[2026-04-24 20:13:18,935] {logging_mixin.py:104} INFO - [2026-04-24 20:13:18,935] {dagbag.py:451} INFO - Filling up the DagBag from /home/airflow/.local/lib/python3.6/site-packages/airflow/example_dags/example_task_group.py
[2026-04-24 20:13:18,942] {scheduler_job.py:639} INFO - DAG(s) dict_keys(['example_task_group']) retrieved from /home/airflow/.local/lib/python3.6/site-packages/airflow/example_dags/example_task_group.py
[2026-04-24 20:13:18,958] {logging_mixin.py:104} INFO - [2026-04-24 20:13:18,958] {dag.py:1824} INFO - Sync 1 DAGs
[2026-04-24 20:13:18,968] {logging_mixin.py:104} INFO - [2026-04-24 20:13:18,968] {dag.py:2280} INFO - Setting next_dagrun for example_task_group to 2026-04-22 00:00:00+00:00
[2026-04-24 20:13:18,975] {scheduler_job.py:190} INFO - Processing /home/airflow/.local/lib/python3.6/site-packages/airflow/example_dags/example_task_group.py took 0.043 seconds
[2026-04-24 20:13:49,887] {scheduler_job.py:182} INFO - Started process (PID=263) to work on /home/airflow/.local/lib/python3.6/site-packages/airflow/example_dags/example_task_group.py
[2026-04-24 20:13:49,888] {scheduler_job.py:629} INFO - Processing file /home/airflow/.local/lib/python3.6/site-packages/airflow/example_dags/example_task_group.py for tasks to queue
[2026-04-24 20:13:49,889] {logging_mixin.py:104} INFO - [2026-04-24 20:13:49,889] {dagbag.py:451} INFO - Filling up the DagBag from /home/airflow/.local/lib/python3.6/site-packages/airflow/example_dags/example_task_group.py
[2026-04-24 20:13:49,899] {scheduler_job.py:639} INFO - DAG(s) dict_keys(['example_task_group']) retrieved from /home/airflow/.local/lib/python3.6/site-packages/airflow/example_dags/example_task_group.py
[2026-04-24 20:13:49,918] {logging_mixin.py:104} INFO - [2026-04-24 20:13:49,918] {dag.py:1824} INFO - Sync 1 DAGs
[2026-04-24 20:13:49,929] {logging_mixin.py:104} INFO - [2026-04-24 20:13:49,929] {dag.py:2280} INFO - Setting next_dagrun for example_task_group to 2026-04-22 00:00:00+00:00
[2026-04-24 20:13:49,936] {scheduler_job.py:190} INFO - Processing /home/airflow/.local/lib/python3.6/site-packages/airflow/example_dags/example_task_group.py took 0.053 seconds
[2026-04-24 20:14:19,974] {scheduler_job.py:182} INFO - Started process (PID=290) to work on /home/airflow/.local/lib/python3.6/site-packages/airflow/example_dags/example_task_group.py
[2026-04-24 20:14:19,975] {scheduler_job.py:629} INFO - Processing file /home/airflow/.local/lib/python3.6/site-packages/airflow/example_dags/example_task_group.py for tasks to queue
[2026-04-24 20:14:19,976] {logging_mixin.py:104} INFO - [2026-04-24 20:14:19,976] {dagbag.py:451} INFO - Filling up the DagBag from /home/airflow/.local/lib/python3.6/site-packages/airflow/example_dags/example_task_group.py
[2026-04-24 20:14:19,988] {scheduler_job.py:639} INFO - DAG(s) dict_keys(['example_task_group']) retrieved from /home/airflow/.local/lib/python3.6/site-packages/airflow/example_dags/example_task_group.py
[2026-04-24 20:14:20,004] {logging_mixin.py:104} INFO - [2026-04-24 20:14:20,004] {dag.py:1824} INFO - Sync 1 DAGs
[2026-04-24 20:14:20,014] {logging_mixin.py:104} INFO - [2026-04-24 20:14:20,014] {dag.py:2280} INFO - Setting next_dagrun for example_task_group to 2026-04-22 00:00:00+00:00
[2026-04-24 20:14:20,021] {scheduler_job.py:190} INFO - Processing /home/airflow/.local/lib/python3.6/site-packages/airflow/example_dags/example_task_group.py took 0.051 seconds
[2026-04-24 20:14:50,046] {scheduler_job.py:182} INFO - Started process (PID=316) to work on /home/airflow/.local/lib/python3.6/site-packages/airflow/example_dags/example_task_group.py
[2026-04-24 20:14:50,047] {scheduler_job.py:629} INFO - Processing file /home/airflow/.local/lib/python3.6/site-packages/airflow/example_dags/example_task_group.py for tasks to queue
[2026-04-24 20:14:50,048] {logging_mixin.py:104} INFO - [2026-04-24 20:14:50,048] {dagbag.py:451} INFO - Filling up the DagBag from /home/airflow/.local/lib/python3.6/site-packages/airflow/example_dags/example_task_group.py
[2026-04-24 20:14:50,062] {scheduler_job.py:639} INFO - DAG(s) dict_keys(['example_task_group']) retrieved from /home/airflow/.local/lib/python3.6/site-packages/airflow/example_dags/example_task_group.py
[2026-04-24 20:14:50,075] {logging_mixin.py:104} INFO - [2026-04-24 20:14:50,075] {dag.py:1824} INFO - Sync 1 DAGs
[2026-04-24 20:14:50,085] {logging_mixin.py:104} INFO - [2026-04-24 20:14:50,085] {dag.py:2280} INFO - Setting next_dagrun for example_task_group to 2026-04-22 00:00:00+00:00
[2026-04-24 20:14:50,092] {scheduler_job.py:190} INFO - Processing /home/airflow/.local/lib/python3.6/site-packages/airflow/example_dags/example_task_group.py took 0.050 seconds
[2026-04-24 20:15:20,158] {scheduler_job.py:182} INFO - Started process (PID=343) to work on /home/airflow/.local/lib/python3.6/site-packages/airflow/example_dags/example_task_group.py
[2026-04-24 20:15:20,159] {scheduler_job.py:629} INFO - Processing file /home/airflow/.local/lib/python3.6/site-packages/airflow/example_dags/example_task_group.py for tasks to queue
[2026-04-24 20:15:20,160] {logging_mixin.py:104} INFO - [2026-04-24 20:15:20,160] {dagbag.py:451} INFO - Filling up the DagBag from /home/airflow/.local/lib/python3.6/site-packages/airflow/example_dags/example_task_group.py
[2026-04-24 20:15:20,170] {scheduler_job.py:639} INFO - DAG(s) dict_keys(['example_task_group']) retrieved from /home/airflow/.local/lib/python3.6/site-packages/airflow/example_dags/example_task_group.py
[2026-04-24 20:15:20,185] {logging_mixin.py:104} INFO - [2026-04-24 20:15:20,185] {dag.py:1824} INFO - Sync 1 DAGs
[2026-04-24 20:15:20,195] {logging_mixin.py:104} INFO - [2026-04-24 20:15:20,195] {dag.py:2280} INFO - Setting next_dagrun for example_task_group to 2026-04-22 00:00:00+00:00
[2026-04-24 20:15:20,202] {scheduler_job.py:190} INFO - Processing /home/airflow/.local/lib/python3.6/site-packages/airflow/example_dags/example_task_group.py took 0.048 seconds
[2026-04-24 20:15:50,233] {scheduler_job.py:182} INFO - Started process (PID=370) to work on /home/airflow/.local/lib/python3.6/site-packages/airflow/example_dags/example_task_group.py
[2026-04-24 20:15:50,234] {scheduler_job.py:629} INFO - Processing file /home/airflow/.local/lib/python3.6/site-packages/airflow/example_dags/example_task_group.py for tasks to queue
[2026-04-24 20:15:50,234] {logging_mixin.py:104} INFO - [2026-04-24 20:15:50,234] {dagbag.py:451} INFO - Filling up the DagBag from /home/airflow/.local/lib/python3.6/site-packages/airflow/example_dags/example_task_group.py
[2026-04-24 20:15:50,244] {scheduler_job.py:639} INFO - DAG(s) dict_keys(['example_task_group']) retrieved from /home/airflow/.local/lib/python3.6/site-packages/airflow/example_dags/example_task_group.py
[2026-04-24 20:15:50,260] {logging_mixin.py:104} INFO - [2026-04-24 20:15:50,260] {dag.py:1824} INFO - Sync 1 DAGs
[2026-04-24 20:15:50,271] {logging_mixin.py:104} INFO - [2026-04-24 20:15:50,271] {dag.py:2280} INFO - Setting next_dagrun for example_task_group to 2026-04-22 00:00:00+00:00
[2026-04-24 20:15:50,278] {scheduler_job.py:190} INFO - Processing /home/airflow/.local/lib/python3.6/site-packages/airflow/example_dags/example_task_group.py took 0.046 seconds
[2026-04-24 20:16:20,320] {scheduler_job.py:182} INFO - Started process (PID=397) to work on /home/airflow/.local/lib/python3.6/site-packages/airflow/example_dags/example_task_group.py
[2026-04-24 20:16:20,321] {scheduler_job.py:629} INFO - Processing file /home/airflow/.local/lib/python3.6/site-packages/airflow/example_dags/example_task_group.py for tasks to queue
[2026-04-24 20:16:20,321] {logging_mixin.py:104} INFO - [2026-04-24 20:16:20,321] {dagbag.py:451} INFO - Filling up the DagBag from /home/airflow/.local/lib/python3.6/site-packages/airflow/example_dags/example_task_group.py
[2026-04-24 20:16:20,331] {scheduler_job.py:639} INFO - DAG(s) dict_keys(['example_task_group']) retrieved from /home/airflow/.local/lib/python3.6/site-packages/airflow/example_dags/example_task_group.py
[2026-04-24 20:16:20,346] {logging_mixin.py:104} INFO - [2026-04-24 20:16:20,346] {dag.py:1824} INFO - Sync 1 DAGs
[2026-04-24 20:16:20,356] {logging_mixin.py:104} INFO - [2026-04-24 20:16:20,356] {dag.py:2280} INFO - Setting next_dagrun for example_task_group to 2026-04-22 00:00:00+00:00
[2026-04-24 20:16:20,363] {scheduler_job.py:190} INFO - Processing /home/airflow/.local/lib/python3.6/site-packages/airflow/example_dags/example_task_group.py took 0.045 seconds
[2026-04-24 20:16:50,457] {scheduler_job.py:182} INFO - Started process (PID=424) to work on /home/airflow/.local/lib/python3.6/site-packages/airflow/example_dags/example_task_group.py
[2026-04-24 20:16:50,463] {scheduler_job.py:629} INFO - Processing file /home/airflow/.local/lib/python3.6/site-packages/airflow/example_dags/example_task_group.py for tasks to queue
[2026-04-24 20:16:50,464] {logging_mixin.py:104} INFO - [2026-04-24 20:16:50,464] {dagbag.py:451} INFO - Filling up the DagBag from /home/airflow/.local/lib/python3.6/site-packages/airflow/example_dags/example_task_group.py
[2026-04-24 20:16:50,472] {scheduler_job.py:639} INFO - DAG(s) dict_keys(['example_task_group']) retrieved from /home/airflow/.local/lib/python3.6/site-packages/airflow/example_dags/example_task_group.py
[2026-04-24 20:16:50,488] {logging_mixin.py:104} INFO - [2026-04-24 20:16:50,488] {dag.py:1824} INFO - Sync 1 DAGs
[2026-04-24 20:16:50,499] {logging_mixin.py:104} INFO - [2026-04-24 20:16:50,499] {dag.py:2280} INFO - Setting next_dagrun for example_task_group to 2026-04-22 00:00:00+00:00
[2026-04-24 20:16:50,507] {scheduler_job.py:190} INFO - Processing /home/airflow/.local/lib/python3.6/site-packages/airflow/example_dags/example_task_group.py took 0.054 seconds
[2026-04-24 20:17:20,558] {scheduler_job.py:182} INFO - Started process (PID=451) to work on /home/airflow/.local/lib/python3.6/site-packages/airflow/example_dags/example_task_group.py
[2026-04-24 20:17:20,559] {scheduler_job.py:629} INFO - Processing file /home/airflow/.local/lib/python3.6/site-packages/airflow/example_dags/example_task_group.py for tasks to queue
[2026-04-24 20:17:20,560] {logging_mixin.py:104} INFO - [2026-04-24 20:17:20,560] {dagbag.py:451} INFO - Filling up the DagBag from /home/airflow/.local/lib/python3.6/site-packages/airflow/example_dags/example_task_group.py
[2026-04-24 20:17:20,571] {scheduler_job.py:639} INFO - DAG(s) dict_keys(['example_task_group']) retrieved from /home/airflow/.local/lib/python3.6/site-packages/airflow/example_dags/example_task_group.py
[2026-04-24 20:17:20,588] {logging_mixin.py:104} INFO - [2026-04-24 20:17:20,588] {dag.py:1824} INFO - Sync 1 DAGs
[2026-04-24 20:17:20,599] {logging_mixin.py:104} INFO - [2026-04-24 20:17:20,599] {dag.py:2280} INFO - Setting next_dagrun for example_task_group to 2026-04-22 00:00:00+00:00
[2026-04-24 20:17:20,606] {scheduler_job.py:190} INFO - Processing /home/airflow/.local/lib/python3.6/site-packages/airflow/example_dags/example_task_group.py took 0.052 seconds
[2026-04-24 20:17:50,624] {scheduler_job.py:182} INFO - Started process (PID=478) to work on /home/airflow/.local/lib/python3.6/site-packages/airflow/example_dags/example_task_group.py
[2026-04-24 20:17:50,625] {scheduler_job.py:629} INFO - Processing file /home/airflow/.local/lib/python3.6/site-packages/airflow/example_dags/example_task_group.py for tasks to queue
[2026-04-24 20:17:50,626] {logging_mixin.py:104} INFO - [2026-04-24 20:17:50,626] {dagbag.py:451} INFO - Filling up the DagBag from /home/airflow/.local/lib/python3.6/site-packages/airflow/example_dags/example_task_group.py
[2026-04-24 20:17:50,636] {scheduler_job.py:639} INFO - DAG(s) dict_keys(['example_task_group']) retrieved from /home/airflow/.local/lib/python3.6/site-packages/airflow/example_dags/example_task_group.py
[2026-04-24 20:17:50,653] {logging_mixin.py:104} INFO - [2026-04-24 20:17:50,653] {dag.py:1824} INFO - Sync 1 DAGs
[2026-04-24 20:17:50,664] {logging_mixin.py:104} INFO - [2026-04-24 20:17:50,664] {dag.py:2280} INFO - Setting next_dagrun for example_task_group to 2026-04-22 00:00:00+00:00
[2026-04-24 20:17:50,672] {scheduler_job.py:190} INFO - Processing /home/airflow/.local/lib/python3.6/site-packages/airflow/example_dags/example_task_group.py took 0.052 seconds
[2026-04-24 20:18:20,683] {scheduler_job.py:182} INFO - Started process (PID=505) to work on /home/airflow/.local/lib/python3.6/site-packages/airflow/example_dags/example_task_group.py
[2026-04-24 20:18:20,683] {scheduler_job.py:629} INFO - Processing file /home/airflow/.local/lib/python3.6/site-packages/airflow/example_dags/example_task_group.py for tasks to queue
[2026-04-24 20:18:20,684] {logging_mixin.py:104} INFO - [2026-04-24 20:18:20,684] {dagbag.py:451} INFO - Filling up the DagBag from /home/airflow/.local/lib/python3.6/site-packages/airflow/example_dags/example_task_group.py
[2026-04-24 20:18:20,692] {scheduler_job.py:639} INFO - DAG(s) dict_keys(['example_task_group']) retrieved from /home/airflow/.local/lib/python3.6/site-packages/airflow/example_dags/example_task_group.py
[2026-04-24 20:18:20,707] {logging_mixin.py:104} INFO - [2026-04-24 20:18:20,707] {dag.py:1824} INFO - Sync 1 DAGs
[2026-04-24 20:18:20,717] {logging_mixin.py:104} INFO - [2026-04-24 20:18:20,717] {dag.py:2280} INFO - Setting next_dagrun for example_task_group to 2026-04-22 00:00:00+00:00
[2026-04-24 20:18:20,724] {scheduler_job.py:190} INFO - Processing /home/airflow/.local/lib/python3.6/site-packages/airflow/example_dags/example_task_group.py took 0.043 seconds
[2026-04-24 20:18:51,513] {scheduler_job.py:182} INFO - Started process (PID=531) to work on /home/airflow/.local/lib/python3.6/site-packages/airflow/example_dags/example_task_group.py
[2026-04-24 20:18:51,514] {scheduler_job.py:629} INFO - Processing file /home/airflow/.local/lib/python3.6/site-packages/airflow/example_dags/example_task_group.py for tasks to queue
[2026-04-24 20:18:51,514] {logging_mixin.py:104} INFO - [2026-04-24 20:18:51,514] {dagbag.py:451} INFO - Filling up the DagBag from /home/airflow/.local/lib/python3.6/site-packages/airflow/example_dags/example_task_group.py
[2026-04-24 20:18:51,523] {scheduler_job.py:639} INFO - DAG(s) dict_keys(['example_task_group']) retrieved from /home/airflow/.local/lib/python3.6/site-packages/airflow/example_dags/example_task_group.py
[2026-04-24 20:18:51,539] {logging_mixin.py:104} INFO - [2026-04-24 20:18:51,539] {dag.py:1824} INFO - Sync 1 DAGs
[2026-04-24 20:18:51,552] {logging_mixin.py:104} INFO - [2026-04-24 20:18:51,552] {dag.py:2280} INFO - Setting next_dagrun for example_task_group to 2026-04-22 00:00:00+00:00
[2026-04-24 20:18:51,559] {scheduler_job.py:190} INFO - Processing /home/airflow/.local/lib/python3.6/site-packages/airflow/example_dags/example_task_group.py took 0.047 seconds
[2026-04-24 20:19:22,428] {scheduler_job.py:182} INFO - Started process (PID=558) to work on /home/airflow/.local/lib/python3.6/site-packages/airflow/example_dags/example_task_group.py
[2026-04-24 20:19:22,429] {scheduler_job.py:629} INFO - Processing file /home/airflow/.local/lib/python3.6/site-packages/airflow/example_dags/example_task_group.py for tasks to queue
[2026-04-24 20:19:22,429] {logging_mixin.py:104} INFO - [2026-04-24 20:19:22,429] {dagbag.py:451} INFO - Filling up the DagBag from /home/airflow/.local/lib/python3.6/site-packages/airflow/example_dags/example_task_group.py
[2026-04-24 20:19:22,438] {scheduler_job.py:639} INFO - DAG(s) dict_keys(['example_task_group']) retrieved from /home/airflow/.local/lib/python3.6/site-packages/airflow/example_dags/example_task_group.py
[2026-04-24 20:19:22,454] {logging_mixin.py:104} INFO - [2026-04-24 20:19:22,454] {dag.py:1824} INFO - Sync 1 DAGs
[2026-04-24 20:19:22,465] {logging_mixin.py:104} INFO - [2026-04-24 20:19:22,465] {dag.py:2280} INFO - Setting next_dagrun for example_task_group to 2026-04-22 00:00:00+00:00
[2026-04-24 20:19:22,471] {scheduler_job.py:190} INFO - Processing /home/airflow/.local/lib/python3.6/site-packages/airflow/example_dags/example_task_group.py took 0.045 seconds
[2026-04-24 20:19:53,408] {scheduler_job.py:182} INFO - Started process (PID=585) to work on /home/airflow/.local/lib/python3.6/site-packages/airflow/example_dags/example_task_group.py
[2026-04-24 20:19:53,408] {scheduler_job.py:629} INFO - Processing file /home/airflow/.local/lib/python3.6/site-packages/airflow/example_dags/example_task_group.py for tasks to queue
[2026-04-24 20:19:53,409] {logging_mixin.py:104} INFO - [2026-04-24 20:19:53,409] {dagbag.py:451} INFO - Filling up the DagBag from /home/airflow/.local/lib/python3.6/site-packages/airflow/example_dags/example_task_group.py
[2026-04-24 20:19:53,416] {scheduler_job.py:639} INFO - DAG(s) dict_keys(['example_task_group']) retrieved from /home/airflow/.local/lib/python3.6/site-packages/airflow/example_dags/example_task_group.py
[2026-04-24 20:19:53,434] {logging_mixin.py:104} INFO - [2026-04-24 20:19:53,434] {dag.py:1824} INFO - Sync 1 DAGs
[2026-04-24 20:19:53,446] {logging_mixin.py:104} INFO - [2026-04-24 20:19:53,446] {dag.py:2280} INFO - Setting next_dagrun for example_task_group to 2026-04-22 00:00:00+00:00
[2026-04-24 20:19:53,453] {scheduler_job.py:190} INFO - Processing /home/airflow/.local/lib/python3.6/site-packages/airflow/example_dags/example_task_group.py took 0.048 seconds
[2026-04-24 20:20:24,387] {scheduler_job.py:182} INFO - Started process (PID=612) to work on /home/airflow/.local/lib/python3.6/site-packages/airflow/example_dags/example_task_group.py
[2026-04-24 20:20:24,387] {scheduler_job.py:629} INFO - Processing file /home/airflow/.local/lib/python3.6/site-packages/airflow/example_dags/example_task_group.py for tasks to queue
[2026-04-24 20:20:24,388] {logging_mixin.py:104} INFO - [2026-04-24 20:20:24,388] {dagbag.py:451} INFO - Filling up the DagBag from /home/airflow/.local/lib/python3.6/site-packages/airflow/example_dags/example_task_group.py
[2026-04-24 20:20:24,397] {scheduler_job.py:639} INFO - DAG(s) dict_keys(['example_task_group']) retrieved from /home/airflow/.local/lib/python3.6/site-packages/airflow/example_dags/example_task_group.py
[2026-04-24 20:20:24,416] {logging_mixin.py:104} INFO - [2026-04-24 20:20:24,416] {dag.py:1824} INFO - Sync 1 DAGs
[2026-04-24 20:20:24,430] {logging_mixin.py:104} INFO - [2026-04-24 20:20:24,430] {dag.py:2280} INFO - Setting next_dagrun for example_task_group to 2026-04-22 00:00:00+00:00
[2026-04-24 20:20:24,436] {scheduler_job.py:190} INFO - Processing /home/airflow/.local/lib/python3.6/site-packages/airflow/example_dags/example_task_group.py took 0.051 seconds
[2026-04-24 20:20:55,321] {scheduler_job.py:182} INFO - Started process (PID=639) to work on /home/airflow/.local/lib/python3.6/site-packages/airflow/example_dags/example_task_group.py
[2026-04-24 20:20:55,322] {scheduler_job.py:629} INFO - Processing file /home/airflow/.local/lib/python3.6/site-packages/airflow/example_dags/example_task_group.py for tasks to queue
[2026-04-24 20:20:55,322] {logging_mixin.py:104} INFO - [2026-04-24 20:20:55,322] {dagbag.py:451} INFO - Filling up the DagBag from /home/airflow/.local/lib/python3.6/site-packages/airflow/example_dags/example_task_group.py
[2026-04-24 20:20:55,329] {scheduler_job.py:639} INFO - DAG(s) dict_keys(['example_task_group']) retrieved from /home/airflow/.local/lib/python3.6/site-packages/airflow/example_dags/example_task_group.py
[2026-04-24 20:20:55,345] {logging_mixin.py:104} INFO - [2026-04-24 20:20:55,344] {dag.py:1824} INFO - Sync 1 DAGs
[2026-04-24 20:20:55,355] {logging_mixin.py:104} INFO - [2026-04-24 20:20:55,355] {dag.py:2280} INFO - Setting next_dagrun for example_task_group to 2026-04-22 00:00:00+00:00
[2026-04-24 20:20:55,362] {scheduler_job.py:190} INFO - Processing /home/airflow/.local/lib/python3.6/site-packages/airflow/example_dags/example_task_group.py took 0.043 seconds
[2026-04-24 20:21:26,347] {scheduler_job.py:182} INFO - Started process (PID=666) to work on /home/airflow/.local/lib/python3.6/site-packages/airflow/example_dags/example_task_group.py
[2026-04-24 20:21:26,349] {scheduler_job.py:629} INFO - Processing file /home/airflow/.local/lib/python3.6/site-packages/airflow/example_dags/example_task_group.py for tasks to queue
[2026-04-24 20:21:26,349] {logging_mixin.py:104} INFO - [2026-04-24 20:21:26,349] {dagbag.py:451} INFO - Filling up the DagBag from /home/airflow/.local/lib/python3.6/site-packages/airflow/example_dags/example_task_group.py
[2026-04-24 20:21:26,359] {scheduler_job.py:639} INFO - DAG(s) dict_keys(['example_task_group']) retrieved from /home/airflow/.local/lib/python3.6/site-packages/airflow/example_dags/example_task_group.py
[2026-04-24 20:21:26,373] {logging_mixin.py:104} INFO - [2026-04-24 20:21:26,373] {dag.py:1824} INFO - Sync 1 DAGs
[2026-04-24 20:21:26,384] {logging_mixin.py:104} INFO - [2026-04-24 20:21:26,384] {dag.py:2280} INFO - Setting next_dagrun for example_task_group to 2026-04-22 00:00:00+00:00
[2026-04-24 20:21:26,391] {scheduler_job.py:190} INFO - Processing /home/airflow/.local/lib/python3.6/site-packages/airflow/example_dags/example_task_group.py took 0.048 seconds
[2026-04-24 20:21:57,202] {scheduler_job.py:182} INFO - Started process (PID=693) to work on /home/airflow/.local/lib/python3.6/site-packages/airflow/example_dags/example_task_group.py
[2026-04-24 20:21:57,204] {scheduler_job.py:629} INFO - Processing file /home/airflow/.local/lib/python3.6/site-packages/airflow/example_dags/example_task_group.py for tasks to queue
[2026-04-24 20:21:57,204] {logging_mixin.py:104} INFO - [2026-04-24 20:21:57,204] {dagbag.py:451} INFO - Filling up the DagBag from /home/airflow/.local/lib/python3.6/site-packages/airflow/example_dags/example_task_group.py
[2026-04-24 20:21:57,215] {scheduler_job.py:639} INFO - DAG(s) dict_keys(['example_task_group']) retrieved from /home/airflow/.local/lib/python3.6/site-packages/airflow/example_dags/example_task_group.py
[2026-04-24 20:21:57,230] {logging_mixin.py:104} INFO - [2026-04-24 20:21:57,230] {dag.py:1824} INFO - Sync 1 DAGs
[2026-04-24 20:21:57,241] {logging_mixin.py:104} INFO - [2026-04-24 20:21:57,241] {dag.py:2280} INFO - Setting next_dagrun for example_task_group to 2026-04-22 00:00:00+00:00
[2026-04-24 20:21:57,248] {scheduler_job.py:190} INFO - Processing /home/airflow/.local/lib/python3.6/site-packages/airflow/example_dags/example_task_group.py took 0.050 seconds
[2026-04-24 20:22:28,120] {scheduler_job.py:182} INFO - Started process (PID=720) to work on /home/airflow/.local/lib/python3.6/site-packages/airflow/example_dags/example_task_group.py
[2026-04-24 20:22:28,121] {scheduler_job.py:629} INFO - Processing file /home/airflow/.local/lib/python3.6/site-packages/airflow/example_dags/example_task_group.py for tasks to queue
[2026-04-24 20:22:28,121] {logging_mixin.py:104} INFO - [2026-04-24 20:22:28,121] {dagbag.py:451} INFO - Filling up the DagBag from /home/airflow/.local/lib/python3.6/site-packages/airflow/example_dags/example_task_group.py
[2026-04-24 20:22:28,130] {scheduler_job.py:639} INFO - DAG(s) dict_keys(['example_task_group']) retrieved from /home/airflow/.local/lib/python3.6/site-packages/airflow/example_dags/example_task_group.py
[2026-04-24 20:22:28,143] {logging_mixin.py:104} INFO - [2026-04-24 20:22:28,143] {dag.py:1824} INFO - Sync 1 DAGs
[2026-04-24 20:22:28,154] {logging_mixin.py:104} INFO - [2026-04-24 20:22:28,154] {dag.py:2280} INFO - Setting next_dagrun for example_task_group to 2026-04-22 00:00:00+00:00
[2026-04-24 20:22:28,162] {scheduler_job.py:190} INFO - Processing /home/airflow/.local/lib/python3.6/site-packages/airflow/example_dags/example_task_group.py took 0.043 seconds
[2026-04-24 20:22:59,026] {scheduler_job.py:182} INFO - Started process (PID=747) to work on /home/airflow/.local/lib/python3.6/site-packages/airflow/example_dags/example_task_group.py
[2026-04-24 20:22:59,026] {scheduler_job.py:629} INFO - Processing file /home/airflow/.local/lib/python3.6/site-packages/airflow/example_dags/example_task_group.py for tasks to queue
[2026-04-24 20:22:59,027] {logging_mixin.py:104} INFO - [2026-04-24 20:22:59,027] {dagbag.py:451} INFO - Filling up the DagBag from /home/airflow/.local/lib/python3.6/site-packages/airflow/example_dags/example_task_group.py
[2026-04-24 20:22:59,035] {scheduler_job.py:639} INFO - DAG(s) dict_keys(['example_task_group']) retrieved from /home/airflow/.local/lib/python3.6/site-packages/airflow/example_dags/example_task_group.py
[2026-04-24 20:22:59,048] {logging_mixin.py:104} INFO - [2026-04-24 20:22:59,048] {dag.py:1824} INFO - Sync 1 DAGs
[2026-04-24 20:22:59,059] {logging_mixin.py:104} INFO - [2026-04-24 20:22:59,059] {dag.py:2280} INFO - Setting next_dagrun for example_task_group to 2026-04-22 00:00:00+00:00
[2026-04-24 20:22:59,065] {scheduler_job.py:190} INFO - Processing /home/airflow/.local/lib/python3.6/site-packages/airflow/example_dags/example_task_group.py took 0.042 seconds
[2026-04-24 20:23:29,916] {scheduler_job.py:182} INFO - Started process (PID=774) to work on /home/airflow/.local/lib/python3.6/site-packages/airflow/example_dags/example_task_group.py
[2026-04-24 20:23:29,918] {scheduler_job.py:629} INFO - Processing file /home/airflow/.local/lib/python3.6/site-packages/airflow/example_dags/example_task_group.py for tasks to queue
[2026-04-24 20:23:29,918] {logging_mixin.py:104} INFO - [2026-04-24 20:23:29,918] {dagbag.py:451} INFO - Filling up the DagBag from /home/airflow/.local/lib/python3.6/site-packages/airflow/example_dags/example_task_group.py
[2026-04-24 20:23:29,930] {scheduler_job.py:639} INFO - DAG(s) dict_keys(['example_task_group']) retrieved from /home/airflow/.local/lib/python3.6/site-packages/airflow/example_dags/example_task_group.py
[2026-04-24 20:23:29,944] {logging_mixin.py:104} INFO - [2026-04-24 20:23:29,944] {dag.py:1824} INFO - Sync 1 DAGs
[2026-04-24 20:23:29,954] {logging_mixin.py:104} INFO - [2026-04-24 20:23:29,954] {dag.py:2280} INFO - Setting next_dagrun for example_task_group to 2026-04-22 00:00:00+00:00
[2026-04-24 20:23:29,961] {scheduler_job.py:190} INFO - Processing /home/airflow/.local/lib/python3.6/site-packages/airflow/example_dags/example_task_group.py took 0.049 seconds
[2026-04-24 20:24:00,830] {scheduler_job.py:182} INFO - Started process (PID=801) to work on /home/airflow/.local/lib/python3.6/site-packages/airflow/example_dags/example_task_group.py
[2026-04-24 20:24:00,831] {scheduler_job.py:629} INFO - Processing file /home/airflow/.local/lib/python3.6/site-packages/airflow/example_dags/example_task_group.py for tasks to queue
[2026-04-24 20:24:00,831] {logging_mixin.py:104} INFO - [2026-04-24 20:24:00,831] {dagbag.py:451} INFO - Filling up the DagBag from /home/airflow/.local/lib/python3.6/site-packages/airflow/example_dags/example_task_group.py
[2026-04-24 20:24:00,838] {scheduler_job.py:639} INFO - DAG(s) dict_keys(['example_task_group']) retrieved from /home/airflow/.local/lib/python3.6/site-packages/airflow/example_dags/example_task_group.py
[2026-04-24 20:24:00,852] {logging_mixin.py:104} INFO - [2026-04-24 20:24:00,852] {dag.py:1824} INFO - Sync 1 DAGs
[2026-04-24 20:24:00,863] {logging_mixin.py:104} INFO - [2026-04-24 20:24:00,862] {dag.py:2280} INFO - Setting next_dagrun for example_task_group to 2026-04-22 00:00:00+00:00
[2026-04-24 20:24:00,869] {scheduler_job.py:190} INFO - Processing /home/airflow/.local/lib/python3.6/site-packages/airflow/example_dags/example_task_group.py took 0.041 seconds
[2026-04-24 20:24:31,827] {scheduler_job.py:182} INFO - Started process (PID=828) to work on /home/airflow/.local/lib/python3.6/site-packages/airflow/example_dags/example_task_group.py
[2026-04-24 20:24:31,828] {scheduler_job.py:629} INFO - Processing file /home/airflow/.local/lib/python3.6/site-packages/airflow/example_dags/example_task_group.py for tasks to queue
[2026-04-24 20:24:31,828] {logging_mixin.py:104} INFO - [2026-04-24 20:24:31,828] {dagbag.py:451} INFO - Filling up the DagBag from /home/airflow/.local/lib/python3.6/site-packages/airflow/example_dags/example_task_group.py
[2026-04-24 20:24:31,836] {scheduler_job.py:639} INFO - DAG(s) dict_keys(['example_task_group']) retrieved from /home/airflow/.local/lib/python3.6/site-packages/airflow/example_dags/example_task_group.py
[2026-04-24 20:24:31,850] {logging_mixin.py:104} INFO - [2026-04-24 20:24:31,850] {dag.py:1824} INFO - Sync 1 DAGs
[2026-04-24 20:24:31,861] {logging_mixin.py:104} INFO - [2026-04-24 20:24:31,860] {dag.py:2280} INFO - Setting next_dagrun for example_task_group to 2026-04-22 00:00:00+00:00
[2026-04-24 20:24:31,869] {scheduler_job.py:190} INFO - Processing /home/airflow/.local/lib/python3.6/site-packages/airflow/example_dags/example_task_group.py took 0.043 seconds
