[2026-04-24 20:07:25,046] {scheduler_job.py:182} INFO - Started process (PID=49) to work on /home/airflow/.local/lib/python3.6/site-packages/airflow/example_dags/example_external_task_marker_dag.py
[2026-04-24 20:07:25,047] {scheduler_job.py:629} INFO - Processing file /home/airflow/.local/lib/python3.6/site-packages/airflow/example_dags/example_external_task_marker_dag.py for tasks to queue
[2026-04-24 20:07:25,048] {logging_mixin.py:104} INFO - [2026-04-24 20:07:25,048] {dagbag.py:451} INFO - Filling up the DagBag from /home/airflow/.local/lib/python3.6/site-packages/airflow/example_dags/example_external_task_marker_dag.py
[2026-04-24 20:07:25,058] {scheduler_job.py:639} INFO - DAG(s) dict_keys(['example_external_task_marker_parent', 'example_external_task_marker_child']) retrieved from /home/airflow/.local/lib/python3.6/site-packages/airflow/example_dags/example_external_task_marker_dag.py
[2026-04-24 20:07:25,080] {logging_mixin.py:104} INFO - [2026-04-24 20:07:25,080] {dag.py:1824} INFO - Sync 2 DAGs
[2026-04-24 20:07:25,088] {logging_mixin.py:104} INFO - [2026-04-24 20:07:25,088] {dag.py:1843} INFO - Creating ORM DAG for example_external_task_marker_child
[2026-04-24 20:07:25,088] {logging_mixin.py:104} INFO - [2026-04-24 20:07:25,088] {dag.py:1843} INFO - Creating ORM DAG for example_external_task_marker_parent
[2026-04-24 20:07:25,093] {logging_mixin.py:104} INFO - [2026-04-24 20:07:25,093] {dag.py:2280} INFO - Setting next_dagrun for example_external_task_marker_child to None
[2026-04-24 20:07:25,093] {logging_mixin.py:104} INFO - [2026-04-24 20:07:25,093] {dag.py:2280} INFO - Setting next_dagrun for example_external_task_marker_parent to None
[2026-04-24 20:07:25,111] {scheduler_job.py:190} INFO - Processing /home/airflow/.local/lib/python3.6/site-packages/airflow/example_dags/example_external_task_marker_dag.py took 0.066 seconds
[2026-04-24 20:07:55,242] {scheduler_job.py:182} INFO - Started process (PID=75) to work on /home/airflow/.local/lib/python3.6/site-packages/airflow/example_dags/example_external_task_marker_dag.py
[2026-04-24 20:07:55,243] {scheduler_job.py:629} INFO - Processing file /home/airflow/.local/lib/python3.6/site-packages/airflow/example_dags/example_external_task_marker_dag.py for tasks to queue
[2026-04-24 20:07:55,243] {logging_mixin.py:104} INFO - [2026-04-24 20:07:55,243] {dagbag.py:451} INFO - Filling up the DagBag from /home/airflow/.local/lib/python3.6/site-packages/airflow/example_dags/example_external_task_marker_dag.py
[2026-04-24 20:07:55,253] {scheduler_job.py:639} INFO - DAG(s) dict_keys(['example_external_task_marker_parent', 'example_external_task_marker_child']) retrieved from /home/airflow/.local/lib/python3.6/site-packages/airflow/example_dags/example_external_task_marker_dag.py
[2026-04-24 20:07:55,277] {logging_mixin.py:104} INFO - [2026-04-24 20:07:55,277] {dag.py:1824} INFO - Sync 2 DAGs
[2026-04-24 20:07:55,292] {logging_mixin.py:104} INFO - [2026-04-24 20:07:55,291] {dag.py:2280} INFO - Setting next_dagrun for example_external_task_marker_child to None
[2026-04-24 20:07:55,293] {logging_mixin.py:104} INFO - [2026-04-24 20:07:55,293] {dag.py:2280} INFO - Setting next_dagrun for example_external_task_marker_parent to None
[2026-04-24 20:07:55,311] {scheduler_job.py:190} INFO - Processing /home/airflow/.local/lib/python3.6/site-packages/airflow/example_dags/example_external_task_marker_dag.py took 0.071 seconds
[2026-04-24 20:08:26,272] {scheduler_job.py:182} INFO - Started process (PID=101) to work on /home/airflow/.local/lib/python3.6/site-packages/airflow/example_dags/example_external_task_marker_dag.py
[2026-04-24 20:08:26,273] {scheduler_job.py:629} INFO - Processing file /home/airflow/.local/lib/python3.6/site-packages/airflow/example_dags/example_external_task_marker_dag.py for tasks to queue
[2026-04-24 20:08:26,274] {logging_mixin.py:104} INFO - [2026-04-24 20:08:26,274] {dagbag.py:451} INFO - Filling up the DagBag from /home/airflow/.local/lib/python3.6/site-packages/airflow/example_dags/example_external_task_marker_dag.py
[2026-04-24 20:08:26,283] {scheduler_job.py:639} INFO - DAG(s) dict_keys(['example_external_task_marker_parent', 'example_external_task_marker_child']) retrieved from /home/airflow/.local/lib/python3.6/site-packages/airflow/example_dags/example_external_task_marker_dag.py
[2026-04-24 20:08:26,304] {logging_mixin.py:104} INFO - [2026-04-24 20:08:26,303] {dag.py:1824} INFO - Sync 2 DAGs
[2026-04-24 20:08:26,316] {logging_mixin.py:104} INFO - [2026-04-24 20:08:26,316] {dag.py:2280} INFO - Setting next_dagrun for example_external_task_marker_child to None
[2026-04-24 20:08:26,317] {logging_mixin.py:104} INFO - [2026-04-24 20:08:26,317] {dag.py:2280} INFO - Setting next_dagrun for example_external_task_marker_parent to None
[2026-04-24 20:08:26,325] {scheduler_job.py:190} INFO - Processing /home/airflow/.local/lib/python3.6/site-packages/airflow/example_dags/example_external_task_marker_dag.py took 0.056 seconds
[2026-04-24 20:08:57,198] {scheduler_job.py:182} INFO - Started process (PID=127) to work on /home/airflow/.local/lib/python3.6/site-packages/airflow/example_dags/example_external_task_marker_dag.py
[2026-04-24 20:08:57,198] {scheduler_job.py:629} INFO - Processing file /home/airflow/.local/lib/python3.6/site-packages/airflow/example_dags/example_external_task_marker_dag.py for tasks to queue
[2026-04-24 20:08:57,199] {logging_mixin.py:104} INFO - [2026-04-24 20:08:57,199] {dagbag.py:451} INFO - Filling up the DagBag from /home/airflow/.local/lib/python3.6/site-packages/airflow/example_dags/example_external_task_marker_dag.py
[2026-04-24 20:08:57,207] {scheduler_job.py:639} INFO - DAG(s) dict_keys(['example_external_task_marker_parent', 'example_external_task_marker_child']) retrieved from /home/airflow/.local/lib/python3.6/site-packages/airflow/example_dags/example_external_task_marker_dag.py
[2026-04-24 20:08:57,227] {logging_mixin.py:104} INFO - [2026-04-24 20:08:57,226] {dag.py:1824} INFO - Sync 2 DAGs
[2026-04-24 20:08:57,238] {logging_mixin.py:104} INFO - [2026-04-24 20:08:57,238] {dag.py:2280} INFO - Setting next_dagrun for example_external_task_marker_child to None
[2026-04-24 20:08:57,240] {logging_mixin.py:104} INFO - [2026-04-24 20:08:57,240] {dag.py:2280} INFO - Setting next_dagrun for example_external_task_marker_parent to None
[2026-04-24 20:08:57,248] {scheduler_job.py:190} INFO - Processing /home/airflow/.local/lib/python3.6/site-packages/airflow/example_dags/example_external_task_marker_dag.py took 0.053 seconds
[2026-04-24 20:09:46,567] {scheduler_job.py:182} INFO - Started process (PID=54) to work on /home/airflow/.local/lib/python3.6/site-packages/airflow/example_dags/example_external_task_marker_dag.py
[2026-04-24 20:09:46,568] {scheduler_job.py:629} INFO - Processing file /home/airflow/.local/lib/python3.6/site-packages/airflow/example_dags/example_external_task_marker_dag.py for tasks to queue
[2026-04-24 20:09:46,568] {logging_mixin.py:104} INFO - [2026-04-24 20:09:46,568] {dagbag.py:451} INFO - Filling up the DagBag from /home/airflow/.local/lib/python3.6/site-packages/airflow/example_dags/example_external_task_marker_dag.py
[2026-04-24 20:09:46,579] {scheduler_job.py:639} INFO - DAG(s) dict_keys(['example_external_task_marker_parent', 'example_external_task_marker_child']) retrieved from /home/airflow/.local/lib/python3.6/site-packages/airflow/example_dags/example_external_task_marker_dag.py
[2026-04-24 20:09:46,604] {logging_mixin.py:104} INFO - [2026-04-24 20:09:46,603] {dag.py:1824} INFO - Sync 2 DAGs
[2026-04-24 20:09:46,620] {logging_mixin.py:104} INFO - [2026-04-24 20:09:46,619] {dag.py:2280} INFO - Setting next_dagrun for example_external_task_marker_child to None
[2026-04-24 20:09:46,620] {logging_mixin.py:104} INFO - [2026-04-24 20:09:46,620] {dag.py:2280} INFO - Setting next_dagrun for example_external_task_marker_parent to None
[2026-04-24 20:09:46,634] {scheduler_job.py:190} INFO - Processing /home/airflow/.local/lib/python3.6/site-packages/airflow/example_dags/example_external_task_marker_dag.py took 0.069 seconds
[2026-04-24 20:10:16,647] {scheduler_job.py:182} INFO - Started process (PID=81) to work on /home/airflow/.local/lib/python3.6/site-packages/airflow/example_dags/example_external_task_marker_dag.py
[2026-04-24 20:10:16,648] {scheduler_job.py:629} INFO - Processing file /home/airflow/.local/lib/python3.6/site-packages/airflow/example_dags/example_external_task_marker_dag.py for tasks to queue
[2026-04-24 20:10:16,648] {logging_mixin.py:104} INFO - [2026-04-24 20:10:16,648] {dagbag.py:451} INFO - Filling up the DagBag from /home/airflow/.local/lib/python3.6/site-packages/airflow/example_dags/example_external_task_marker_dag.py
[2026-04-24 20:10:16,656] {scheduler_job.py:639} INFO - DAG(s) dict_keys(['example_external_task_marker_parent', 'example_external_task_marker_child']) retrieved from /home/airflow/.local/lib/python3.6/site-packages/airflow/example_dags/example_external_task_marker_dag.py
[2026-04-24 20:10:16,677] {logging_mixin.py:104} INFO - [2026-04-24 20:10:16,677] {dag.py:1824} INFO - Sync 2 DAGs
[2026-04-24 20:10:16,691] {logging_mixin.py:104} INFO - [2026-04-24 20:10:16,690] {dag.py:2280} INFO - Setting next_dagrun for example_external_task_marker_child to None
[2026-04-24 20:10:16,691] {logging_mixin.py:104} INFO - [2026-04-24 20:10:16,691] {dag.py:2280} INFO - Setting next_dagrun for example_external_task_marker_parent to None
[2026-04-24 20:10:16,701] {scheduler_job.py:190} INFO - Processing /home/airflow/.local/lib/python3.6/site-packages/airflow/example_dags/example_external_task_marker_dag.py took 0.056 seconds
[2026-04-24 20:10:46,751] {scheduler_job.py:182} INFO - Started process (PID=106) to work on /home/airflow/.local/lib/python3.6/site-packages/airflow/example_dags/example_external_task_marker_dag.py
[2026-04-24 20:10:46,752] {scheduler_job.py:629} INFO - Processing file /home/airflow/.local/lib/python3.6/site-packages/airflow/example_dags/example_external_task_marker_dag.py for tasks to queue
[2026-04-24 20:10:46,752] {logging_mixin.py:104} INFO - [2026-04-24 20:10:46,752] {dagbag.py:451} INFO - Filling up the DagBag from /home/airflow/.local/lib/python3.6/site-packages/airflow/example_dags/example_external_task_marker_dag.py
[2026-04-24 20:10:46,759] {scheduler_job.py:639} INFO - DAG(s) dict_keys(['example_external_task_marker_parent', 'example_external_task_marker_child']) retrieved from /home/airflow/.local/lib/python3.6/site-packages/airflow/example_dags/example_external_task_marker_dag.py
[2026-04-24 20:10:46,774] {logging_mixin.py:104} INFO - [2026-04-24 20:10:46,774] {dag.py:1824} INFO - Sync 2 DAGs
[2026-04-24 20:10:46,787] {logging_mixin.py:104} INFO - [2026-04-24 20:10:46,787] {dag.py:2280} INFO - Setting next_dagrun for example_external_task_marker_child to None
[2026-04-24 20:10:46,788] {logging_mixin.py:104} INFO - [2026-04-24 20:10:46,788] {dag.py:2280} INFO - Setting next_dagrun for example_external_task_marker_parent to None
[2026-04-24 20:10:46,796] {scheduler_job.py:190} INFO - Processing /home/airflow/.local/lib/python3.6/site-packages/airflow/example_dags/example_external_task_marker_dag.py took 0.047 seconds
[2026-04-24 20:11:16,860] {scheduler_job.py:182} INFO - Started process (PID=133) to work on /home/airflow/.local/lib/python3.6/site-packages/airflow/example_dags/example_external_task_marker_dag.py
[2026-04-24 20:11:16,860] {scheduler_job.py:629} INFO - Processing file /home/airflow/.local/lib/python3.6/site-packages/airflow/example_dags/example_external_task_marker_dag.py for tasks to queue
[2026-04-24 20:11:16,861] {logging_mixin.py:104} INFO - [2026-04-24 20:11:16,861] {dagbag.py:451} INFO - Filling up the DagBag from /home/airflow/.local/lib/python3.6/site-packages/airflow/example_dags/example_external_task_marker_dag.py
[2026-04-24 20:11:16,868] {scheduler_job.py:639} INFO - DAG(s) dict_keys(['example_external_task_marker_parent', 'example_external_task_marker_child']) retrieved from /home/airflow/.local/lib/python3.6/site-packages/airflow/example_dags/example_external_task_marker_dag.py
[2026-04-24 20:11:16,885] {logging_mixin.py:104} INFO - [2026-04-24 20:11:16,885] {dag.py:1824} INFO - Sync 2 DAGs
[2026-04-24 20:11:16,899] {logging_mixin.py:104} INFO - [2026-04-24 20:11:16,899] {dag.py:2280} INFO - Setting next_dagrun for example_external_task_marker_child to None
[2026-04-24 20:11:16,899] {logging_mixin.py:104} INFO - [2026-04-24 20:11:16,899] {dag.py:2280} INFO - Setting next_dagrun for example_external_task_marker_parent to None
[2026-04-24 20:11:16,907] {scheduler_job.py:190} INFO - Processing /home/airflow/.local/lib/python3.6/site-packages/airflow/example_dags/example_external_task_marker_dag.py took 0.049 seconds
[2026-04-24 20:11:46,965] {scheduler_job.py:182} INFO - Started process (PID=160) to work on /home/airflow/.local/lib/python3.6/site-packages/airflow/example_dags/example_external_task_marker_dag.py
[2026-04-24 20:11:46,966] {scheduler_job.py:629} INFO - Processing file /home/airflow/.local/lib/python3.6/site-packages/airflow/example_dags/example_external_task_marker_dag.py for tasks to queue
[2026-04-24 20:11:46,966] {logging_mixin.py:104} INFO - [2026-04-24 20:11:46,966] {dagbag.py:451} INFO - Filling up the DagBag from /home/airflow/.local/lib/python3.6/site-packages/airflow/example_dags/example_external_task_marker_dag.py
[2026-04-24 20:11:46,974] {scheduler_job.py:639} INFO - DAG(s) dict_keys(['example_external_task_marker_parent', 'example_external_task_marker_child']) retrieved from /home/airflow/.local/lib/python3.6/site-packages/airflow/example_dags/example_external_task_marker_dag.py
[2026-04-24 20:11:46,995] {logging_mixin.py:104} INFO - [2026-04-24 20:11:46,995] {dag.py:1824} INFO - Sync 2 DAGs
[2026-04-24 20:11:47,004] {logging_mixin.py:104} INFO - [2026-04-24 20:11:47,004] {dag.py:2280} INFO - Setting next_dagrun for example_external_task_marker_child to None
[2026-04-24 20:11:47,005] {logging_mixin.py:104} INFO - [2026-04-24 20:11:47,005] {dag.py:2280} INFO - Setting next_dagrun for example_external_task_marker_parent to None
[2026-04-24 20:11:47,013] {scheduler_job.py:190} INFO - Processing /home/airflow/.local/lib/python3.6/site-packages/airflow/example_dags/example_external_task_marker_dag.py took 0.049 seconds
[2026-04-24 20:12:17,101] {scheduler_job.py:182} INFO - Started process (PID=187) to work on /home/airflow/.local/lib/python3.6/site-packages/airflow/example_dags/example_external_task_marker_dag.py
[2026-04-24 20:12:17,103] {scheduler_job.py:629} INFO - Processing file /home/airflow/.local/lib/python3.6/site-packages/airflow/example_dags/example_external_task_marker_dag.py for tasks to queue
[2026-04-24 20:12:17,103] {logging_mixin.py:104} INFO - [2026-04-24 20:12:17,103] {dagbag.py:451} INFO - Filling up the DagBag from /home/airflow/.local/lib/python3.6/site-packages/airflow/example_dags/example_external_task_marker_dag.py
[2026-04-24 20:12:17,111] {scheduler_job.py:639} INFO - DAG(s) dict_keys(['example_external_task_marker_parent', 'example_external_task_marker_child']) retrieved from /home/airflow/.local/lib/python3.6/site-packages/airflow/example_dags/example_external_task_marker_dag.py
[2026-04-24 20:12:17,133] {logging_mixin.py:104} INFO - [2026-04-24 20:12:17,133] {dag.py:1824} INFO - Sync 2 DAGs
[2026-04-24 20:12:17,145] {logging_mixin.py:104} INFO - [2026-04-24 20:12:17,145] {dag.py:2280} INFO - Setting next_dagrun for example_external_task_marker_child to None
[2026-04-24 20:12:17,146] {logging_mixin.py:104} INFO - [2026-04-24 20:12:17,146] {dag.py:2280} INFO - Setting next_dagrun for example_external_task_marker_parent to None
[2026-04-24 20:12:17,154] {scheduler_job.py:190} INFO - Processing /home/airflow/.local/lib/python3.6/site-packages/airflow/example_dags/example_external_task_marker_dag.py took 0.057 seconds
[2026-04-24 20:12:48,145] {scheduler_job.py:182} INFO - Started process (PID=215) to work on /home/airflow/.local/lib/python3.6/site-packages/airflow/example_dags/example_external_task_marker_dag.py
[2026-04-24 20:12:48,145] {scheduler_job.py:629} INFO - Processing file /home/airflow/.local/lib/python3.6/site-packages/airflow/example_dags/example_external_task_marker_dag.py for tasks to queue
[2026-04-24 20:12:48,146] {logging_mixin.py:104} INFO - [2026-04-24 20:12:48,146] {dagbag.py:451} INFO - Filling up the DagBag from /home/airflow/.local/lib/python3.6/site-packages/airflow/example_dags/example_external_task_marker_dag.py
[2026-04-24 20:12:48,153] {scheduler_job.py:639} INFO - DAG(s) dict_keys(['example_external_task_marker_parent', 'example_external_task_marker_child']) retrieved from /home/airflow/.local/lib/python3.6/site-packages/airflow/example_dags/example_external_task_marker_dag.py
[2026-04-24 20:12:48,173] {logging_mixin.py:104} INFO - [2026-04-24 20:12:48,173] {dag.py:1824} INFO - Sync 2 DAGs
[2026-04-24 20:12:48,183] {logging_mixin.py:104} INFO - [2026-04-24 20:12:48,183] {dag.py:2280} INFO - Setting next_dagrun for example_external_task_marker_child to None
[2026-04-24 20:12:48,184] {logging_mixin.py:104} INFO - [2026-04-24 20:12:48,184] {dag.py:2280} INFO - Setting next_dagrun for example_external_task_marker_parent to None
[2026-04-24 20:12:48,192] {scheduler_job.py:190} INFO - Processing /home/airflow/.local/lib/python3.6/site-packages/airflow/example_dags/example_external_task_marker_dag.py took 0.049 seconds
[2026-04-24 20:13:19,113] {scheduler_job.py:182} INFO - Started process (PID=242) to work on /home/airflow/.local/lib/python3.6/site-packages/airflow/example_dags/example_external_task_marker_dag.py
[2026-04-24 20:13:19,115] {scheduler_job.py:629} INFO - Processing file /home/airflow/.local/lib/python3.6/site-packages/airflow/example_dags/example_external_task_marker_dag.py for tasks to queue
[2026-04-24 20:13:19,115] {logging_mixin.py:104} INFO - [2026-04-24 20:13:19,115] {dagbag.py:451} INFO - Filling up the DagBag from /home/airflow/.local/lib/python3.6/site-packages/airflow/example_dags/example_external_task_marker_dag.py
[2026-04-24 20:13:19,124] {scheduler_job.py:639} INFO - DAG(s) dict_keys(['example_external_task_marker_parent', 'example_external_task_marker_child']) retrieved from /home/airflow/.local/lib/python3.6/site-packages/airflow/example_dags/example_external_task_marker_dag.py
[2026-04-24 20:13:19,144] {logging_mixin.py:104} INFO - [2026-04-24 20:13:19,144] {dag.py:1824} INFO - Sync 2 DAGs
[2026-04-24 20:13:19,155] {logging_mixin.py:104} INFO - [2026-04-24 20:13:19,155] {dag.py:2280} INFO - Setting next_dagrun for example_external_task_marker_child to None
[2026-04-24 20:13:19,155] {logging_mixin.py:104} INFO - [2026-04-24 20:13:19,155] {dag.py:2280} INFO - Setting next_dagrun for example_external_task_marker_parent to None
[2026-04-24 20:13:19,165] {scheduler_job.py:190} INFO - Processing /home/airflow/.local/lib/python3.6/site-packages/airflow/example_dags/example_external_task_marker_dag.py took 0.056 seconds
[2026-04-24 20:13:50,078] {scheduler_job.py:182} INFO - Started process (PID=269) to work on /home/airflow/.local/lib/python3.6/site-packages/airflow/example_dags/example_external_task_marker_dag.py
[2026-04-24 20:13:50,078] {scheduler_job.py:629} INFO - Processing file /home/airflow/.local/lib/python3.6/site-packages/airflow/example_dags/example_external_task_marker_dag.py for tasks to queue
[2026-04-24 20:13:50,078] {logging_mixin.py:104} INFO - [2026-04-24 20:13:50,078] {dagbag.py:451} INFO - Filling up the DagBag from /home/airflow/.local/lib/python3.6/site-packages/airflow/example_dags/example_external_task_marker_dag.py
[2026-04-24 20:13:50,086] {scheduler_job.py:639} INFO - DAG(s) dict_keys(['example_external_task_marker_parent', 'example_external_task_marker_child']) retrieved from /home/airflow/.local/lib/python3.6/site-packages/airflow/example_dags/example_external_task_marker_dag.py
[2026-04-24 20:13:50,106] {logging_mixin.py:104} INFO - [2026-04-24 20:13:50,106] {dag.py:1824} INFO - Sync 2 DAGs
[2026-04-24 20:13:50,117] {logging_mixin.py:104} INFO - [2026-04-24 20:13:50,117] {dag.py:2280} INFO - Setting next_dagrun for example_external_task_marker_child to None
[2026-04-24 20:13:50,117] {logging_mixin.py:104} INFO - [2026-04-24 20:13:50,117] {dag.py:2280} INFO - Setting next_dagrun for example_external_task_marker_parent to None
[2026-04-24 20:13:50,125] {scheduler_job.py:190} INFO - Processing /home/airflow/.local/lib/python3.6/site-packages/airflow/example_dags/example_external_task_marker_dag.py took 0.049 seconds
[2026-04-24 20:14:20,222] {scheduler_job.py:182} INFO - Started process (PID=296) to work on /home/airflow/.local/lib/python3.6/site-packages/airflow/example_dags/example_external_task_marker_dag.py
[2026-04-24 20:14:20,224] {scheduler_job.py:629} INFO - Processing file /home/airflow/.local/lib/python3.6/site-packages/airflow/example_dags/example_external_task_marker_dag.py for tasks to queue
[2026-04-24 20:14:20,224] {logging_mixin.py:104} INFO - [2026-04-24 20:14:20,224] {dagbag.py:451} INFO - Filling up the DagBag from /home/airflow/.local/lib/python3.6/site-packages/airflow/example_dags/example_external_task_marker_dag.py
[2026-04-24 20:14:20,236] {scheduler_job.py:639} INFO - DAG(s) dict_keys(['example_external_task_marker_parent', 'example_external_task_marker_child']) retrieved from /home/airflow/.local/lib/python3.6/site-packages/airflow/example_dags/example_external_task_marker_dag.py
[2026-04-24 20:14:20,258] {logging_mixin.py:104} INFO - [2026-04-24 20:14:20,257] {dag.py:1824} INFO - Sync 2 DAGs
[2026-04-24 20:14:20,268] {logging_mixin.py:104} INFO - [2026-04-24 20:14:20,268] {dag.py:2280} INFO - Setting next_dagrun for example_external_task_marker_child to None
[2026-04-24 20:14:20,269] {logging_mixin.py:104} INFO - [2026-04-24 20:14:20,269] {dag.py:2280} INFO - Setting next_dagrun for example_external_task_marker_parent to None
[2026-04-24 20:14:20,278] {scheduler_job.py:190} INFO - Processing /home/airflow/.local/lib/python3.6/site-packages/airflow/example_dags/example_external_task_marker_dag.py took 0.059 seconds
[2026-04-24 20:14:50,319] {scheduler_job.py:182} INFO - Started process (PID=323) to work on /home/airflow/.local/lib/python3.6/site-packages/airflow/example_dags/example_external_task_marker_dag.py
[2026-04-24 20:14:50,320] {scheduler_job.py:629} INFO - Processing file /home/airflow/.local/lib/python3.6/site-packages/airflow/example_dags/example_external_task_marker_dag.py for tasks to queue
[2026-04-24 20:14:50,321] {logging_mixin.py:104} INFO - [2026-04-24 20:14:50,321] {dagbag.py:451} INFO - Filling up the DagBag from /home/airflow/.local/lib/python3.6/site-packages/airflow/example_dags/example_external_task_marker_dag.py
[2026-04-24 20:14:50,334] {scheduler_job.py:639} INFO - DAG(s) dict_keys(['example_external_task_marker_parent', 'example_external_task_marker_child']) retrieved from /home/airflow/.local/lib/python3.6/site-packages/airflow/example_dags/example_external_task_marker_dag.py
[2026-04-24 20:14:50,351] {logging_mixin.py:104} INFO - [2026-04-24 20:14:50,351] {dag.py:1824} INFO - Sync 2 DAGs
[2026-04-24 20:14:50,362] {logging_mixin.py:104} INFO - [2026-04-24 20:14:50,362] {dag.py:2280} INFO - Setting next_dagrun for example_external_task_marker_child to None
[2026-04-24 20:14:50,363] {logging_mixin.py:104} INFO - [2026-04-24 20:14:50,363] {dag.py:2280} INFO - Setting next_dagrun for example_external_task_marker_parent to None
[2026-04-24 20:14:50,372] {scheduler_job.py:190} INFO - Processing /home/airflow/.local/lib/python3.6/site-packages/airflow/example_dags/example_external_task_marker_dag.py took 0.057 seconds
[2026-04-24 20:15:20,403] {scheduler_job.py:182} INFO - Started process (PID=349) to work on /home/airflow/.local/lib/python3.6/site-packages/airflow/example_dags/example_external_task_marker_dag.py
[2026-04-24 20:15:20,403] {scheduler_job.py:629} INFO - Processing file /home/airflow/.local/lib/python3.6/site-packages/airflow/example_dags/example_external_task_marker_dag.py for tasks to queue
[2026-04-24 20:15:20,404] {logging_mixin.py:104} INFO - [2026-04-24 20:15:20,404] {dagbag.py:451} INFO - Filling up the DagBag from /home/airflow/.local/lib/python3.6/site-packages/airflow/example_dags/example_external_task_marker_dag.py
[2026-04-24 20:15:20,413] {scheduler_job.py:639} INFO - DAG(s) dict_keys(['example_external_task_marker_parent', 'example_external_task_marker_child']) retrieved from /home/airflow/.local/lib/python3.6/site-packages/airflow/example_dags/example_external_task_marker_dag.py
[2026-04-24 20:15:20,430] {logging_mixin.py:104} INFO - [2026-04-24 20:15:20,430] {dag.py:1824} INFO - Sync 2 DAGs
[2026-04-24 20:15:20,441] {logging_mixin.py:104} INFO - [2026-04-24 20:15:20,441] {dag.py:2280} INFO - Setting next_dagrun for example_external_task_marker_child to None
[2026-04-24 20:15:20,441] {logging_mixin.py:104} INFO - [2026-04-24 20:15:20,441] {dag.py:2280} INFO - Setting next_dagrun for example_external_task_marker_parent to None
[2026-04-24 20:15:20,450] {scheduler_job.py:190} INFO - Processing /home/airflow/.local/lib/python3.6/site-packages/airflow/example_dags/example_external_task_marker_dag.py took 0.049 seconds
[2026-04-24 20:15:50,478] {scheduler_job.py:182} INFO - Started process (PID=376) to work on /home/airflow/.local/lib/python3.6/site-packages/airflow/example_dags/example_external_task_marker_dag.py
[2026-04-24 20:15:50,479] {scheduler_job.py:629} INFO - Processing file /home/airflow/.local/lib/python3.6/site-packages/airflow/example_dags/example_external_task_marker_dag.py for tasks to queue
[2026-04-24 20:15:50,479] {logging_mixin.py:104} INFO - [2026-04-24 20:15:50,479] {dagbag.py:451} INFO - Filling up the DagBag from /home/airflow/.local/lib/python3.6/site-packages/airflow/example_dags/example_external_task_marker_dag.py
[2026-04-24 20:15:50,490] {scheduler_job.py:639} INFO - DAG(s) dict_keys(['example_external_task_marker_parent', 'example_external_task_marker_child']) retrieved from /home/airflow/.local/lib/python3.6/site-packages/airflow/example_dags/example_external_task_marker_dag.py
[2026-04-24 20:15:50,508] {logging_mixin.py:104} INFO - [2026-04-24 20:15:50,508] {dag.py:1824} INFO - Sync 2 DAGs
[2026-04-24 20:15:50,519] {logging_mixin.py:104} INFO - [2026-04-24 20:15:50,519] {dag.py:2280} INFO - Setting next_dagrun for example_external_task_marker_child to None
[2026-04-24 20:15:50,519] {logging_mixin.py:104} INFO - [2026-04-24 20:15:50,519] {dag.py:2280} INFO - Setting next_dagrun for example_external_task_marker_parent to None
[2026-04-24 20:15:50,527] {scheduler_job.py:190} INFO - Processing /home/airflow/.local/lib/python3.6/site-packages/airflow/example_dags/example_external_task_marker_dag.py took 0.051 seconds
[2026-04-24 20:16:20,546] {scheduler_job.py:182} INFO - Started process (PID=403) to work on /home/airflow/.local/lib/python3.6/site-packages/airflow/example_dags/example_external_task_marker_dag.py
[2026-04-24 20:16:20,546] {scheduler_job.py:629} INFO - Processing file /home/airflow/.local/lib/python3.6/site-packages/airflow/example_dags/example_external_task_marker_dag.py for tasks to queue
[2026-04-24 20:16:20,547] {logging_mixin.py:104} INFO - [2026-04-24 20:16:20,547] {dagbag.py:451} INFO - Filling up the DagBag from /home/airflow/.local/lib/python3.6/site-packages/airflow/example_dags/example_external_task_marker_dag.py
[2026-04-24 20:16:20,555] {scheduler_job.py:639} INFO - DAG(s) dict_keys(['example_external_task_marker_parent', 'example_external_task_marker_child']) retrieved from /home/airflow/.local/lib/python3.6/site-packages/airflow/example_dags/example_external_task_marker_dag.py
[2026-04-24 20:16:20,581] {logging_mixin.py:104} INFO - [2026-04-24 20:16:20,581] {dag.py:1824} INFO - Sync 2 DAGs
[2026-04-24 20:16:20,592] {logging_mixin.py:104} INFO - [2026-04-24 20:16:20,592] {dag.py:2280} INFO - Setting next_dagrun for example_external_task_marker_child to None
[2026-04-24 20:16:20,592] {logging_mixin.py:104} INFO - [2026-04-24 20:16:20,592] {dag.py:2280} INFO - Setting next_dagrun for example_external_task_marker_parent to None
[2026-04-24 20:16:20,600] {scheduler_job.py:190} INFO - Processing /home/airflow/.local/lib/python3.6/site-packages/airflow/example_dags/example_external_task_marker_dag.py took 0.056 seconds
[2026-04-24 20:16:50,638] {scheduler_job.py:182} INFO - Started process (PID=429) to work on /home/airflow/.local/lib/python3.6/site-packages/airflow/example_dags/example_external_task_marker_dag.py
[2026-04-24 20:16:50,642] {scheduler_job.py:629} INFO - Processing file /home/airflow/.local/lib/python3.6/site-packages/airflow/example_dags/example_external_task_marker_dag.py for tasks to queue
[2026-04-24 20:16:50,642] {logging_mixin.py:104} INFO - [2026-04-24 20:16:50,642] {dagbag.py:451} INFO - Filling up the DagBag from /home/airflow/.local/lib/python3.6/site-packages/airflow/example_dags/example_external_task_marker_dag.py
[2026-04-24 20:16:50,649] {scheduler_job.py:639} INFO - DAG(s) dict_keys(['example_external_task_marker_parent', 'example_external_task_marker_child']) retrieved from /home/airflow/.local/lib/python3.6/site-packages/airflow/example_dags/example_external_task_marker_dag.py
[2026-04-24 20:16:50,666] {logging_mixin.py:104} INFO - [2026-04-24 20:16:50,666] {dag.py:1824} INFO - Sync 2 DAGs
[2026-04-24 20:16:50,678] {logging_mixin.py:104} INFO - [2026-04-24 20:16:50,678] {dag.py:2280} INFO - Setting next_dagrun for example_external_task_marker_child to None
[2026-04-24 20:16:50,678] {logging_mixin.py:104} INFO - [2026-04-24 20:16:50,678] {dag.py:2280} INFO - Setting next_dagrun for example_external_task_marker_parent to None
[2026-04-24 20:16:50,687] {scheduler_job.py:190} INFO - Processing /home/airflow/.local/lib/python3.6/site-packages/airflow/example_dags/example_external_task_marker_dag.py took 0.051 seconds
[2026-04-24 20:17:20,748] {scheduler_job.py:182} INFO - Started process (PID=456) to work on /home/airflow/.local/lib/python3.6/site-packages/airflow/example_dags/example_external_task_marker_dag.py
[2026-04-24 20:17:20,749] {scheduler_job.py:629} INFO - Processing file /home/airflow/.local/lib/python3.6/site-packages/airflow/example_dags/example_external_task_marker_dag.py for tasks to queue
[2026-04-24 20:17:20,749] {logging_mixin.py:104} INFO - [2026-04-24 20:17:20,749] {dagbag.py:451} INFO - Filling up the DagBag from /home/airflow/.local/lib/python3.6/site-packages/airflow/example_dags/example_external_task_marker_dag.py
[2026-04-24 20:17:20,756] {scheduler_job.py:639} INFO - DAG(s) dict_keys(['example_external_task_marker_parent', 'example_external_task_marker_child']) retrieved from /home/airflow/.local/lib/python3.6/site-packages/airflow/example_dags/example_external_task_marker_dag.py
[2026-04-24 20:17:20,773] {logging_mixin.py:104} INFO - [2026-04-24 20:17:20,773] {dag.py:1824} INFO - Sync 2 DAGs
[2026-04-24 20:17:20,783] {logging_mixin.py:104} INFO - [2026-04-24 20:17:20,783] {dag.py:2280} INFO - Setting next_dagrun for example_external_task_marker_child to None
[2026-04-24 20:17:20,784] {logging_mixin.py:104} INFO - [2026-04-24 20:17:20,783] {dag.py:2280} INFO - Setting next_dagrun for example_external_task_marker_parent to None
[2026-04-24 20:17:20,792] {scheduler_job.py:190} INFO - Processing /home/airflow/.local/lib/python3.6/site-packages/airflow/example_dags/example_external_task_marker_dag.py took 0.048 seconds
[2026-04-24 20:17:50,824] {scheduler_job.py:182} INFO - Started process (PID=483) to work on /home/airflow/.local/lib/python3.6/site-packages/airflow/example_dags/example_external_task_marker_dag.py
[2026-04-24 20:17:50,825] {scheduler_job.py:629} INFO - Processing file /home/airflow/.local/lib/python3.6/site-packages/airflow/example_dags/example_external_task_marker_dag.py for tasks to queue
[2026-04-24 20:17:50,826] {logging_mixin.py:104} INFO - [2026-04-24 20:17:50,826] {dagbag.py:451} INFO - Filling up the DagBag from /home/airflow/.local/lib/python3.6/site-packages/airflow/example_dags/example_external_task_marker_dag.py
[2026-04-24 20:17:50,835] {scheduler_job.py:639} INFO - DAG(s) dict_keys(['example_external_task_marker_parent', 'example_external_task_marker_child']) retrieved from /home/airflow/.local/lib/python3.6/site-packages/airflow/example_dags/example_external_task_marker_dag.py
[2026-04-24 20:17:50,852] {logging_mixin.py:104} INFO - [2026-04-24 20:17:50,852] {dag.py:1824} INFO - Sync 2 DAGs
[2026-04-24 20:17:50,864] {logging_mixin.py:104} INFO - [2026-04-24 20:17:50,864] {dag.py:2280} INFO - Setting next_dagrun for example_external_task_marker_child to None
[2026-04-24 20:17:50,864] {logging_mixin.py:104} INFO - [2026-04-24 20:17:50,864] {dag.py:2280} INFO - Setting next_dagrun for example_external_task_marker_parent to None
[2026-04-24 20:17:50,872] {scheduler_job.py:190} INFO - Processing /home/airflow/.local/lib/python3.6/site-packages/airflow/example_dags/example_external_task_marker_dag.py took 0.052 seconds
[2026-04-24 20:18:21,843] {scheduler_job.py:182} INFO - Started process (PID=511) to work on /home/airflow/.local/lib/python3.6/site-packages/airflow/example_dags/example_external_task_marker_dag.py
[2026-04-24 20:18:21,844] {scheduler_job.py:629} INFO - Processing file /home/airflow/.local/lib/python3.6/site-packages/airflow/example_dags/example_external_task_marker_dag.py for tasks to queue
[2026-04-24 20:18:21,845] {logging_mixin.py:104} INFO - [2026-04-24 20:18:21,845] {dagbag.py:451} INFO - Filling up the DagBag from /home/airflow/.local/lib/python3.6/site-packages/airflow/example_dags/example_external_task_marker_dag.py
[2026-04-24 20:18:21,856] {scheduler_job.py:639} INFO - DAG(s) dict_keys(['example_external_task_marker_parent', 'example_external_task_marker_child']) retrieved from /home/airflow/.local/lib/python3.6/site-packages/airflow/example_dags/example_external_task_marker_dag.py
[2026-04-24 20:18:21,875] {logging_mixin.py:104} INFO - [2026-04-24 20:18:21,875] {dag.py:1824} INFO - Sync 2 DAGs
[2026-04-24 20:18:21,886] {logging_mixin.py:104} INFO - [2026-04-24 20:18:21,886] {dag.py:2280} INFO - Setting next_dagrun for example_external_task_marker_child to None
[2026-04-24 20:18:21,886] {logging_mixin.py:104} INFO - [2026-04-24 20:18:21,886] {dag.py:2280} INFO - Setting next_dagrun for example_external_task_marker_parent to None
[2026-04-24 20:18:21,895] {scheduler_job.py:190} INFO - Processing /home/airflow/.local/lib/python3.6/site-packages/airflow/example_dags/example_external_task_marker_dag.py took 0.055 seconds
[2026-04-24 20:18:52,710] {scheduler_job.py:182} INFO - Started process (PID=538) to work on /home/airflow/.local/lib/python3.6/site-packages/airflow/example_dags/example_external_task_marker_dag.py
[2026-04-24 20:18:52,710] {scheduler_job.py:629} INFO - Processing file /home/airflow/.local/lib/python3.6/site-packages/airflow/example_dags/example_external_task_marker_dag.py for tasks to queue
[2026-04-24 20:18:52,711] {logging_mixin.py:104} INFO - [2026-04-24 20:18:52,711] {dagbag.py:451} INFO - Filling up the DagBag from /home/airflow/.local/lib/python3.6/site-packages/airflow/example_dags/example_external_task_marker_dag.py
[2026-04-24 20:18:52,719] {scheduler_job.py:639} INFO - DAG(s) dict_keys(['example_external_task_marker_parent', 'example_external_task_marker_child']) retrieved from /home/airflow/.local/lib/python3.6/site-packages/airflow/example_dags/example_external_task_marker_dag.py
[2026-04-24 20:18:52,738] {logging_mixin.py:104} INFO - [2026-04-24 20:18:52,738] {dag.py:1824} INFO - Sync 2 DAGs
[2026-04-24 20:18:52,749] {logging_mixin.py:104} INFO - [2026-04-24 20:18:52,749] {dag.py:2280} INFO - Setting next_dagrun for example_external_task_marker_child to None
[2026-04-24 20:18:52,750] {logging_mixin.py:104} INFO - [2026-04-24 20:18:52,750] {dag.py:2280} INFO - Setting next_dagrun for example_external_task_marker_parent to None
[2026-04-24 20:18:52,759] {scheduler_job.py:190} INFO - Processing /home/airflow/.local/lib/python3.6/site-packages/airflow/example_dags/example_external_task_marker_dag.py took 0.052 seconds
[2026-04-24 20:19:23,623] {scheduler_job.py:182} INFO - Started process (PID=565) to work on /home/airflow/.local/lib/python3.6/site-packages/airflow/example_dags/example_external_task_marker_dag.py
[2026-04-24 20:19:23,624] {scheduler_job.py:629} INFO - Processing file /home/airflow/.local/lib/python3.6/site-packages/airflow/example_dags/example_external_task_marker_dag.py for tasks to queue
[2026-04-24 20:19:23,625] {logging_mixin.py:104} INFO - [2026-04-24 20:19:23,625] {dagbag.py:451} INFO - Filling up the DagBag from /home/airflow/.local/lib/python3.6/site-packages/airflow/example_dags/example_external_task_marker_dag.py
[2026-04-24 20:19:23,635] {scheduler_job.py:639} INFO - DAG(s) dict_keys(['example_external_task_marker_parent', 'example_external_task_marker_child']) retrieved from /home/airflow/.local/lib/python3.6/site-packages/airflow/example_dags/example_external_task_marker_dag.py
[2026-04-24 20:19:23,654] {logging_mixin.py:104} INFO - [2026-04-24 20:19:23,654] {dag.py:1824} INFO - Sync 2 DAGs
[2026-04-24 20:19:23,666] {logging_mixin.py:104} INFO - [2026-04-24 20:19:23,665] {dag.py:2280} INFO - Setting next_dagrun for example_external_task_marker_child to None
[2026-04-24 20:19:23,666] {logging_mixin.py:104} INFO - [2026-04-24 20:19:23,666] {dag.py:2280} INFO - Setting next_dagrun for example_external_task_marker_parent to None
[2026-04-24 20:19:23,673] {scheduler_job.py:190} INFO - Processing /home/airflow/.local/lib/python3.6/site-packages/airflow/example_dags/example_external_task_marker_dag.py took 0.054 seconds
[2026-04-24 20:19:54,601] {scheduler_job.py:182} INFO - Started process (PID=592) to work on /home/airflow/.local/lib/python3.6/site-packages/airflow/example_dags/example_external_task_marker_dag.py
[2026-04-24 20:19:54,602] {scheduler_job.py:629} INFO - Processing file /home/airflow/.local/lib/python3.6/site-packages/airflow/example_dags/example_external_task_marker_dag.py for tasks to queue
[2026-04-24 20:19:54,603] {logging_mixin.py:104} INFO - [2026-04-24 20:19:54,603] {dagbag.py:451} INFO - Filling up the DagBag from /home/airflow/.local/lib/python3.6/site-packages/airflow/example_dags/example_external_task_marker_dag.py
[2026-04-24 20:19:54,612] {scheduler_job.py:639} INFO - DAG(s) dict_keys(['example_external_task_marker_parent', 'example_external_task_marker_child']) retrieved from /home/airflow/.local/lib/python3.6/site-packages/airflow/example_dags/example_external_task_marker_dag.py
[2026-04-24 20:19:54,629] {logging_mixin.py:104} INFO - [2026-04-24 20:19:54,629] {dag.py:1824} INFO - Sync 2 DAGs
[2026-04-24 20:19:54,641] {logging_mixin.py:104} INFO - [2026-04-24 20:19:54,641] {dag.py:2280} INFO - Setting next_dagrun for example_external_task_marker_child to None
[2026-04-24 20:19:54,642] {logging_mixin.py:104} INFO - [2026-04-24 20:19:54,642] {dag.py:2280} INFO - Setting next_dagrun for example_external_task_marker_parent to None
[2026-04-24 20:19:54,651] {scheduler_job.py:190} INFO - Processing /home/airflow/.local/lib/python3.6/site-packages/airflow/example_dags/example_external_task_marker_dag.py took 0.054 seconds
[2026-04-24 20:20:25,645] {scheduler_job.py:182} INFO - Started process (PID=619) to work on /home/airflow/.local/lib/python3.6/site-packages/airflow/example_dags/example_external_task_marker_dag.py
[2026-04-24 20:20:25,646] {scheduler_job.py:629} INFO - Processing file /home/airflow/.local/lib/python3.6/site-packages/airflow/example_dags/example_external_task_marker_dag.py for tasks to queue
[2026-04-24 20:20:25,647] {logging_mixin.py:104} INFO - [2026-04-24 20:20:25,647] {dagbag.py:451} INFO - Filling up the DagBag from /home/airflow/.local/lib/python3.6/site-packages/airflow/example_dags/example_external_task_marker_dag.py
[2026-04-24 20:20:25,656] {scheduler_job.py:639} INFO - DAG(s) dict_keys(['example_external_task_marker_parent', 'example_external_task_marker_child']) retrieved from /home/airflow/.local/lib/python3.6/site-packages/airflow/example_dags/example_external_task_marker_dag.py
[2026-04-24 20:20:25,676] {logging_mixin.py:104} INFO - [2026-04-24 20:20:25,676] {dag.py:1824} INFO - Sync 2 DAGs
[2026-04-24 20:20:25,687] {logging_mixin.py:104} INFO - [2026-04-24 20:20:25,687] {dag.py:2280} INFO - Setting next_dagrun for example_external_task_marker_child to None
[2026-04-24 20:20:25,688] {logging_mixin.py:104} INFO - [2026-04-24 20:20:25,687] {dag.py:2280} INFO - Setting next_dagrun for example_external_task_marker_parent to None
[2026-04-24 20:20:25,697] {scheduler_job.py:190} INFO - Processing /home/airflow/.local/lib/python3.6/site-packages/airflow/example_dags/example_external_task_marker_dag.py took 0.055 seconds
[2026-04-24 20:20:56,562] {scheduler_job.py:182} INFO - Started process (PID=646) to work on /home/airflow/.local/lib/python3.6/site-packages/airflow/example_dags/example_external_task_marker_dag.py
[2026-04-24 20:20:56,563] {scheduler_job.py:629} INFO - Processing file /home/airflow/.local/lib/python3.6/site-packages/airflow/example_dags/example_external_task_marker_dag.py for tasks to queue
[2026-04-24 20:20:56,563] {logging_mixin.py:104} INFO - [2026-04-24 20:20:56,563] {dagbag.py:451} INFO - Filling up the DagBag from /home/airflow/.local/lib/python3.6/site-packages/airflow/example_dags/example_external_task_marker_dag.py
[2026-04-24 20:20:56,571] {scheduler_job.py:639} INFO - DAG(s) dict_keys(['example_external_task_marker_parent', 'example_external_task_marker_child']) retrieved from /home/airflow/.local/lib/python3.6/site-packages/airflow/example_dags/example_external_task_marker_dag.py
[2026-04-24 20:20:56,588] {logging_mixin.py:104} INFO - [2026-04-24 20:20:56,588] {dag.py:1824} INFO - Sync 2 DAGs
[2026-04-24 20:20:56,600] {logging_mixin.py:104} INFO - [2026-04-24 20:20:56,600] {dag.py:2280} INFO - Setting next_dagrun for example_external_task_marker_child to None
[2026-04-24 20:20:56,601] {logging_mixin.py:104} INFO - [2026-04-24 20:20:56,601] {dag.py:2280} INFO - Setting next_dagrun for example_external_task_marker_parent to None
[2026-04-24 20:20:56,610] {scheduler_job.py:190} INFO - Processing /home/airflow/.local/lib/python3.6/site-packages/airflow/example_dags/example_external_task_marker_dag.py took 0.050 seconds
[2026-04-24 20:21:27,486] {scheduler_job.py:182} INFO - Started process (PID=673) to work on /home/airflow/.local/lib/python3.6/site-packages/airflow/example_dags/example_external_task_marker_dag.py
[2026-04-24 20:21:27,487] {scheduler_job.py:629} INFO - Processing file /home/airflow/.local/lib/python3.6/site-packages/airflow/example_dags/example_external_task_marker_dag.py for tasks to queue
[2026-04-24 20:21:27,488] {logging_mixin.py:104} INFO - [2026-04-24 20:21:27,488] {dagbag.py:451} INFO - Filling up the DagBag from /home/airflow/.local/lib/python3.6/site-packages/airflow/example_dags/example_external_task_marker_dag.py
[2026-04-24 20:21:27,497] {scheduler_job.py:639} INFO - DAG(s) dict_keys(['example_external_task_marker_parent', 'example_external_task_marker_child']) retrieved from /home/airflow/.local/lib/python3.6/site-packages/airflow/example_dags/example_external_task_marker_dag.py
[2026-04-24 20:21:27,513] {logging_mixin.py:104} INFO - [2026-04-24 20:21:27,513] {dag.py:1824} INFO - Sync 2 DAGs
[2026-04-24 20:21:27,524] {logging_mixin.py:104} INFO - [2026-04-24 20:21:27,524] {dag.py:2280} INFO - Setting next_dagrun for example_external_task_marker_child to None
[2026-04-24 20:21:27,525] {logging_mixin.py:104} INFO - [2026-04-24 20:21:27,525] {dag.py:2280} INFO - Setting next_dagrun for example_external_task_marker_parent to None
[2026-04-24 20:21:27,534] {scheduler_job.py:190} INFO - Processing /home/airflow/.local/lib/python3.6/site-packages/airflow/example_dags/example_external_task_marker_dag.py took 0.051 seconds
[2026-04-24 20:21:58,395] {scheduler_job.py:182} INFO - Started process (PID=700) to work on /home/airflow/.local/lib/python3.6/site-packages/airflow/example_dags/example_external_task_marker_dag.py
[2026-04-24 20:21:58,396] {scheduler_job.py:629} INFO - Processing file /home/airflow/.local/lib/python3.6/site-packages/airflow/example_dags/example_external_task_marker_dag.py for tasks to queue
[2026-04-24 20:21:58,396] {logging_mixin.py:104} INFO - [2026-04-24 20:21:58,396] {dagbag.py:451} INFO - Filling up the DagBag from /home/airflow/.local/lib/python3.6/site-packages/airflow/example_dags/example_external_task_marker_dag.py
[2026-04-24 20:21:58,403] {scheduler_job.py:639} INFO - DAG(s) dict_keys(['example_external_task_marker_parent', 'example_external_task_marker_child']) retrieved from /home/airflow/.local/lib/python3.6/site-packages/airflow/example_dags/example_external_task_marker_dag.py
[2026-04-24 20:21:58,424] {logging_mixin.py:104} INFO - [2026-04-24 20:21:58,424] {dag.py:1824} INFO - Sync 2 DAGs
[2026-04-24 20:21:58,436] {logging_mixin.py:104} INFO - [2026-04-24 20:21:58,436] {dag.py:2280} INFO - Setting next_dagrun for example_external_task_marker_child to None
[2026-04-24 20:21:58,437] {logging_mixin.py:104} INFO - [2026-04-24 20:21:58,437] {dag.py:2280} INFO - Setting next_dagrun for example_external_task_marker_parent to None
[2026-04-24 20:21:58,444] {scheduler_job.py:190} INFO - Processing /home/airflow/.local/lib/python3.6/site-packages/airflow/example_dags/example_external_task_marker_dag.py took 0.051 seconds
[2026-04-24 20:22:29,371] {scheduler_job.py:182} INFO - Started process (PID=727) to work on /home/airflow/.local/lib/python3.6/site-packages/airflow/example_dags/example_external_task_marker_dag.py
[2026-04-24 20:22:29,372] {scheduler_job.py:629} INFO - Processing file /home/airflow/.local/lib/python3.6/site-packages/airflow/example_dags/example_external_task_marker_dag.py for tasks to queue
[2026-04-24 20:22:29,372] {logging_mixin.py:104} INFO - [2026-04-24 20:22:29,372] {dagbag.py:451} INFO - Filling up the DagBag from /home/airflow/.local/lib/python3.6/site-packages/airflow/example_dags/example_external_task_marker_dag.py
[2026-04-24 20:22:29,381] {scheduler_job.py:639} INFO - DAG(s) dict_keys(['example_external_task_marker_parent', 'example_external_task_marker_child']) retrieved from /home/airflow/.local/lib/python3.6/site-packages/airflow/example_dags/example_external_task_marker_dag.py
[2026-04-24 20:22:29,399] {logging_mixin.py:104} INFO - [2026-04-24 20:22:29,399] {dag.py:1824} INFO - Sync 2 DAGs
[2026-04-24 20:22:29,408] {logging_mixin.py:104} INFO - [2026-04-24 20:22:29,408] {dag.py:2280} INFO - Setting next_dagrun for example_external_task_marker_child to None
[2026-04-24 20:22:29,409] {logging_mixin.py:104} INFO - [2026-04-24 20:22:29,409] {dag.py:2280} INFO - Setting next_dagrun for example_external_task_marker_parent to None
[2026-04-24 20:22:29,417] {scheduler_job.py:190} INFO - Processing /home/airflow/.local/lib/python3.6/site-packages/airflow/example_dags/example_external_task_marker_dag.py took 0.048 seconds
[2026-04-24 20:23:00,230] {scheduler_job.py:182} INFO - Started process (PID=754) to work on /home/airflow/.local/lib/python3.6/site-packages/airflow/example_dags/example_external_task_marker_dag.py
[2026-04-24 20:23:00,230] {scheduler_job.py:629} INFO - Processing file /home/airflow/.local/lib/python3.6/site-packages/airflow/example_dags/example_external_task_marker_dag.py for tasks to queue
[2026-04-24 20:23:00,231] {logging_mixin.py:104} INFO - [2026-04-24 20:23:00,231] {dagbag.py:451} INFO - Filling up the DagBag from /home/airflow/.local/lib/python3.6/site-packages/airflow/example_dags/example_external_task_marker_dag.py
[2026-04-24 20:23:00,238] {scheduler_job.py:639} INFO - DAG(s) dict_keys(['example_external_task_marker_parent', 'example_external_task_marker_child']) retrieved from /home/airflow/.local/lib/python3.6/site-packages/airflow/example_dags/example_external_task_marker_dag.py
[2026-04-24 20:23:00,255] {logging_mixin.py:104} INFO - [2026-04-24 20:23:00,255] {dag.py:1824} INFO - Sync 2 DAGs
[2026-04-24 20:23:00,266] {logging_mixin.py:104} INFO - [2026-04-24 20:23:00,266] {dag.py:2280} INFO - Setting next_dagrun for example_external_task_marker_child to None
[2026-04-24 20:23:00,267] {logging_mixin.py:104} INFO - [2026-04-24 20:23:00,267] {dag.py:2280} INFO - Setting next_dagrun for example_external_task_marker_parent to None
[2026-04-24 20:23:00,275] {scheduler_job.py:190} INFO - Processing /home/airflow/.local/lib/python3.6/site-packages/airflow/example_dags/example_external_task_marker_dag.py took 0.047 seconds
[2026-04-24 20:23:31,106] {scheduler_job.py:182} INFO - Started process (PID=781) to work on /home/airflow/.local/lib/python3.6/site-packages/airflow/example_dags/example_external_task_marker_dag.py
[2026-04-24 20:23:31,108] {scheduler_job.py:629} INFO - Processing file /home/airflow/.local/lib/python3.6/site-packages/airflow/example_dags/example_external_task_marker_dag.py for tasks to queue
[2026-04-24 20:23:31,108] {logging_mixin.py:104} INFO - [2026-04-24 20:23:31,108] {dagbag.py:451} INFO - Filling up the DagBag from /home/airflow/.local/lib/python3.6/site-packages/airflow/example_dags/example_external_task_marker_dag.py
[2026-04-24 20:23:31,118] {scheduler_job.py:639} INFO - DAG(s) dict_keys(['example_external_task_marker_parent', 'example_external_task_marker_child']) retrieved from /home/airflow/.local/lib/python3.6/site-packages/airflow/example_dags/example_external_task_marker_dag.py
[2026-04-24 20:23:31,135] {logging_mixin.py:104} INFO - [2026-04-24 20:23:31,135] {dag.py:1824} INFO - Sync 2 DAGs
[2026-04-24 20:23:31,145] {logging_mixin.py:104} INFO - [2026-04-24 20:23:31,145] {dag.py:2280} INFO - Setting next_dagrun for example_external_task_marker_child to None
[2026-04-24 20:23:31,146] {logging_mixin.py:104} INFO - [2026-04-24 20:23:31,146] {dag.py:2280} INFO - Setting next_dagrun for example_external_task_marker_parent to None
[2026-04-24 20:23:31,154] {scheduler_job.py:190} INFO - Processing /home/airflow/.local/lib/python3.6/site-packages/airflow/example_dags/example_external_task_marker_dag.py took 0.052 seconds
[2026-04-24 20:24:02,086] {scheduler_job.py:182} INFO - Started process (PID=808) to work on /home/airflow/.local/lib/python3.6/site-packages/airflow/example_dags/example_external_task_marker_dag.py
[2026-04-24 20:24:02,087] {scheduler_job.py:629} INFO - Processing file /home/airflow/.local/lib/python3.6/site-packages/airflow/example_dags/example_external_task_marker_dag.py for tasks to queue
[2026-04-24 20:24:02,087] {logging_mixin.py:104} INFO - [2026-04-24 20:24:02,087] {dagbag.py:451} INFO - Filling up the DagBag from /home/airflow/.local/lib/python3.6/site-packages/airflow/example_dags/example_external_task_marker_dag.py
[2026-04-24 20:24:02,094] {scheduler_job.py:639} INFO - DAG(s) dict_keys(['example_external_task_marker_parent', 'example_external_task_marker_child']) retrieved from /home/airflow/.local/lib/python3.6/site-packages/airflow/example_dags/example_external_task_marker_dag.py
[2026-04-24 20:24:02,111] {logging_mixin.py:104} INFO - [2026-04-24 20:24:02,110] {dag.py:1824} INFO - Sync 2 DAGs
[2026-04-24 20:24:02,121] {logging_mixin.py:104} INFO - [2026-04-24 20:24:02,121] {dag.py:2280} INFO - Setting next_dagrun for example_external_task_marker_child to None
[2026-04-24 20:24:02,122] {logging_mixin.py:104} INFO - [2026-04-24 20:24:02,122] {dag.py:2280} INFO - Setting next_dagrun for example_external_task_marker_parent to None
[2026-04-24 20:24:02,129] {scheduler_job.py:190} INFO - Processing /home/airflow/.local/lib/python3.6/site-packages/airflow/example_dags/example_external_task_marker_dag.py took 0.045 seconds
[2026-04-24 20:24:33,016] {scheduler_job.py:182} INFO - Started process (PID=835) to work on /home/airflow/.local/lib/python3.6/site-packages/airflow/example_dags/example_external_task_marker_dag.py
[2026-04-24 20:24:33,017] {scheduler_job.py:629} INFO - Processing file /home/airflow/.local/lib/python3.6/site-packages/airflow/example_dags/example_external_task_marker_dag.py for tasks to queue
[2026-04-24 20:24:33,017] {logging_mixin.py:104} INFO - [2026-04-24 20:24:33,017] {dagbag.py:451} INFO - Filling up the DagBag from /home/airflow/.local/lib/python3.6/site-packages/airflow/example_dags/example_external_task_marker_dag.py
[2026-04-24 20:24:33,024] {scheduler_job.py:639} INFO - DAG(s) dict_keys(['example_external_task_marker_parent', 'example_external_task_marker_child']) retrieved from /home/airflow/.local/lib/python3.6/site-packages/airflow/example_dags/example_external_task_marker_dag.py
[2026-04-24 20:24:33,041] {logging_mixin.py:104} INFO - [2026-04-24 20:24:33,041] {dag.py:1824} INFO - Sync 2 DAGs
[2026-04-24 20:24:33,051] {logging_mixin.py:104} INFO - [2026-04-24 20:24:33,051] {dag.py:2280} INFO - Setting next_dagrun for example_external_task_marker_child to None
[2026-04-24 20:24:33,052] {logging_mixin.py:104} INFO - [2026-04-24 20:24:33,052] {dag.py:2280} INFO - Setting next_dagrun for example_external_task_marker_parent to None
[2026-04-24 20:24:33,060] {scheduler_job.py:190} INFO - Processing /home/airflow/.local/lib/python3.6/site-packages/airflow/example_dags/example_external_task_marker_dag.py took 0.046 seconds
