[2026-04-24 20:07:24,444] {scheduler_job.py:182} INFO - Started process (PID=37) to work on /home/airflow/.local/lib/python3.6/site-packages/airflow/example_dags/example_python_operator.py
[2026-04-24 20:07:24,445] {scheduler_job.py:629} INFO - Processing file /home/airflow/.local/lib/python3.6/site-packages/airflow/example_dags/example_python_operator.py for tasks to queue
[2026-04-24 20:07:24,445] {logging_mixin.py:104} INFO - [2026-04-24 20:07:24,445] {dagbag.py:451} INFO - Filling up the DagBag from /home/airflow/.local/lib/python3.6/site-packages/airflow/example_dags/example_python_operator.py
[2026-04-24 20:07:24,455] {scheduler_job.py:639} INFO - DAG(s) dict_keys(['example_python_operator']) retrieved from /home/airflow/.local/lib/python3.6/site-packages/airflow/example_dags/example_python_operator.py
[2026-04-24 20:07:24,478] {logging_mixin.py:104} INFO - [2026-04-24 20:07:24,478] {dag.py:1824} INFO - Sync 1 DAGs
[2026-04-24 20:07:24,489] {logging_mixin.py:104} INFO - [2026-04-24 20:07:24,489] {dag.py:1843} INFO - Creating ORM DAG for example_python_operator
[2026-04-24 20:07:24,493] {logging_mixin.py:104} INFO - [2026-04-24 20:07:24,493] {dag.py:2280} INFO - Setting next_dagrun for example_python_operator to None
[2026-04-24 20:07:24,514] {scheduler_job.py:190} INFO - Processing /home/airflow/.local/lib/python3.6/site-packages/airflow/example_dags/example_python_operator.py took 0.073 seconds
[2026-04-24 20:07:54,813] {scheduler_job.py:182} INFO - Started process (PID=65) to work on /home/airflow/.local/lib/python3.6/site-packages/airflow/example_dags/example_python_operator.py
[2026-04-24 20:07:54,813] {scheduler_job.py:629} INFO - Processing file /home/airflow/.local/lib/python3.6/site-packages/airflow/example_dags/example_python_operator.py for tasks to queue
[2026-04-24 20:07:54,814] {logging_mixin.py:104} INFO - [2026-04-24 20:07:54,814] {dagbag.py:451} INFO - Filling up the DagBag from /home/airflow/.local/lib/python3.6/site-packages/airflow/example_dags/example_python_operator.py
[2026-04-24 20:07:54,823] {scheduler_job.py:639} INFO - DAG(s) dict_keys(['example_python_operator']) retrieved from /home/airflow/.local/lib/python3.6/site-packages/airflow/example_dags/example_python_operator.py
[2026-04-24 20:07:54,838] {logging_mixin.py:104} INFO - [2026-04-24 20:07:54,837] {dag.py:1824} INFO - Sync 1 DAGs
[2026-04-24 20:07:54,848] {logging_mixin.py:104} INFO - [2026-04-24 20:07:54,848] {dag.py:2280} INFO - Setting next_dagrun for example_python_operator to None
[2026-04-24 20:07:54,854] {scheduler_job.py:190} INFO - Processing /home/airflow/.local/lib/python3.6/site-packages/airflow/example_dags/example_python_operator.py took 0.045 seconds
[2026-04-24 20:08:24,914] {scheduler_job.py:182} INFO - Started process (PID=90) to work on /home/airflow/.local/lib/python3.6/site-packages/airflow/example_dags/example_python_operator.py
[2026-04-24 20:08:24,915] {scheduler_job.py:629} INFO - Processing file /home/airflow/.local/lib/python3.6/site-packages/airflow/example_dags/example_python_operator.py for tasks to queue
[2026-04-24 20:08:24,916] {logging_mixin.py:104} INFO - [2026-04-24 20:08:24,916] {dagbag.py:451} INFO - Filling up the DagBag from /home/airflow/.local/lib/python3.6/site-packages/airflow/example_dags/example_python_operator.py
[2026-04-24 20:08:24,923] {scheduler_job.py:639} INFO - DAG(s) dict_keys(['example_python_operator']) retrieved from /home/airflow/.local/lib/python3.6/site-packages/airflow/example_dags/example_python_operator.py
[2026-04-24 20:08:24,936] {logging_mixin.py:104} INFO - [2026-04-24 20:08:24,936] {dag.py:1824} INFO - Sync 1 DAGs
[2026-04-24 20:08:24,946] {logging_mixin.py:104} INFO - [2026-04-24 20:08:24,946] {dag.py:2280} INFO - Setting next_dagrun for example_python_operator to None
[2026-04-24 20:08:24,953] {scheduler_job.py:190} INFO - Processing /home/airflow/.local/lib/python3.6/site-packages/airflow/example_dags/example_python_operator.py took 0.041 seconds
[2026-04-24 20:08:55,907] {scheduler_job.py:182} INFO - Started process (PID=117) to work on /home/airflow/.local/lib/python3.6/site-packages/airflow/example_dags/example_python_operator.py
[2026-04-24 20:08:55,908] {scheduler_job.py:629} INFO - Processing file /home/airflow/.local/lib/python3.6/site-packages/airflow/example_dags/example_python_operator.py for tasks to queue
[2026-04-24 20:08:55,908] {logging_mixin.py:104} INFO - [2026-04-24 20:08:55,908] {dagbag.py:451} INFO - Filling up the DagBag from /home/airflow/.local/lib/python3.6/site-packages/airflow/example_dags/example_python_operator.py
[2026-04-24 20:08:55,916] {scheduler_job.py:639} INFO - DAG(s) dict_keys(['example_python_operator']) retrieved from /home/airflow/.local/lib/python3.6/site-packages/airflow/example_dags/example_python_operator.py
[2026-04-24 20:08:55,929] {logging_mixin.py:104} INFO - [2026-04-24 20:08:55,929] {dag.py:1824} INFO - Sync 1 DAGs
[2026-04-24 20:08:55,939] {logging_mixin.py:104} INFO - [2026-04-24 20:08:55,939] {dag.py:2280} INFO - Setting next_dagrun for example_python_operator to None
[2026-04-24 20:08:55,945] {scheduler_job.py:190} INFO - Processing /home/airflow/.local/lib/python3.6/site-packages/airflow/example_dags/example_python_operator.py took 0.040 seconds
[2026-04-24 20:09:26,992] {scheduler_job.py:182} INFO - Started process (PID=143) to work on /home/airflow/.local/lib/python3.6/site-packages/airflow/example_dags/example_python_operator.py
[2026-04-24 20:09:26,993] {scheduler_job.py:629} INFO - Processing file /home/airflow/.local/lib/python3.6/site-packages/airflow/example_dags/example_python_operator.py for tasks to queue
[2026-04-24 20:09:26,993] {logging_mixin.py:104} INFO - [2026-04-24 20:09:26,993] {dagbag.py:451} INFO - Filling up the DagBag from /home/airflow/.local/lib/python3.6/site-packages/airflow/example_dags/example_python_operator.py
[2026-04-24 20:09:27,007] {scheduler_job.py:639} INFO - DAG(s) dict_keys(['example_python_operator']) retrieved from /home/airflow/.local/lib/python3.6/site-packages/airflow/example_dags/example_python_operator.py
[2026-04-24 20:09:27,037] {logging_mixin.py:104} INFO - [2026-04-24 20:09:27,036] {dag.py:1824} INFO - Sync 1 DAGs
[2026-04-24 20:09:27,060] {logging_mixin.py:104} INFO - [2026-04-24 20:09:27,059] {dag.py:2280} INFO - Setting next_dagrun for example_python_operator to None
[2026-04-24 20:09:27,077] {scheduler_job.py:190} INFO - Processing /home/airflow/.local/lib/python3.6/site-packages/airflow/example_dags/example_python_operator.py took 0.090 seconds
[2026-04-24 20:09:45,847] {scheduler_job.py:182} INFO - Started process (PID=36) to work on /home/airflow/.local/lib/python3.6/site-packages/airflow/example_dags/example_python_operator.py
[2026-04-24 20:09:45,848] {scheduler_job.py:629} INFO - Processing file /home/airflow/.local/lib/python3.6/site-packages/airflow/example_dags/example_python_operator.py for tasks to queue
[2026-04-24 20:09:45,848] {logging_mixin.py:104} INFO - [2026-04-24 20:09:45,848] {dagbag.py:451} INFO - Filling up the DagBag from /home/airflow/.local/lib/python3.6/site-packages/airflow/example_dags/example_python_operator.py
[2026-04-24 20:09:45,858] {scheduler_job.py:639} INFO - DAG(s) dict_keys(['example_python_operator']) retrieved from /home/airflow/.local/lib/python3.6/site-packages/airflow/example_dags/example_python_operator.py
[2026-04-24 20:09:45,882] {logging_mixin.py:104} INFO - [2026-04-24 20:09:45,882] {dag.py:1824} INFO - Sync 1 DAGs
[2026-04-24 20:09:45,901] {logging_mixin.py:104} INFO - [2026-04-24 20:09:45,901] {dag.py:2280} INFO - Setting next_dagrun for example_python_operator to None
[2026-04-24 20:09:45,910] {scheduler_job.py:190} INFO - Processing /home/airflow/.local/lib/python3.6/site-packages/airflow/example_dags/example_python_operator.py took 0.065 seconds
[2026-04-24 20:10:15,960] {scheduler_job.py:182} INFO - Started process (PID=62) to work on /home/airflow/.local/lib/python3.6/site-packages/airflow/example_dags/example_python_operator.py
[2026-04-24 20:10:15,961] {scheduler_job.py:629} INFO - Processing file /home/airflow/.local/lib/python3.6/site-packages/airflow/example_dags/example_python_operator.py for tasks to queue
[2026-04-24 20:10:15,961] {logging_mixin.py:104} INFO - [2026-04-24 20:10:15,961] {dagbag.py:451} INFO - Filling up the DagBag from /home/airflow/.local/lib/python3.6/site-packages/airflow/example_dags/example_python_operator.py
[2026-04-24 20:10:15,970] {scheduler_job.py:639} INFO - DAG(s) dict_keys(['example_python_operator']) retrieved from /home/airflow/.local/lib/python3.6/site-packages/airflow/example_dags/example_python_operator.py
[2026-04-24 20:10:15,985] {logging_mixin.py:104} INFO - [2026-04-24 20:10:15,985] {dag.py:1824} INFO - Sync 1 DAGs
[2026-04-24 20:10:15,998] {logging_mixin.py:104} INFO - [2026-04-24 20:10:15,998] {dag.py:2280} INFO - Setting next_dagrun for example_python_operator to None
[2026-04-24 20:10:16,004] {scheduler_job.py:190} INFO - Processing /home/airflow/.local/lib/python3.6/site-packages/airflow/example_dags/example_python_operator.py took 0.047 seconds
[2026-04-24 20:10:46,033] {scheduler_job.py:182} INFO - Started process (PID=90) to work on /home/airflow/.local/lib/python3.6/site-packages/airflow/example_dags/example_python_operator.py
[2026-04-24 20:10:46,033] {scheduler_job.py:629} INFO - Processing file /home/airflow/.local/lib/python3.6/site-packages/airflow/example_dags/example_python_operator.py for tasks to queue
[2026-04-24 20:10:46,034] {logging_mixin.py:104} INFO - [2026-04-24 20:10:46,034] {dagbag.py:451} INFO - Filling up the DagBag from /home/airflow/.local/lib/python3.6/site-packages/airflow/example_dags/example_python_operator.py
[2026-04-24 20:10:46,042] {scheduler_job.py:639} INFO - DAG(s) dict_keys(['example_python_operator']) retrieved from /home/airflow/.local/lib/python3.6/site-packages/airflow/example_dags/example_python_operator.py
[2026-04-24 20:10:46,057] {logging_mixin.py:104} INFO - [2026-04-24 20:10:46,057] {dag.py:1824} INFO - Sync 1 DAGs
[2026-04-24 20:10:46,069] {logging_mixin.py:104} INFO - [2026-04-24 20:10:46,069] {dag.py:2280} INFO - Setting next_dagrun for example_python_operator to None
[2026-04-24 20:10:46,076] {scheduler_job.py:190} INFO - Processing /home/airflow/.local/lib/python3.6/site-packages/airflow/example_dags/example_python_operator.py took 0.045 seconds
[2026-04-24 20:11:16,236] {scheduler_job.py:182} INFO - Started process (PID=117) to work on /home/airflow/.local/lib/python3.6/site-packages/airflow/example_dags/example_python_operator.py
[2026-04-24 20:11:16,237] {scheduler_job.py:629} INFO - Processing file /home/airflow/.local/lib/python3.6/site-packages/airflow/example_dags/example_python_operator.py for tasks to queue
[2026-04-24 20:11:16,237] {logging_mixin.py:104} INFO - [2026-04-24 20:11:16,237] {dagbag.py:451} INFO - Filling up the DagBag from /home/airflow/.local/lib/python3.6/site-packages/airflow/example_dags/example_python_operator.py
[2026-04-24 20:11:16,245] {scheduler_job.py:639} INFO - DAG(s) dict_keys(['example_python_operator']) retrieved from /home/airflow/.local/lib/python3.6/site-packages/airflow/example_dags/example_python_operator.py
[2026-04-24 20:11:16,259] {logging_mixin.py:104} INFO - [2026-04-24 20:11:16,259] {dag.py:1824} INFO - Sync 1 DAGs
[2026-04-24 20:11:16,270] {logging_mixin.py:104} INFO - [2026-04-24 20:11:16,270] {dag.py:2280} INFO - Setting next_dagrun for example_python_operator to None
[2026-04-24 20:11:16,276] {scheduler_job.py:190} INFO - Processing /home/airflow/.local/lib/python3.6/site-packages/airflow/example_dags/example_python_operator.py took 0.042 seconds
[2026-04-24 20:11:46,414] {scheduler_job.py:182} INFO - Started process (PID=146) to work on /home/airflow/.local/lib/python3.6/site-packages/airflow/example_dags/example_python_operator.py
[2026-04-24 20:11:46,415] {scheduler_job.py:629} INFO - Processing file /home/airflow/.local/lib/python3.6/site-packages/airflow/example_dags/example_python_operator.py for tasks to queue
[2026-04-24 20:11:46,415] {logging_mixin.py:104} INFO - [2026-04-24 20:11:46,415] {dagbag.py:451} INFO - Filling up the DagBag from /home/airflow/.local/lib/python3.6/site-packages/airflow/example_dags/example_python_operator.py
[2026-04-24 20:11:46,423] {scheduler_job.py:639} INFO - DAG(s) dict_keys(['example_python_operator']) retrieved from /home/airflow/.local/lib/python3.6/site-packages/airflow/example_dags/example_python_operator.py
[2026-04-24 20:11:46,440] {logging_mixin.py:104} INFO - [2026-04-24 20:11:46,439] {dag.py:1824} INFO - Sync 1 DAGs
[2026-04-24 20:11:46,451] {logging_mixin.py:104} INFO - [2026-04-24 20:11:46,451] {dag.py:2280} INFO - Setting next_dagrun for example_python_operator to None
[2026-04-24 20:11:46,458] {scheduler_job.py:190} INFO - Processing /home/airflow/.local/lib/python3.6/site-packages/airflow/example_dags/example_python_operator.py took 0.046 seconds
[2026-04-24 20:12:16,524] {scheduler_job.py:182} INFO - Started process (PID=173) to work on /home/airflow/.local/lib/python3.6/site-packages/airflow/example_dags/example_python_operator.py
[2026-04-24 20:12:16,525] {scheduler_job.py:629} INFO - Processing file /home/airflow/.local/lib/python3.6/site-packages/airflow/example_dags/example_python_operator.py for tasks to queue
[2026-04-24 20:12:16,525] {logging_mixin.py:104} INFO - [2026-04-24 20:12:16,525] {dagbag.py:451} INFO - Filling up the DagBag from /home/airflow/.local/lib/python3.6/site-packages/airflow/example_dags/example_python_operator.py
[2026-04-24 20:12:16,533] {scheduler_job.py:639} INFO - DAG(s) dict_keys(['example_python_operator']) retrieved from /home/airflow/.local/lib/python3.6/site-packages/airflow/example_dags/example_python_operator.py
[2026-04-24 20:12:16,551] {logging_mixin.py:104} INFO - [2026-04-24 20:12:16,551] {dag.py:1824} INFO - Sync 1 DAGs
[2026-04-24 20:12:16,561] {logging_mixin.py:104} INFO - [2026-04-24 20:12:16,561] {dag.py:2280} INFO - Setting next_dagrun for example_python_operator to None
[2026-04-24 20:12:16,568] {scheduler_job.py:190} INFO - Processing /home/airflow/.local/lib/python3.6/site-packages/airflow/example_dags/example_python_operator.py took 0.046 seconds
[2026-04-24 20:12:46,592] {scheduler_job.py:182} INFO - Started process (PID=200) to work on /home/airflow/.local/lib/python3.6/site-packages/airflow/example_dags/example_python_operator.py
[2026-04-24 20:12:46,593] {scheduler_job.py:629} INFO - Processing file /home/airflow/.local/lib/python3.6/site-packages/airflow/example_dags/example_python_operator.py for tasks to queue
[2026-04-24 20:12:46,593] {logging_mixin.py:104} INFO - [2026-04-24 20:12:46,593] {dagbag.py:451} INFO - Filling up the DagBag from /home/airflow/.local/lib/python3.6/site-packages/airflow/example_dags/example_python_operator.py
[2026-04-24 20:12:46,601] {scheduler_job.py:639} INFO - DAG(s) dict_keys(['example_python_operator']) retrieved from /home/airflow/.local/lib/python3.6/site-packages/airflow/example_dags/example_python_operator.py
[2026-04-24 20:12:46,616] {logging_mixin.py:104} INFO - [2026-04-24 20:12:46,616] {dag.py:1824} INFO - Sync 1 DAGs
[2026-04-24 20:12:46,626] {logging_mixin.py:104} INFO - [2026-04-24 20:12:46,626] {dag.py:2280} INFO - Setting next_dagrun for example_python_operator to None
[2026-04-24 20:12:46,634] {scheduler_job.py:190} INFO - Processing /home/airflow/.local/lib/python3.6/site-packages/airflow/example_dags/example_python_operator.py took 0.044 seconds
[2026-04-24 20:13:17,484] {scheduler_job.py:182} INFO - Started process (PID=224) to work on /home/airflow/.local/lib/python3.6/site-packages/airflow/example_dags/example_python_operator.py
[2026-04-24 20:13:17,486] {scheduler_job.py:629} INFO - Processing file /home/airflow/.local/lib/python3.6/site-packages/airflow/example_dags/example_python_operator.py for tasks to queue
[2026-04-24 20:13:17,487] {logging_mixin.py:104} INFO - [2026-04-24 20:13:17,487] {dagbag.py:451} INFO - Filling up the DagBag from /home/airflow/.local/lib/python3.6/site-packages/airflow/example_dags/example_python_operator.py
[2026-04-24 20:13:17,499] {scheduler_job.py:639} INFO - DAG(s) dict_keys(['example_python_operator']) retrieved from /home/airflow/.local/lib/python3.6/site-packages/airflow/example_dags/example_python_operator.py
[2026-04-24 20:13:17,516] {logging_mixin.py:104} INFO - [2026-04-24 20:13:17,516] {dag.py:1824} INFO - Sync 1 DAGs
[2026-04-24 20:13:17,526] {logging_mixin.py:104} INFO - [2026-04-24 20:13:17,526] {dag.py:2280} INFO - Setting next_dagrun for example_python_operator to None
[2026-04-24 20:13:17,533] {scheduler_job.py:190} INFO - Processing /home/airflow/.local/lib/python3.6/site-packages/airflow/example_dags/example_python_operator.py took 0.052 seconds
[2026-04-24 20:13:48,457] {scheduler_job.py:182} INFO - Started process (PID=251) to work on /home/airflow/.local/lib/python3.6/site-packages/airflow/example_dags/example_python_operator.py
[2026-04-24 20:13:48,458] {scheduler_job.py:629} INFO - Processing file /home/airflow/.local/lib/python3.6/site-packages/airflow/example_dags/example_python_operator.py for tasks to queue
[2026-04-24 20:13:48,458] {logging_mixin.py:104} INFO - [2026-04-24 20:13:48,458] {dagbag.py:451} INFO - Filling up the DagBag from /home/airflow/.local/lib/python3.6/site-packages/airflow/example_dags/example_python_operator.py
[2026-04-24 20:13:48,466] {scheduler_job.py:639} INFO - DAG(s) dict_keys(['example_python_operator']) retrieved from /home/airflow/.local/lib/python3.6/site-packages/airflow/example_dags/example_python_operator.py
[2026-04-24 20:13:48,481] {logging_mixin.py:104} INFO - [2026-04-24 20:13:48,481] {dag.py:1824} INFO - Sync 1 DAGs
[2026-04-24 20:13:48,491] {logging_mixin.py:104} INFO - [2026-04-24 20:13:48,491] {dag.py:2280} INFO - Setting next_dagrun for example_python_operator to None
[2026-04-24 20:13:48,497] {scheduler_job.py:190} INFO - Processing /home/airflow/.local/lib/python3.6/site-packages/airflow/example_dags/example_python_operator.py took 0.042 seconds
[2026-04-24 20:14:19,444] {scheduler_job.py:182} INFO - Started process (PID=278) to work on /home/airflow/.local/lib/python3.6/site-packages/airflow/example_dags/example_python_operator.py
[2026-04-24 20:14:19,444] {scheduler_job.py:629} INFO - Processing file /home/airflow/.local/lib/python3.6/site-packages/airflow/example_dags/example_python_operator.py for tasks to queue
[2026-04-24 20:14:19,445] {logging_mixin.py:104} INFO - [2026-04-24 20:14:19,445] {dagbag.py:451} INFO - Filling up the DagBag from /home/airflow/.local/lib/python3.6/site-packages/airflow/example_dags/example_python_operator.py
[2026-04-24 20:14:19,455] {scheduler_job.py:639} INFO - DAG(s) dict_keys(['example_python_operator']) retrieved from /home/airflow/.local/lib/python3.6/site-packages/airflow/example_dags/example_python_operator.py
[2026-04-24 20:14:19,472] {logging_mixin.py:104} INFO - [2026-04-24 20:14:19,472] {dag.py:1824} INFO - Sync 1 DAGs
[2026-04-24 20:14:19,482] {logging_mixin.py:104} INFO - [2026-04-24 20:14:19,482] {dag.py:2280} INFO - Setting next_dagrun for example_python_operator to None
[2026-04-24 20:14:19,489] {scheduler_job.py:190} INFO - Processing /home/airflow/.local/lib/python3.6/site-packages/airflow/example_dags/example_python_operator.py took 0.047 seconds
[2026-04-24 20:14:49,569] {scheduler_job.py:182} INFO - Started process (PID=305) to work on /home/airflow/.local/lib/python3.6/site-packages/airflow/example_dags/example_python_operator.py
[2026-04-24 20:14:49,569] {scheduler_job.py:629} INFO - Processing file /home/airflow/.local/lib/python3.6/site-packages/airflow/example_dags/example_python_operator.py for tasks to queue
[2026-04-24 20:14:49,570] {logging_mixin.py:104} INFO - [2026-04-24 20:14:49,570] {dagbag.py:451} INFO - Filling up the DagBag from /home/airflow/.local/lib/python3.6/site-packages/airflow/example_dags/example_python_operator.py
[2026-04-24 20:14:49,581] {scheduler_job.py:639} INFO - DAG(s) dict_keys(['example_python_operator']) retrieved from /home/airflow/.local/lib/python3.6/site-packages/airflow/example_dags/example_python_operator.py
[2026-04-24 20:14:49,594] {logging_mixin.py:104} INFO - [2026-04-24 20:14:49,594] {dag.py:1824} INFO - Sync 1 DAGs
[2026-04-24 20:14:49,604] {logging_mixin.py:104} INFO - [2026-04-24 20:14:49,604] {dag.py:2280} INFO - Setting next_dagrun for example_python_operator to None
[2026-04-24 20:14:49,612] {scheduler_job.py:190} INFO - Processing /home/airflow/.local/lib/python3.6/site-packages/airflow/example_dags/example_python_operator.py took 0.045 seconds
[2026-04-24 20:15:19,663] {scheduler_job.py:182} INFO - Started process (PID=332) to work on /home/airflow/.local/lib/python3.6/site-packages/airflow/example_dags/example_python_operator.py
[2026-04-24 20:15:19,663] {scheduler_job.py:629} INFO - Processing file /home/airflow/.local/lib/python3.6/site-packages/airflow/example_dags/example_python_operator.py for tasks to queue
[2026-04-24 20:15:19,664] {logging_mixin.py:104} INFO - [2026-04-24 20:15:19,663] {dagbag.py:451} INFO - Filling up the DagBag from /home/airflow/.local/lib/python3.6/site-packages/airflow/example_dags/example_python_operator.py
[2026-04-24 20:15:19,673] {scheduler_job.py:639} INFO - DAG(s) dict_keys(['example_python_operator']) retrieved from /home/airflow/.local/lib/python3.6/site-packages/airflow/example_dags/example_python_operator.py
[2026-04-24 20:15:19,689] {logging_mixin.py:104} INFO - [2026-04-24 20:15:19,689] {dag.py:1824} INFO - Sync 1 DAGs
[2026-04-24 20:15:19,699] {logging_mixin.py:104} INFO - [2026-04-24 20:15:19,699] {dag.py:2280} INFO - Setting next_dagrun for example_python_operator to None
[2026-04-24 20:15:19,706] {scheduler_job.py:190} INFO - Processing /home/airflow/.local/lib/python3.6/site-packages/airflow/example_dags/example_python_operator.py took 0.046 seconds
[2026-04-24 20:15:49,804] {scheduler_job.py:182} INFO - Started process (PID=359) to work on /home/airflow/.local/lib/python3.6/site-packages/airflow/example_dags/example_python_operator.py
[2026-04-24 20:15:49,805] {scheduler_job.py:629} INFO - Processing file /home/airflow/.local/lib/python3.6/site-packages/airflow/example_dags/example_python_operator.py for tasks to queue
[2026-04-24 20:15:49,806] {logging_mixin.py:104} INFO - [2026-04-24 20:15:49,806] {dagbag.py:451} INFO - Filling up the DagBag from /home/airflow/.local/lib/python3.6/site-packages/airflow/example_dags/example_python_operator.py
[2026-04-24 20:15:49,818] {scheduler_job.py:639} INFO - DAG(s) dict_keys(['example_python_operator']) retrieved from /home/airflow/.local/lib/python3.6/site-packages/airflow/example_dags/example_python_operator.py
[2026-04-24 20:15:49,833] {logging_mixin.py:104} INFO - [2026-04-24 20:15:49,832] {dag.py:1824} INFO - Sync 1 DAGs
[2026-04-24 20:15:49,845] {logging_mixin.py:104} INFO - [2026-04-24 20:15:49,844] {dag.py:2280} INFO - Setting next_dagrun for example_python_operator to None
[2026-04-24 20:15:49,851] {scheduler_job.py:190} INFO - Processing /home/airflow/.local/lib/python3.6/site-packages/airflow/example_dags/example_python_operator.py took 0.051 seconds
[2026-04-24 20:16:19,960] {scheduler_job.py:182} INFO - Started process (PID=387) to work on /home/airflow/.local/lib/python3.6/site-packages/airflow/example_dags/example_python_operator.py
[2026-04-24 20:16:19,960] {scheduler_job.py:629} INFO - Processing file /home/airflow/.local/lib/python3.6/site-packages/airflow/example_dags/example_python_operator.py for tasks to queue
[2026-04-24 20:16:19,961] {logging_mixin.py:104} INFO - [2026-04-24 20:16:19,961] {dagbag.py:451} INFO - Filling up the DagBag from /home/airflow/.local/lib/python3.6/site-packages/airflow/example_dags/example_python_operator.py
[2026-04-24 20:16:19,971] {scheduler_job.py:639} INFO - DAG(s) dict_keys(['example_python_operator']) retrieved from /home/airflow/.local/lib/python3.6/site-packages/airflow/example_dags/example_python_operator.py
[2026-04-24 20:16:19,985] {logging_mixin.py:104} INFO - [2026-04-24 20:16:19,985] {dag.py:1824} INFO - Sync 1 DAGs
[2026-04-24 20:16:20,000] {logging_mixin.py:104} INFO - [2026-04-24 20:16:20,000] {dag.py:2280} INFO - Setting next_dagrun for example_python_operator to None
[2026-04-24 20:16:20,007] {scheduler_job.py:190} INFO - Processing /home/airflow/.local/lib/python3.6/site-packages/airflow/example_dags/example_python_operator.py took 0.049 seconds
[2026-04-24 20:16:50,082] {scheduler_job.py:182} INFO - Started process (PID=415) to work on /home/airflow/.local/lib/python3.6/site-packages/airflow/example_dags/example_python_operator.py
[2026-04-24 20:16:50,085] {scheduler_job.py:629} INFO - Processing file /home/airflow/.local/lib/python3.6/site-packages/airflow/example_dags/example_python_operator.py for tasks to queue
[2026-04-24 20:16:50,086] {logging_mixin.py:104} INFO - [2026-04-24 20:16:50,086] {dagbag.py:451} INFO - Filling up the DagBag from /home/airflow/.local/lib/python3.6/site-packages/airflow/example_dags/example_python_operator.py
[2026-04-24 20:16:50,093] {scheduler_job.py:639} INFO - DAG(s) dict_keys(['example_python_operator']) retrieved from /home/airflow/.local/lib/python3.6/site-packages/airflow/example_dags/example_python_operator.py
[2026-04-24 20:16:50,107] {logging_mixin.py:104} INFO - [2026-04-24 20:16:50,107] {dag.py:1824} INFO - Sync 1 DAGs
[2026-04-24 20:16:50,118] {logging_mixin.py:104} INFO - [2026-04-24 20:16:50,118] {dag.py:2280} INFO - Setting next_dagrun for example_python_operator to None
[2026-04-24 20:16:50,125] {scheduler_job.py:190} INFO - Processing /home/airflow/.local/lib/python3.6/site-packages/airflow/example_dags/example_python_operator.py took 0.045 seconds
[2026-04-24 20:17:20,251] {scheduler_job.py:182} INFO - Started process (PID=443) to work on /home/airflow/.local/lib/python3.6/site-packages/airflow/example_dags/example_python_operator.py
[2026-04-24 20:17:20,252] {scheduler_job.py:629} INFO - Processing file /home/airflow/.local/lib/python3.6/site-packages/airflow/example_dags/example_python_operator.py for tasks to queue
[2026-04-24 20:17:20,253] {logging_mixin.py:104} INFO - [2026-04-24 20:17:20,253] {dagbag.py:451} INFO - Filling up the DagBag from /home/airflow/.local/lib/python3.6/site-packages/airflow/example_dags/example_python_operator.py
[2026-04-24 20:17:20,264] {scheduler_job.py:639} INFO - DAG(s) dict_keys(['example_python_operator']) retrieved from /home/airflow/.local/lib/python3.6/site-packages/airflow/example_dags/example_python_operator.py
[2026-04-24 20:17:20,278] {logging_mixin.py:104} INFO - [2026-04-24 20:17:20,278] {dag.py:1824} INFO - Sync 1 DAGs
[2026-04-24 20:17:20,289] {logging_mixin.py:104} INFO - [2026-04-24 20:17:20,289] {dag.py:2280} INFO - Setting next_dagrun for example_python_operator to None
[2026-04-24 20:17:20,296] {scheduler_job.py:190} INFO - Processing /home/airflow/.local/lib/python3.6/site-packages/airflow/example_dags/example_python_operator.py took 0.050 seconds
[2026-04-24 20:17:50,327] {scheduler_job.py:182} INFO - Started process (PID=470) to work on /home/airflow/.local/lib/python3.6/site-packages/airflow/example_dags/example_python_operator.py
[2026-04-24 20:17:50,328] {scheduler_job.py:629} INFO - Processing file /home/airflow/.local/lib/python3.6/site-packages/airflow/example_dags/example_python_operator.py for tasks to queue
[2026-04-24 20:17:50,329] {logging_mixin.py:104} INFO - [2026-04-24 20:17:50,329] {dagbag.py:451} INFO - Filling up the DagBag from /home/airflow/.local/lib/python3.6/site-packages/airflow/example_dags/example_python_operator.py
[2026-04-24 20:17:50,340] {scheduler_job.py:639} INFO - DAG(s) dict_keys(['example_python_operator']) retrieved from /home/airflow/.local/lib/python3.6/site-packages/airflow/example_dags/example_python_operator.py
[2026-04-24 20:17:50,357] {logging_mixin.py:104} INFO - [2026-04-24 20:17:50,357] {dag.py:1824} INFO - Sync 1 DAGs
[2026-04-24 20:17:50,368] {logging_mixin.py:104} INFO - [2026-04-24 20:17:50,368] {dag.py:2280} INFO - Setting next_dagrun for example_python_operator to None
[2026-04-24 20:17:50,376] {scheduler_job.py:190} INFO - Processing /home/airflow/.local/lib/python3.6/site-packages/airflow/example_dags/example_python_operator.py took 0.053 seconds
[2026-04-24 20:18:20,399] {scheduler_job.py:182} INFO - Started process (PID=497) to work on /home/airflow/.local/lib/python3.6/site-packages/airflow/example_dags/example_python_operator.py
[2026-04-24 20:18:20,400] {scheduler_job.py:629} INFO - Processing file /home/airflow/.local/lib/python3.6/site-packages/airflow/example_dags/example_python_operator.py for tasks to queue
[2026-04-24 20:18:20,400] {logging_mixin.py:104} INFO - [2026-04-24 20:18:20,400] {dagbag.py:451} INFO - Filling up the DagBag from /home/airflow/.local/lib/python3.6/site-packages/airflow/example_dags/example_python_operator.py
[2026-04-24 20:18:20,408] {scheduler_job.py:639} INFO - DAG(s) dict_keys(['example_python_operator']) retrieved from /home/airflow/.local/lib/python3.6/site-packages/airflow/example_dags/example_python_operator.py
[2026-04-24 20:18:20,422] {logging_mixin.py:104} INFO - [2026-04-24 20:18:20,422] {dag.py:1824} INFO - Sync 1 DAGs
[2026-04-24 20:18:20,432] {logging_mixin.py:104} INFO - [2026-04-24 20:18:20,432] {dag.py:2280} INFO - Setting next_dagrun for example_python_operator to None
[2026-04-24 20:18:20,439] {scheduler_job.py:190} INFO - Processing /home/airflow/.local/lib/python3.6/site-packages/airflow/example_dags/example_python_operator.py took 0.042 seconds
[2026-04-24 20:18:51,206] {scheduler_job.py:182} INFO - Started process (PID=521) to work on /home/airflow/.local/lib/python3.6/site-packages/airflow/example_dags/example_python_operator.py
[2026-04-24 20:18:51,207] {scheduler_job.py:629} INFO - Processing file /home/airflow/.local/lib/python3.6/site-packages/airflow/example_dags/example_python_operator.py for tasks to queue
[2026-04-24 20:18:51,207] {logging_mixin.py:104} INFO - [2026-04-24 20:18:51,207] {dagbag.py:451} INFO - Filling up the DagBag from /home/airflow/.local/lib/python3.6/site-packages/airflow/example_dags/example_python_operator.py
[2026-04-24 20:18:51,215] {scheduler_job.py:639} INFO - DAG(s) dict_keys(['example_python_operator']) retrieved from /home/airflow/.local/lib/python3.6/site-packages/airflow/example_dags/example_python_operator.py
[2026-04-24 20:18:51,229] {logging_mixin.py:104} INFO - [2026-04-24 20:18:51,229] {dag.py:1824} INFO - Sync 1 DAGs
[2026-04-24 20:18:51,242] {logging_mixin.py:104} INFO - [2026-04-24 20:18:51,242] {dag.py:2280} INFO - Setting next_dagrun for example_python_operator to None
[2026-04-24 20:18:51,249] {scheduler_job.py:190} INFO - Processing /home/airflow/.local/lib/python3.6/site-packages/airflow/example_dags/example_python_operator.py took 0.045 seconds
[2026-04-24 20:19:22,074] {scheduler_job.py:182} INFO - Started process (PID=548) to work on /home/airflow/.local/lib/python3.6/site-packages/airflow/example_dags/example_python_operator.py
[2026-04-24 20:19:22,075] {scheduler_job.py:629} INFO - Processing file /home/airflow/.local/lib/python3.6/site-packages/airflow/example_dags/example_python_operator.py for tasks to queue
[2026-04-24 20:19:22,076] {logging_mixin.py:104} INFO - [2026-04-24 20:19:22,076] {dagbag.py:451} INFO - Filling up the DagBag from /home/airflow/.local/lib/python3.6/site-packages/airflow/example_dags/example_python_operator.py
[2026-04-24 20:19:22,085] {scheduler_job.py:639} INFO - DAG(s) dict_keys(['example_python_operator']) retrieved from /home/airflow/.local/lib/python3.6/site-packages/airflow/example_dags/example_python_operator.py
[2026-04-24 20:19:22,099] {logging_mixin.py:104} INFO - [2026-04-24 20:19:22,099] {dag.py:1824} INFO - Sync 1 DAGs
[2026-04-24 20:19:22,109] {logging_mixin.py:104} INFO - [2026-04-24 20:19:22,109] {dag.py:2280} INFO - Setting next_dagrun for example_python_operator to None
[2026-04-24 20:19:22,115] {scheduler_job.py:190} INFO - Processing /home/airflow/.local/lib/python3.6/site-packages/airflow/example_dags/example_python_operator.py took 0.043 seconds
[2026-04-24 20:19:53,036] {scheduler_job.py:182} INFO - Started process (PID=575) to work on /home/airflow/.local/lib/python3.6/site-packages/airflow/example_dags/example_python_operator.py
[2026-04-24 20:19:53,037] {scheduler_job.py:629} INFO - Processing file /home/airflow/.local/lib/python3.6/site-packages/airflow/example_dags/example_python_operator.py for tasks to queue
[2026-04-24 20:19:53,037] {logging_mixin.py:104} INFO - [2026-04-24 20:19:53,037] {dagbag.py:451} INFO - Filling up the DagBag from /home/airflow/.local/lib/python3.6/site-packages/airflow/example_dags/example_python_operator.py
[2026-04-24 20:19:53,045] {scheduler_job.py:639} INFO - DAG(s) dict_keys(['example_python_operator']) retrieved from /home/airflow/.local/lib/python3.6/site-packages/airflow/example_dags/example_python_operator.py
[2026-04-24 20:19:53,058] {logging_mixin.py:104} INFO - [2026-04-24 20:19:53,058] {dag.py:1824} INFO - Sync 1 DAGs
[2026-04-24 20:19:53,069] {logging_mixin.py:104} INFO - [2026-04-24 20:19:53,069] {dag.py:2280} INFO - Setting next_dagrun for example_python_operator to None
[2026-04-24 20:19:53,076] {scheduler_job.py:190} INFO - Processing /home/airflow/.local/lib/python3.6/site-packages/airflow/example_dags/example_python_operator.py took 0.041 seconds
[2026-04-24 20:20:23,957] {scheduler_job.py:182} INFO - Started process (PID=602) to work on /home/airflow/.local/lib/python3.6/site-packages/airflow/example_dags/example_python_operator.py
[2026-04-24 20:20:23,958] {scheduler_job.py:629} INFO - Processing file /home/airflow/.local/lib/python3.6/site-packages/airflow/example_dags/example_python_operator.py for tasks to queue
[2026-04-24 20:20:23,958] {logging_mixin.py:104} INFO - [2026-04-24 20:20:23,958] {dagbag.py:451} INFO - Filling up the DagBag from /home/airflow/.local/lib/python3.6/site-packages/airflow/example_dags/example_python_operator.py
[2026-04-24 20:20:23,967] {scheduler_job.py:639} INFO - DAG(s) dict_keys(['example_python_operator']) retrieved from /home/airflow/.local/lib/python3.6/site-packages/airflow/example_dags/example_python_operator.py
[2026-04-24 20:20:23,986] {logging_mixin.py:104} INFO - [2026-04-24 20:20:23,986] {dag.py:1824} INFO - Sync 1 DAGs
[2026-04-24 20:20:24,000] {logging_mixin.py:104} INFO - [2026-04-24 20:20:24,000] {dag.py:2280} INFO - Setting next_dagrun for example_python_operator to None
[2026-04-24 20:20:24,010] {scheduler_job.py:190} INFO - Processing /home/airflow/.local/lib/python3.6/site-packages/airflow/example_dags/example_python_operator.py took 0.055 seconds
[2026-04-24 20:20:55,003] {scheduler_job.py:182} INFO - Started process (PID=629) to work on /home/airflow/.local/lib/python3.6/site-packages/airflow/example_dags/example_python_operator.py
[2026-04-24 20:20:55,003] {scheduler_job.py:629} INFO - Processing file /home/airflow/.local/lib/python3.6/site-packages/airflow/example_dags/example_python_operator.py for tasks to queue
[2026-04-24 20:20:55,004] {logging_mixin.py:104} INFO - [2026-04-24 20:20:55,004] {dagbag.py:451} INFO - Filling up the DagBag from /home/airflow/.local/lib/python3.6/site-packages/airflow/example_dags/example_python_operator.py
[2026-04-24 20:20:55,011] {scheduler_job.py:639} INFO - DAG(s) dict_keys(['example_python_operator']) retrieved from /home/airflow/.local/lib/python3.6/site-packages/airflow/example_dags/example_python_operator.py
[2026-04-24 20:20:55,024] {logging_mixin.py:104} INFO - [2026-04-24 20:20:55,024] {dag.py:1824} INFO - Sync 1 DAGs
[2026-04-24 20:20:55,035] {logging_mixin.py:104} INFO - [2026-04-24 20:20:55,034] {dag.py:2280} INFO - Setting next_dagrun for example_python_operator to None
[2026-04-24 20:20:55,041] {scheduler_job.py:190} INFO - Processing /home/airflow/.local/lib/python3.6/site-packages/airflow/example_dags/example_python_operator.py took 0.040 seconds
[2026-04-24 20:21:25,936] {scheduler_job.py:182} INFO - Started process (PID=656) to work on /home/airflow/.local/lib/python3.6/site-packages/airflow/example_dags/example_python_operator.py
[2026-04-24 20:21:25,938] {scheduler_job.py:629} INFO - Processing file /home/airflow/.local/lib/python3.6/site-packages/airflow/example_dags/example_python_operator.py for tasks to queue
[2026-04-24 20:21:25,938] {logging_mixin.py:104} INFO - [2026-04-24 20:21:25,938] {dagbag.py:451} INFO - Filling up the DagBag from /home/airflow/.local/lib/python3.6/site-packages/airflow/example_dags/example_python_operator.py
[2026-04-24 20:21:25,950] {scheduler_job.py:639} INFO - DAG(s) dict_keys(['example_python_operator']) retrieved from /home/airflow/.local/lib/python3.6/site-packages/airflow/example_dags/example_python_operator.py
[2026-04-24 20:21:25,964] {logging_mixin.py:104} INFO - [2026-04-24 20:21:25,964] {dag.py:1824} INFO - Sync 1 DAGs
[2026-04-24 20:21:25,974] {logging_mixin.py:104} INFO - [2026-04-24 20:21:25,974] {dag.py:2280} INFO - Setting next_dagrun for example_python_operator to None
[2026-04-24 20:21:25,981] {scheduler_job.py:190} INFO - Processing /home/airflow/.local/lib/python3.6/site-packages/airflow/example_dags/example_python_operator.py took 0.048 seconds
[2026-04-24 20:21:56,876] {scheduler_job.py:182} INFO - Started process (PID=683) to work on /home/airflow/.local/lib/python3.6/site-packages/airflow/example_dags/example_python_operator.py
[2026-04-24 20:21:56,877] {scheduler_job.py:629} INFO - Processing file /home/airflow/.local/lib/python3.6/site-packages/airflow/example_dags/example_python_operator.py for tasks to queue
[2026-04-24 20:21:56,878] {logging_mixin.py:104} INFO - [2026-04-24 20:21:56,878] {dagbag.py:451} INFO - Filling up the DagBag from /home/airflow/.local/lib/python3.6/site-packages/airflow/example_dags/example_python_operator.py
[2026-04-24 20:21:56,886] {scheduler_job.py:639} INFO - DAG(s) dict_keys(['example_python_operator']) retrieved from /home/airflow/.local/lib/python3.6/site-packages/airflow/example_dags/example_python_operator.py
[2026-04-24 20:21:56,900] {logging_mixin.py:104} INFO - [2026-04-24 20:21:56,900] {dag.py:1824} INFO - Sync 1 DAGs
[2026-04-24 20:21:56,911] {logging_mixin.py:104} INFO - [2026-04-24 20:21:56,911] {dag.py:2280} INFO - Setting next_dagrun for example_python_operator to None
[2026-04-24 20:21:56,919] {scheduler_job.py:190} INFO - Processing /home/airflow/.local/lib/python3.6/site-packages/airflow/example_dags/example_python_operator.py took 0.045 seconds
[2026-04-24 20:22:27,792] {scheduler_job.py:182} INFO - Started process (PID=710) to work on /home/airflow/.local/lib/python3.6/site-packages/airflow/example_dags/example_python_operator.py
[2026-04-24 20:22:27,793] {scheduler_job.py:629} INFO - Processing file /home/airflow/.local/lib/python3.6/site-packages/airflow/example_dags/example_python_operator.py for tasks to queue
[2026-04-24 20:22:27,794] {logging_mixin.py:104} INFO - [2026-04-24 20:22:27,794] {dagbag.py:451} INFO - Filling up the DagBag from /home/airflow/.local/lib/python3.6/site-packages/airflow/example_dags/example_python_operator.py
[2026-04-24 20:22:27,804] {scheduler_job.py:639} INFO - DAG(s) dict_keys(['example_python_operator']) retrieved from /home/airflow/.local/lib/python3.6/site-packages/airflow/example_dags/example_python_operator.py
[2026-04-24 20:22:27,824] {logging_mixin.py:104} INFO - [2026-04-24 20:22:27,823] {dag.py:1824} INFO - Sync 1 DAGs
[2026-04-24 20:22:27,837] {logging_mixin.py:104} INFO - [2026-04-24 20:22:27,837] {dag.py:2280} INFO - Setting next_dagrun for example_python_operator to None
[2026-04-24 20:22:27,848] {scheduler_job.py:190} INFO - Processing /home/airflow/.local/lib/python3.6/site-packages/airflow/example_dags/example_python_operator.py took 0.058 seconds
[2026-04-24 20:22:58,731] {scheduler_job.py:182} INFO - Started process (PID=737) to work on /home/airflow/.local/lib/python3.6/site-packages/airflow/example_dags/example_python_operator.py
[2026-04-24 20:22:58,731] {scheduler_job.py:629} INFO - Processing file /home/airflow/.local/lib/python3.6/site-packages/airflow/example_dags/example_python_operator.py for tasks to queue
[2026-04-24 20:22:58,732] {logging_mixin.py:104} INFO - [2026-04-24 20:22:58,732] {dagbag.py:451} INFO - Filling up the DagBag from /home/airflow/.local/lib/python3.6/site-packages/airflow/example_dags/example_python_operator.py
[2026-04-24 20:22:58,740] {scheduler_job.py:639} INFO - DAG(s) dict_keys(['example_python_operator']) retrieved from /home/airflow/.local/lib/python3.6/site-packages/airflow/example_dags/example_python_operator.py
[2026-04-24 20:22:58,754] {logging_mixin.py:104} INFO - [2026-04-24 20:22:58,754] {dag.py:1824} INFO - Sync 1 DAGs
[2026-04-24 20:22:58,766] {logging_mixin.py:104} INFO - [2026-04-24 20:22:58,766] {dag.py:2280} INFO - Setting next_dagrun for example_python_operator to None
[2026-04-24 20:22:58,773] {scheduler_job.py:190} INFO - Processing /home/airflow/.local/lib/python3.6/site-packages/airflow/example_dags/example_python_operator.py took 0.044 seconds
[2026-04-24 20:23:29,603] {scheduler_job.py:182} INFO - Started process (PID=764) to work on /home/airflow/.local/lib/python3.6/site-packages/airflow/example_dags/example_python_operator.py
[2026-04-24 20:23:29,604] {scheduler_job.py:629} INFO - Processing file /home/airflow/.local/lib/python3.6/site-packages/airflow/example_dags/example_python_operator.py for tasks to queue
[2026-04-24 20:23:29,604] {logging_mixin.py:104} INFO - [2026-04-24 20:23:29,604] {dagbag.py:451} INFO - Filling up the DagBag from /home/airflow/.local/lib/python3.6/site-packages/airflow/example_dags/example_python_operator.py
[2026-04-24 20:23:29,612] {scheduler_job.py:639} INFO - DAG(s) dict_keys(['example_python_operator']) retrieved from /home/airflow/.local/lib/python3.6/site-packages/airflow/example_dags/example_python_operator.py
[2026-04-24 20:23:29,628] {logging_mixin.py:104} INFO - [2026-04-24 20:23:29,627] {dag.py:1824} INFO - Sync 1 DAGs
[2026-04-24 20:23:29,639] {logging_mixin.py:104} INFO - [2026-04-24 20:23:29,639] {dag.py:2280} INFO - Setting next_dagrun for example_python_operator to None
[2026-04-24 20:23:29,646] {scheduler_job.py:190} INFO - Processing /home/airflow/.local/lib/python3.6/site-packages/airflow/example_dags/example_python_operator.py took 0.045 seconds
[2026-04-24 20:24:00,498] {scheduler_job.py:182} INFO - Started process (PID=791) to work on /home/airflow/.local/lib/python3.6/site-packages/airflow/example_dags/example_python_operator.py
[2026-04-24 20:24:00,498] {scheduler_job.py:629} INFO - Processing file /home/airflow/.local/lib/python3.6/site-packages/airflow/example_dags/example_python_operator.py for tasks to queue
[2026-04-24 20:24:00,499] {logging_mixin.py:104} INFO - [2026-04-24 20:24:00,499] {dagbag.py:451} INFO - Filling up the DagBag from /home/airflow/.local/lib/python3.6/site-packages/airflow/example_dags/example_python_operator.py
[2026-04-24 20:24:00,508] {scheduler_job.py:639} INFO - DAG(s) dict_keys(['example_python_operator']) retrieved from /home/airflow/.local/lib/python3.6/site-packages/airflow/example_dags/example_python_operator.py
[2026-04-24 20:24:00,523] {logging_mixin.py:104} INFO - [2026-04-24 20:24:00,523] {dag.py:1824} INFO - Sync 1 DAGs
[2026-04-24 20:24:00,535] {logging_mixin.py:104} INFO - [2026-04-24 20:24:00,535] {dag.py:2280} INFO - Setting next_dagrun for example_python_operator to None
[2026-04-24 20:24:00,548] {scheduler_job.py:190} INFO - Processing /home/airflow/.local/lib/python3.6/site-packages/airflow/example_dags/example_python_operator.py took 0.053 seconds
[2026-04-24 20:24:31,471] {scheduler_job.py:182} INFO - Started process (PID=818) to work on /home/airflow/.local/lib/python3.6/site-packages/airflow/example_dags/example_python_operator.py
[2026-04-24 20:24:31,471] {scheduler_job.py:629} INFO - Processing file /home/airflow/.local/lib/python3.6/site-packages/airflow/example_dags/example_python_operator.py for tasks to queue
[2026-04-24 20:24:31,472] {logging_mixin.py:104} INFO - [2026-04-24 20:24:31,472] {dagbag.py:451} INFO - Filling up the DagBag from /home/airflow/.local/lib/python3.6/site-packages/airflow/example_dags/example_python_operator.py
[2026-04-24 20:24:31,481] {scheduler_job.py:639} INFO - DAG(s) dict_keys(['example_python_operator']) retrieved from /home/airflow/.local/lib/python3.6/site-packages/airflow/example_dags/example_python_operator.py
[2026-04-24 20:24:31,496] {logging_mixin.py:104} INFO - [2026-04-24 20:24:31,496] {dag.py:1824} INFO - Sync 1 DAGs
[2026-04-24 20:24:31,507] {logging_mixin.py:104} INFO - [2026-04-24 20:24:31,507] {dag.py:2280} INFO - Setting next_dagrun for example_python_operator to None
[2026-04-24 20:24:31,513] {scheduler_job.py:190} INFO - Processing /home/airflow/.local/lib/python3.6/site-packages/airflow/example_dags/example_python_operator.py took 0.045 seconds
