[2026-04-24 20:07:24,411] {scheduler_job.py:182} INFO - Started process (PID=36) to work on /home/airflow/.local/lib/python3.6/site-packages/airflow/example_dags/example_branch_python_dop_operator_3.py
[2026-04-24 20:07:24,412] {scheduler_job.py:629} INFO - Processing file /home/airflow/.local/lib/python3.6/site-packages/airflow/example_dags/example_branch_python_dop_operator_3.py for tasks to queue
[2026-04-24 20:07:24,413] {logging_mixin.py:104} INFO - [2026-04-24 20:07:24,412] {dagbag.py:451} INFO - Filling up the DagBag from /home/airflow/.local/lib/python3.6/site-packages/airflow/example_dags/example_branch_python_dop_operator_3.py
[2026-04-24 20:07:24,424] {scheduler_job.py:639} INFO - DAG(s) dict_keys(['example_branch_dop_operator_v3']) retrieved from /home/airflow/.local/lib/python3.6/site-packages/airflow/example_dags/example_branch_python_dop_operator_3.py
[2026-04-24 20:07:24,442] {logging_mixin.py:104} INFO - [2026-04-24 20:07:24,442] {dag.py:1824} INFO - Sync 1 DAGs
[2026-04-24 20:07:24,450] {logging_mixin.py:104} INFO - [2026-04-24 20:07:24,450] {dag.py:1843} INFO - Creating ORM DAG for example_branch_dop_operator_v3
[2026-04-24 20:07:24,464] {logging_mixin.py:104} INFO - [2026-04-24 20:07:24,464] {dag.py:2280} INFO - Setting next_dagrun for example_branch_dop_operator_v3 to 2026-04-22 00:00:00+00:00
[2026-04-24 20:07:24,475] {scheduler_job.py:190} INFO - Processing /home/airflow/.local/lib/python3.6/site-packages/airflow/example_dags/example_branch_python_dop_operator_3.py took 0.066 seconds
[2026-04-24 20:07:54,742] {scheduler_job.py:182} INFO - Started process (PID=63) to work on /home/airflow/.local/lib/python3.6/site-packages/airflow/example_dags/example_branch_python_dop_operator_3.py
[2026-04-24 20:07:54,742] {scheduler_job.py:629} INFO - Processing file /home/airflow/.local/lib/python3.6/site-packages/airflow/example_dags/example_branch_python_dop_operator_3.py for tasks to queue
[2026-04-24 20:07:54,743] {logging_mixin.py:104} INFO - [2026-04-24 20:07:54,743] {dagbag.py:451} INFO - Filling up the DagBag from /home/airflow/.local/lib/python3.6/site-packages/airflow/example_dags/example_branch_python_dop_operator_3.py
[2026-04-24 20:07:54,752] {scheduler_job.py:639} INFO - DAG(s) dict_keys(['example_branch_dop_operator_v3']) retrieved from /home/airflow/.local/lib/python3.6/site-packages/airflow/example_dags/example_branch_python_dop_operator_3.py
[2026-04-24 20:07:54,766] {logging_mixin.py:104} INFO - [2026-04-24 20:07:54,766] {dag.py:1824} INFO - Sync 1 DAGs
[2026-04-24 20:07:54,786] {logging_mixin.py:104} INFO - [2026-04-24 20:07:54,786] {dag.py:2280} INFO - Setting next_dagrun for example_branch_dop_operator_v3 to 2026-04-22 00:00:00+00:00
[2026-04-24 20:07:54,793] {scheduler_job.py:190} INFO - Processing /home/airflow/.local/lib/python3.6/site-packages/airflow/example_dags/example_branch_python_dop_operator_3.py took 0.053 seconds
[2026-04-24 20:08:24,848] {scheduler_job.py:182} INFO - Started process (PID=89) to work on /home/airflow/.local/lib/python3.6/site-packages/airflow/example_dags/example_branch_python_dop_operator_3.py
[2026-04-24 20:08:24,849] {scheduler_job.py:629} INFO - Processing file /home/airflow/.local/lib/python3.6/site-packages/airflow/example_dags/example_branch_python_dop_operator_3.py for tasks to queue
[2026-04-24 20:08:24,849] {logging_mixin.py:104} INFO - [2026-04-24 20:08:24,849] {dagbag.py:451} INFO - Filling up the DagBag from /home/airflow/.local/lib/python3.6/site-packages/airflow/example_dags/example_branch_python_dop_operator_3.py
[2026-04-24 20:08:24,863] {scheduler_job.py:639} INFO - DAG(s) dict_keys(['example_branch_dop_operator_v3']) retrieved from /home/airflow/.local/lib/python3.6/site-packages/airflow/example_dags/example_branch_python_dop_operator_3.py
[2026-04-24 20:08:24,876] {logging_mixin.py:104} INFO - [2026-04-24 20:08:24,876] {dag.py:1824} INFO - Sync 1 DAGs
[2026-04-24 20:08:24,896] {logging_mixin.py:104} INFO - [2026-04-24 20:08:24,896] {dag.py:2280} INFO - Setting next_dagrun for example_branch_dop_operator_v3 to 2026-04-22 00:00:00+00:00
[2026-04-24 20:08:24,902] {scheduler_job.py:190} INFO - Processing /home/airflow/.local/lib/python3.6/site-packages/airflow/example_dags/example_branch_python_dop_operator_3.py took 0.057 seconds
[2026-04-24 20:08:55,778] {scheduler_job.py:182} INFO - Started process (PID=113) to work on /home/airflow/.local/lib/python3.6/site-packages/airflow/example_dags/example_branch_python_dop_operator_3.py
[2026-04-24 20:08:55,779] {scheduler_job.py:629} INFO - Processing file /home/airflow/.local/lib/python3.6/site-packages/airflow/example_dags/example_branch_python_dop_operator_3.py for tasks to queue
[2026-04-24 20:08:55,780] {logging_mixin.py:104} INFO - [2026-04-24 20:08:55,780] {dagbag.py:451} INFO - Filling up the DagBag from /home/airflow/.local/lib/python3.6/site-packages/airflow/example_dags/example_branch_python_dop_operator_3.py
[2026-04-24 20:08:55,791] {scheduler_job.py:639} INFO - DAG(s) dict_keys(['example_branch_dop_operator_v3']) retrieved from /home/airflow/.local/lib/python3.6/site-packages/airflow/example_dags/example_branch_python_dop_operator_3.py
[2026-04-24 20:08:55,806] {logging_mixin.py:104} INFO - [2026-04-24 20:08:55,806] {dag.py:1824} INFO - Sync 1 DAGs
[2026-04-24 20:08:55,827] {logging_mixin.py:104} INFO - [2026-04-24 20:08:55,827] {dag.py:2280} INFO - Setting next_dagrun for example_branch_dop_operator_v3 to 2026-04-22 00:00:00+00:00
[2026-04-24 20:08:55,834] {scheduler_job.py:190} INFO - Processing /home/airflow/.local/lib/python3.6/site-packages/airflow/example_dags/example_branch_python_dop_operator_3.py took 0.060 seconds
[2026-04-24 20:09:26,747] {scheduler_job.py:182} INFO - Started process (PID=139) to work on /home/airflow/.local/lib/python3.6/site-packages/airflow/example_dags/example_branch_python_dop_operator_3.py
[2026-04-24 20:09:26,748] {scheduler_job.py:629} INFO - Processing file /home/airflow/.local/lib/python3.6/site-packages/airflow/example_dags/example_branch_python_dop_operator_3.py for tasks to queue
[2026-04-24 20:09:26,749] {logging_mixin.py:104} INFO - [2026-04-24 20:09:26,749] {dagbag.py:451} INFO - Filling up the DagBag from /home/airflow/.local/lib/python3.6/site-packages/airflow/example_dags/example_branch_python_dop_operator_3.py
[2026-04-24 20:09:26,769] {scheduler_job.py:639} INFO - DAG(s) dict_keys(['example_branch_dop_operator_v3']) retrieved from /home/airflow/.local/lib/python3.6/site-packages/airflow/example_dags/example_branch_python_dop_operator_3.py
[2026-04-24 20:09:26,799] {logging_mixin.py:104} INFO - [2026-04-24 20:09:26,799] {dag.py:1824} INFO - Sync 1 DAGs
[2026-04-24 20:09:26,835] {logging_mixin.py:104} INFO - [2026-04-24 20:09:26,835] {dag.py:2280} INFO - Setting next_dagrun for example_branch_dop_operator_v3 to 2026-04-22 00:00:00+00:00
[2026-04-24 20:09:26,853] {scheduler_job.py:190} INFO - Processing /home/airflow/.local/lib/python3.6/site-packages/airflow/example_dags/example_branch_python_dop_operator_3.py took 0.108 seconds
[2026-04-24 20:09:45,814] {scheduler_job.py:182} INFO - Started process (PID=35) to work on /home/airflow/.local/lib/python3.6/site-packages/airflow/example_dags/example_branch_python_dop_operator_3.py
[2026-04-24 20:09:45,815] {scheduler_job.py:629} INFO - Processing file /home/airflow/.local/lib/python3.6/site-packages/airflow/example_dags/example_branch_python_dop_operator_3.py for tasks to queue
[2026-04-24 20:09:45,815] {logging_mixin.py:104} INFO - [2026-04-24 20:09:45,815] {dagbag.py:451} INFO - Filling up the DagBag from /home/airflow/.local/lib/python3.6/site-packages/airflow/example_dags/example_branch_python_dop_operator_3.py
[2026-04-24 20:09:45,826] {scheduler_job.py:639} INFO - DAG(s) dict_keys(['example_branch_dop_operator_v3']) retrieved from /home/airflow/.local/lib/python3.6/site-packages/airflow/example_dags/example_branch_python_dop_operator_3.py
[2026-04-24 20:09:45,841] {logging_mixin.py:104} INFO - [2026-04-24 20:09:45,841] {dag.py:1824} INFO - Sync 1 DAGs
[2026-04-24 20:09:45,865] {logging_mixin.py:104} INFO - [2026-04-24 20:09:45,864] {dag.py:2280} INFO - Setting next_dagrun for example_branch_dop_operator_v3 to 2026-04-22 00:00:00+00:00
[2026-04-24 20:09:45,872] {scheduler_job.py:190} INFO - Processing /home/airflow/.local/lib/python3.6/site-packages/airflow/example_dags/example_branch_python_dop_operator_3.py took 0.061 seconds
[2026-04-24 20:10:16,017] {scheduler_job.py:182} INFO - Started process (PID=64) to work on /home/airflow/.local/lib/python3.6/site-packages/airflow/example_dags/example_branch_python_dop_operator_3.py
[2026-04-24 20:10:16,017] {scheduler_job.py:629} INFO - Processing file /home/airflow/.local/lib/python3.6/site-packages/airflow/example_dags/example_branch_python_dop_operator_3.py for tasks to queue
[2026-04-24 20:10:16,018] {logging_mixin.py:104} INFO - [2026-04-24 20:10:16,018] {dagbag.py:451} INFO - Filling up the DagBag from /home/airflow/.local/lib/python3.6/site-packages/airflow/example_dags/example_branch_python_dop_operator_3.py
[2026-04-24 20:10:16,027] {scheduler_job.py:639} INFO - DAG(s) dict_keys(['example_branch_dop_operator_v3']) retrieved from /home/airflow/.local/lib/python3.6/site-packages/airflow/example_dags/example_branch_python_dop_operator_3.py
[2026-04-24 20:10:16,043] {logging_mixin.py:104} INFO - [2026-04-24 20:10:16,043] {dag.py:1824} INFO - Sync 1 DAGs
[2026-04-24 20:10:16,065] {logging_mixin.py:104} INFO - [2026-04-24 20:10:16,065] {dag.py:2280} INFO - Setting next_dagrun for example_branch_dop_operator_v3 to 2026-04-22 00:00:00+00:00
[2026-04-24 20:10:16,072] {scheduler_job.py:190} INFO - Processing /home/airflow/.local/lib/python3.6/site-packages/airflow/example_dags/example_branch_python_dop_operator_3.py took 0.057 seconds
[2026-04-24 20:10:46,089] {scheduler_job.py:182} INFO - Started process (PID=91) to work on /home/airflow/.local/lib/python3.6/site-packages/airflow/example_dags/example_branch_python_dop_operator_3.py
[2026-04-24 20:10:46,089] {scheduler_job.py:629} INFO - Processing file /home/airflow/.local/lib/python3.6/site-packages/airflow/example_dags/example_branch_python_dop_operator_3.py for tasks to queue
[2026-04-24 20:10:46,090] {logging_mixin.py:104} INFO - [2026-04-24 20:10:46,089] {dagbag.py:451} INFO - Filling up the DagBag from /home/airflow/.local/lib/python3.6/site-packages/airflow/example_dags/example_branch_python_dop_operator_3.py
[2026-04-24 20:10:46,099] {scheduler_job.py:639} INFO - DAG(s) dict_keys(['example_branch_dop_operator_v3']) retrieved from /home/airflow/.local/lib/python3.6/site-packages/airflow/example_dags/example_branch_python_dop_operator_3.py
[2026-04-24 20:10:46,115] {logging_mixin.py:104} INFO - [2026-04-24 20:10:46,114] {dag.py:1824} INFO - Sync 1 DAGs
[2026-04-24 20:10:46,136] {logging_mixin.py:104} INFO - [2026-04-24 20:10:46,136] {dag.py:2280} INFO - Setting next_dagrun for example_branch_dop_operator_v3 to 2026-04-22 00:00:00+00:00
[2026-04-24 20:10:46,143] {scheduler_job.py:190} INFO - Processing /home/airflow/.local/lib/python3.6/site-packages/airflow/example_dags/example_branch_python_dop_operator_3.py took 0.057 seconds
[2026-04-24 20:11:16,349] {scheduler_job.py:182} INFO - Started process (PID=120) to work on /home/airflow/.local/lib/python3.6/site-packages/airflow/example_dags/example_branch_python_dop_operator_3.py
[2026-04-24 20:11:16,350] {scheduler_job.py:629} INFO - Processing file /home/airflow/.local/lib/python3.6/site-packages/airflow/example_dags/example_branch_python_dop_operator_3.py for tasks to queue
[2026-04-24 20:11:16,350] {logging_mixin.py:104} INFO - [2026-04-24 20:11:16,350] {dagbag.py:451} INFO - Filling up the DagBag from /home/airflow/.local/lib/python3.6/site-packages/airflow/example_dags/example_branch_python_dop_operator_3.py
[2026-04-24 20:11:16,359] {scheduler_job.py:639} INFO - DAG(s) dict_keys(['example_branch_dop_operator_v3']) retrieved from /home/airflow/.local/lib/python3.6/site-packages/airflow/example_dags/example_branch_python_dop_operator_3.py
[2026-04-24 20:11:16,375] {logging_mixin.py:104} INFO - [2026-04-24 20:11:16,375] {dag.py:1824} INFO - Sync 1 DAGs
[2026-04-24 20:11:16,396] {logging_mixin.py:104} INFO - [2026-04-24 20:11:16,396] {dag.py:2280} INFO - Setting next_dagrun for example_branch_dop_operator_v3 to 2026-04-22 00:00:00+00:00
[2026-04-24 20:11:16,404] {scheduler_job.py:190} INFO - Processing /home/airflow/.local/lib/python3.6/site-packages/airflow/example_dags/example_branch_python_dop_operator_3.py took 0.057 seconds
[2026-04-24 20:11:46,469] {scheduler_job.py:182} INFO - Started process (PID=147) to work on /home/airflow/.local/lib/python3.6/site-packages/airflow/example_dags/example_branch_python_dop_operator_3.py
[2026-04-24 20:11:46,469] {scheduler_job.py:629} INFO - Processing file /home/airflow/.local/lib/python3.6/site-packages/airflow/example_dags/example_branch_python_dop_operator_3.py for tasks to queue
[2026-04-24 20:11:46,470] {logging_mixin.py:104} INFO - [2026-04-24 20:11:46,470] {dagbag.py:451} INFO - Filling up the DagBag from /home/airflow/.local/lib/python3.6/site-packages/airflow/example_dags/example_branch_python_dop_operator_3.py
[2026-04-24 20:11:46,479] {scheduler_job.py:639} INFO - DAG(s) dict_keys(['example_branch_dop_operator_v3']) retrieved from /home/airflow/.local/lib/python3.6/site-packages/airflow/example_dags/example_branch_python_dop_operator_3.py
[2026-04-24 20:11:46,491] {logging_mixin.py:104} INFO - [2026-04-24 20:11:46,491] {dag.py:1824} INFO - Sync 1 DAGs
[2026-04-24 20:11:46,512] {logging_mixin.py:104} INFO - [2026-04-24 20:11:46,512] {dag.py:2280} INFO - Setting next_dagrun for example_branch_dop_operator_v3 to 2026-04-22 00:00:00+00:00
[2026-04-24 20:11:46,519] {scheduler_job.py:190} INFO - Processing /home/airflow/.local/lib/python3.6/site-packages/airflow/example_dags/example_branch_python_dop_operator_3.py took 0.052 seconds
[2026-04-24 20:12:16,543] {scheduler_job.py:182} INFO - Started process (PID=174) to work on /home/airflow/.local/lib/python3.6/site-packages/airflow/example_dags/example_branch_python_dop_operator_3.py
[2026-04-24 20:12:16,545] {scheduler_job.py:629} INFO - Processing file /home/airflow/.local/lib/python3.6/site-packages/airflow/example_dags/example_branch_python_dop_operator_3.py for tasks to queue
[2026-04-24 20:12:16,546] {logging_mixin.py:104} INFO - [2026-04-24 20:12:16,546] {dagbag.py:451} INFO - Filling up the DagBag from /home/airflow/.local/lib/python3.6/site-packages/airflow/example_dags/example_branch_python_dop_operator_3.py
[2026-04-24 20:12:16,557] {scheduler_job.py:639} INFO - DAG(s) dict_keys(['example_branch_dop_operator_v3']) retrieved from /home/airflow/.local/lib/python3.6/site-packages/airflow/example_dags/example_branch_python_dop_operator_3.py
[2026-04-24 20:12:16,573] {logging_mixin.py:104} INFO - [2026-04-24 20:12:16,573] {dag.py:1824} INFO - Sync 1 DAGs
[2026-04-24 20:12:16,592] {logging_mixin.py:104} INFO - [2026-04-24 20:12:16,592] {dag.py:2280} INFO - Setting next_dagrun for example_branch_dop_operator_v3 to 2026-04-22 00:00:00+00:00
[2026-04-24 20:12:16,599] {scheduler_job.py:190} INFO - Processing /home/airflow/.local/lib/python3.6/site-packages/airflow/example_dags/example_branch_python_dop_operator_3.py took 0.060 seconds
[2026-04-24 20:12:46,616] {scheduler_job.py:182} INFO - Started process (PID=201) to work on /home/airflow/.local/lib/python3.6/site-packages/airflow/example_dags/example_branch_python_dop_operator_3.py
[2026-04-24 20:12:46,617] {scheduler_job.py:629} INFO - Processing file /home/airflow/.local/lib/python3.6/site-packages/airflow/example_dags/example_branch_python_dop_operator_3.py for tasks to queue
[2026-04-24 20:12:46,617] {logging_mixin.py:104} INFO - [2026-04-24 20:12:46,617] {dagbag.py:451} INFO - Filling up the DagBag from /home/airflow/.local/lib/python3.6/site-packages/airflow/example_dags/example_branch_python_dop_operator_3.py
[2026-04-24 20:12:46,626] {scheduler_job.py:639} INFO - DAG(s) dict_keys(['example_branch_dop_operator_v3']) retrieved from /home/airflow/.local/lib/python3.6/site-packages/airflow/example_dags/example_branch_python_dop_operator_3.py
[2026-04-24 20:12:46,641] {logging_mixin.py:104} INFO - [2026-04-24 20:12:46,641] {dag.py:1824} INFO - Sync 1 DAGs
[2026-04-24 20:12:46,660] {logging_mixin.py:104} INFO - [2026-04-24 20:12:46,659] {dag.py:2280} INFO - Setting next_dagrun for example_branch_dop_operator_v3 to 2026-04-22 00:00:00+00:00
[2026-04-24 20:12:46,667] {scheduler_job.py:190} INFO - Processing /home/airflow/.local/lib/python3.6/site-packages/airflow/example_dags/example_branch_python_dop_operator_3.py took 0.052 seconds
[2026-04-24 20:13:17,479] {scheduler_job.py:182} INFO - Started process (PID=223) to work on /home/airflow/.local/lib/python3.6/site-packages/airflow/example_dags/example_branch_python_dop_operator_3.py
[2026-04-24 20:13:17,481] {scheduler_job.py:629} INFO - Processing file /home/airflow/.local/lib/python3.6/site-packages/airflow/example_dags/example_branch_python_dop_operator_3.py for tasks to queue
[2026-04-24 20:13:17,482] {logging_mixin.py:104} INFO - [2026-04-24 20:13:17,481] {dagbag.py:451} INFO - Filling up the DagBag from /home/airflow/.local/lib/python3.6/site-packages/airflow/example_dags/example_branch_python_dop_operator_3.py
[2026-04-24 20:13:17,494] {scheduler_job.py:639} INFO - DAG(s) dict_keys(['example_branch_dop_operator_v3']) retrieved from /home/airflow/.local/lib/python3.6/site-packages/airflow/example_dags/example_branch_python_dop_operator_3.py
[2026-04-24 20:13:17,511] {logging_mixin.py:104} INFO - [2026-04-24 20:13:17,510] {dag.py:1824} INFO - Sync 1 DAGs
[2026-04-24 20:13:17,529] {logging_mixin.py:104} INFO - [2026-04-24 20:13:17,529] {dag.py:2280} INFO - Setting next_dagrun for example_branch_dop_operator_v3 to 2026-04-22 00:00:00+00:00
[2026-04-24 20:13:17,539] {scheduler_job.py:190} INFO - Processing /home/airflow/.local/lib/python3.6/site-packages/airflow/example_dags/example_branch_python_dop_operator_3.py took 0.063 seconds
[2026-04-24 20:13:48,454] {scheduler_job.py:182} INFO - Started process (PID=250) to work on /home/airflow/.local/lib/python3.6/site-packages/airflow/example_dags/example_branch_python_dop_operator_3.py
[2026-04-24 20:13:48,455] {scheduler_job.py:629} INFO - Processing file /home/airflow/.local/lib/python3.6/site-packages/airflow/example_dags/example_branch_python_dop_operator_3.py for tasks to queue
[2026-04-24 20:13:48,455] {logging_mixin.py:104} INFO - [2026-04-24 20:13:48,455] {dagbag.py:451} INFO - Filling up the DagBag from /home/airflow/.local/lib/python3.6/site-packages/airflow/example_dags/example_branch_python_dop_operator_3.py
[2026-04-24 20:13:48,464] {scheduler_job.py:639} INFO - DAG(s) dict_keys(['example_branch_dop_operator_v3']) retrieved from /home/airflow/.local/lib/python3.6/site-packages/airflow/example_dags/example_branch_python_dop_operator_3.py
[2026-04-24 20:13:48,479] {logging_mixin.py:104} INFO - [2026-04-24 20:13:48,479] {dag.py:1824} INFO - Sync 1 DAGs
[2026-04-24 20:13:48,498] {logging_mixin.py:104} INFO - [2026-04-24 20:13:48,498] {dag.py:2280} INFO - Setting next_dagrun for example_branch_dop_operator_v3 to 2026-04-22 00:00:00+00:00
[2026-04-24 20:13:48,505] {scheduler_job.py:190} INFO - Processing /home/airflow/.local/lib/python3.6/site-packages/airflow/example_dags/example_branch_python_dop_operator_3.py took 0.053 seconds
[2026-04-24 20:14:19,444] {scheduler_job.py:182} INFO - Started process (PID=277) to work on /home/airflow/.local/lib/python3.6/site-packages/airflow/example_dags/example_branch_python_dop_operator_3.py
[2026-04-24 20:14:19,445] {scheduler_job.py:629} INFO - Processing file /home/airflow/.local/lib/python3.6/site-packages/airflow/example_dags/example_branch_python_dop_operator_3.py for tasks to queue
[2026-04-24 20:14:19,446] {logging_mixin.py:104} INFO - [2026-04-24 20:14:19,446] {dagbag.py:451} INFO - Filling up the DagBag from /home/airflow/.local/lib/python3.6/site-packages/airflow/example_dags/example_branch_python_dop_operator_3.py
[2026-04-24 20:14:19,460] {scheduler_job.py:639} INFO - DAG(s) dict_keys(['example_branch_dop_operator_v3']) retrieved from /home/airflow/.local/lib/python3.6/site-packages/airflow/example_dags/example_branch_python_dop_operator_3.py
[2026-04-24 20:14:19,473] {logging_mixin.py:104} INFO - [2026-04-24 20:14:19,473] {dag.py:1824} INFO - Sync 1 DAGs
[2026-04-24 20:14:19,491] {logging_mixin.py:104} INFO - [2026-04-24 20:14:19,491] {dag.py:2280} INFO - Setting next_dagrun for example_branch_dop_operator_v3 to 2026-04-22 00:00:00+00:00
[2026-04-24 20:14:19,499] {scheduler_job.py:190} INFO - Processing /home/airflow/.local/lib/python3.6/site-packages/airflow/example_dags/example_branch_python_dop_operator_3.py took 0.058 seconds
[2026-04-24 20:14:49,555] {scheduler_job.py:182} INFO - Started process (PID=304) to work on /home/airflow/.local/lib/python3.6/site-packages/airflow/example_dags/example_branch_python_dop_operator_3.py
[2026-04-24 20:14:49,556] {scheduler_job.py:629} INFO - Processing file /home/airflow/.local/lib/python3.6/site-packages/airflow/example_dags/example_branch_python_dop_operator_3.py for tasks to queue
[2026-04-24 20:14:49,557] {logging_mixin.py:104} INFO - [2026-04-24 20:14:49,557] {dagbag.py:451} INFO - Filling up the DagBag from /home/airflow/.local/lib/python3.6/site-packages/airflow/example_dags/example_branch_python_dop_operator_3.py
[2026-04-24 20:14:49,571] {scheduler_job.py:639} INFO - DAG(s) dict_keys(['example_branch_dop_operator_v3']) retrieved from /home/airflow/.local/lib/python3.6/site-packages/airflow/example_dags/example_branch_python_dop_operator_3.py
[2026-04-24 20:14:49,587] {logging_mixin.py:104} INFO - [2026-04-24 20:14:49,586] {dag.py:1824} INFO - Sync 1 DAGs
[2026-04-24 20:14:49,605] {logging_mixin.py:104} INFO - [2026-04-24 20:14:49,605] {dag.py:2280} INFO - Setting next_dagrun for example_branch_dop_operator_v3 to 2026-04-22 00:00:00+00:00
[2026-04-24 20:14:49,612] {scheduler_job.py:190} INFO - Processing /home/airflow/.local/lib/python3.6/site-packages/airflow/example_dags/example_branch_python_dop_operator_3.py took 0.060 seconds
[2026-04-24 20:15:19,640] {scheduler_job.py:182} INFO - Started process (PID=331) to work on /home/airflow/.local/lib/python3.6/site-packages/airflow/example_dags/example_branch_python_dop_operator_3.py
[2026-04-24 20:15:19,641] {scheduler_job.py:629} INFO - Processing file /home/airflow/.local/lib/python3.6/site-packages/airflow/example_dags/example_branch_python_dop_operator_3.py for tasks to queue
[2026-04-24 20:15:19,642] {logging_mixin.py:104} INFO - [2026-04-24 20:15:19,642] {dagbag.py:451} INFO - Filling up the DagBag from /home/airflow/.local/lib/python3.6/site-packages/airflow/example_dags/example_branch_python_dop_operator_3.py
[2026-04-24 20:15:19,655] {scheduler_job.py:639} INFO - DAG(s) dict_keys(['example_branch_dop_operator_v3']) retrieved from /home/airflow/.local/lib/python3.6/site-packages/airflow/example_dags/example_branch_python_dop_operator_3.py
[2026-04-24 20:15:19,670] {logging_mixin.py:104} INFO - [2026-04-24 20:15:19,670] {dag.py:1824} INFO - Sync 1 DAGs
[2026-04-24 20:15:19,689] {logging_mixin.py:104} INFO - [2026-04-24 20:15:19,689] {dag.py:2280} INFO - Setting next_dagrun for example_branch_dop_operator_v3 to 2026-04-22 00:00:00+00:00
[2026-04-24 20:15:19,696] {scheduler_job.py:190} INFO - Processing /home/airflow/.local/lib/python3.6/site-packages/airflow/example_dags/example_branch_python_dop_operator_3.py took 0.060 seconds
[2026-04-24 20:15:49,770] {scheduler_job.py:182} INFO - Started process (PID=358) to work on /home/airflow/.local/lib/python3.6/site-packages/airflow/example_dags/example_branch_python_dop_operator_3.py
[2026-04-24 20:15:49,770] {scheduler_job.py:629} INFO - Processing file /home/airflow/.local/lib/python3.6/site-packages/airflow/example_dags/example_branch_python_dop_operator_3.py for tasks to queue
[2026-04-24 20:15:49,771] {logging_mixin.py:104} INFO - [2026-04-24 20:15:49,771] {dagbag.py:451} INFO - Filling up the DagBag from /home/airflow/.local/lib/python3.6/site-packages/airflow/example_dags/example_branch_python_dop_operator_3.py
[2026-04-24 20:15:49,782] {scheduler_job.py:639} INFO - DAG(s) dict_keys(['example_branch_dop_operator_v3']) retrieved from /home/airflow/.local/lib/python3.6/site-packages/airflow/example_dags/example_branch_python_dop_operator_3.py
[2026-04-24 20:15:49,799] {logging_mixin.py:104} INFO - [2026-04-24 20:15:49,799] {dag.py:1824} INFO - Sync 1 DAGs
[2026-04-24 20:15:49,819] {logging_mixin.py:104} INFO - [2026-04-24 20:15:49,819] {dag.py:2280} INFO - Setting next_dagrun for example_branch_dop_operator_v3 to 2026-04-22 00:00:00+00:00
[2026-04-24 20:15:49,827] {scheduler_job.py:190} INFO - Processing /home/airflow/.local/lib/python3.6/site-packages/airflow/example_dags/example_branch_python_dop_operator_3.py took 0.060 seconds
[2026-04-24 20:16:19,927] {scheduler_job.py:182} INFO - Started process (PID=386) to work on /home/airflow/.local/lib/python3.6/site-packages/airflow/example_dags/example_branch_python_dop_operator_3.py
[2026-04-24 20:16:19,928] {scheduler_job.py:629} INFO - Processing file /home/airflow/.local/lib/python3.6/site-packages/airflow/example_dags/example_branch_python_dop_operator_3.py for tasks to queue
[2026-04-24 20:16:19,928] {logging_mixin.py:104} INFO - [2026-04-24 20:16:19,928] {dagbag.py:451} INFO - Filling up the DagBag from /home/airflow/.local/lib/python3.6/site-packages/airflow/example_dags/example_branch_python_dop_operator_3.py
[2026-04-24 20:16:19,939] {scheduler_job.py:639} INFO - DAG(s) dict_keys(['example_branch_dop_operator_v3']) retrieved from /home/airflow/.local/lib/python3.6/site-packages/airflow/example_dags/example_branch_python_dop_operator_3.py
[2026-04-24 20:16:19,952] {logging_mixin.py:104} INFO - [2026-04-24 20:16:19,952] {dag.py:1824} INFO - Sync 1 DAGs
[2026-04-24 20:16:19,971] {logging_mixin.py:104} INFO - [2026-04-24 20:16:19,971] {dag.py:2280} INFO - Setting next_dagrun for example_branch_dop_operator_v3 to 2026-04-22 00:00:00+00:00
[2026-04-24 20:16:19,977] {scheduler_job.py:190} INFO - Processing /home/airflow/.local/lib/python3.6/site-packages/airflow/example_dags/example_branch_python_dop_operator_3.py took 0.052 seconds
[2026-04-24 20:16:50,017] {scheduler_job.py:182} INFO - Started process (PID=413) to work on /home/airflow/.local/lib/python3.6/site-packages/airflow/example_dags/example_branch_python_dop_operator_3.py
[2026-04-24 20:16:50,020] {scheduler_job.py:629} INFO - Processing file /home/airflow/.local/lib/python3.6/site-packages/airflow/example_dags/example_branch_python_dop_operator_3.py for tasks to queue
[2026-04-24 20:16:50,020] {logging_mixin.py:104} INFO - [2026-04-24 20:16:50,020] {dagbag.py:451} INFO - Filling up the DagBag from /home/airflow/.local/lib/python3.6/site-packages/airflow/example_dags/example_branch_python_dop_operator_3.py
[2026-04-24 20:16:50,029] {scheduler_job.py:639} INFO - DAG(s) dict_keys(['example_branch_dop_operator_v3']) retrieved from /home/airflow/.local/lib/python3.6/site-packages/airflow/example_dags/example_branch_python_dop_operator_3.py
[2026-04-24 20:16:50,043] {logging_mixin.py:104} INFO - [2026-04-24 20:16:50,043] {dag.py:1824} INFO - Sync 1 DAGs
[2026-04-24 20:16:50,062] {logging_mixin.py:104} INFO - [2026-04-24 20:16:50,062] {dag.py:2280} INFO - Setting next_dagrun for example_branch_dop_operator_v3 to 2026-04-22 00:00:00+00:00
[2026-04-24 20:16:50,070] {scheduler_job.py:190} INFO - Processing /home/airflow/.local/lib/python3.6/site-packages/airflow/example_dags/example_branch_python_dop_operator_3.py took 0.055 seconds
[2026-04-24 20:17:20,133] {scheduler_job.py:182} INFO - Started process (PID=441) to work on /home/airflow/.local/lib/python3.6/site-packages/airflow/example_dags/example_branch_python_dop_operator_3.py
[2026-04-24 20:17:20,134] {scheduler_job.py:629} INFO - Processing file /home/airflow/.local/lib/python3.6/site-packages/airflow/example_dags/example_branch_python_dop_operator_3.py for tasks to queue
[2026-04-24 20:17:20,134] {logging_mixin.py:104} INFO - [2026-04-24 20:17:20,134] {dagbag.py:451} INFO - Filling up the DagBag from /home/airflow/.local/lib/python3.6/site-packages/airflow/example_dags/example_branch_python_dop_operator_3.py
[2026-04-24 20:17:20,143] {scheduler_job.py:639} INFO - DAG(s) dict_keys(['example_branch_dop_operator_v3']) retrieved from /home/airflow/.local/lib/python3.6/site-packages/airflow/example_dags/example_branch_python_dop_operator_3.py
[2026-04-24 20:17:20,157] {logging_mixin.py:104} INFO - [2026-04-24 20:17:20,156] {dag.py:1824} INFO - Sync 1 DAGs
[2026-04-24 20:17:20,176] {logging_mixin.py:104} INFO - [2026-04-24 20:17:20,176] {dag.py:2280} INFO - Setting next_dagrun for example_branch_dop_operator_v3 to 2026-04-22 00:00:00+00:00
[2026-04-24 20:17:20,183] {scheduler_job.py:190} INFO - Processing /home/airflow/.local/lib/python3.6/site-packages/airflow/example_dags/example_branch_python_dop_operator_3.py took 0.052 seconds
[2026-04-24 20:17:50,220] {scheduler_job.py:182} INFO - Started process (PID=468) to work on /home/airflow/.local/lib/python3.6/site-packages/airflow/example_dags/example_branch_python_dop_operator_3.py
[2026-04-24 20:17:50,221] {scheduler_job.py:629} INFO - Processing file /home/airflow/.local/lib/python3.6/site-packages/airflow/example_dags/example_branch_python_dop_operator_3.py for tasks to queue
[2026-04-24 20:17:50,222] {logging_mixin.py:104} INFO - [2026-04-24 20:17:50,222] {dagbag.py:451} INFO - Filling up the DagBag from /home/airflow/.local/lib/python3.6/site-packages/airflow/example_dags/example_branch_python_dop_operator_3.py
[2026-04-24 20:17:50,235] {scheduler_job.py:639} INFO - DAG(s) dict_keys(['example_branch_dop_operator_v3']) retrieved from /home/airflow/.local/lib/python3.6/site-packages/airflow/example_dags/example_branch_python_dop_operator_3.py
[2026-04-24 20:17:50,249] {logging_mixin.py:104} INFO - [2026-04-24 20:17:50,249] {dag.py:1824} INFO - Sync 1 DAGs
[2026-04-24 20:17:50,268] {logging_mixin.py:104} INFO - [2026-04-24 20:17:50,268] {dag.py:2280} INFO - Setting next_dagrun for example_branch_dop_operator_v3 to 2026-04-22 00:00:00+00:00
[2026-04-24 20:17:50,275] {scheduler_job.py:190} INFO - Processing /home/airflow/.local/lib/python3.6/site-packages/airflow/example_dags/example_branch_python_dop_operator_3.py took 0.059 seconds
[2026-04-24 20:18:20,294] {scheduler_job.py:182} INFO - Started process (PID=495) to work on /home/airflow/.local/lib/python3.6/site-packages/airflow/example_dags/example_branch_python_dop_operator_3.py
[2026-04-24 20:18:20,294] {scheduler_job.py:629} INFO - Processing file /home/airflow/.local/lib/python3.6/site-packages/airflow/example_dags/example_branch_python_dop_operator_3.py for tasks to queue
[2026-04-24 20:18:20,295] {logging_mixin.py:104} INFO - [2026-04-24 20:18:20,295] {dagbag.py:451} INFO - Filling up the DagBag from /home/airflow/.local/lib/python3.6/site-packages/airflow/example_dags/example_branch_python_dop_operator_3.py
[2026-04-24 20:18:20,304] {scheduler_job.py:639} INFO - DAG(s) dict_keys(['example_branch_dop_operator_v3']) retrieved from /home/airflow/.local/lib/python3.6/site-packages/airflow/example_dags/example_branch_python_dop_operator_3.py
[2026-04-24 20:18:20,318] {logging_mixin.py:104} INFO - [2026-04-24 20:18:20,318] {dag.py:1824} INFO - Sync 1 DAGs
[2026-04-24 20:18:20,337] {logging_mixin.py:104} INFO - [2026-04-24 20:18:20,337] {dag.py:2280} INFO - Setting next_dagrun for example_branch_dop_operator_v3 to 2026-04-22 00:00:00+00:00
[2026-04-24 20:18:20,345] {scheduler_job.py:190} INFO - Processing /home/airflow/.local/lib/python3.6/site-packages/airflow/example_dags/example_branch_python_dop_operator_3.py took 0.053 seconds
[2026-04-24 20:18:51,190] {scheduler_job.py:182} INFO - Started process (PID=520) to work on /home/airflow/.local/lib/python3.6/site-packages/airflow/example_dags/example_branch_python_dop_operator_3.py
[2026-04-24 20:18:51,190] {scheduler_job.py:629} INFO - Processing file /home/airflow/.local/lib/python3.6/site-packages/airflow/example_dags/example_branch_python_dop_operator_3.py for tasks to queue
[2026-04-24 20:18:51,191] {logging_mixin.py:104} INFO - [2026-04-24 20:18:51,190] {dagbag.py:451} INFO - Filling up the DagBag from /home/airflow/.local/lib/python3.6/site-packages/airflow/example_dags/example_branch_python_dop_operator_3.py
[2026-04-24 20:18:51,200] {scheduler_job.py:639} INFO - DAG(s) dict_keys(['example_branch_dop_operator_v3']) retrieved from /home/airflow/.local/lib/python3.6/site-packages/airflow/example_dags/example_branch_python_dop_operator_3.py
[2026-04-24 20:18:51,215] {logging_mixin.py:104} INFO - [2026-04-24 20:18:51,215] {dag.py:1824} INFO - Sync 1 DAGs
[2026-04-24 20:18:51,236] {logging_mixin.py:104} INFO - [2026-04-24 20:18:51,236] {dag.py:2280} INFO - Setting next_dagrun for example_branch_dop_operator_v3 to 2026-04-22 00:00:00+00:00
[2026-04-24 20:18:51,242] {scheduler_job.py:190} INFO - Processing /home/airflow/.local/lib/python3.6/site-packages/airflow/example_dags/example_branch_python_dop_operator_3.py took 0.055 seconds
[2026-04-24 20:19:22,071] {scheduler_job.py:182} INFO - Started process (PID=547) to work on /home/airflow/.local/lib/python3.6/site-packages/airflow/example_dags/example_branch_python_dop_operator_3.py
[2026-04-24 20:19:22,072] {scheduler_job.py:629} INFO - Processing file /home/airflow/.local/lib/python3.6/site-packages/airflow/example_dags/example_branch_python_dop_operator_3.py for tasks to queue
[2026-04-24 20:19:22,072] {logging_mixin.py:104} INFO - [2026-04-24 20:19:22,072] {dagbag.py:451} INFO - Filling up the DagBag from /home/airflow/.local/lib/python3.6/site-packages/airflow/example_dags/example_branch_python_dop_operator_3.py
[2026-04-24 20:19:22,082] {scheduler_job.py:639} INFO - DAG(s) dict_keys(['example_branch_dop_operator_v3']) retrieved from /home/airflow/.local/lib/python3.6/site-packages/airflow/example_dags/example_branch_python_dop_operator_3.py
[2026-04-24 20:19:22,098] {logging_mixin.py:104} INFO - [2026-04-24 20:19:22,098] {dag.py:1824} INFO - Sync 1 DAGs
[2026-04-24 20:19:22,118] {logging_mixin.py:104} INFO - [2026-04-24 20:19:22,118] {dag.py:2280} INFO - Setting next_dagrun for example_branch_dop_operator_v3 to 2026-04-22 00:00:00+00:00
[2026-04-24 20:19:22,128] {scheduler_job.py:190} INFO - Processing /home/airflow/.local/lib/python3.6/site-packages/airflow/example_dags/example_branch_python_dop_operator_3.py took 0.059 seconds
[2026-04-24 20:19:53,030] {scheduler_job.py:182} INFO - Started process (PID=574) to work on /home/airflow/.local/lib/python3.6/site-packages/airflow/example_dags/example_branch_python_dop_operator_3.py
[2026-04-24 20:19:53,031] {scheduler_job.py:629} INFO - Processing file /home/airflow/.local/lib/python3.6/site-packages/airflow/example_dags/example_branch_python_dop_operator_3.py for tasks to queue
[2026-04-24 20:19:53,031] {logging_mixin.py:104} INFO - [2026-04-24 20:19:53,031] {dagbag.py:451} INFO - Filling up the DagBag from /home/airflow/.local/lib/python3.6/site-packages/airflow/example_dags/example_branch_python_dop_operator_3.py
[2026-04-24 20:19:53,040] {scheduler_job.py:639} INFO - DAG(s) dict_keys(['example_branch_dop_operator_v3']) retrieved from /home/airflow/.local/lib/python3.6/site-packages/airflow/example_dags/example_branch_python_dop_operator_3.py
[2026-04-24 20:19:53,054] {logging_mixin.py:104} INFO - [2026-04-24 20:19:53,054] {dag.py:1824} INFO - Sync 1 DAGs
[2026-04-24 20:19:53,073] {logging_mixin.py:104} INFO - [2026-04-24 20:19:53,073] {dag.py:2280} INFO - Setting next_dagrun for example_branch_dop_operator_v3 to 2026-04-22 00:00:00+00:00
[2026-04-24 20:19:53,080] {scheduler_job.py:190} INFO - Processing /home/airflow/.local/lib/python3.6/site-packages/airflow/example_dags/example_branch_python_dop_operator_3.py took 0.052 seconds
[2026-04-24 20:20:23,945] {scheduler_job.py:182} INFO - Started process (PID=601) to work on /home/airflow/.local/lib/python3.6/site-packages/airflow/example_dags/example_branch_python_dop_operator_3.py
[2026-04-24 20:20:23,946] {scheduler_job.py:629} INFO - Processing file /home/airflow/.local/lib/python3.6/site-packages/airflow/example_dags/example_branch_python_dop_operator_3.py for tasks to queue
[2026-04-24 20:20:23,946] {logging_mixin.py:104} INFO - [2026-04-24 20:20:23,946] {dagbag.py:451} INFO - Filling up the DagBag from /home/airflow/.local/lib/python3.6/site-packages/airflow/example_dags/example_branch_python_dop_operator_3.py
[2026-04-24 20:20:23,957] {scheduler_job.py:639} INFO - DAG(s) dict_keys(['example_branch_dop_operator_v3']) retrieved from /home/airflow/.local/lib/python3.6/site-packages/airflow/example_dags/example_branch_python_dop_operator_3.py
[2026-04-24 20:20:23,974] {logging_mixin.py:104} INFO - [2026-04-24 20:20:23,974] {dag.py:1824} INFO - Sync 1 DAGs
[2026-04-24 20:20:23,996] {logging_mixin.py:104} INFO - [2026-04-24 20:20:23,996] {dag.py:2280} INFO - Setting next_dagrun for example_branch_dop_operator_v3 to 2026-04-22 00:00:00+00:00
[2026-04-24 20:20:24,004] {scheduler_job.py:190} INFO - Processing /home/airflow/.local/lib/python3.6/site-packages/airflow/example_dags/example_branch_python_dop_operator_3.py took 0.061 seconds
[2026-04-24 20:20:54,987] {scheduler_job.py:182} INFO - Started process (PID=628) to work on /home/airflow/.local/lib/python3.6/site-packages/airflow/example_dags/example_branch_python_dop_operator_3.py
[2026-04-24 20:20:54,989] {scheduler_job.py:629} INFO - Processing file /home/airflow/.local/lib/python3.6/site-packages/airflow/example_dags/example_branch_python_dop_operator_3.py for tasks to queue
[2026-04-24 20:20:54,989] {logging_mixin.py:104} INFO - [2026-04-24 20:20:54,989] {dagbag.py:451} INFO - Filling up the DagBag from /home/airflow/.local/lib/python3.6/site-packages/airflow/example_dags/example_branch_python_dop_operator_3.py
[2026-04-24 20:20:55,010] {scheduler_job.py:639} INFO - DAG(s) dict_keys(['example_branch_dop_operator_v3']) retrieved from /home/airflow/.local/lib/python3.6/site-packages/airflow/example_dags/example_branch_python_dop_operator_3.py
[2026-04-24 20:20:55,025] {logging_mixin.py:104} INFO - [2026-04-24 20:20:55,025] {dag.py:1824} INFO - Sync 1 DAGs
[2026-04-24 20:20:55,044] {logging_mixin.py:104} INFO - [2026-04-24 20:20:55,044] {dag.py:2280} INFO - Setting next_dagrun for example_branch_dop_operator_v3 to 2026-04-22 00:00:00+00:00
[2026-04-24 20:20:55,052] {scheduler_job.py:190} INFO - Processing /home/airflow/.local/lib/python3.6/site-packages/airflow/example_dags/example_branch_python_dop_operator_3.py took 0.068 seconds
[2026-04-24 20:21:25,930] {scheduler_job.py:182} INFO - Started process (PID=655) to work on /home/airflow/.local/lib/python3.6/site-packages/airflow/example_dags/example_branch_python_dop_operator_3.py
[2026-04-24 20:21:25,931] {scheduler_job.py:629} INFO - Processing file /home/airflow/.local/lib/python3.6/site-packages/airflow/example_dags/example_branch_python_dop_operator_3.py for tasks to queue
[2026-04-24 20:21:25,931] {logging_mixin.py:104} INFO - [2026-04-24 20:21:25,931] {dagbag.py:451} INFO - Filling up the DagBag from /home/airflow/.local/lib/python3.6/site-packages/airflow/example_dags/example_branch_python_dop_operator_3.py
[2026-04-24 20:21:25,940] {scheduler_job.py:639} INFO - DAG(s) dict_keys(['example_branch_dop_operator_v3']) retrieved from /home/airflow/.local/lib/python3.6/site-packages/airflow/example_dags/example_branch_python_dop_operator_3.py
[2026-04-24 20:21:25,955] {logging_mixin.py:104} INFO - [2026-04-24 20:21:25,955] {dag.py:1824} INFO - Sync 1 DAGs
[2026-04-24 20:21:25,975] {logging_mixin.py:104} INFO - [2026-04-24 20:21:25,975] {dag.py:2280} INFO - Setting next_dagrun for example_branch_dop_operator_v3 to 2026-04-22 00:00:00+00:00
[2026-04-24 20:21:25,982] {scheduler_job.py:190} INFO - Processing /home/airflow/.local/lib/python3.6/site-packages/airflow/example_dags/example_branch_python_dop_operator_3.py took 0.054 seconds
[2026-04-24 20:21:56,874] {scheduler_job.py:182} INFO - Started process (PID=682) to work on /home/airflow/.local/lib/python3.6/site-packages/airflow/example_dags/example_branch_python_dop_operator_3.py
[2026-04-24 20:21:56,875] {scheduler_job.py:629} INFO - Processing file /home/airflow/.local/lib/python3.6/site-packages/airflow/example_dags/example_branch_python_dop_operator_3.py for tasks to queue
[2026-04-24 20:21:56,875] {logging_mixin.py:104} INFO - [2026-04-24 20:21:56,875] {dagbag.py:451} INFO - Filling up the DagBag from /home/airflow/.local/lib/python3.6/site-packages/airflow/example_dags/example_branch_python_dop_operator_3.py
[2026-04-24 20:21:56,885] {scheduler_job.py:639} INFO - DAG(s) dict_keys(['example_branch_dop_operator_v3']) retrieved from /home/airflow/.local/lib/python3.6/site-packages/airflow/example_dags/example_branch_python_dop_operator_3.py
[2026-04-24 20:21:56,900] {logging_mixin.py:104} INFO - [2026-04-24 20:21:56,900] {dag.py:1824} INFO - Sync 1 DAGs
[2026-04-24 20:21:56,919] {logging_mixin.py:104} INFO - [2026-04-24 20:21:56,919] {dag.py:2280} INFO - Setting next_dagrun for example_branch_dop_operator_v3 to 2026-04-22 00:00:00+00:00
[2026-04-24 20:21:56,926] {scheduler_job.py:190} INFO - Processing /home/airflow/.local/lib/python3.6/site-packages/airflow/example_dags/example_branch_python_dop_operator_3.py took 0.055 seconds
[2026-04-24 20:22:27,787] {scheduler_job.py:182} INFO - Started process (PID=709) to work on /home/airflow/.local/lib/python3.6/site-packages/airflow/example_dags/example_branch_python_dop_operator_3.py
[2026-04-24 20:22:27,789] {scheduler_job.py:629} INFO - Processing file /home/airflow/.local/lib/python3.6/site-packages/airflow/example_dags/example_branch_python_dop_operator_3.py for tasks to queue
[2026-04-24 20:22:27,789] {logging_mixin.py:104} INFO - [2026-04-24 20:22:27,789] {dagbag.py:451} INFO - Filling up the DagBag from /home/airflow/.local/lib/python3.6/site-packages/airflow/example_dags/example_branch_python_dop_operator_3.py
[2026-04-24 20:22:27,800] {scheduler_job.py:639} INFO - DAG(s) dict_keys(['example_branch_dop_operator_v3']) retrieved from /home/airflow/.local/lib/python3.6/site-packages/airflow/example_dags/example_branch_python_dop_operator_3.py
[2026-04-24 20:22:27,826] {logging_mixin.py:104} INFO - [2026-04-24 20:22:27,826] {dag.py:1824} INFO - Sync 1 DAGs
[2026-04-24 20:22:27,847] {logging_mixin.py:104} INFO - [2026-04-24 20:22:27,847] {dag.py:2280} INFO - Setting next_dagrun for example_branch_dop_operator_v3 to 2026-04-22 00:00:00+00:00
[2026-04-24 20:22:27,855] {scheduler_job.py:190} INFO - Processing /home/airflow/.local/lib/python3.6/site-packages/airflow/example_dags/example_branch_python_dop_operator_3.py took 0.070 seconds
[2026-04-24 20:22:58,716] {scheduler_job.py:182} INFO - Started process (PID=736) to work on /home/airflow/.local/lib/python3.6/site-packages/airflow/example_dags/example_branch_python_dop_operator_3.py
[2026-04-24 20:22:58,717] {scheduler_job.py:629} INFO - Processing file /home/airflow/.local/lib/python3.6/site-packages/airflow/example_dags/example_branch_python_dop_operator_3.py for tasks to queue
[2026-04-24 20:22:58,717] {logging_mixin.py:104} INFO - [2026-04-24 20:22:58,717] {dagbag.py:451} INFO - Filling up the DagBag from /home/airflow/.local/lib/python3.6/site-packages/airflow/example_dags/example_branch_python_dop_operator_3.py
[2026-04-24 20:22:58,728] {scheduler_job.py:639} INFO - DAG(s) dict_keys(['example_branch_dop_operator_v3']) retrieved from /home/airflow/.local/lib/python3.6/site-packages/airflow/example_dags/example_branch_python_dop_operator_3.py
[2026-04-24 20:22:58,741] {logging_mixin.py:104} INFO - [2026-04-24 20:22:58,741] {dag.py:1824} INFO - Sync 1 DAGs
[2026-04-24 20:22:58,760] {logging_mixin.py:104} INFO - [2026-04-24 20:22:58,760] {dag.py:2280} INFO - Setting next_dagrun for example_branch_dop_operator_v3 to 2026-04-22 00:00:00+00:00
[2026-04-24 20:22:58,767] {scheduler_job.py:190} INFO - Processing /home/airflow/.local/lib/python3.6/site-packages/airflow/example_dags/example_branch_python_dop_operator_3.py took 0.052 seconds
[2026-04-24 20:23:29,598] {scheduler_job.py:182} INFO - Started process (PID=763) to work on /home/airflow/.local/lib/python3.6/site-packages/airflow/example_dags/example_branch_python_dop_operator_3.py
[2026-04-24 20:23:29,598] {scheduler_job.py:629} INFO - Processing file /home/airflow/.local/lib/python3.6/site-packages/airflow/example_dags/example_branch_python_dop_operator_3.py for tasks to queue
[2026-04-24 20:23:29,599] {logging_mixin.py:104} INFO - [2026-04-24 20:23:29,599] {dagbag.py:451} INFO - Filling up the DagBag from /home/airflow/.local/lib/python3.6/site-packages/airflow/example_dags/example_branch_python_dop_operator_3.py
[2026-04-24 20:23:29,609] {scheduler_job.py:639} INFO - DAG(s) dict_keys(['example_branch_dop_operator_v3']) retrieved from /home/airflow/.local/lib/python3.6/site-packages/airflow/example_dags/example_branch_python_dop_operator_3.py
[2026-04-24 20:23:29,623] {logging_mixin.py:104} INFO - [2026-04-24 20:23:29,623] {dag.py:1824} INFO - Sync 1 DAGs
[2026-04-24 20:23:29,644] {logging_mixin.py:104} INFO - [2026-04-24 20:23:29,643] {dag.py:2280} INFO - Setting next_dagrun for example_branch_dop_operator_v3 to 2026-04-22 00:00:00+00:00
[2026-04-24 20:23:29,650] {scheduler_job.py:190} INFO - Processing /home/airflow/.local/lib/python3.6/site-packages/airflow/example_dags/example_branch_python_dop_operator_3.py took 0.054 seconds
[2026-04-24 20:24:00,495] {scheduler_job.py:182} INFO - Started process (PID=790) to work on /home/airflow/.local/lib/python3.6/site-packages/airflow/example_dags/example_branch_python_dop_operator_3.py
[2026-04-24 20:24:00,497] {scheduler_job.py:629} INFO - Processing file /home/airflow/.local/lib/python3.6/site-packages/airflow/example_dags/example_branch_python_dop_operator_3.py for tasks to queue
[2026-04-24 20:24:00,497] {logging_mixin.py:104} INFO - [2026-04-24 20:24:00,497] {dagbag.py:451} INFO - Filling up the DagBag from /home/airflow/.local/lib/python3.6/site-packages/airflow/example_dags/example_branch_python_dop_operator_3.py
[2026-04-24 20:24:00,511] {scheduler_job.py:639} INFO - DAG(s) dict_keys(['example_branch_dop_operator_v3']) retrieved from /home/airflow/.local/lib/python3.6/site-packages/airflow/example_dags/example_branch_python_dop_operator_3.py
[2026-04-24 20:24:00,525] {logging_mixin.py:104} INFO - [2026-04-24 20:24:00,525] {dag.py:1824} INFO - Sync 1 DAGs
[2026-04-24 20:24:00,559] {logging_mixin.py:104} INFO - [2026-04-24 20:24:00,559] {dag.py:2280} INFO - Setting next_dagrun for example_branch_dop_operator_v3 to 2026-04-22 00:00:00+00:00
[2026-04-24 20:24:00,571] {scheduler_job.py:190} INFO - Processing /home/airflow/.local/lib/python3.6/site-packages/airflow/example_dags/example_branch_python_dop_operator_3.py took 0.079 seconds
[2026-04-24 20:24:31,451] {scheduler_job.py:182} INFO - Started process (PID=817) to work on /home/airflow/.local/lib/python3.6/site-packages/airflow/example_dags/example_branch_python_dop_operator_3.py
[2026-04-24 20:24:31,452] {scheduler_job.py:629} INFO - Processing file /home/airflow/.local/lib/python3.6/site-packages/airflow/example_dags/example_branch_python_dop_operator_3.py for tasks to queue
[2026-04-24 20:24:31,452] {logging_mixin.py:104} INFO - [2026-04-24 20:24:31,452] {dagbag.py:451} INFO - Filling up the DagBag from /home/airflow/.local/lib/python3.6/site-packages/airflow/example_dags/example_branch_python_dop_operator_3.py
[2026-04-24 20:24:31,463] {scheduler_job.py:639} INFO - DAG(s) dict_keys(['example_branch_dop_operator_v3']) retrieved from /home/airflow/.local/lib/python3.6/site-packages/airflow/example_dags/example_branch_python_dop_operator_3.py
[2026-04-24 20:24:31,479] {logging_mixin.py:104} INFO - [2026-04-24 20:24:31,479] {dag.py:1824} INFO - Sync 1 DAGs
[2026-04-24 20:24:31,500] {logging_mixin.py:104} INFO - [2026-04-24 20:24:31,499] {dag.py:2280} INFO - Setting next_dagrun for example_branch_dop_operator_v3 to 2026-04-22 00:00:00+00:00
[2026-04-24 20:24:31,508] {scheduler_job.py:190} INFO - Processing /home/airflow/.local/lib/python3.6/site-packages/airflow/example_dags/example_branch_python_dop_operator_3.py took 0.060 seconds
