[2026-04-24 20:07:24,493] {scheduler_job.py:182} INFO - Started process (PID=38) to work on /home/airflow/.local/lib/python3.6/site-packages/airflow/example_dags/example_xcomargs.py
[2026-04-24 20:07:24,494] {scheduler_job.py:629} INFO - Processing file /home/airflow/.local/lib/python3.6/site-packages/airflow/example_dags/example_xcomargs.py for tasks to queue
[2026-04-24 20:07:24,495] {logging_mixin.py:104} INFO - [2026-04-24 20:07:24,495] {dagbag.py:451} INFO - Filling up the DagBag from /home/airflow/.local/lib/python3.6/site-packages/airflow/example_dags/example_xcomargs.py
[2026-04-24 20:07:24,507] {scheduler_job.py:639} INFO - DAG(s) dict_keys(['example_xcom_args', 'example_xcom_args_with_operators']) retrieved from /home/airflow/.local/lib/python3.6/site-packages/airflow/example_dags/example_xcomargs.py
[2026-04-24 20:07:24,529] {logging_mixin.py:104} INFO - [2026-04-24 20:07:24,529] {dag.py:1824} INFO - Sync 2 DAGs
[2026-04-24 20:07:24,537] {logging_mixin.py:104} INFO - [2026-04-24 20:07:24,537] {dag.py:1843} INFO - Creating ORM DAG for example_xcom_args
[2026-04-24 20:07:24,537] {logging_mixin.py:104} INFO - [2026-04-24 20:07:24,537] {dag.py:1843} INFO - Creating ORM DAG for example_xcom_args_with_operators
[2026-04-24 20:07:24,542] {logging_mixin.py:104} INFO - [2026-04-24 20:07:24,542] {dag.py:2280} INFO - Setting next_dagrun for example_xcom_args to None
[2026-04-24 20:07:24,543] {logging_mixin.py:104} INFO - [2026-04-24 20:07:24,543] {dag.py:2280} INFO - Setting next_dagrun for example_xcom_args_with_operators to None
[2026-04-24 20:07:24,555] {scheduler_job.py:190} INFO - Processing /home/airflow/.local/lib/python3.6/site-packages/airflow/example_dags/example_xcomargs.py took 0.065 seconds
[2026-04-24 20:07:54,806] {scheduler_job.py:182} INFO - Started process (PID=64) to work on /home/airflow/.local/lib/python3.6/site-packages/airflow/example_dags/example_xcomargs.py
[2026-04-24 20:07:54,807] {scheduler_job.py:629} INFO - Processing file /home/airflow/.local/lib/python3.6/site-packages/airflow/example_dags/example_xcomargs.py for tasks to queue
[2026-04-24 20:07:54,807] {logging_mixin.py:104} INFO - [2026-04-24 20:07:54,807] {dagbag.py:451} INFO - Filling up the DagBag from /home/airflow/.local/lib/python3.6/site-packages/airflow/example_dags/example_xcomargs.py
[2026-04-24 20:07:54,818] {scheduler_job.py:639} INFO - DAG(s) dict_keys(['example_xcom_args', 'example_xcom_args_with_operators']) retrieved from /home/airflow/.local/lib/python3.6/site-packages/airflow/example_dags/example_xcomargs.py
[2026-04-24 20:07:54,836] {logging_mixin.py:104} INFO - [2026-04-24 20:07:54,836] {dag.py:1824} INFO - Sync 2 DAGs
[2026-04-24 20:07:54,847] {logging_mixin.py:104} INFO - [2026-04-24 20:07:54,847] {dag.py:2280} INFO - Setting next_dagrun for example_xcom_args to None
[2026-04-24 20:07:54,847] {logging_mixin.py:104} INFO - [2026-04-24 20:07:54,847] {dag.py:2280} INFO - Setting next_dagrun for example_xcom_args_with_operators to None
[2026-04-24 20:07:54,855] {scheduler_job.py:190} INFO - Processing /home/airflow/.local/lib/python3.6/site-packages/airflow/example_dags/example_xcomargs.py took 0.051 seconds
[2026-04-24 20:08:24,918] {scheduler_job.py:182} INFO - Started process (PID=91) to work on /home/airflow/.local/lib/python3.6/site-packages/airflow/example_dags/example_xcomargs.py
[2026-04-24 20:08:24,919] {scheduler_job.py:629} INFO - Processing file /home/airflow/.local/lib/python3.6/site-packages/airflow/example_dags/example_xcomargs.py for tasks to queue
[2026-04-24 20:08:24,919] {logging_mixin.py:104} INFO - [2026-04-24 20:08:24,919] {dagbag.py:451} INFO - Filling up the DagBag from /home/airflow/.local/lib/python3.6/site-packages/airflow/example_dags/example_xcomargs.py
[2026-04-24 20:08:24,928] {scheduler_job.py:639} INFO - DAG(s) dict_keys(['example_xcom_args', 'example_xcom_args_with_operators']) retrieved from /home/airflow/.local/lib/python3.6/site-packages/airflow/example_dags/example_xcomargs.py
[2026-04-24 20:08:24,946] {logging_mixin.py:104} INFO - [2026-04-24 20:08:24,946] {dag.py:1824} INFO - Sync 2 DAGs
[2026-04-24 20:08:24,956] {logging_mixin.py:104} INFO - [2026-04-24 20:08:24,956] {dag.py:2280} INFO - Setting next_dagrun for example_xcom_args to None
[2026-04-24 20:08:24,957] {logging_mixin.py:104} INFO - [2026-04-24 20:08:24,957] {dag.py:2280} INFO - Setting next_dagrun for example_xcom_args_with_operators to None
[2026-04-24 20:08:24,966] {scheduler_job.py:190} INFO - Processing /home/airflow/.local/lib/python3.6/site-packages/airflow/example_dags/example_xcomargs.py took 0.050 seconds
[2026-04-24 20:08:55,840] {scheduler_job.py:182} INFO - Started process (PID=115) to work on /home/airflow/.local/lib/python3.6/site-packages/airflow/example_dags/example_xcomargs.py
[2026-04-24 20:08:55,841] {scheduler_job.py:629} INFO - Processing file /home/airflow/.local/lib/python3.6/site-packages/airflow/example_dags/example_xcomargs.py for tasks to queue
[2026-04-24 20:08:55,842] {logging_mixin.py:104} INFO - [2026-04-24 20:08:55,841] {dagbag.py:451} INFO - Filling up the DagBag from /home/airflow/.local/lib/python3.6/site-packages/airflow/example_dags/example_xcomargs.py
[2026-04-24 20:08:55,852] {scheduler_job.py:639} INFO - DAG(s) dict_keys(['example_xcom_args', 'example_xcom_args_with_operators']) retrieved from /home/airflow/.local/lib/python3.6/site-packages/airflow/example_dags/example_xcomargs.py
[2026-04-24 20:08:55,873] {logging_mixin.py:104} INFO - [2026-04-24 20:08:55,872] {dag.py:1824} INFO - Sync 2 DAGs
[2026-04-24 20:08:55,884] {logging_mixin.py:104} INFO - [2026-04-24 20:08:55,884] {dag.py:2280} INFO - Setting next_dagrun for example_xcom_args to None
[2026-04-24 20:08:55,885] {logging_mixin.py:104} INFO - [2026-04-24 20:08:55,885] {dag.py:2280} INFO - Setting next_dagrun for example_xcom_args_with_operators to None
[2026-04-24 20:08:55,894] {scheduler_job.py:190} INFO - Processing /home/airflow/.local/lib/python3.6/site-packages/airflow/example_dags/example_xcomargs.py took 0.056 seconds
[2026-04-24 20:09:26,876] {scheduler_job.py:182} INFO - Started process (PID=141) to work on /home/airflow/.local/lib/python3.6/site-packages/airflow/example_dags/example_xcomargs.py
[2026-04-24 20:09:26,876] {scheduler_job.py:629} INFO - Processing file /home/airflow/.local/lib/python3.6/site-packages/airflow/example_dags/example_xcomargs.py for tasks to queue
[2026-04-24 20:09:26,877] {logging_mixin.py:104} INFO - [2026-04-24 20:09:26,877] {dagbag.py:451} INFO - Filling up the DagBag from /home/airflow/.local/lib/python3.6/site-packages/airflow/example_dags/example_xcomargs.py
[2026-04-24 20:09:26,890] {scheduler_job.py:639} INFO - DAG(s) dict_keys(['example_xcom_args', 'example_xcom_args_with_operators']) retrieved from /home/airflow/.local/lib/python3.6/site-packages/airflow/example_dags/example_xcomargs.py
[2026-04-24 20:09:26,941] {logging_mixin.py:104} INFO - [2026-04-24 20:09:26,941] {dag.py:1824} INFO - Sync 2 DAGs
[2026-04-24 20:09:26,955] {logging_mixin.py:104} INFO - [2026-04-24 20:09:26,954] {dag.py:2280} INFO - Setting next_dagrun for example_xcom_args to None
[2026-04-24 20:09:26,955] {logging_mixin.py:104} INFO - [2026-04-24 20:09:26,955] {dag.py:2280} INFO - Setting next_dagrun for example_xcom_args_with_operators to None
[2026-04-24 20:09:26,969] {scheduler_job.py:190} INFO - Processing /home/airflow/.local/lib/python3.6/site-packages/airflow/example_dags/example_xcomargs.py took 0.097 seconds
[2026-04-24 20:09:46,077] {scheduler_job.py:182} INFO - Started process (PID=42) to work on /home/airflow/.local/lib/python3.6/site-packages/airflow/example_dags/example_xcomargs.py
[2026-04-24 20:09:46,077] {scheduler_job.py:629} INFO - Processing file /home/airflow/.local/lib/python3.6/site-packages/airflow/example_dags/example_xcomargs.py for tasks to queue
[2026-04-24 20:09:46,078] {logging_mixin.py:104} INFO - [2026-04-24 20:09:46,078] {dagbag.py:451} INFO - Filling up the DagBag from /home/airflow/.local/lib/python3.6/site-packages/airflow/example_dags/example_xcomargs.py
[2026-04-24 20:09:46,088] {scheduler_job.py:639} INFO - DAG(s) dict_keys(['example_xcom_args', 'example_xcom_args_with_operators']) retrieved from /home/airflow/.local/lib/python3.6/site-packages/airflow/example_dags/example_xcomargs.py
[2026-04-24 20:09:46,104] {logging_mixin.py:104} INFO - [2026-04-24 20:09:46,104] {dag.py:1824} INFO - Sync 2 DAGs
[2026-04-24 20:09:46,120] {logging_mixin.py:104} INFO - [2026-04-24 20:09:46,120] {dag.py:2280} INFO - Setting next_dagrun for example_xcom_args to None
[2026-04-24 20:09:46,121] {logging_mixin.py:104} INFO - [2026-04-24 20:09:46,120] {dag.py:2280} INFO - Setting next_dagrun for example_xcom_args_with_operators to None
[2026-04-24 20:09:46,130] {scheduler_job.py:190} INFO - Processing /home/airflow/.local/lib/python3.6/site-packages/airflow/example_dags/example_xcomargs.py took 0.058 seconds
[2026-04-24 20:10:16,206] {scheduler_job.py:182} INFO - Started process (PID=69) to work on /home/airflow/.local/lib/python3.6/site-packages/airflow/example_dags/example_xcomargs.py
[2026-04-24 20:10:16,206] {scheduler_job.py:629} INFO - Processing file /home/airflow/.local/lib/python3.6/site-packages/airflow/example_dags/example_xcomargs.py for tasks to queue
[2026-04-24 20:10:16,207] {logging_mixin.py:104} INFO - [2026-04-24 20:10:16,207] {dagbag.py:451} INFO - Filling up the DagBag from /home/airflow/.local/lib/python3.6/site-packages/airflow/example_dags/example_xcomargs.py
[2026-04-24 20:10:16,217] {scheduler_job.py:639} INFO - DAG(s) dict_keys(['example_xcom_args', 'example_xcom_args_with_operators']) retrieved from /home/airflow/.local/lib/python3.6/site-packages/airflow/example_dags/example_xcomargs.py
[2026-04-24 20:10:16,239] {logging_mixin.py:104} INFO - [2026-04-24 20:10:16,238] {dag.py:1824} INFO - Sync 2 DAGs
[2026-04-24 20:10:16,250] {logging_mixin.py:104} INFO - [2026-04-24 20:10:16,249] {dag.py:2280} INFO - Setting next_dagrun for example_xcom_args to None
[2026-04-24 20:10:16,250] {logging_mixin.py:104} INFO - [2026-04-24 20:10:16,250] {dag.py:2280} INFO - Setting next_dagrun for example_xcom_args_with_operators to None
[2026-04-24 20:10:16,259] {scheduler_job.py:190} INFO - Processing /home/airflow/.local/lib/python3.6/site-packages/airflow/example_dags/example_xcomargs.py took 0.056 seconds
[2026-04-24 20:10:46,278] {scheduler_job.py:182} INFO - Started process (PID=95) to work on /home/airflow/.local/lib/python3.6/site-packages/airflow/example_dags/example_xcomargs.py
[2026-04-24 20:10:46,279] {scheduler_job.py:629} INFO - Processing file /home/airflow/.local/lib/python3.6/site-packages/airflow/example_dags/example_xcomargs.py for tasks to queue
[2026-04-24 20:10:46,280] {logging_mixin.py:104} INFO - [2026-04-24 20:10:46,280] {dagbag.py:451} INFO - Filling up the DagBag from /home/airflow/.local/lib/python3.6/site-packages/airflow/example_dags/example_xcomargs.py
[2026-04-24 20:10:46,291] {scheduler_job.py:639} INFO - DAG(s) dict_keys(['example_xcom_args', 'example_xcom_args_with_operators']) retrieved from /home/airflow/.local/lib/python3.6/site-packages/airflow/example_dags/example_xcomargs.py
[2026-04-24 20:10:46,314] {logging_mixin.py:104} INFO - [2026-04-24 20:10:46,314] {dag.py:1824} INFO - Sync 2 DAGs
[2026-04-24 20:10:46,325] {logging_mixin.py:104} INFO - [2026-04-24 20:10:46,325] {dag.py:2280} INFO - Setting next_dagrun for example_xcom_args to None
[2026-04-24 20:10:46,325] {logging_mixin.py:104} INFO - [2026-04-24 20:10:46,325] {dag.py:2280} INFO - Setting next_dagrun for example_xcom_args_with_operators to None
[2026-04-24 20:10:46,334] {scheduler_job.py:190} INFO - Processing /home/airflow/.local/lib/python3.6/site-packages/airflow/example_dags/example_xcomargs.py took 0.060 seconds
[2026-04-24 20:11:16,565] {scheduler_job.py:182} INFO - Started process (PID=124) to work on /home/airflow/.local/lib/python3.6/site-packages/airflow/example_dags/example_xcomargs.py
[2026-04-24 20:11:16,565] {scheduler_job.py:629} INFO - Processing file /home/airflow/.local/lib/python3.6/site-packages/airflow/example_dags/example_xcomargs.py for tasks to queue
[2026-04-24 20:11:16,566] {logging_mixin.py:104} INFO - [2026-04-24 20:11:16,565] {dagbag.py:451} INFO - Filling up the DagBag from /home/airflow/.local/lib/python3.6/site-packages/airflow/example_dags/example_xcomargs.py
[2026-04-24 20:11:16,575] {scheduler_job.py:639} INFO - DAG(s) dict_keys(['example_xcom_args', 'example_xcom_args_with_operators']) retrieved from /home/airflow/.local/lib/python3.6/site-packages/airflow/example_dags/example_xcomargs.py
[2026-04-24 20:11:16,596] {logging_mixin.py:104} INFO - [2026-04-24 20:11:16,596] {dag.py:1824} INFO - Sync 2 DAGs
[2026-04-24 20:11:16,607] {logging_mixin.py:104} INFO - [2026-04-24 20:11:16,607] {dag.py:2280} INFO - Setting next_dagrun for example_xcom_args to None
[2026-04-24 20:11:16,608] {logging_mixin.py:104} INFO - [2026-04-24 20:11:16,608] {dag.py:2280} INFO - Setting next_dagrun for example_xcom_args_with_operators to None
[2026-04-24 20:11:16,616] {scheduler_job.py:190} INFO - Processing /home/airflow/.local/lib/python3.6/site-packages/airflow/example_dags/example_xcomargs.py took 0.053 seconds
[2026-04-24 20:11:46,681] {scheduler_job.py:182} INFO - Started process (PID=152) to work on /home/airflow/.local/lib/python3.6/site-packages/airflow/example_dags/example_xcomargs.py
[2026-04-24 20:11:46,682] {scheduler_job.py:629} INFO - Processing file /home/airflow/.local/lib/python3.6/site-packages/airflow/example_dags/example_xcomargs.py for tasks to queue
[2026-04-24 20:11:46,682] {logging_mixin.py:104} INFO - [2026-04-24 20:11:46,682] {dagbag.py:451} INFO - Filling up the DagBag from /home/airflow/.local/lib/python3.6/site-packages/airflow/example_dags/example_xcomargs.py
[2026-04-24 20:11:46,691] {scheduler_job.py:639} INFO - DAG(s) dict_keys(['example_xcom_args', 'example_xcom_args_with_operators']) retrieved from /home/airflow/.local/lib/python3.6/site-packages/airflow/example_dags/example_xcomargs.py
[2026-04-24 20:11:46,713] {logging_mixin.py:104} INFO - [2026-04-24 20:11:46,713] {dag.py:1824} INFO - Sync 2 DAGs
[2026-04-24 20:11:46,724] {logging_mixin.py:104} INFO - [2026-04-24 20:11:46,723] {dag.py:2280} INFO - Setting next_dagrun for example_xcom_args to None
[2026-04-24 20:11:46,724] {logging_mixin.py:104} INFO - [2026-04-24 20:11:46,724] {dag.py:2280} INFO - Setting next_dagrun for example_xcom_args_with_operators to None
[2026-04-24 20:11:46,733] {scheduler_job.py:190} INFO - Processing /home/airflow/.local/lib/python3.6/site-packages/airflow/example_dags/example_xcomargs.py took 0.054 seconds
[2026-04-24 20:12:16,805] {scheduler_job.py:182} INFO - Started process (PID=179) to work on /home/airflow/.local/lib/python3.6/site-packages/airflow/example_dags/example_xcomargs.py
[2026-04-24 20:12:16,806] {scheduler_job.py:629} INFO - Processing file /home/airflow/.local/lib/python3.6/site-packages/airflow/example_dags/example_xcomargs.py for tasks to queue
[2026-04-24 20:12:16,806] {logging_mixin.py:104} INFO - [2026-04-24 20:12:16,806] {dagbag.py:451} INFO - Filling up the DagBag from /home/airflow/.local/lib/python3.6/site-packages/airflow/example_dags/example_xcomargs.py
[2026-04-24 20:12:16,815] {scheduler_job.py:639} INFO - DAG(s) dict_keys(['example_xcom_args', 'example_xcom_args_with_operators']) retrieved from /home/airflow/.local/lib/python3.6/site-packages/airflow/example_dags/example_xcomargs.py
[2026-04-24 20:12:16,835] {logging_mixin.py:104} INFO - [2026-04-24 20:12:16,835] {dag.py:1824} INFO - Sync 2 DAGs
[2026-04-24 20:12:16,846] {logging_mixin.py:104} INFO - [2026-04-24 20:12:16,846] {dag.py:2280} INFO - Setting next_dagrun for example_xcom_args to None
[2026-04-24 20:12:16,846] {logging_mixin.py:104} INFO - [2026-04-24 20:12:16,846] {dag.py:2280} INFO - Setting next_dagrun for example_xcom_args_with_operators to None
[2026-04-24 20:12:16,855] {scheduler_job.py:190} INFO - Processing /home/airflow/.local/lib/python3.6/site-packages/airflow/example_dags/example_xcomargs.py took 0.052 seconds
[2026-04-24 20:12:47,660] {scheduler_job.py:182} INFO - Started process (PID=203) to work on /home/airflow/.local/lib/python3.6/site-packages/airflow/example_dags/example_xcomargs.py
[2026-04-24 20:12:47,661] {scheduler_job.py:629} INFO - Processing file /home/airflow/.local/lib/python3.6/site-packages/airflow/example_dags/example_xcomargs.py for tasks to queue
[2026-04-24 20:12:47,662] {logging_mixin.py:104} INFO - [2026-04-24 20:12:47,662] {dagbag.py:451} INFO - Filling up the DagBag from /home/airflow/.local/lib/python3.6/site-packages/airflow/example_dags/example_xcomargs.py
[2026-04-24 20:12:47,676] {scheduler_job.py:639} INFO - DAG(s) dict_keys(['example_xcom_args', 'example_xcom_args_with_operators']) retrieved from /home/airflow/.local/lib/python3.6/site-packages/airflow/example_dags/example_xcomargs.py
[2026-04-24 20:12:47,696] {logging_mixin.py:104} INFO - [2026-04-24 20:12:47,696] {dag.py:1824} INFO - Sync 2 DAGs
[2026-04-24 20:12:47,707] {logging_mixin.py:104} INFO - [2026-04-24 20:12:47,707] {dag.py:2280} INFO - Setting next_dagrun for example_xcom_args to None
[2026-04-24 20:12:47,708] {logging_mixin.py:104} INFO - [2026-04-24 20:12:47,708] {dag.py:2280} INFO - Setting next_dagrun for example_xcom_args_with_operators to None
[2026-04-24 20:12:47,716] {scheduler_job.py:190} INFO - Processing /home/airflow/.local/lib/python3.6/site-packages/airflow/example_dags/example_xcomargs.py took 0.060 seconds
[2026-04-24 20:13:18,680] {scheduler_job.py:182} INFO - Started process (PID=230) to work on /home/airflow/.local/lib/python3.6/site-packages/airflow/example_dags/example_xcomargs.py
[2026-04-24 20:13:18,681] {scheduler_job.py:629} INFO - Processing file /home/airflow/.local/lib/python3.6/site-packages/airflow/example_dags/example_xcomargs.py for tasks to queue
[2026-04-24 20:13:18,682] {logging_mixin.py:104} INFO - [2026-04-24 20:13:18,682] {dagbag.py:451} INFO - Filling up the DagBag from /home/airflow/.local/lib/python3.6/site-packages/airflow/example_dags/example_xcomargs.py
[2026-04-24 20:13:18,698] {scheduler_job.py:639} INFO - DAG(s) dict_keys(['example_xcom_args', 'example_xcom_args_with_operators']) retrieved from /home/airflow/.local/lib/python3.6/site-packages/airflow/example_dags/example_xcomargs.py
[2026-04-24 20:13:18,717] {logging_mixin.py:104} INFO - [2026-04-24 20:13:18,717] {dag.py:1824} INFO - Sync 2 DAGs
[2026-04-24 20:13:18,727] {logging_mixin.py:104} INFO - [2026-04-24 20:13:18,727] {dag.py:2280} INFO - Setting next_dagrun for example_xcom_args to None
[2026-04-24 20:13:18,728] {logging_mixin.py:104} INFO - [2026-04-24 20:13:18,728] {dag.py:2280} INFO - Setting next_dagrun for example_xcom_args_with_operators to None
[2026-04-24 20:13:18,736] {scheduler_job.py:190} INFO - Processing /home/airflow/.local/lib/python3.6/site-packages/airflow/example_dags/example_xcomargs.py took 0.060 seconds
[2026-04-24 20:13:49,618] {scheduler_job.py:182} INFO - Started process (PID=257) to work on /home/airflow/.local/lib/python3.6/site-packages/airflow/example_dags/example_xcomargs.py
[2026-04-24 20:13:49,619] {scheduler_job.py:629} INFO - Processing file /home/airflow/.local/lib/python3.6/site-packages/airflow/example_dags/example_xcomargs.py for tasks to queue
[2026-04-24 20:13:49,619] {logging_mixin.py:104} INFO - [2026-04-24 20:13:49,619] {dagbag.py:451} INFO - Filling up the DagBag from /home/airflow/.local/lib/python3.6/site-packages/airflow/example_dags/example_xcomargs.py
[2026-04-24 20:13:49,630] {scheduler_job.py:639} INFO - DAG(s) dict_keys(['example_xcom_args', 'example_xcom_args_with_operators']) retrieved from /home/airflow/.local/lib/python3.6/site-packages/airflow/example_dags/example_xcomargs.py
[2026-04-24 20:13:49,650] {logging_mixin.py:104} INFO - [2026-04-24 20:13:49,650] {dag.py:1824} INFO - Sync 2 DAGs
[2026-04-24 20:13:49,661] {logging_mixin.py:104} INFO - [2026-04-24 20:13:49,661] {dag.py:2280} INFO - Setting next_dagrun for example_xcom_args to None
[2026-04-24 20:13:49,662] {logging_mixin.py:104} INFO - [2026-04-24 20:13:49,661] {dag.py:2280} INFO - Setting next_dagrun for example_xcom_args_with_operators to None
[2026-04-24 20:13:49,676] {scheduler_job.py:190} INFO - Processing /home/airflow/.local/lib/python3.6/site-packages/airflow/example_dags/example_xcomargs.py took 0.060 seconds
[2026-04-24 20:14:19,694] {scheduler_job.py:182} INFO - Started process (PID=283) to work on /home/airflow/.local/lib/python3.6/site-packages/airflow/example_dags/example_xcomargs.py
[2026-04-24 20:14:19,695] {scheduler_job.py:629} INFO - Processing file /home/airflow/.local/lib/python3.6/site-packages/airflow/example_dags/example_xcomargs.py for tasks to queue
[2026-04-24 20:14:19,696] {logging_mixin.py:104} INFO - [2026-04-24 20:14:19,696] {dagbag.py:451} INFO - Filling up the DagBag from /home/airflow/.local/lib/python3.6/site-packages/airflow/example_dags/example_xcomargs.py
[2026-04-24 20:14:19,709] {scheduler_job.py:639} INFO - DAG(s) dict_keys(['example_xcom_args', 'example_xcom_args_with_operators']) retrieved from /home/airflow/.local/lib/python3.6/site-packages/airflow/example_dags/example_xcomargs.py
[2026-04-24 20:14:19,729] {logging_mixin.py:104} INFO - [2026-04-24 20:14:19,729] {dag.py:1824} INFO - Sync 2 DAGs
[2026-04-24 20:14:19,739] {logging_mixin.py:104} INFO - [2026-04-24 20:14:19,739] {dag.py:2280} INFO - Setting next_dagrun for example_xcom_args to None
[2026-04-24 20:14:19,740] {logging_mixin.py:104} INFO - [2026-04-24 20:14:19,740] {dag.py:2280} INFO - Setting next_dagrun for example_xcom_args_with_operators to None
[2026-04-24 20:14:19,748] {scheduler_job.py:190} INFO - Processing /home/airflow/.local/lib/python3.6/site-packages/airflow/example_dags/example_xcomargs.py took 0.058 seconds
[2026-04-24 20:14:49,793] {scheduler_job.py:182} INFO - Started process (PID=310) to work on /home/airflow/.local/lib/python3.6/site-packages/airflow/example_dags/example_xcomargs.py
[2026-04-24 20:14:49,794] {scheduler_job.py:629} INFO - Processing file /home/airflow/.local/lib/python3.6/site-packages/airflow/example_dags/example_xcomargs.py for tasks to queue
[2026-04-24 20:14:49,794] {logging_mixin.py:104} INFO - [2026-04-24 20:14:49,794] {dagbag.py:451} INFO - Filling up the DagBag from /home/airflow/.local/lib/python3.6/site-packages/airflow/example_dags/example_xcomargs.py
[2026-04-24 20:14:49,805] {scheduler_job.py:639} INFO - DAG(s) dict_keys(['example_xcom_args', 'example_xcom_args_with_operators']) retrieved from /home/airflow/.local/lib/python3.6/site-packages/airflow/example_dags/example_xcomargs.py
[2026-04-24 20:14:49,822] {logging_mixin.py:104} INFO - [2026-04-24 20:14:49,822] {dag.py:1824} INFO - Sync 2 DAGs
[2026-04-24 20:14:49,832] {logging_mixin.py:104} INFO - [2026-04-24 20:14:49,832] {dag.py:2280} INFO - Setting next_dagrun for example_xcom_args to None
[2026-04-24 20:14:49,833] {logging_mixin.py:104} INFO - [2026-04-24 20:14:49,833] {dag.py:2280} INFO - Setting next_dagrun for example_xcom_args_with_operators to None
[2026-04-24 20:14:49,841] {scheduler_job.py:190} INFO - Processing /home/airflow/.local/lib/python3.6/site-packages/airflow/example_dags/example_xcomargs.py took 0.050 seconds
[2026-04-24 20:15:19,893] {scheduler_job.py:182} INFO - Started process (PID=337) to work on /home/airflow/.local/lib/python3.6/site-packages/airflow/example_dags/example_xcomargs.py
[2026-04-24 20:15:19,894] {scheduler_job.py:629} INFO - Processing file /home/airflow/.local/lib/python3.6/site-packages/airflow/example_dags/example_xcomargs.py for tasks to queue
[2026-04-24 20:15:19,895] {logging_mixin.py:104} INFO - [2026-04-24 20:15:19,895] {dagbag.py:451} INFO - Filling up the DagBag from /home/airflow/.local/lib/python3.6/site-packages/airflow/example_dags/example_xcomargs.py
[2026-04-24 20:15:19,909] {scheduler_job.py:639} INFO - DAG(s) dict_keys(['example_xcom_args', 'example_xcom_args_with_operators']) retrieved from /home/airflow/.local/lib/python3.6/site-packages/airflow/example_dags/example_xcomargs.py
[2026-04-24 20:15:19,929] {logging_mixin.py:104} INFO - [2026-04-24 20:15:19,929] {dag.py:1824} INFO - Sync 2 DAGs
[2026-04-24 20:15:19,941] {logging_mixin.py:104} INFO - [2026-04-24 20:15:19,940] {dag.py:2280} INFO - Setting next_dagrun for example_xcom_args to None
[2026-04-24 20:15:19,941] {logging_mixin.py:104} INFO - [2026-04-24 20:15:19,941] {dag.py:2280} INFO - Setting next_dagrun for example_xcom_args_with_operators to None
[2026-04-24 20:15:19,950] {scheduler_job.py:190} INFO - Processing /home/airflow/.local/lib/python3.6/site-packages/airflow/example_dags/example_xcomargs.py took 0.061 seconds
[2026-04-24 20:15:49,981] {scheduler_job.py:182} INFO - Started process (PID=364) to work on /home/airflow/.local/lib/python3.6/site-packages/airflow/example_dags/example_xcomargs.py
[2026-04-24 20:15:49,982] {scheduler_job.py:629} INFO - Processing file /home/airflow/.local/lib/python3.6/site-packages/airflow/example_dags/example_xcomargs.py for tasks to queue
[2026-04-24 20:15:49,982] {logging_mixin.py:104} INFO - [2026-04-24 20:15:49,982] {dagbag.py:451} INFO - Filling up the DagBag from /home/airflow/.local/lib/python3.6/site-packages/airflow/example_dags/example_xcomargs.py
[2026-04-24 20:15:49,994] {scheduler_job.py:639} INFO - DAG(s) dict_keys(['example_xcom_args', 'example_xcom_args_with_operators']) retrieved from /home/airflow/.local/lib/python3.6/site-packages/airflow/example_dags/example_xcomargs.py
[2026-04-24 20:15:50,015] {logging_mixin.py:104} INFO - [2026-04-24 20:15:50,015] {dag.py:1824} INFO - Sync 2 DAGs
[2026-04-24 20:15:50,025] {logging_mixin.py:104} INFO - [2026-04-24 20:15:50,025] {dag.py:2280} INFO - Setting next_dagrun for example_xcom_args to None
[2026-04-24 20:15:50,026] {logging_mixin.py:104} INFO - [2026-04-24 20:15:50,026] {dag.py:2280} INFO - Setting next_dagrun for example_xcom_args_with_operators to None
[2026-04-24 20:15:50,035] {scheduler_job.py:190} INFO - Processing /home/airflow/.local/lib/python3.6/site-packages/airflow/example_dags/example_xcomargs.py took 0.058 seconds
[2026-04-24 20:16:20,069] {scheduler_job.py:182} INFO - Started process (PID=391) to work on /home/airflow/.local/lib/python3.6/site-packages/airflow/example_dags/example_xcomargs.py
[2026-04-24 20:16:20,069] {scheduler_job.py:629} INFO - Processing file /home/airflow/.local/lib/python3.6/site-packages/airflow/example_dags/example_xcomargs.py for tasks to queue
[2026-04-24 20:16:20,070] {logging_mixin.py:104} INFO - [2026-04-24 20:16:20,070] {dagbag.py:451} INFO - Filling up the DagBag from /home/airflow/.local/lib/python3.6/site-packages/airflow/example_dags/example_xcomargs.py
[2026-04-24 20:16:20,081] {scheduler_job.py:639} INFO - DAG(s) dict_keys(['example_xcom_args', 'example_xcom_args_with_operators']) retrieved from /home/airflow/.local/lib/python3.6/site-packages/airflow/example_dags/example_xcomargs.py
[2026-04-24 20:16:20,098] {logging_mixin.py:104} INFO - [2026-04-24 20:16:20,098] {dag.py:1824} INFO - Sync 2 DAGs
[2026-04-24 20:16:20,110] {logging_mixin.py:104} INFO - [2026-04-24 20:16:20,110] {dag.py:2280} INFO - Setting next_dagrun for example_xcom_args to None
[2026-04-24 20:16:20,110] {logging_mixin.py:104} INFO - [2026-04-24 20:16:20,110] {dag.py:2280} INFO - Setting next_dagrun for example_xcom_args_with_operators to None
[2026-04-24 20:16:20,119] {scheduler_job.py:190} INFO - Processing /home/airflow/.local/lib/python3.6/site-packages/airflow/example_dags/example_xcomargs.py took 0.052 seconds
[2026-04-24 20:16:50,160] {scheduler_job.py:182} INFO - Started process (PID=418) to work on /home/airflow/.local/lib/python3.6/site-packages/airflow/example_dags/example_xcomargs.py
[2026-04-24 20:16:50,163] {scheduler_job.py:629} INFO - Processing file /home/airflow/.local/lib/python3.6/site-packages/airflow/example_dags/example_xcomargs.py for tasks to queue
[2026-04-24 20:16:50,164] {logging_mixin.py:104} INFO - [2026-04-24 20:16:50,164] {dagbag.py:451} INFO - Filling up the DagBag from /home/airflow/.local/lib/python3.6/site-packages/airflow/example_dags/example_xcomargs.py
[2026-04-24 20:16:50,172] {scheduler_job.py:639} INFO - DAG(s) dict_keys(['example_xcom_args', 'example_xcom_args_with_operators']) retrieved from /home/airflow/.local/lib/python3.6/site-packages/airflow/example_dags/example_xcomargs.py
[2026-04-24 20:16:50,191] {logging_mixin.py:104} INFO - [2026-04-24 20:16:50,191] {dag.py:1824} INFO - Sync 2 DAGs
[2026-04-24 20:16:50,202] {logging_mixin.py:104} INFO - [2026-04-24 20:16:50,202] {dag.py:2280} INFO - Setting next_dagrun for example_xcom_args to None
[2026-04-24 20:16:50,203] {logging_mixin.py:104} INFO - [2026-04-24 20:16:50,203] {dag.py:2280} INFO - Setting next_dagrun for example_xcom_args_with_operators to None
[2026-04-24 20:16:50,212] {scheduler_job.py:190} INFO - Processing /home/airflow/.local/lib/python3.6/site-packages/airflow/example_dags/example_xcomargs.py took 0.053 seconds
[2026-04-24 20:17:20,366] {scheduler_job.py:182} INFO - Started process (PID=446) to work on /home/airflow/.local/lib/python3.6/site-packages/airflow/example_dags/example_xcomargs.py
[2026-04-24 20:17:20,367] {scheduler_job.py:629} INFO - Processing file /home/airflow/.local/lib/python3.6/site-packages/airflow/example_dags/example_xcomargs.py for tasks to queue
[2026-04-24 20:17:20,367] {logging_mixin.py:104} INFO - [2026-04-24 20:17:20,367] {dagbag.py:451} INFO - Filling up the DagBag from /home/airflow/.local/lib/python3.6/site-packages/airflow/example_dags/example_xcomargs.py
[2026-04-24 20:17:20,376] {scheduler_job.py:639} INFO - DAG(s) dict_keys(['example_xcom_args', 'example_xcom_args_with_operators']) retrieved from /home/airflow/.local/lib/python3.6/site-packages/airflow/example_dags/example_xcomargs.py
[2026-04-24 20:17:20,395] {logging_mixin.py:104} INFO - [2026-04-24 20:17:20,394] {dag.py:1824} INFO - Sync 2 DAGs
[2026-04-24 20:17:20,405] {logging_mixin.py:104} INFO - [2026-04-24 20:17:20,405] {dag.py:2280} INFO - Setting next_dagrun for example_xcom_args to None
[2026-04-24 20:17:20,406] {logging_mixin.py:104} INFO - [2026-04-24 20:17:20,406] {dag.py:2280} INFO - Setting next_dagrun for example_xcom_args_with_operators to None
[2026-04-24 20:17:20,413] {scheduler_job.py:190} INFO - Processing /home/airflow/.local/lib/python3.6/site-packages/airflow/example_dags/example_xcomargs.py took 0.049 seconds
[2026-04-24 20:17:50,465] {scheduler_job.py:182} INFO - Started process (PID=474) to work on /home/airflow/.local/lib/python3.6/site-packages/airflow/example_dags/example_xcomargs.py
[2026-04-24 20:17:50,467] {scheduler_job.py:629} INFO - Processing file /home/airflow/.local/lib/python3.6/site-packages/airflow/example_dags/example_xcomargs.py for tasks to queue
[2026-04-24 20:17:50,467] {logging_mixin.py:104} INFO - [2026-04-24 20:17:50,467] {dagbag.py:451} INFO - Filling up the DagBag from /home/airflow/.local/lib/python3.6/site-packages/airflow/example_dags/example_xcomargs.py
[2026-04-24 20:17:50,479] {scheduler_job.py:639} INFO - DAG(s) dict_keys(['example_xcom_args', 'example_xcom_args_with_operators']) retrieved from /home/airflow/.local/lib/python3.6/site-packages/airflow/example_dags/example_xcomargs.py
[2026-04-24 20:17:50,499] {logging_mixin.py:104} INFO - [2026-04-24 20:17:50,499] {dag.py:1824} INFO - Sync 2 DAGs
[2026-04-24 20:17:50,510] {logging_mixin.py:104} INFO - [2026-04-24 20:17:50,510] {dag.py:2280} INFO - Setting next_dagrun for example_xcom_args to None
[2026-04-24 20:17:50,510] {logging_mixin.py:104} INFO - [2026-04-24 20:17:50,510] {dag.py:2280} INFO - Setting next_dagrun for example_xcom_args_with_operators to None
[2026-04-24 20:17:50,518] {scheduler_job.py:190} INFO - Processing /home/airflow/.local/lib/python3.6/site-packages/airflow/example_dags/example_xcomargs.py took 0.057 seconds
[2026-04-24 20:18:20,559] {scheduler_job.py:182} INFO - Started process (PID=501) to work on /home/airflow/.local/lib/python3.6/site-packages/airflow/example_dags/example_xcomargs.py
[2026-04-24 20:18:20,560] {scheduler_job.py:629} INFO - Processing file /home/airflow/.local/lib/python3.6/site-packages/airflow/example_dags/example_xcomargs.py for tasks to queue
[2026-04-24 20:18:20,561] {logging_mixin.py:104} INFO - [2026-04-24 20:18:20,561] {dagbag.py:451} INFO - Filling up the DagBag from /home/airflow/.local/lib/python3.6/site-packages/airflow/example_dags/example_xcomargs.py
[2026-04-24 20:18:20,573] {scheduler_job.py:639} INFO - DAG(s) dict_keys(['example_xcom_args', 'example_xcom_args_with_operators']) retrieved from /home/airflow/.local/lib/python3.6/site-packages/airflow/example_dags/example_xcomargs.py
[2026-04-24 20:18:20,593] {logging_mixin.py:104} INFO - [2026-04-24 20:18:20,593] {dag.py:1824} INFO - Sync 2 DAGs
[2026-04-24 20:18:20,605] {logging_mixin.py:104} INFO - [2026-04-24 20:18:20,605] {dag.py:2280} INFO - Setting next_dagrun for example_xcom_args to None
[2026-04-24 20:18:20,606] {logging_mixin.py:104} INFO - [2026-04-24 20:18:20,606] {dag.py:2280} INFO - Setting next_dagrun for example_xcom_args_with_operators to None
[2026-04-24 20:18:20,614] {scheduler_job.py:190} INFO - Processing /home/airflow/.local/lib/python3.6/site-packages/airflow/example_dags/example_xcomargs.py took 0.059 seconds
[2026-04-24 20:18:51,365] {scheduler_job.py:182} INFO - Started process (PID=526) to work on /home/airflow/.local/lib/python3.6/site-packages/airflow/example_dags/example_xcomargs.py
[2026-04-24 20:18:51,365] {scheduler_job.py:629} INFO - Processing file /home/airflow/.local/lib/python3.6/site-packages/airflow/example_dags/example_xcomargs.py for tasks to queue
[2026-04-24 20:18:51,366] {logging_mixin.py:104} INFO - [2026-04-24 20:18:51,366] {dagbag.py:451} INFO - Filling up the DagBag from /home/airflow/.local/lib/python3.6/site-packages/airflow/example_dags/example_xcomargs.py
[2026-04-24 20:18:51,376] {scheduler_job.py:639} INFO - DAG(s) dict_keys(['example_xcom_args', 'example_xcom_args_with_operators']) retrieved from /home/airflow/.local/lib/python3.6/site-packages/airflow/example_dags/example_xcomargs.py
[2026-04-24 20:18:51,396] {logging_mixin.py:104} INFO - [2026-04-24 20:18:51,396] {dag.py:1824} INFO - Sync 2 DAGs
[2026-04-24 20:18:51,409] {logging_mixin.py:104} INFO - [2026-04-24 20:18:51,409] {dag.py:2280} INFO - Setting next_dagrun for example_xcom_args to None
[2026-04-24 20:18:51,410] {logging_mixin.py:104} INFO - [2026-04-24 20:18:51,410] {dag.py:2280} INFO - Setting next_dagrun for example_xcom_args_with_operators to None
[2026-04-24 20:18:51,419] {scheduler_job.py:190} INFO - Processing /home/airflow/.local/lib/python3.6/site-packages/airflow/example_dags/example_xcomargs.py took 0.056 seconds
[2026-04-24 20:19:22,237] {scheduler_job.py:182} INFO - Started process (PID=553) to work on /home/airflow/.local/lib/python3.6/site-packages/airflow/example_dags/example_xcomargs.py
[2026-04-24 20:19:22,238] {scheduler_job.py:629} INFO - Processing file /home/airflow/.local/lib/python3.6/site-packages/airflow/example_dags/example_xcomargs.py for tasks to queue
[2026-04-24 20:19:22,238] {logging_mixin.py:104} INFO - [2026-04-24 20:19:22,238] {dagbag.py:451} INFO - Filling up the DagBag from /home/airflow/.local/lib/python3.6/site-packages/airflow/example_dags/example_xcomargs.py
[2026-04-24 20:19:22,247] {scheduler_job.py:639} INFO - DAG(s) dict_keys(['example_xcom_args', 'example_xcom_args_with_operators']) retrieved from /home/airflow/.local/lib/python3.6/site-packages/airflow/example_dags/example_xcomargs.py
[2026-04-24 20:19:22,266] {logging_mixin.py:104} INFO - [2026-04-24 20:19:22,266] {dag.py:1824} INFO - Sync 2 DAGs
[2026-04-24 20:19:22,278] {logging_mixin.py:104} INFO - [2026-04-24 20:19:22,278] {dag.py:2280} INFO - Setting next_dagrun for example_xcom_args to None
[2026-04-24 20:19:22,278] {logging_mixin.py:104} INFO - [2026-04-24 20:19:22,278] {dag.py:2280} INFO - Setting next_dagrun for example_xcom_args_with_operators to None
[2026-04-24 20:19:22,286] {scheduler_job.py:190} INFO - Processing /home/airflow/.local/lib/python3.6/site-packages/airflow/example_dags/example_xcomargs.py took 0.051 seconds
[2026-04-24 20:19:53,217] {scheduler_job.py:182} INFO - Started process (PID=580) to work on /home/airflow/.local/lib/python3.6/site-packages/airflow/example_dags/example_xcomargs.py
[2026-04-24 20:19:53,218] {scheduler_job.py:629} INFO - Processing file /home/airflow/.local/lib/python3.6/site-packages/airflow/example_dags/example_xcomargs.py for tasks to queue
[2026-04-24 20:19:53,218] {logging_mixin.py:104} INFO - [2026-04-24 20:19:53,218] {dagbag.py:451} INFO - Filling up the DagBag from /home/airflow/.local/lib/python3.6/site-packages/airflow/example_dags/example_xcomargs.py
[2026-04-24 20:19:53,227] {scheduler_job.py:639} INFO - DAG(s) dict_keys(['example_xcom_args', 'example_xcom_args_with_operators']) retrieved from /home/airflow/.local/lib/python3.6/site-packages/airflow/example_dags/example_xcomargs.py
[2026-04-24 20:19:53,244] {logging_mixin.py:104} INFO - [2026-04-24 20:19:53,244] {dag.py:1824} INFO - Sync 2 DAGs
[2026-04-24 20:19:53,254] {logging_mixin.py:104} INFO - [2026-04-24 20:19:53,254] {dag.py:2280} INFO - Setting next_dagrun for example_xcom_args to None
[2026-04-24 20:19:53,255] {logging_mixin.py:104} INFO - [2026-04-24 20:19:53,255] {dag.py:2280} INFO - Setting next_dagrun for example_xcom_args_with_operators to None
[2026-04-24 20:19:53,264] {scheduler_job.py:190} INFO - Processing /home/airflow/.local/lib/python3.6/site-packages/airflow/example_dags/example_xcomargs.py took 0.048 seconds
[2026-04-24 20:20:24,143] {scheduler_job.py:182} INFO - Started process (PID=607) to work on /home/airflow/.local/lib/python3.6/site-packages/airflow/example_dags/example_xcomargs.py
[2026-04-24 20:20:24,144] {scheduler_job.py:629} INFO - Processing file /home/airflow/.local/lib/python3.6/site-packages/airflow/example_dags/example_xcomargs.py for tasks to queue
[2026-04-24 20:20:24,144] {logging_mixin.py:104} INFO - [2026-04-24 20:20:24,144] {dagbag.py:451} INFO - Filling up the DagBag from /home/airflow/.local/lib/python3.6/site-packages/airflow/example_dags/example_xcomargs.py
[2026-04-24 20:20:24,153] {scheduler_job.py:639} INFO - DAG(s) dict_keys(['example_xcom_args', 'example_xcom_args_with_operators']) retrieved from /home/airflow/.local/lib/python3.6/site-packages/airflow/example_dags/example_xcomargs.py
[2026-04-24 20:20:24,172] {logging_mixin.py:104} INFO - [2026-04-24 20:20:24,172] {dag.py:1824} INFO - Sync 2 DAGs
[2026-04-24 20:20:24,184] {logging_mixin.py:104} INFO - [2026-04-24 20:20:24,184] {dag.py:2280} INFO - Setting next_dagrun for example_xcom_args to None
[2026-04-24 20:20:24,184] {logging_mixin.py:104} INFO - [2026-04-24 20:20:24,184] {dag.py:2280} INFO - Setting next_dagrun for example_xcom_args_with_operators to None
[2026-04-24 20:20:24,194] {scheduler_job.py:190} INFO - Processing /home/airflow/.local/lib/python3.6/site-packages/airflow/example_dags/example_xcomargs.py took 0.053 seconds
[2026-04-24 20:20:55,168] {scheduler_job.py:182} INFO - Started process (PID=634) to work on /home/airflow/.local/lib/python3.6/site-packages/airflow/example_dags/example_xcomargs.py
[2026-04-24 20:20:55,169] {scheduler_job.py:629} INFO - Processing file /home/airflow/.local/lib/python3.6/site-packages/airflow/example_dags/example_xcomargs.py for tasks to queue
[2026-04-24 20:20:55,169] {logging_mixin.py:104} INFO - [2026-04-24 20:20:55,169] {dagbag.py:451} INFO - Filling up the DagBag from /home/airflow/.local/lib/python3.6/site-packages/airflow/example_dags/example_xcomargs.py
[2026-04-24 20:20:55,178] {scheduler_job.py:639} INFO - DAG(s) dict_keys(['example_xcom_args', 'example_xcom_args_with_operators']) retrieved from /home/airflow/.local/lib/python3.6/site-packages/airflow/example_dags/example_xcomargs.py
[2026-04-24 20:20:55,199] {logging_mixin.py:104} INFO - [2026-04-24 20:20:55,198] {dag.py:1824} INFO - Sync 2 DAGs
[2026-04-24 20:20:55,210] {logging_mixin.py:104} INFO - [2026-04-24 20:20:55,209] {dag.py:2280} INFO - Setting next_dagrun for example_xcom_args to None
[2026-04-24 20:20:55,210] {logging_mixin.py:104} INFO - [2026-04-24 20:20:55,210] {dag.py:2280} INFO - Setting next_dagrun for example_xcom_args_with_operators to None
[2026-04-24 20:20:55,218] {scheduler_job.py:190} INFO - Processing /home/airflow/.local/lib/python3.6/site-packages/airflow/example_dags/example_xcomargs.py took 0.052 seconds
[2026-04-24 20:21:26,110] {scheduler_job.py:182} INFO - Started process (PID=661) to work on /home/airflow/.local/lib/python3.6/site-packages/airflow/example_dags/example_xcomargs.py
[2026-04-24 20:21:26,111] {scheduler_job.py:629} INFO - Processing file /home/airflow/.local/lib/python3.6/site-packages/airflow/example_dags/example_xcomargs.py for tasks to queue
[2026-04-24 20:21:26,111] {logging_mixin.py:104} INFO - [2026-04-24 20:21:26,111] {dagbag.py:451} INFO - Filling up the DagBag from /home/airflow/.local/lib/python3.6/site-packages/airflow/example_dags/example_xcomargs.py
[2026-04-24 20:21:26,120] {scheduler_job.py:639} INFO - DAG(s) dict_keys(['example_xcom_args', 'example_xcom_args_with_operators']) retrieved from /home/airflow/.local/lib/python3.6/site-packages/airflow/example_dags/example_xcomargs.py
[2026-04-24 20:21:26,139] {logging_mixin.py:104} INFO - [2026-04-24 20:21:26,139] {dag.py:1824} INFO - Sync 2 DAGs
[2026-04-24 20:21:26,150] {logging_mixin.py:104} INFO - [2026-04-24 20:21:26,150] {dag.py:2280} INFO - Setting next_dagrun for example_xcom_args to None
[2026-04-24 20:21:26,150] {logging_mixin.py:104} INFO - [2026-04-24 20:21:26,150] {dag.py:2280} INFO - Setting next_dagrun for example_xcom_args_with_operators to None
[2026-04-24 20:21:26,159] {scheduler_job.py:190} INFO - Processing /home/airflow/.local/lib/python3.6/site-packages/airflow/example_dags/example_xcomargs.py took 0.051 seconds
[2026-04-24 20:21:57,035] {scheduler_job.py:182} INFO - Started process (PID=688) to work on /home/airflow/.local/lib/python3.6/site-packages/airflow/example_dags/example_xcomargs.py
[2026-04-24 20:21:57,036] {scheduler_job.py:629} INFO - Processing file /home/airflow/.local/lib/python3.6/site-packages/airflow/example_dags/example_xcomargs.py for tasks to queue
[2026-04-24 20:21:57,037] {logging_mixin.py:104} INFO - [2026-04-24 20:21:57,037] {dagbag.py:451} INFO - Filling up the DagBag from /home/airflow/.local/lib/python3.6/site-packages/airflow/example_dags/example_xcomargs.py
[2026-04-24 20:21:57,045] {scheduler_job.py:639} INFO - DAG(s) dict_keys(['example_xcom_args', 'example_xcom_args_with_operators']) retrieved from /home/airflow/.local/lib/python3.6/site-packages/airflow/example_dags/example_xcomargs.py
[2026-04-24 20:21:57,063] {logging_mixin.py:104} INFO - [2026-04-24 20:21:57,062] {dag.py:1824} INFO - Sync 2 DAGs
[2026-04-24 20:21:57,073] {logging_mixin.py:104} INFO - [2026-04-24 20:21:57,073] {dag.py:2280} INFO - Setting next_dagrun for example_xcom_args to None
[2026-04-24 20:21:57,073] {logging_mixin.py:104} INFO - [2026-04-24 20:21:57,073] {dag.py:2280} INFO - Setting next_dagrun for example_xcom_args_with_operators to None
[2026-04-24 20:21:57,082] {scheduler_job.py:190} INFO - Processing /home/airflow/.local/lib/python3.6/site-packages/airflow/example_dags/example_xcomargs.py took 0.049 seconds
[2026-04-24 20:22:27,969] {scheduler_job.py:182} INFO - Started process (PID=715) to work on /home/airflow/.local/lib/python3.6/site-packages/airflow/example_dags/example_xcomargs.py
[2026-04-24 20:22:27,970] {scheduler_job.py:629} INFO - Processing file /home/airflow/.local/lib/python3.6/site-packages/airflow/example_dags/example_xcomargs.py for tasks to queue
[2026-04-24 20:22:27,970] {logging_mixin.py:104} INFO - [2026-04-24 20:22:27,970] {dagbag.py:451} INFO - Filling up the DagBag from /home/airflow/.local/lib/python3.6/site-packages/airflow/example_dags/example_xcomargs.py
[2026-04-24 20:22:27,980] {scheduler_job.py:639} INFO - DAG(s) dict_keys(['example_xcom_args', 'example_xcom_args_with_operators']) retrieved from /home/airflow/.local/lib/python3.6/site-packages/airflow/example_dags/example_xcomargs.py
[2026-04-24 20:22:28,000] {logging_mixin.py:104} INFO - [2026-04-24 20:22:28,000] {dag.py:1824} INFO - Sync 2 DAGs
[2026-04-24 20:22:28,012] {logging_mixin.py:104} INFO - [2026-04-24 20:22:28,012] {dag.py:2280} INFO - Setting next_dagrun for example_xcom_args to None
[2026-04-24 20:22:28,013] {logging_mixin.py:104} INFO - [2026-04-24 20:22:28,012] {dag.py:2280} INFO - Setting next_dagrun for example_xcom_args_with_operators to None
[2026-04-24 20:22:28,021] {scheduler_job.py:190} INFO - Processing /home/airflow/.local/lib/python3.6/site-packages/airflow/example_dags/example_xcomargs.py took 0.054 seconds
[2026-04-24 20:22:58,883] {scheduler_job.py:182} INFO - Started process (PID=742) to work on /home/airflow/.local/lib/python3.6/site-packages/airflow/example_dags/example_xcomargs.py
[2026-04-24 20:22:58,883] {scheduler_job.py:629} INFO - Processing file /home/airflow/.local/lib/python3.6/site-packages/airflow/example_dags/example_xcomargs.py for tasks to queue
[2026-04-24 20:22:58,884] {logging_mixin.py:104} INFO - [2026-04-24 20:22:58,884] {dagbag.py:451} INFO - Filling up the DagBag from /home/airflow/.local/lib/python3.6/site-packages/airflow/example_dags/example_xcomargs.py
[2026-04-24 20:22:58,893] {scheduler_job.py:639} INFO - DAG(s) dict_keys(['example_xcom_args', 'example_xcom_args_with_operators']) retrieved from /home/airflow/.local/lib/python3.6/site-packages/airflow/example_dags/example_xcomargs.py
[2026-04-24 20:22:58,912] {logging_mixin.py:104} INFO - [2026-04-24 20:22:58,911] {dag.py:1824} INFO - Sync 2 DAGs
[2026-04-24 20:22:58,922] {logging_mixin.py:104} INFO - [2026-04-24 20:22:58,922] {dag.py:2280} INFO - Setting next_dagrun for example_xcom_args to None
[2026-04-24 20:22:58,923] {logging_mixin.py:104} INFO - [2026-04-24 20:22:58,923] {dag.py:2280} INFO - Setting next_dagrun for example_xcom_args_with_operators to None
[2026-04-24 20:22:58,931] {scheduler_job.py:190} INFO - Processing /home/airflow/.local/lib/python3.6/site-packages/airflow/example_dags/example_xcomargs.py took 0.050 seconds
[2026-04-24 20:23:29,769] {scheduler_job.py:182} INFO - Started process (PID=769) to work on /home/airflow/.local/lib/python3.6/site-packages/airflow/example_dags/example_xcomargs.py
[2026-04-24 20:23:29,770] {scheduler_job.py:629} INFO - Processing file /home/airflow/.local/lib/python3.6/site-packages/airflow/example_dags/example_xcomargs.py for tasks to queue
[2026-04-24 20:23:29,771] {logging_mixin.py:104} INFO - [2026-04-24 20:23:29,771] {dagbag.py:451} INFO - Filling up the DagBag from /home/airflow/.local/lib/python3.6/site-packages/airflow/example_dags/example_xcomargs.py
[2026-04-24 20:23:29,783] {scheduler_job.py:639} INFO - DAG(s) dict_keys(['example_xcom_args', 'example_xcom_args_with_operators']) retrieved from /home/airflow/.local/lib/python3.6/site-packages/airflow/example_dags/example_xcomargs.py
[2026-04-24 20:23:29,802] {logging_mixin.py:104} INFO - [2026-04-24 20:23:29,802] {dag.py:1824} INFO - Sync 2 DAGs
[2026-04-24 20:23:29,814] {logging_mixin.py:104} INFO - [2026-04-24 20:23:29,814] {dag.py:2280} INFO - Setting next_dagrun for example_xcom_args to None
[2026-04-24 20:23:29,815] {logging_mixin.py:104} INFO - [2026-04-24 20:23:29,815] {dag.py:2280} INFO - Setting next_dagrun for example_xcom_args_with_operators to None
[2026-04-24 20:23:29,823] {scheduler_job.py:190} INFO - Processing /home/airflow/.local/lib/python3.6/site-packages/airflow/example_dags/example_xcomargs.py took 0.059 seconds
[2026-04-24 20:24:00,674] {scheduler_job.py:182} INFO - Started process (PID=796) to work on /home/airflow/.local/lib/python3.6/site-packages/airflow/example_dags/example_xcomargs.py
[2026-04-24 20:24:00,674] {scheduler_job.py:629} INFO - Processing file /home/airflow/.local/lib/python3.6/site-packages/airflow/example_dags/example_xcomargs.py for tasks to queue
[2026-04-24 20:24:00,675] {logging_mixin.py:104} INFO - [2026-04-24 20:24:00,675] {dagbag.py:451} INFO - Filling up the DagBag from /home/airflow/.local/lib/python3.6/site-packages/airflow/example_dags/example_xcomargs.py
[2026-04-24 20:24:00,684] {scheduler_job.py:639} INFO - DAG(s) dict_keys(['example_xcom_args', 'example_xcom_args_with_operators']) retrieved from /home/airflow/.local/lib/python3.6/site-packages/airflow/example_dags/example_xcomargs.py
[2026-04-24 20:24:00,701] {logging_mixin.py:104} INFO - [2026-04-24 20:24:00,701] {dag.py:1824} INFO - Sync 2 DAGs
[2026-04-24 20:24:00,713] {logging_mixin.py:104} INFO - [2026-04-24 20:24:00,712] {dag.py:2280} INFO - Setting next_dagrun for example_xcom_args to None
[2026-04-24 20:24:00,713] {logging_mixin.py:104} INFO - [2026-04-24 20:24:00,713] {dag.py:2280} INFO - Setting next_dagrun for example_xcom_args_with_operators to None
[2026-04-24 20:24:00,721] {scheduler_job.py:190} INFO - Processing /home/airflow/.local/lib/python3.6/site-packages/airflow/example_dags/example_xcomargs.py took 0.049 seconds
[2026-04-24 20:24:31,696] {scheduler_job.py:182} INFO - Started process (PID=823) to work on /home/airflow/.local/lib/python3.6/site-packages/airflow/example_dags/example_xcomargs.py
[2026-04-24 20:24:31,696] {scheduler_job.py:629} INFO - Processing file /home/airflow/.local/lib/python3.6/site-packages/airflow/example_dags/example_xcomargs.py for tasks to queue
[2026-04-24 20:24:31,697] {logging_mixin.py:104} INFO - [2026-04-24 20:24:31,697] {dagbag.py:451} INFO - Filling up the DagBag from /home/airflow/.local/lib/python3.6/site-packages/airflow/example_dags/example_xcomargs.py
[2026-04-24 20:24:31,706] {scheduler_job.py:639} INFO - DAG(s) dict_keys(['example_xcom_args', 'example_xcom_args_with_operators']) retrieved from /home/airflow/.local/lib/python3.6/site-packages/airflow/example_dags/example_xcomargs.py
[2026-04-24 20:24:31,725] {logging_mixin.py:104} INFO - [2026-04-24 20:24:31,725] {dag.py:1824} INFO - Sync 2 DAGs
[2026-04-24 20:24:31,737] {logging_mixin.py:104} INFO - [2026-04-24 20:24:31,737] {dag.py:2280} INFO - Setting next_dagrun for example_xcom_args to None
[2026-04-24 20:24:31,737] {logging_mixin.py:104} INFO - [2026-04-24 20:24:31,737] {dag.py:2280} INFO - Setting next_dagrun for example_xcom_args_with_operators to None
[2026-04-24 20:24:31,746] {scheduler_job.py:190} INFO - Processing /home/airflow/.local/lib/python3.6/site-packages/airflow/example_dags/example_xcomargs.py took 0.052 seconds
