[2026-04-24 20:07:24,895] {scheduler_job.py:182} INFO - Started process (PID=46) to work on /home/airflow/.local/lib/python3.6/site-packages/airflow/example_dags/example_trigger_controller_dag.py
[2026-04-24 20:07:24,896] {scheduler_job.py:629} INFO - Processing file /home/airflow/.local/lib/python3.6/site-packages/airflow/example_dags/example_trigger_controller_dag.py for tasks to queue
[2026-04-24 20:07:24,897] {logging_mixin.py:104} INFO - [2026-04-24 20:07:24,897] {dagbag.py:451} INFO - Filling up the DagBag from /home/airflow/.local/lib/python3.6/site-packages/airflow/example_dags/example_trigger_controller_dag.py
[2026-04-24 20:07:24,911] {scheduler_job.py:639} INFO - DAG(s) dict_keys(['example_trigger_controller_dag']) retrieved from /home/airflow/.local/lib/python3.6/site-packages/airflow/example_dags/example_trigger_controller_dag.py
[2026-04-24 20:07:24,952] {logging_mixin.py:104} INFO - [2026-04-24 20:07:24,952] {dag.py:1824} INFO - Sync 1 DAGs
[2026-04-24 20:07:24,974] {logging_mixin.py:104} INFO - [2026-04-24 20:07:24,974] {dag.py:1843} INFO - Creating ORM DAG for example_trigger_controller_dag
[2026-04-24 20:07:24,979] {logging_mixin.py:104} INFO - [2026-04-24 20:07:24,979] {dag.py:2280} INFO - Setting next_dagrun for example_trigger_controller_dag to 2026-04-22 00:00:00+00:00
[2026-04-24 20:07:25,006] {scheduler_job.py:190} INFO - Processing /home/airflow/.local/lib/python3.6/site-packages/airflow/example_dags/example_trigger_controller_dag.py took 0.114 seconds
[2026-04-24 20:07:55,099] {scheduler_job.py:182} INFO - Started process (PID=71) to work on /home/airflow/.local/lib/python3.6/site-packages/airflow/example_dags/example_trigger_controller_dag.py
[2026-04-24 20:07:55,100] {scheduler_job.py:629} INFO - Processing file /home/airflow/.local/lib/python3.6/site-packages/airflow/example_dags/example_trigger_controller_dag.py for tasks to queue
[2026-04-24 20:07:55,100] {logging_mixin.py:104} INFO - [2026-04-24 20:07:55,100] {dagbag.py:451} INFO - Filling up the DagBag from /home/airflow/.local/lib/python3.6/site-packages/airflow/example_dags/example_trigger_controller_dag.py
[2026-04-24 20:07:55,108] {scheduler_job.py:639} INFO - DAG(s) dict_keys(['example_trigger_controller_dag']) retrieved from /home/airflow/.local/lib/python3.6/site-packages/airflow/example_dags/example_trigger_controller_dag.py
[2026-04-24 20:07:55,123] {logging_mixin.py:104} INFO - [2026-04-24 20:07:55,122] {dag.py:1824} INFO - Sync 1 DAGs
[2026-04-24 20:07:55,136] {logging_mixin.py:104} INFO - [2026-04-24 20:07:55,136] {dag.py:2280} INFO - Setting next_dagrun for example_trigger_controller_dag to 2026-04-22 00:00:00+00:00
[2026-04-24 20:07:55,145] {scheduler_job.py:190} INFO - Processing /home/airflow/.local/lib/python3.6/site-packages/airflow/example_dags/example_trigger_controller_dag.py took 0.048 seconds
[2026-04-24 20:08:25,163] {scheduler_job.py:182} INFO - Started process (PID=97) to work on /home/airflow/.local/lib/python3.6/site-packages/airflow/example_dags/example_trigger_controller_dag.py
[2026-04-24 20:08:25,164] {scheduler_job.py:629} INFO - Processing file /home/airflow/.local/lib/python3.6/site-packages/airflow/example_dags/example_trigger_controller_dag.py for tasks to queue
[2026-04-24 20:08:25,164] {logging_mixin.py:104} INFO - [2026-04-24 20:08:25,164] {dagbag.py:451} INFO - Filling up the DagBag from /home/airflow/.local/lib/python3.6/site-packages/airflow/example_dags/example_trigger_controller_dag.py
[2026-04-24 20:08:25,171] {scheduler_job.py:639} INFO - DAG(s) dict_keys(['example_trigger_controller_dag']) retrieved from /home/airflow/.local/lib/python3.6/site-packages/airflow/example_dags/example_trigger_controller_dag.py
[2026-04-24 20:08:25,185] {logging_mixin.py:104} INFO - [2026-04-24 20:08:25,185] {dag.py:1824} INFO - Sync 1 DAGs
[2026-04-24 20:08:25,196] {logging_mixin.py:104} INFO - [2026-04-24 20:08:25,196] {dag.py:2280} INFO - Setting next_dagrun for example_trigger_controller_dag to 2026-04-22 00:00:00+00:00
[2026-04-24 20:08:25,203] {scheduler_job.py:190} INFO - Processing /home/airflow/.local/lib/python3.6/site-packages/airflow/example_dags/example_trigger_controller_dag.py took 0.042 seconds
[2026-04-24 20:08:56,082] {scheduler_job.py:182} INFO - Started process (PID=123) to work on /home/airflow/.local/lib/python3.6/site-packages/airflow/example_dags/example_trigger_controller_dag.py
[2026-04-24 20:08:56,082] {scheduler_job.py:629} INFO - Processing file /home/airflow/.local/lib/python3.6/site-packages/airflow/example_dags/example_trigger_controller_dag.py for tasks to queue
[2026-04-24 20:08:56,083] {logging_mixin.py:104} INFO - [2026-04-24 20:08:56,083] {dagbag.py:451} INFO - Filling up the DagBag from /home/airflow/.local/lib/python3.6/site-packages/airflow/example_dags/example_trigger_controller_dag.py
[2026-04-24 20:08:56,089] {scheduler_job.py:639} INFO - DAG(s) dict_keys(['example_trigger_controller_dag']) retrieved from /home/airflow/.local/lib/python3.6/site-packages/airflow/example_dags/example_trigger_controller_dag.py
[2026-04-24 20:08:56,102] {logging_mixin.py:104} INFO - [2026-04-24 20:08:56,102] {dag.py:1824} INFO - Sync 1 DAGs
[2026-04-24 20:08:56,113] {logging_mixin.py:104} INFO - [2026-04-24 20:08:56,113] {dag.py:2280} INFO - Setting next_dagrun for example_trigger_controller_dag to 2026-04-22 00:00:00+00:00
[2026-04-24 20:08:56,120] {scheduler_job.py:190} INFO - Processing /home/airflow/.local/lib/python3.6/site-packages/airflow/example_dags/example_trigger_controller_dag.py took 0.040 seconds
[2026-04-24 20:09:27,282] {scheduler_job.py:182} INFO - Started process (PID=149) to work on /home/airflow/.local/lib/python3.6/site-packages/airflow/example_dags/example_trigger_controller_dag.py
[2026-04-24 20:09:27,285] {scheduler_job.py:629} INFO - Processing file /home/airflow/.local/lib/python3.6/site-packages/airflow/example_dags/example_trigger_controller_dag.py for tasks to queue
[2026-04-24 20:09:27,286] {logging_mixin.py:104} INFO - [2026-04-24 20:09:27,286] {dagbag.py:451} INFO - Filling up the DagBag from /home/airflow/.local/lib/python3.6/site-packages/airflow/example_dags/example_trigger_controller_dag.py
[2026-04-24 20:09:27,298] {scheduler_job.py:639} INFO - DAG(s) dict_keys(['example_trigger_controller_dag']) retrieved from /home/airflow/.local/lib/python3.6/site-packages/airflow/example_dags/example_trigger_controller_dag.py
[2026-04-24 20:09:27,321] {logging_mixin.py:104} INFO - [2026-04-24 20:09:27,320] {dag.py:1824} INFO - Sync 1 DAGs
[2026-04-24 20:09:27,342] {logging_mixin.py:104} INFO - [2026-04-24 20:09:27,342] {dag.py:2280} INFO - Setting next_dagrun for example_trigger_controller_dag to 2026-04-22 00:00:00+00:00
[2026-04-24 20:09:27,358] {scheduler_job.py:190} INFO - Processing /home/airflow/.local/lib/python3.6/site-packages/airflow/example_dags/example_trigger_controller_dag.py took 0.080 seconds
[2026-04-24 20:09:46,236] {scheduler_job.py:182} INFO - Started process (PID=45) to work on /home/airflow/.local/lib/python3.6/site-packages/airflow/example_dags/example_trigger_controller_dag.py
[2026-04-24 20:09:46,237] {scheduler_job.py:629} INFO - Processing file /home/airflow/.local/lib/python3.6/site-packages/airflow/example_dags/example_trigger_controller_dag.py for tasks to queue
[2026-04-24 20:09:46,237] {logging_mixin.py:104} INFO - [2026-04-24 20:09:46,237] {dagbag.py:451} INFO - Filling up the DagBag from /home/airflow/.local/lib/python3.6/site-packages/airflow/example_dags/example_trigger_controller_dag.py
[2026-04-24 20:09:46,256] {scheduler_job.py:639} INFO - DAG(s) dict_keys(['example_trigger_controller_dag']) retrieved from /home/airflow/.local/lib/python3.6/site-packages/airflow/example_dags/example_trigger_controller_dag.py
[2026-04-24 20:09:46,276] {logging_mixin.py:104} INFO - [2026-04-24 20:09:46,276] {dag.py:1824} INFO - Sync 1 DAGs
[2026-04-24 20:09:46,295] {logging_mixin.py:104} INFO - [2026-04-24 20:09:46,295] {dag.py:2280} INFO - Setting next_dagrun for example_trigger_controller_dag to 2026-04-22 00:00:00+00:00
[2026-04-24 20:09:46,307] {scheduler_job.py:190} INFO - Processing /home/airflow/.local/lib/python3.6/site-packages/airflow/example_dags/example_trigger_controller_dag.py took 0.074 seconds
[2026-04-24 20:10:16,402] {scheduler_job.py:182} INFO - Started process (PID=72) to work on /home/airflow/.local/lib/python3.6/site-packages/airflow/example_dags/example_trigger_controller_dag.py
[2026-04-24 20:10:16,403] {scheduler_job.py:629} INFO - Processing file /home/airflow/.local/lib/python3.6/site-packages/airflow/example_dags/example_trigger_controller_dag.py for tasks to queue
[2026-04-24 20:10:16,403] {logging_mixin.py:104} INFO - [2026-04-24 20:10:16,403] {dagbag.py:451} INFO - Filling up the DagBag from /home/airflow/.local/lib/python3.6/site-packages/airflow/example_dags/example_trigger_controller_dag.py
[2026-04-24 20:10:16,411] {scheduler_job.py:639} INFO - DAG(s) dict_keys(['example_trigger_controller_dag']) retrieved from /home/airflow/.local/lib/python3.6/site-packages/airflow/example_dags/example_trigger_controller_dag.py
[2026-04-24 20:10:16,424] {logging_mixin.py:104} INFO - [2026-04-24 20:10:16,423] {dag.py:1824} INFO - Sync 1 DAGs
[2026-04-24 20:10:16,438] {logging_mixin.py:104} INFO - [2026-04-24 20:10:16,438] {dag.py:2280} INFO - Setting next_dagrun for example_trigger_controller_dag to 2026-04-22 00:00:00+00:00
[2026-04-24 20:10:16,446] {scheduler_job.py:190} INFO - Processing /home/airflow/.local/lib/python3.6/site-packages/airflow/example_dags/example_trigger_controller_dag.py took 0.045 seconds
[2026-04-24 20:10:46,494] {scheduler_job.py:182} INFO - Started process (PID=99) to work on /home/airflow/.local/lib/python3.6/site-packages/airflow/example_dags/example_trigger_controller_dag.py
[2026-04-24 20:10:46,495] {scheduler_job.py:629} INFO - Processing file /home/airflow/.local/lib/python3.6/site-packages/airflow/example_dags/example_trigger_controller_dag.py for tasks to queue
[2026-04-24 20:10:46,496] {logging_mixin.py:104} INFO - [2026-04-24 20:10:46,496] {dagbag.py:451} INFO - Filling up the DagBag from /home/airflow/.local/lib/python3.6/site-packages/airflow/example_dags/example_trigger_controller_dag.py
[2026-04-24 20:10:46,507] {scheduler_job.py:639} INFO - DAG(s) dict_keys(['example_trigger_controller_dag']) retrieved from /home/airflow/.local/lib/python3.6/site-packages/airflow/example_dags/example_trigger_controller_dag.py
[2026-04-24 20:10:46,523] {logging_mixin.py:104} INFO - [2026-04-24 20:10:46,523] {dag.py:1824} INFO - Sync 1 DAGs
[2026-04-24 20:10:46,535] {logging_mixin.py:104} INFO - [2026-04-24 20:10:46,535] {dag.py:2280} INFO - Setting next_dagrun for example_trigger_controller_dag to 2026-04-22 00:00:00+00:00
[2026-04-24 20:10:46,542] {scheduler_job.py:190} INFO - Processing /home/airflow/.local/lib/python3.6/site-packages/airflow/example_dags/example_trigger_controller_dag.py took 0.052 seconds
[2026-04-24 20:11:16,574] {scheduler_job.py:182} INFO - Started process (PID=125) to work on /home/airflow/.local/lib/python3.6/site-packages/airflow/example_dags/example_trigger_controller_dag.py
[2026-04-24 20:11:16,576] {scheduler_job.py:629} INFO - Processing file /home/airflow/.local/lib/python3.6/site-packages/airflow/example_dags/example_trigger_controller_dag.py for tasks to queue
[2026-04-24 20:11:16,577] {logging_mixin.py:104} INFO - [2026-04-24 20:11:16,577] {dagbag.py:451} INFO - Filling up the DagBag from /home/airflow/.local/lib/python3.6/site-packages/airflow/example_dags/example_trigger_controller_dag.py
[2026-04-24 20:11:16,588] {scheduler_job.py:639} INFO - DAG(s) dict_keys(['example_trigger_controller_dag']) retrieved from /home/airflow/.local/lib/python3.6/site-packages/airflow/example_dags/example_trigger_controller_dag.py
[2026-04-24 20:11:16,602] {logging_mixin.py:104} INFO - [2026-04-24 20:11:16,602] {dag.py:1824} INFO - Sync 1 DAGs
[2026-04-24 20:11:16,614] {logging_mixin.py:104} INFO - [2026-04-24 20:11:16,614] {dag.py:2280} INFO - Setting next_dagrun for example_trigger_controller_dag to 2026-04-22 00:00:00+00:00
[2026-04-24 20:11:16,621] {scheduler_job.py:190} INFO - Processing /home/airflow/.local/lib/python3.6/site-packages/airflow/example_dags/example_trigger_controller_dag.py took 0.050 seconds
[2026-04-24 20:11:46,671] {scheduler_job.py:182} INFO - Started process (PID=151) to work on /home/airflow/.local/lib/python3.6/site-packages/airflow/example_dags/example_trigger_controller_dag.py
[2026-04-24 20:11:46,673] {scheduler_job.py:629} INFO - Processing file /home/airflow/.local/lib/python3.6/site-packages/airflow/example_dags/example_trigger_controller_dag.py for tasks to queue
[2026-04-24 20:11:46,673] {logging_mixin.py:104} INFO - [2026-04-24 20:11:46,673] {dagbag.py:451} INFO - Filling up the DagBag from /home/airflow/.local/lib/python3.6/site-packages/airflow/example_dags/example_trigger_controller_dag.py
[2026-04-24 20:11:46,684] {scheduler_job.py:639} INFO - DAG(s) dict_keys(['example_trigger_controller_dag']) retrieved from /home/airflow/.local/lib/python3.6/site-packages/airflow/example_dags/example_trigger_controller_dag.py
[2026-04-24 20:11:46,697] {logging_mixin.py:104} INFO - [2026-04-24 20:11:46,697] {dag.py:1824} INFO - Sync 1 DAGs
[2026-04-24 20:11:46,710] {logging_mixin.py:104} INFO - [2026-04-24 20:11:46,710] {dag.py:2280} INFO - Setting next_dagrun for example_trigger_controller_dag to 2026-04-22 00:00:00+00:00
[2026-04-24 20:11:46,717] {scheduler_job.py:190} INFO - Processing /home/airflow/.local/lib/python3.6/site-packages/airflow/example_dags/example_trigger_controller_dag.py took 0.050 seconds
[2026-04-24 20:12:16,753] {scheduler_job.py:182} INFO - Started process (PID=178) to work on /home/airflow/.local/lib/python3.6/site-packages/airflow/example_dags/example_trigger_controller_dag.py
[2026-04-24 20:12:16,754] {scheduler_job.py:629} INFO - Processing file /home/airflow/.local/lib/python3.6/site-packages/airflow/example_dags/example_trigger_controller_dag.py for tasks to queue
[2026-04-24 20:12:16,754] {logging_mixin.py:104} INFO - [2026-04-24 20:12:16,754] {dagbag.py:451} INFO - Filling up the DagBag from /home/airflow/.local/lib/python3.6/site-packages/airflow/example_dags/example_trigger_controller_dag.py
[2026-04-24 20:12:16,760] {scheduler_job.py:639} INFO - DAG(s) dict_keys(['example_trigger_controller_dag']) retrieved from /home/airflow/.local/lib/python3.6/site-packages/airflow/example_dags/example_trigger_controller_dag.py
[2026-04-24 20:12:16,773] {logging_mixin.py:104} INFO - [2026-04-24 20:12:16,773] {dag.py:1824} INFO - Sync 1 DAGs
[2026-04-24 20:12:16,785] {logging_mixin.py:104} INFO - [2026-04-24 20:12:16,785] {dag.py:2280} INFO - Setting next_dagrun for example_trigger_controller_dag to 2026-04-22 00:00:00+00:00
[2026-04-24 20:12:16,792] {scheduler_job.py:190} INFO - Processing /home/airflow/.local/lib/python3.6/site-packages/airflow/example_dags/example_trigger_controller_dag.py took 0.041 seconds
[2026-04-24 20:12:47,812] {scheduler_job.py:182} INFO - Started process (PID=206) to work on /home/airflow/.local/lib/python3.6/site-packages/airflow/example_dags/example_trigger_controller_dag.py
[2026-04-24 20:12:47,813] {scheduler_job.py:629} INFO - Processing file /home/airflow/.local/lib/python3.6/site-packages/airflow/example_dags/example_trigger_controller_dag.py for tasks to queue
[2026-04-24 20:12:47,814] {logging_mixin.py:104} INFO - [2026-04-24 20:12:47,814] {dagbag.py:451} INFO - Filling up the DagBag from /home/airflow/.local/lib/python3.6/site-packages/airflow/example_dags/example_trigger_controller_dag.py
[2026-04-24 20:12:47,823] {scheduler_job.py:639} INFO - DAG(s) dict_keys(['example_trigger_controller_dag']) retrieved from /home/airflow/.local/lib/python3.6/site-packages/airflow/example_dags/example_trigger_controller_dag.py
[2026-04-24 20:12:47,838] {logging_mixin.py:104} INFO - [2026-04-24 20:12:47,838] {dag.py:1824} INFO - Sync 1 DAGs
[2026-04-24 20:12:47,848] {logging_mixin.py:104} INFO - [2026-04-24 20:12:47,848] {dag.py:2280} INFO - Setting next_dagrun for example_trigger_controller_dag to 2026-04-22 00:00:00+00:00
[2026-04-24 20:12:47,855] {scheduler_job.py:190} INFO - Processing /home/airflow/.local/lib/python3.6/site-packages/airflow/example_dags/example_trigger_controller_dag.py took 0.047 seconds
[2026-04-24 20:13:18,819] {scheduler_job.py:182} INFO - Started process (PID=233) to work on /home/airflow/.local/lib/python3.6/site-packages/airflow/example_dags/example_trigger_controller_dag.py
[2026-04-24 20:13:18,821] {scheduler_job.py:629} INFO - Processing file /home/airflow/.local/lib/python3.6/site-packages/airflow/example_dags/example_trigger_controller_dag.py for tasks to queue
[2026-04-24 20:13:18,821] {logging_mixin.py:104} INFO - [2026-04-24 20:13:18,821] {dagbag.py:451} INFO - Filling up the DagBag from /home/airflow/.local/lib/python3.6/site-packages/airflow/example_dags/example_trigger_controller_dag.py
[2026-04-24 20:13:18,831] {scheduler_job.py:639} INFO - DAG(s) dict_keys(['example_trigger_controller_dag']) retrieved from /home/airflow/.local/lib/python3.6/site-packages/airflow/example_dags/example_trigger_controller_dag.py
[2026-04-24 20:13:18,848] {logging_mixin.py:104} INFO - [2026-04-24 20:13:18,848] {dag.py:1824} INFO - Sync 1 DAGs
[2026-04-24 20:13:18,858] {logging_mixin.py:104} INFO - [2026-04-24 20:13:18,858] {dag.py:2280} INFO - Setting next_dagrun for example_trigger_controller_dag to 2026-04-22 00:00:00+00:00
[2026-04-24 20:13:18,866] {scheduler_job.py:190} INFO - Processing /home/airflow/.local/lib/python3.6/site-packages/airflow/example_dags/example_trigger_controller_dag.py took 0.050 seconds
[2026-04-24 20:13:49,753] {scheduler_job.py:182} INFO - Started process (PID=260) to work on /home/airflow/.local/lib/python3.6/site-packages/airflow/example_dags/example_trigger_controller_dag.py
[2026-04-24 20:13:49,753] {scheduler_job.py:629} INFO - Processing file /home/airflow/.local/lib/python3.6/site-packages/airflow/example_dags/example_trigger_controller_dag.py for tasks to queue
[2026-04-24 20:13:49,754] {logging_mixin.py:104} INFO - [2026-04-24 20:13:49,754] {dagbag.py:451} INFO - Filling up the DagBag from /home/airflow/.local/lib/python3.6/site-packages/airflow/example_dags/example_trigger_controller_dag.py
[2026-04-24 20:13:49,760] {scheduler_job.py:639} INFO - DAG(s) dict_keys(['example_trigger_controller_dag']) retrieved from /home/airflow/.local/lib/python3.6/site-packages/airflow/example_dags/example_trigger_controller_dag.py
[2026-04-24 20:13:49,783] {logging_mixin.py:104} INFO - [2026-04-24 20:13:49,783] {dag.py:1824} INFO - Sync 1 DAGs
[2026-04-24 20:13:49,803] {logging_mixin.py:104} INFO - [2026-04-24 20:13:49,802] {dag.py:2280} INFO - Setting next_dagrun for example_trigger_controller_dag to 2026-04-22 00:00:00+00:00
[2026-04-24 20:13:49,813] {scheduler_job.py:190} INFO - Processing /home/airflow/.local/lib/python3.6/site-packages/airflow/example_dags/example_trigger_controller_dag.py took 0.063 seconds
[2026-04-24 20:14:19,906] {scheduler_job.py:182} INFO - Started process (PID=287) to work on /home/airflow/.local/lib/python3.6/site-packages/airflow/example_dags/example_trigger_controller_dag.py
[2026-04-24 20:14:19,907] {scheduler_job.py:629} INFO - Processing file /home/airflow/.local/lib/python3.6/site-packages/airflow/example_dags/example_trigger_controller_dag.py for tasks to queue
[2026-04-24 20:14:19,908] {logging_mixin.py:104} INFO - [2026-04-24 20:14:19,908] {dagbag.py:451} INFO - Filling up the DagBag from /home/airflow/.local/lib/python3.6/site-packages/airflow/example_dags/example_trigger_controller_dag.py
[2026-04-24 20:14:19,918] {scheduler_job.py:639} INFO - DAG(s) dict_keys(['example_trigger_controller_dag']) retrieved from /home/airflow/.local/lib/python3.6/site-packages/airflow/example_dags/example_trigger_controller_dag.py
[2026-04-24 20:14:19,934] {logging_mixin.py:104} INFO - [2026-04-24 20:14:19,934] {dag.py:1824} INFO - Sync 1 DAGs
[2026-04-24 20:14:19,944] {logging_mixin.py:104} INFO - [2026-04-24 20:14:19,944] {dag.py:2280} INFO - Setting next_dagrun for example_trigger_controller_dag to 2026-04-22 00:00:00+00:00
[2026-04-24 20:14:19,951] {scheduler_job.py:190} INFO - Processing /home/airflow/.local/lib/python3.6/site-packages/airflow/example_dags/example_trigger_controller_dag.py took 0.049 seconds
[2026-04-24 20:14:49,989] {scheduler_job.py:182} INFO - Started process (PID=314) to work on /home/airflow/.local/lib/python3.6/site-packages/airflow/example_dags/example_trigger_controller_dag.py
[2026-04-24 20:14:49,989] {scheduler_job.py:629} INFO - Processing file /home/airflow/.local/lib/python3.6/site-packages/airflow/example_dags/example_trigger_controller_dag.py for tasks to queue
[2026-04-24 20:14:49,990] {logging_mixin.py:104} INFO - [2026-04-24 20:14:49,990] {dagbag.py:451} INFO - Filling up the DagBag from /home/airflow/.local/lib/python3.6/site-packages/airflow/example_dags/example_trigger_controller_dag.py
[2026-04-24 20:14:49,999] {scheduler_job.py:639} INFO - DAG(s) dict_keys(['example_trigger_controller_dag']) retrieved from /home/airflow/.local/lib/python3.6/site-packages/airflow/example_dags/example_trigger_controller_dag.py
[2026-04-24 20:14:50,013] {logging_mixin.py:104} INFO - [2026-04-24 20:14:50,013] {dag.py:1824} INFO - Sync 1 DAGs
[2026-04-24 20:14:50,024] {logging_mixin.py:104} INFO - [2026-04-24 20:14:50,023] {dag.py:2280} INFO - Setting next_dagrun for example_trigger_controller_dag to 2026-04-22 00:00:00+00:00
[2026-04-24 20:14:50,030] {scheduler_job.py:190} INFO - Processing /home/airflow/.local/lib/python3.6/site-packages/airflow/example_dags/example_trigger_controller_dag.py took 0.044 seconds
[2026-04-24 20:15:20,048] {scheduler_job.py:182} INFO - Started process (PID=341) to work on /home/airflow/.local/lib/python3.6/site-packages/airflow/example_dags/example_trigger_controller_dag.py
[2026-04-24 20:15:20,049] {scheduler_job.py:629} INFO - Processing file /home/airflow/.local/lib/python3.6/site-packages/airflow/example_dags/example_trigger_controller_dag.py for tasks to queue
[2026-04-24 20:15:20,050] {logging_mixin.py:104} INFO - [2026-04-24 20:15:20,050] {dagbag.py:451} INFO - Filling up the DagBag from /home/airflow/.local/lib/python3.6/site-packages/airflow/example_dags/example_trigger_controller_dag.py
[2026-04-24 20:15:20,058] {scheduler_job.py:639} INFO - DAG(s) dict_keys(['example_trigger_controller_dag']) retrieved from /home/airflow/.local/lib/python3.6/site-packages/airflow/example_dags/example_trigger_controller_dag.py
[2026-04-24 20:15:20,072] {logging_mixin.py:104} INFO - [2026-04-24 20:15:20,072] {dag.py:1824} INFO - Sync 1 DAGs
[2026-04-24 20:15:20,083] {logging_mixin.py:104} INFO - [2026-04-24 20:15:20,082] {dag.py:2280} INFO - Setting next_dagrun for example_trigger_controller_dag to 2026-04-22 00:00:00+00:00
[2026-04-24 20:15:20,089] {scheduler_job.py:190} INFO - Processing /home/airflow/.local/lib/python3.6/site-packages/airflow/example_dags/example_trigger_controller_dag.py took 0.043 seconds
[2026-04-24 20:15:50,114] {scheduler_job.py:182} INFO - Started process (PID=366) to work on /home/airflow/.local/lib/python3.6/site-packages/airflow/example_dags/example_trigger_controller_dag.py
[2026-04-24 20:15:50,115] {scheduler_job.py:629} INFO - Processing file /home/airflow/.local/lib/python3.6/site-packages/airflow/example_dags/example_trigger_controller_dag.py for tasks to queue
[2026-04-24 20:15:50,116] {logging_mixin.py:104} INFO - [2026-04-24 20:15:50,116] {dagbag.py:451} INFO - Filling up the DagBag from /home/airflow/.local/lib/python3.6/site-packages/airflow/example_dags/example_trigger_controller_dag.py
[2026-04-24 20:15:50,128] {scheduler_job.py:639} INFO - DAG(s) dict_keys(['example_trigger_controller_dag']) retrieved from /home/airflow/.local/lib/python3.6/site-packages/airflow/example_dags/example_trigger_controller_dag.py
[2026-04-24 20:15:50,143] {logging_mixin.py:104} INFO - [2026-04-24 20:15:50,143] {dag.py:1824} INFO - Sync 1 DAGs
[2026-04-24 20:15:50,153] {logging_mixin.py:104} INFO - [2026-04-24 20:15:50,153] {dag.py:2280} INFO - Setting next_dagrun for example_trigger_controller_dag to 2026-04-22 00:00:00+00:00
[2026-04-24 20:15:50,159] {scheduler_job.py:190} INFO - Processing /home/airflow/.local/lib/python3.6/site-packages/airflow/example_dags/example_trigger_controller_dag.py took 0.049 seconds
[2026-04-24 20:16:20,180] {scheduler_job.py:182} INFO - Started process (PID=393) to work on /home/airflow/.local/lib/python3.6/site-packages/airflow/example_dags/example_trigger_controller_dag.py
[2026-04-24 20:16:20,182] {scheduler_job.py:629} INFO - Processing file /home/airflow/.local/lib/python3.6/site-packages/airflow/example_dags/example_trigger_controller_dag.py for tasks to queue
[2026-04-24 20:16:20,182] {logging_mixin.py:104} INFO - [2026-04-24 20:16:20,182] {dagbag.py:451} INFO - Filling up the DagBag from /home/airflow/.local/lib/python3.6/site-packages/airflow/example_dags/example_trigger_controller_dag.py
[2026-04-24 20:16:20,194] {scheduler_job.py:639} INFO - DAG(s) dict_keys(['example_trigger_controller_dag']) retrieved from /home/airflow/.local/lib/python3.6/site-packages/airflow/example_dags/example_trigger_controller_dag.py
[2026-04-24 20:16:20,209] {logging_mixin.py:104} INFO - [2026-04-24 20:16:20,209] {dag.py:1824} INFO - Sync 1 DAGs
[2026-04-24 20:16:20,220] {logging_mixin.py:104} INFO - [2026-04-24 20:16:20,220] {dag.py:2280} INFO - Setting next_dagrun for example_trigger_controller_dag to 2026-04-22 00:00:00+00:00
[2026-04-24 20:16:20,228] {scheduler_job.py:190} INFO - Processing /home/airflow/.local/lib/python3.6/site-packages/airflow/example_dags/example_trigger_controller_dag.py took 0.052 seconds
[2026-04-24 20:16:50,263] {scheduler_job.py:182} INFO - Started process (PID=420) to work on /home/airflow/.local/lib/python3.6/site-packages/airflow/example_dags/example_trigger_controller_dag.py
[2026-04-24 20:16:50,269] {scheduler_job.py:629} INFO - Processing file /home/airflow/.local/lib/python3.6/site-packages/airflow/example_dags/example_trigger_controller_dag.py for tasks to queue
[2026-04-24 20:16:50,270] {logging_mixin.py:104} INFO - [2026-04-24 20:16:50,270] {dagbag.py:451} INFO - Filling up the DagBag from /home/airflow/.local/lib/python3.6/site-packages/airflow/example_dags/example_trigger_controller_dag.py
[2026-04-24 20:16:50,275] {scheduler_job.py:639} INFO - DAG(s) dict_keys(['example_trigger_controller_dag']) retrieved from /home/airflow/.local/lib/python3.6/site-packages/airflow/example_dags/example_trigger_controller_dag.py
[2026-04-24 20:16:50,291] {logging_mixin.py:104} INFO - [2026-04-24 20:16:50,291] {dag.py:1824} INFO - Sync 1 DAGs
[2026-04-24 20:16:50,302] {logging_mixin.py:104} INFO - [2026-04-24 20:16:50,302] {dag.py:2280} INFO - Setting next_dagrun for example_trigger_controller_dag to 2026-04-22 00:00:00+00:00
[2026-04-24 20:16:50,309] {scheduler_job.py:190} INFO - Processing /home/airflow/.local/lib/python3.6/site-packages/airflow/example_dags/example_trigger_controller_dag.py took 0.050 seconds
[2026-04-24 20:17:20,381] {scheduler_job.py:182} INFO - Started process (PID=447) to work on /home/airflow/.local/lib/python3.6/site-packages/airflow/example_dags/example_trigger_controller_dag.py
[2026-04-24 20:17:20,382] {scheduler_job.py:629} INFO - Processing file /home/airflow/.local/lib/python3.6/site-packages/airflow/example_dags/example_trigger_controller_dag.py for tasks to queue
[2026-04-24 20:17:20,382] {logging_mixin.py:104} INFO - [2026-04-24 20:17:20,382] {dagbag.py:451} INFO - Filling up the DagBag from /home/airflow/.local/lib/python3.6/site-packages/airflow/example_dags/example_trigger_controller_dag.py
[2026-04-24 20:17:20,388] {scheduler_job.py:639} INFO - DAG(s) dict_keys(['example_trigger_controller_dag']) retrieved from /home/airflow/.local/lib/python3.6/site-packages/airflow/example_dags/example_trigger_controller_dag.py
[2026-04-24 20:17:20,407] {logging_mixin.py:104} INFO - [2026-04-24 20:17:20,407] {dag.py:1824} INFO - Sync 1 DAGs
[2026-04-24 20:17:20,417] {logging_mixin.py:104} INFO - [2026-04-24 20:17:20,417] {dag.py:2280} INFO - Setting next_dagrun for example_trigger_controller_dag to 2026-04-22 00:00:00+00:00
[2026-04-24 20:17:20,424] {scheduler_job.py:190} INFO - Processing /home/airflow/.local/lib/python3.6/site-packages/airflow/example_dags/example_trigger_controller_dag.py took 0.045 seconds
[2026-04-24 20:17:50,447] {scheduler_job.py:182} INFO - Started process (PID=473) to work on /home/airflow/.local/lib/python3.6/site-packages/airflow/example_dags/example_trigger_controller_dag.py
[2026-04-24 20:17:50,447] {scheduler_job.py:629} INFO - Processing file /home/airflow/.local/lib/python3.6/site-packages/airflow/example_dags/example_trigger_controller_dag.py for tasks to queue
[2026-04-24 20:17:50,448] {logging_mixin.py:104} INFO - [2026-04-24 20:17:50,448] {dagbag.py:451} INFO - Filling up the DagBag from /home/airflow/.local/lib/python3.6/site-packages/airflow/example_dags/example_trigger_controller_dag.py
[2026-04-24 20:17:50,454] {scheduler_job.py:639} INFO - DAG(s) dict_keys(['example_trigger_controller_dag']) retrieved from /home/airflow/.local/lib/python3.6/site-packages/airflow/example_dags/example_trigger_controller_dag.py
[2026-04-24 20:17:50,471] {logging_mixin.py:104} INFO - [2026-04-24 20:17:50,471] {dag.py:1824} INFO - Sync 1 DAGs
[2026-04-24 20:17:50,482] {logging_mixin.py:104} INFO - [2026-04-24 20:17:50,481] {dag.py:2280} INFO - Setting next_dagrun for example_trigger_controller_dag to 2026-04-22 00:00:00+00:00
[2026-04-24 20:17:50,488] {scheduler_job.py:190} INFO - Processing /home/airflow/.local/lib/python3.6/site-packages/airflow/example_dags/example_trigger_controller_dag.py took 0.043 seconds
[2026-04-24 20:18:20,507] {scheduler_job.py:182} INFO - Started process (PID=500) to work on /home/airflow/.local/lib/python3.6/site-packages/airflow/example_dags/example_trigger_controller_dag.py
[2026-04-24 20:18:20,508] {scheduler_job.py:629} INFO - Processing file /home/airflow/.local/lib/python3.6/site-packages/airflow/example_dags/example_trigger_controller_dag.py for tasks to queue
[2026-04-24 20:18:20,509] {logging_mixin.py:104} INFO - [2026-04-24 20:18:20,509] {dagbag.py:451} INFO - Filling up the DagBag from /home/airflow/.local/lib/python3.6/site-packages/airflow/example_dags/example_trigger_controller_dag.py
[2026-04-24 20:18:20,515] {scheduler_job.py:639} INFO - DAG(s) dict_keys(['example_trigger_controller_dag']) retrieved from /home/airflow/.local/lib/python3.6/site-packages/airflow/example_dags/example_trigger_controller_dag.py
[2026-04-24 20:18:20,528] {logging_mixin.py:104} INFO - [2026-04-24 20:18:20,528] {dag.py:1824} INFO - Sync 1 DAGs
[2026-04-24 20:18:20,538] {logging_mixin.py:104} INFO - [2026-04-24 20:18:20,538] {dag.py:2280} INFO - Setting next_dagrun for example_trigger_controller_dag to 2026-04-22 00:00:00+00:00
[2026-04-24 20:18:20,544] {scheduler_job.py:190} INFO - Processing /home/airflow/.local/lib/python3.6/site-packages/airflow/example_dags/example_trigger_controller_dag.py took 0.039 seconds
[2026-04-24 20:18:51,457] {scheduler_job.py:182} INFO - Started process (PID=529) to work on /home/airflow/.local/lib/python3.6/site-packages/airflow/example_dags/example_trigger_controller_dag.py
[2026-04-24 20:18:51,458] {scheduler_job.py:629} INFO - Processing file /home/airflow/.local/lib/python3.6/site-packages/airflow/example_dags/example_trigger_controller_dag.py for tasks to queue
[2026-04-24 20:18:51,458] {logging_mixin.py:104} INFO - [2026-04-24 20:18:51,458] {dagbag.py:451} INFO - Filling up the DagBag from /home/airflow/.local/lib/python3.6/site-packages/airflow/example_dags/example_trigger_controller_dag.py
[2026-04-24 20:18:51,466] {scheduler_job.py:639} INFO - DAG(s) dict_keys(['example_trigger_controller_dag']) retrieved from /home/airflow/.local/lib/python3.6/site-packages/airflow/example_dags/example_trigger_controller_dag.py
[2026-04-24 20:18:51,480] {logging_mixin.py:104} INFO - [2026-04-24 20:18:51,479] {dag.py:1824} INFO - Sync 1 DAGs
[2026-04-24 20:18:51,493] {logging_mixin.py:104} INFO - [2026-04-24 20:18:51,492] {dag.py:2280} INFO - Setting next_dagrun for example_trigger_controller_dag to 2026-04-22 00:00:00+00:00
[2026-04-24 20:18:51,500] {scheduler_job.py:190} INFO - Processing /home/airflow/.local/lib/python3.6/site-packages/airflow/example_dags/example_trigger_controller_dag.py took 0.044 seconds
[2026-04-24 20:19:22,343] {scheduler_job.py:182} INFO - Started process (PID=556) to work on /home/airflow/.local/lib/python3.6/site-packages/airflow/example_dags/example_trigger_controller_dag.py
[2026-04-24 20:19:22,344] {scheduler_job.py:629} INFO - Processing file /home/airflow/.local/lib/python3.6/site-packages/airflow/example_dags/example_trigger_controller_dag.py for tasks to queue
[2026-04-24 20:19:22,344] {logging_mixin.py:104} INFO - [2026-04-24 20:19:22,344] {dagbag.py:451} INFO - Filling up the DagBag from /home/airflow/.local/lib/python3.6/site-packages/airflow/example_dags/example_trigger_controller_dag.py
[2026-04-24 20:19:22,351] {scheduler_job.py:639} INFO - DAG(s) dict_keys(['example_trigger_controller_dag']) retrieved from /home/airflow/.local/lib/python3.6/site-packages/airflow/example_dags/example_trigger_controller_dag.py
[2026-04-24 20:19:22,374] {logging_mixin.py:104} INFO - [2026-04-24 20:19:22,374] {dag.py:1824} INFO - Sync 1 DAGs
[2026-04-24 20:19:22,392] {logging_mixin.py:104} INFO - [2026-04-24 20:19:22,392] {dag.py:2280} INFO - Setting next_dagrun for example_trigger_controller_dag to 2026-04-22 00:00:00+00:00
[2026-04-24 20:19:22,409] {scheduler_job.py:190} INFO - Processing /home/airflow/.local/lib/python3.6/site-packages/airflow/example_dags/example_trigger_controller_dag.py took 0.067 seconds
[2026-04-24 20:19:53,347] {scheduler_job.py:182} INFO - Started process (PID=583) to work on /home/airflow/.local/lib/python3.6/site-packages/airflow/example_dags/example_trigger_controller_dag.py
[2026-04-24 20:19:53,347] {scheduler_job.py:629} INFO - Processing file /home/airflow/.local/lib/python3.6/site-packages/airflow/example_dags/example_trigger_controller_dag.py for tasks to queue
[2026-04-24 20:19:53,348] {logging_mixin.py:104} INFO - [2026-04-24 20:19:53,348] {dagbag.py:451} INFO - Filling up the DagBag from /home/airflow/.local/lib/python3.6/site-packages/airflow/example_dags/example_trigger_controller_dag.py
[2026-04-24 20:19:53,354] {scheduler_job.py:639} INFO - DAG(s) dict_keys(['example_trigger_controller_dag']) retrieved from /home/airflow/.local/lib/python3.6/site-packages/airflow/example_dags/example_trigger_controller_dag.py
[2026-04-24 20:19:53,369] {logging_mixin.py:104} INFO - [2026-04-24 20:19:53,369] {dag.py:1824} INFO - Sync 1 DAGs
[2026-04-24 20:19:53,381] {logging_mixin.py:104} INFO - [2026-04-24 20:19:53,381] {dag.py:2280} INFO - Setting next_dagrun for example_trigger_controller_dag to 2026-04-22 00:00:00+00:00
[2026-04-24 20:19:53,388] {scheduler_job.py:190} INFO - Processing /home/airflow/.local/lib/python3.6/site-packages/airflow/example_dags/example_trigger_controller_dag.py took 0.043 seconds
[2026-04-24 20:20:24,282] {scheduler_job.py:182} INFO - Started process (PID=610) to work on /home/airflow/.local/lib/python3.6/site-packages/airflow/example_dags/example_trigger_controller_dag.py
[2026-04-24 20:20:24,283] {scheduler_job.py:629} INFO - Processing file /home/airflow/.local/lib/python3.6/site-packages/airflow/example_dags/example_trigger_controller_dag.py for tasks to queue
[2026-04-24 20:20:24,283] {logging_mixin.py:104} INFO - [2026-04-24 20:20:24,283] {dagbag.py:451} INFO - Filling up the DagBag from /home/airflow/.local/lib/python3.6/site-packages/airflow/example_dags/example_trigger_controller_dag.py
[2026-04-24 20:20:24,291] {scheduler_job.py:639} INFO - DAG(s) dict_keys(['example_trigger_controller_dag']) retrieved from /home/airflow/.local/lib/python3.6/site-packages/airflow/example_dags/example_trigger_controller_dag.py
[2026-04-24 20:20:24,306] {logging_mixin.py:104} INFO - [2026-04-24 20:20:24,306] {dag.py:1824} INFO - Sync 1 DAGs
[2026-04-24 20:20:24,318] {logging_mixin.py:104} INFO - [2026-04-24 20:20:24,318] {dag.py:2280} INFO - Setting next_dagrun for example_trigger_controller_dag to 2026-04-22 00:00:00+00:00
[2026-04-24 20:20:24,327] {scheduler_job.py:190} INFO - Processing /home/airflow/.local/lib/python3.6/site-packages/airflow/example_dags/example_trigger_controller_dag.py took 0.048 seconds
[2026-04-24 20:20:55,272] {scheduler_job.py:182} INFO - Started process (PID=637) to work on /home/airflow/.local/lib/python3.6/site-packages/airflow/example_dags/example_trigger_controller_dag.py
[2026-04-24 20:20:55,272] {scheduler_job.py:629} INFO - Processing file /home/airflow/.local/lib/python3.6/site-packages/airflow/example_dags/example_trigger_controller_dag.py for tasks to queue
[2026-04-24 20:20:55,273] {logging_mixin.py:104} INFO - [2026-04-24 20:20:55,273] {dagbag.py:451} INFO - Filling up the DagBag from /home/airflow/.local/lib/python3.6/site-packages/airflow/example_dags/example_trigger_controller_dag.py
[2026-04-24 20:20:55,279] {scheduler_job.py:639} INFO - DAG(s) dict_keys(['example_trigger_controller_dag']) retrieved from /home/airflow/.local/lib/python3.6/site-packages/airflow/example_dags/example_trigger_controller_dag.py
[2026-04-24 20:20:55,293] {logging_mixin.py:104} INFO - [2026-04-24 20:20:55,292] {dag.py:1824} INFO - Sync 1 DAGs
[2026-04-24 20:20:55,303] {logging_mixin.py:104} INFO - [2026-04-24 20:20:55,303] {dag.py:2280} INFO - Setting next_dagrun for example_trigger_controller_dag to 2026-04-22 00:00:00+00:00
[2026-04-24 20:20:55,310] {scheduler_job.py:190} INFO - Processing /home/airflow/.local/lib/python3.6/site-packages/airflow/example_dags/example_trigger_controller_dag.py took 0.040 seconds
[2026-04-24 20:21:26,240] {scheduler_job.py:182} INFO - Started process (PID=664) to work on /home/airflow/.local/lib/python3.6/site-packages/airflow/example_dags/example_trigger_controller_dag.py
[2026-04-24 20:21:26,241] {scheduler_job.py:629} INFO - Processing file /home/airflow/.local/lib/python3.6/site-packages/airflow/example_dags/example_trigger_controller_dag.py for tasks to queue
[2026-04-24 20:21:26,242] {logging_mixin.py:104} INFO - [2026-04-24 20:21:26,241] {dagbag.py:451} INFO - Filling up the DagBag from /home/airflow/.local/lib/python3.6/site-packages/airflow/example_dags/example_trigger_controller_dag.py
[2026-04-24 20:21:26,251] {scheduler_job.py:639} INFO - DAG(s) dict_keys(['example_trigger_controller_dag']) retrieved from /home/airflow/.local/lib/python3.6/site-packages/airflow/example_dags/example_trigger_controller_dag.py
[2026-04-24 20:21:26,263] {logging_mixin.py:104} INFO - [2026-04-24 20:21:26,263] {dag.py:1824} INFO - Sync 1 DAGs
[2026-04-24 20:21:26,274] {logging_mixin.py:104} INFO - [2026-04-24 20:21:26,273] {dag.py:2280} INFO - Setting next_dagrun for example_trigger_controller_dag to 2026-04-22 00:00:00+00:00
[2026-04-24 20:21:26,280] {scheduler_job.py:190} INFO - Processing /home/airflow/.local/lib/python3.6/site-packages/airflow/example_dags/example_trigger_controller_dag.py took 0.043 seconds
[2026-04-24 20:21:57,139] {scheduler_job.py:182} INFO - Started process (PID=691) to work on /home/airflow/.local/lib/python3.6/site-packages/airflow/example_dags/example_trigger_controller_dag.py
[2026-04-24 20:21:57,140] {scheduler_job.py:629} INFO - Processing file /home/airflow/.local/lib/python3.6/site-packages/airflow/example_dags/example_trigger_controller_dag.py for tasks to queue
[2026-04-24 20:21:57,141] {logging_mixin.py:104} INFO - [2026-04-24 20:21:57,141] {dagbag.py:451} INFO - Filling up the DagBag from /home/airflow/.local/lib/python3.6/site-packages/airflow/example_dags/example_trigger_controller_dag.py
[2026-04-24 20:21:57,147] {scheduler_job.py:639} INFO - DAG(s) dict_keys(['example_trigger_controller_dag']) retrieved from /home/airflow/.local/lib/python3.6/site-packages/airflow/example_dags/example_trigger_controller_dag.py
[2026-04-24 20:21:57,168] {logging_mixin.py:104} INFO - [2026-04-24 20:21:57,168] {dag.py:1824} INFO - Sync 1 DAGs
[2026-04-24 20:21:57,179] {logging_mixin.py:104} INFO - [2026-04-24 20:21:57,179] {dag.py:2280} INFO - Setting next_dagrun for example_trigger_controller_dag to 2026-04-22 00:00:00+00:00
[2026-04-24 20:21:57,186] {scheduler_job.py:190} INFO - Processing /home/airflow/.local/lib/python3.6/site-packages/airflow/example_dags/example_trigger_controller_dag.py took 0.048 seconds
[2026-04-24 20:22:28,066] {scheduler_job.py:182} INFO - Started process (PID=718) to work on /home/airflow/.local/lib/python3.6/site-packages/airflow/example_dags/example_trigger_controller_dag.py
[2026-04-24 20:22:28,067] {scheduler_job.py:629} INFO - Processing file /home/airflow/.local/lib/python3.6/site-packages/airflow/example_dags/example_trigger_controller_dag.py for tasks to queue
[2026-04-24 20:22:28,067] {logging_mixin.py:104} INFO - [2026-04-24 20:22:28,067] {dagbag.py:451} INFO - Filling up the DagBag from /home/airflow/.local/lib/python3.6/site-packages/airflow/example_dags/example_trigger_controller_dag.py
[2026-04-24 20:22:28,074] {scheduler_job.py:639} INFO - DAG(s) dict_keys(['example_trigger_controller_dag']) retrieved from /home/airflow/.local/lib/python3.6/site-packages/airflow/example_dags/example_trigger_controller_dag.py
[2026-04-24 20:22:28,087] {logging_mixin.py:104} INFO - [2026-04-24 20:22:28,087] {dag.py:1824} INFO - Sync 1 DAGs
[2026-04-24 20:22:28,099] {logging_mixin.py:104} INFO - [2026-04-24 20:22:28,099] {dag.py:2280} INFO - Setting next_dagrun for example_trigger_controller_dag to 2026-04-22 00:00:00+00:00
[2026-04-24 20:22:28,106] {scheduler_job.py:190} INFO - Processing /home/airflow/.local/lib/python3.6/site-packages/airflow/example_dags/example_trigger_controller_dag.py took 0.042 seconds
[2026-04-24 20:22:58,974] {scheduler_job.py:182} INFO - Started process (PID=745) to work on /home/airflow/.local/lib/python3.6/site-packages/airflow/example_dags/example_trigger_controller_dag.py
[2026-04-24 20:22:58,975] {scheduler_job.py:629} INFO - Processing file /home/airflow/.local/lib/python3.6/site-packages/airflow/example_dags/example_trigger_controller_dag.py for tasks to queue
[2026-04-24 20:22:58,976] {logging_mixin.py:104} INFO - [2026-04-24 20:22:58,975] {dagbag.py:451} INFO - Filling up the DagBag from /home/airflow/.local/lib/python3.6/site-packages/airflow/example_dags/example_trigger_controller_dag.py
[2026-04-24 20:22:58,982] {scheduler_job.py:639} INFO - DAG(s) dict_keys(['example_trigger_controller_dag']) retrieved from /home/airflow/.local/lib/python3.6/site-packages/airflow/example_dags/example_trigger_controller_dag.py
[2026-04-24 20:22:58,997] {logging_mixin.py:104} INFO - [2026-04-24 20:22:58,997] {dag.py:1824} INFO - Sync 1 DAGs
[2026-04-24 20:22:59,008] {logging_mixin.py:104} INFO - [2026-04-24 20:22:59,008] {dag.py:2280} INFO - Setting next_dagrun for example_trigger_controller_dag to 2026-04-22 00:00:00+00:00
[2026-04-24 20:22:59,015] {scheduler_job.py:190} INFO - Processing /home/airflow/.local/lib/python3.6/site-packages/airflow/example_dags/example_trigger_controller_dag.py took 0.042 seconds
[2026-04-24 20:23:29,860] {scheduler_job.py:182} INFO - Started process (PID=772) to work on /home/airflow/.local/lib/python3.6/site-packages/airflow/example_dags/example_trigger_controller_dag.py
[2026-04-24 20:23:29,860] {scheduler_job.py:629} INFO - Processing file /home/airflow/.local/lib/python3.6/site-packages/airflow/example_dags/example_trigger_controller_dag.py for tasks to queue
[2026-04-24 20:23:29,861] {logging_mixin.py:104} INFO - [2026-04-24 20:23:29,861] {dagbag.py:451} INFO - Filling up the DagBag from /home/airflow/.local/lib/python3.6/site-packages/airflow/example_dags/example_trigger_controller_dag.py
[2026-04-24 20:23:29,867] {scheduler_job.py:639} INFO - DAG(s) dict_keys(['example_trigger_controller_dag']) retrieved from /home/airflow/.local/lib/python3.6/site-packages/airflow/example_dags/example_trigger_controller_dag.py
[2026-04-24 20:23:29,882] {logging_mixin.py:104} INFO - [2026-04-24 20:23:29,882] {dag.py:1824} INFO - Sync 1 DAGs
[2026-04-24 20:23:29,894] {logging_mixin.py:104} INFO - [2026-04-24 20:23:29,894] {dag.py:2280} INFO - Setting next_dagrun for example_trigger_controller_dag to 2026-04-22 00:00:00+00:00
[2026-04-24 20:23:29,901] {scheduler_job.py:190} INFO - Processing /home/airflow/.local/lib/python3.6/site-packages/airflow/example_dags/example_trigger_controller_dag.py took 0.043 seconds
[2026-04-24 20:24:00,780] {scheduler_job.py:182} INFO - Started process (PID=799) to work on /home/airflow/.local/lib/python3.6/site-packages/airflow/example_dags/example_trigger_controller_dag.py
[2026-04-24 20:24:00,781] {scheduler_job.py:629} INFO - Processing file /home/airflow/.local/lib/python3.6/site-packages/airflow/example_dags/example_trigger_controller_dag.py for tasks to queue
[2026-04-24 20:24:00,781] {logging_mixin.py:104} INFO - [2026-04-24 20:24:00,781] {dagbag.py:451} INFO - Filling up the DagBag from /home/airflow/.local/lib/python3.6/site-packages/airflow/example_dags/example_trigger_controller_dag.py
[2026-04-24 20:24:00,788] {scheduler_job.py:639} INFO - DAG(s) dict_keys(['example_trigger_controller_dag']) retrieved from /home/airflow/.local/lib/python3.6/site-packages/airflow/example_dags/example_trigger_controller_dag.py
[2026-04-24 20:24:00,801] {logging_mixin.py:104} INFO - [2026-04-24 20:24:00,801] {dag.py:1824} INFO - Sync 1 DAGs
[2026-04-24 20:24:00,811] {logging_mixin.py:104} INFO - [2026-04-24 20:24:00,811] {dag.py:2280} INFO - Setting next_dagrun for example_trigger_controller_dag to 2026-04-22 00:00:00+00:00
[2026-04-24 20:24:00,817] {scheduler_job.py:190} INFO - Processing /home/airflow/.local/lib/python3.6/site-packages/airflow/example_dags/example_trigger_controller_dag.py took 0.039 seconds
[2026-04-24 20:24:31,774] {scheduler_job.py:182} INFO - Started process (PID=826) to work on /home/airflow/.local/lib/python3.6/site-packages/airflow/example_dags/example_trigger_controller_dag.py
[2026-04-24 20:24:31,774] {scheduler_job.py:629} INFO - Processing file /home/airflow/.local/lib/python3.6/site-packages/airflow/example_dags/example_trigger_controller_dag.py for tasks to queue
[2026-04-24 20:24:31,775] {logging_mixin.py:104} INFO - [2026-04-24 20:24:31,775] {dagbag.py:451} INFO - Filling up the DagBag from /home/airflow/.local/lib/python3.6/site-packages/airflow/example_dags/example_trigger_controller_dag.py
[2026-04-24 20:24:31,782] {scheduler_job.py:639} INFO - DAG(s) dict_keys(['example_trigger_controller_dag']) retrieved from /home/airflow/.local/lib/python3.6/site-packages/airflow/example_dags/example_trigger_controller_dag.py
[2026-04-24 20:24:31,797] {logging_mixin.py:104} INFO - [2026-04-24 20:24:31,796] {dag.py:1824} INFO - Sync 1 DAGs
[2026-04-24 20:24:31,807] {logging_mixin.py:104} INFO - [2026-04-24 20:24:31,807] {dag.py:2280} INFO - Setting next_dagrun for example_trigger_controller_dag to 2026-04-22 00:00:00+00:00
[2026-04-24 20:24:31,814] {scheduler_job.py:190} INFO - Processing /home/airflow/.local/lib/python3.6/site-packages/airflow/example_dags/example_trigger_controller_dag.py took 0.042 seconds
