[2026-04-24 20:07:24,535] {scheduler_job.py:182} INFO - Started process (PID=39) to work on /home/airflow/.local/lib/python3.6/site-packages/airflow/example_dags/example_skip_dag.py
[2026-04-24 20:07:24,536] {scheduler_job.py:629} INFO - Processing file /home/airflow/.local/lib/python3.6/site-packages/airflow/example_dags/example_skip_dag.py for tasks to queue
[2026-04-24 20:07:24,539] {logging_mixin.py:104} INFO - [2026-04-24 20:07:24,539] {dagbag.py:451} INFO - Filling up the DagBag from /home/airflow/.local/lib/python3.6/site-packages/airflow/example_dags/example_skip_dag.py
[2026-04-24 20:07:24,552] {scheduler_job.py:639} INFO - DAG(s) dict_keys(['example_skip_dag']) retrieved from /home/airflow/.local/lib/python3.6/site-packages/airflow/example_dags/example_skip_dag.py
[2026-04-24 20:07:24,585] {logging_mixin.py:104} INFO - [2026-04-24 20:07:24,585] {dag.py:1824} INFO - Sync 1 DAGs
[2026-04-24 20:07:24,602] {logging_mixin.py:104} INFO - [2026-04-24 20:07:24,602] {dag.py:1843} INFO - Creating ORM DAG for example_skip_dag
[2026-04-24 20:07:24,608] {logging_mixin.py:104} INFO - [2026-04-24 20:07:24,608] {dag.py:2280} INFO - Setting next_dagrun for example_skip_dag to 2026-04-22 00:00:00+00:00
[2026-04-24 20:07:24,629] {scheduler_job.py:190} INFO - Processing /home/airflow/.local/lib/python3.6/site-packages/airflow/example_dags/example_skip_dag.py took 0.100 seconds
[2026-04-24 20:07:54,868] {scheduler_job.py:182} INFO - Started process (PID=66) to work on /home/airflow/.local/lib/python3.6/site-packages/airflow/example_dags/example_skip_dag.py
[2026-04-24 20:07:54,869] {scheduler_job.py:629} INFO - Processing file /home/airflow/.local/lib/python3.6/site-packages/airflow/example_dags/example_skip_dag.py for tasks to queue
[2026-04-24 20:07:54,869] {logging_mixin.py:104} INFO - [2026-04-24 20:07:54,869] {dagbag.py:451} INFO - Filling up the DagBag from /home/airflow/.local/lib/python3.6/site-packages/airflow/example_dags/example_skip_dag.py
[2026-04-24 20:07:54,876] {scheduler_job.py:639} INFO - DAG(s) dict_keys(['example_skip_dag']) retrieved from /home/airflow/.local/lib/python3.6/site-packages/airflow/example_dags/example_skip_dag.py
[2026-04-24 20:07:54,890] {logging_mixin.py:104} INFO - [2026-04-24 20:07:54,890] {dag.py:1824} INFO - Sync 1 DAGs
[2026-04-24 20:07:54,902] {logging_mixin.py:104} INFO - [2026-04-24 20:07:54,902] {dag.py:2280} INFO - Setting next_dagrun for example_skip_dag to 2026-04-22 00:00:00+00:00
[2026-04-24 20:07:54,909] {scheduler_job.py:190} INFO - Processing /home/airflow/.local/lib/python3.6/site-packages/airflow/example_dags/example_skip_dag.py took 0.043 seconds
[2026-04-24 20:08:24,964] {scheduler_job.py:182} INFO - Started process (PID=92) to work on /home/airflow/.local/lib/python3.6/site-packages/airflow/example_dags/example_skip_dag.py
[2026-04-24 20:08:24,965] {scheduler_job.py:629} INFO - Processing file /home/airflow/.local/lib/python3.6/site-packages/airflow/example_dags/example_skip_dag.py for tasks to queue
[2026-04-24 20:08:24,966] {logging_mixin.py:104} INFO - [2026-04-24 20:08:24,966] {dagbag.py:451} INFO - Filling up the DagBag from /home/airflow/.local/lib/python3.6/site-packages/airflow/example_dags/example_skip_dag.py
[2026-04-24 20:08:24,972] {scheduler_job.py:639} INFO - DAG(s) dict_keys(['example_skip_dag']) retrieved from /home/airflow/.local/lib/python3.6/site-packages/airflow/example_dags/example_skip_dag.py
[2026-04-24 20:08:24,985] {logging_mixin.py:104} INFO - [2026-04-24 20:08:24,985] {dag.py:1824} INFO - Sync 1 DAGs
[2026-04-24 20:08:24,995] {logging_mixin.py:104} INFO - [2026-04-24 20:08:24,995] {dag.py:2280} INFO - Setting next_dagrun for example_skip_dag to 2026-04-22 00:00:00+00:00
[2026-04-24 20:08:25,001] {scheduler_job.py:190} INFO - Processing /home/airflow/.local/lib/python3.6/site-packages/airflow/example_dags/example_skip_dag.py took 0.039 seconds
[2026-04-24 20:08:55,850] {scheduler_job.py:182} INFO - Started process (PID=116) to work on /home/airflow/.local/lib/python3.6/site-packages/airflow/example_dags/example_skip_dag.py
[2026-04-24 20:08:55,851] {scheduler_job.py:629} INFO - Processing file /home/airflow/.local/lib/python3.6/site-packages/airflow/example_dags/example_skip_dag.py for tasks to queue
[2026-04-24 20:08:55,852] {logging_mixin.py:104} INFO - [2026-04-24 20:08:55,852] {dagbag.py:451} INFO - Filling up the DagBag from /home/airflow/.local/lib/python3.6/site-packages/airflow/example_dags/example_skip_dag.py
[2026-04-24 20:08:55,860] {scheduler_job.py:639} INFO - DAG(s) dict_keys(['example_skip_dag']) retrieved from /home/airflow/.local/lib/python3.6/site-packages/airflow/example_dags/example_skip_dag.py
[2026-04-24 20:08:55,876] {logging_mixin.py:104} INFO - [2026-04-24 20:08:55,876] {dag.py:1824} INFO - Sync 1 DAGs
[2026-04-24 20:08:55,888] {logging_mixin.py:104} INFO - [2026-04-24 20:08:55,888] {dag.py:2280} INFO - Setting next_dagrun for example_skip_dag to 2026-04-22 00:00:00+00:00
[2026-04-24 20:08:55,896] {scheduler_job.py:190} INFO - Processing /home/airflow/.local/lib/python3.6/site-packages/airflow/example_dags/example_skip_dag.py took 0.048 seconds
[2026-04-24 20:09:26,928] {scheduler_job.py:182} INFO - Started process (PID=142) to work on /home/airflow/.local/lib/python3.6/site-packages/airflow/example_dags/example_skip_dag.py
[2026-04-24 20:09:26,930] {scheduler_job.py:629} INFO - Processing file /home/airflow/.local/lib/python3.6/site-packages/airflow/example_dags/example_skip_dag.py for tasks to queue
[2026-04-24 20:09:26,930] {logging_mixin.py:104} INFO - [2026-04-24 20:09:26,930] {dagbag.py:451} INFO - Filling up the DagBag from /home/airflow/.local/lib/python3.6/site-packages/airflow/example_dags/example_skip_dag.py
[2026-04-24 20:09:26,941] {scheduler_job.py:639} INFO - DAG(s) dict_keys(['example_skip_dag']) retrieved from /home/airflow/.local/lib/python3.6/site-packages/airflow/example_dags/example_skip_dag.py
[2026-04-24 20:09:26,961] {logging_mixin.py:104} INFO - [2026-04-24 20:09:26,961] {dag.py:1824} INFO - Sync 1 DAGs
[2026-04-24 20:09:26,976] {logging_mixin.py:104} INFO - [2026-04-24 20:09:26,976] {dag.py:2280} INFO - Setting next_dagrun for example_skip_dag to 2026-04-22 00:00:00+00:00
[2026-04-24 20:09:26,995] {scheduler_job.py:190} INFO - Processing /home/airflow/.local/lib/python3.6/site-packages/airflow/example_dags/example_skip_dag.py took 0.070 seconds
[2026-04-24 20:09:46,249] {scheduler_job.py:182} INFO - Started process (PID=46) to work on /home/airflow/.local/lib/python3.6/site-packages/airflow/example_dags/example_skip_dag.py
[2026-04-24 20:09:46,249] {scheduler_job.py:629} INFO - Processing file /home/airflow/.local/lib/python3.6/site-packages/airflow/example_dags/example_skip_dag.py for tasks to queue
[2026-04-24 20:09:46,250] {logging_mixin.py:104} INFO - [2026-04-24 20:09:46,250] {dagbag.py:451} INFO - Filling up the DagBag from /home/airflow/.local/lib/python3.6/site-packages/airflow/example_dags/example_skip_dag.py
[2026-04-24 20:09:46,258] {scheduler_job.py:639} INFO - DAG(s) dict_keys(['example_skip_dag']) retrieved from /home/airflow/.local/lib/python3.6/site-packages/airflow/example_dags/example_skip_dag.py
[2026-04-24 20:09:46,276] {logging_mixin.py:104} INFO - [2026-04-24 20:09:46,276] {dag.py:1824} INFO - Sync 1 DAGs
[2026-04-24 20:09:46,295] {logging_mixin.py:104} INFO - [2026-04-24 20:09:46,295] {dag.py:2280} INFO - Setting next_dagrun for example_skip_dag to 2026-04-22 00:00:00+00:00
[2026-04-24 20:09:46,304] {scheduler_job.py:190} INFO - Processing /home/airflow/.local/lib/python3.6/site-packages/airflow/example_dags/example_skip_dag.py took 0.058 seconds
[2026-04-24 20:10:16,410] {scheduler_job.py:182} INFO - Started process (PID=73) to work on /home/airflow/.local/lib/python3.6/site-packages/airflow/example_dags/example_skip_dag.py
[2026-04-24 20:10:16,411] {scheduler_job.py:629} INFO - Processing file /home/airflow/.local/lib/python3.6/site-packages/airflow/example_dags/example_skip_dag.py for tasks to queue
[2026-04-24 20:10:16,411] {logging_mixin.py:104} INFO - [2026-04-24 20:10:16,411] {dagbag.py:451} INFO - Filling up the DagBag from /home/airflow/.local/lib/python3.6/site-packages/airflow/example_dags/example_skip_dag.py
[2026-04-24 20:10:16,418] {scheduler_job.py:639} INFO - DAG(s) dict_keys(['example_skip_dag']) retrieved from /home/airflow/.local/lib/python3.6/site-packages/airflow/example_dags/example_skip_dag.py
[2026-04-24 20:10:16,434] {logging_mixin.py:104} INFO - [2026-04-24 20:10:16,434] {dag.py:1824} INFO - Sync 1 DAGs
[2026-04-24 20:10:16,449] {logging_mixin.py:104} INFO - [2026-04-24 20:10:16,448] {dag.py:2280} INFO - Setting next_dagrun for example_skip_dag to 2026-04-22 00:00:00+00:00
[2026-04-24 20:10:16,457] {scheduler_job.py:190} INFO - Processing /home/airflow/.local/lib/python3.6/site-packages/airflow/example_dags/example_skip_dag.py took 0.050 seconds
[2026-04-24 20:10:46,500] {scheduler_job.py:182} INFO - Started process (PID=100) to work on /home/airflow/.local/lib/python3.6/site-packages/airflow/example_dags/example_skip_dag.py
[2026-04-24 20:10:46,502] {scheduler_job.py:629} INFO - Processing file /home/airflow/.local/lib/python3.6/site-packages/airflow/example_dags/example_skip_dag.py for tasks to queue
[2026-04-24 20:10:46,502] {logging_mixin.py:104} INFO - [2026-04-24 20:10:46,502] {dagbag.py:451} INFO - Filling up the DagBag from /home/airflow/.local/lib/python3.6/site-packages/airflow/example_dags/example_skip_dag.py
[2026-04-24 20:10:46,514] {scheduler_job.py:639} INFO - DAG(s) dict_keys(['example_skip_dag']) retrieved from /home/airflow/.local/lib/python3.6/site-packages/airflow/example_dags/example_skip_dag.py
[2026-04-24 20:10:46,527] {logging_mixin.py:104} INFO - [2026-04-24 20:10:46,527] {dag.py:1824} INFO - Sync 1 DAGs
[2026-04-24 20:10:46,539] {logging_mixin.py:104} INFO - [2026-04-24 20:10:46,539] {dag.py:2280} INFO - Setting next_dagrun for example_skip_dag to 2026-04-22 00:00:00+00:00
[2026-04-24 20:10:46,547] {scheduler_job.py:190} INFO - Processing /home/airflow/.local/lib/python3.6/site-packages/airflow/example_dags/example_skip_dag.py took 0.051 seconds
[2026-04-24 20:11:16,633] {scheduler_job.py:182} INFO - Started process (PID=127) to work on /home/airflow/.local/lib/python3.6/site-packages/airflow/example_dags/example_skip_dag.py
[2026-04-24 20:11:16,634] {scheduler_job.py:629} INFO - Processing file /home/airflow/.local/lib/python3.6/site-packages/airflow/example_dags/example_skip_dag.py for tasks to queue
[2026-04-24 20:11:16,634] {logging_mixin.py:104} INFO - [2026-04-24 20:11:16,634] {dagbag.py:451} INFO - Filling up the DagBag from /home/airflow/.local/lib/python3.6/site-packages/airflow/example_dags/example_skip_dag.py
[2026-04-24 20:11:16,642] {scheduler_job.py:639} INFO - DAG(s) dict_keys(['example_skip_dag']) retrieved from /home/airflow/.local/lib/python3.6/site-packages/airflow/example_dags/example_skip_dag.py
[2026-04-24 20:11:16,656] {logging_mixin.py:104} INFO - [2026-04-24 20:11:16,656] {dag.py:1824} INFO - Sync 1 DAGs
[2026-04-24 20:11:16,668] {logging_mixin.py:104} INFO - [2026-04-24 20:11:16,668] {dag.py:2280} INFO - Setting next_dagrun for example_skip_dag to 2026-04-22 00:00:00+00:00
[2026-04-24 20:11:16,679] {scheduler_job.py:190} INFO - Processing /home/airflow/.local/lib/python3.6/site-packages/airflow/example_dags/example_skip_dag.py took 0.048 seconds
[2026-04-24 20:11:46,746] {scheduler_job.py:182} INFO - Started process (PID=154) to work on /home/airflow/.local/lib/python3.6/site-packages/airflow/example_dags/example_skip_dag.py
[2026-04-24 20:11:46,747] {scheduler_job.py:629} INFO - Processing file /home/airflow/.local/lib/python3.6/site-packages/airflow/example_dags/example_skip_dag.py for tasks to queue
[2026-04-24 20:11:46,747] {logging_mixin.py:104} INFO - [2026-04-24 20:11:46,747] {dagbag.py:451} INFO - Filling up the DagBag from /home/airflow/.local/lib/python3.6/site-packages/airflow/example_dags/example_skip_dag.py
[2026-04-24 20:11:46,754] {scheduler_job.py:639} INFO - DAG(s) dict_keys(['example_skip_dag']) retrieved from /home/airflow/.local/lib/python3.6/site-packages/airflow/example_dags/example_skip_dag.py
[2026-04-24 20:11:46,769] {logging_mixin.py:104} INFO - [2026-04-24 20:11:46,769] {dag.py:1824} INFO - Sync 1 DAGs
[2026-04-24 20:11:46,781] {logging_mixin.py:104} INFO - [2026-04-24 20:11:46,781] {dag.py:2280} INFO - Setting next_dagrun for example_skip_dag to 2026-04-22 00:00:00+00:00
[2026-04-24 20:11:46,789] {scheduler_job.py:190} INFO - Processing /home/airflow/.local/lib/python3.6/site-packages/airflow/example_dags/example_skip_dag.py took 0.045 seconds
[2026-04-24 20:12:16,872] {scheduler_job.py:182} INFO - Started process (PID=181) to work on /home/airflow/.local/lib/python3.6/site-packages/airflow/example_dags/example_skip_dag.py
[2026-04-24 20:12:16,872] {scheduler_job.py:629} INFO - Processing file /home/airflow/.local/lib/python3.6/site-packages/airflow/example_dags/example_skip_dag.py for tasks to queue
[2026-04-24 20:12:16,873] {logging_mixin.py:104} INFO - [2026-04-24 20:12:16,873] {dagbag.py:451} INFO - Filling up the DagBag from /home/airflow/.local/lib/python3.6/site-packages/airflow/example_dags/example_skip_dag.py
[2026-04-24 20:12:16,879] {scheduler_job.py:639} INFO - DAG(s) dict_keys(['example_skip_dag']) retrieved from /home/airflow/.local/lib/python3.6/site-packages/airflow/example_dags/example_skip_dag.py
[2026-04-24 20:12:16,894] {logging_mixin.py:104} INFO - [2026-04-24 20:12:16,894] {dag.py:1824} INFO - Sync 1 DAGs
[2026-04-24 20:12:16,906] {logging_mixin.py:104} INFO - [2026-04-24 20:12:16,906] {dag.py:2280} INFO - Setting next_dagrun for example_skip_dag to 2026-04-22 00:00:00+00:00
[2026-04-24 20:12:16,914] {scheduler_job.py:190} INFO - Processing /home/airflow/.local/lib/python3.6/site-packages/airflow/example_dags/example_skip_dag.py took 0.045 seconds
[2026-04-24 20:12:47,866] {scheduler_job.py:182} INFO - Started process (PID=207) to work on /home/airflow/.local/lib/python3.6/site-packages/airflow/example_dags/example_skip_dag.py
[2026-04-24 20:12:47,866] {scheduler_job.py:629} INFO - Processing file /home/airflow/.local/lib/python3.6/site-packages/airflow/example_dags/example_skip_dag.py for tasks to queue
[2026-04-24 20:12:47,867] {logging_mixin.py:104} INFO - [2026-04-24 20:12:47,867] {dagbag.py:451} INFO - Filling up the DagBag from /home/airflow/.local/lib/python3.6/site-packages/airflow/example_dags/example_skip_dag.py
[2026-04-24 20:12:47,874] {scheduler_job.py:639} INFO - DAG(s) dict_keys(['example_skip_dag']) retrieved from /home/airflow/.local/lib/python3.6/site-packages/airflow/example_dags/example_skip_dag.py
[2026-04-24 20:12:47,888] {logging_mixin.py:104} INFO - [2026-04-24 20:12:47,888] {dag.py:1824} INFO - Sync 1 DAGs
[2026-04-24 20:12:47,898] {logging_mixin.py:104} INFO - [2026-04-24 20:12:47,898] {dag.py:2280} INFO - Setting next_dagrun for example_skip_dag to 2026-04-22 00:00:00+00:00
[2026-04-24 20:12:47,904] {scheduler_job.py:190} INFO - Processing /home/airflow/.local/lib/python3.6/site-packages/airflow/example_dags/example_skip_dag.py took 0.040 seconds
[2026-04-24 20:13:18,879] {scheduler_job.py:182} INFO - Started process (PID=234) to work on /home/airflow/.local/lib/python3.6/site-packages/airflow/example_dags/example_skip_dag.py
[2026-04-24 20:13:18,879] {scheduler_job.py:629} INFO - Processing file /home/airflow/.local/lib/python3.6/site-packages/airflow/example_dags/example_skip_dag.py for tasks to queue
[2026-04-24 20:13:18,879] {logging_mixin.py:104} INFO - [2026-04-24 20:13:18,879] {dagbag.py:451} INFO - Filling up the DagBag from /home/airflow/.local/lib/python3.6/site-packages/airflow/example_dags/example_skip_dag.py
[2026-04-24 20:13:18,886] {scheduler_job.py:639} INFO - DAG(s) dict_keys(['example_skip_dag']) retrieved from /home/airflow/.local/lib/python3.6/site-packages/airflow/example_dags/example_skip_dag.py
[2026-04-24 20:13:18,903] {logging_mixin.py:104} INFO - [2026-04-24 20:13:18,903] {dag.py:1824} INFO - Sync 1 DAGs
[2026-04-24 20:13:18,913] {logging_mixin.py:104} INFO - [2026-04-24 20:13:18,913] {dag.py:2280} INFO - Setting next_dagrun for example_skip_dag to 2026-04-22 00:00:00+00:00
[2026-04-24 20:13:18,920] {scheduler_job.py:190} INFO - Processing /home/airflow/.local/lib/python3.6/site-packages/airflow/example_dags/example_skip_dag.py took 0.044 seconds
[2026-04-24 20:13:49,828] {scheduler_job.py:182} INFO - Started process (PID=261) to work on /home/airflow/.local/lib/python3.6/site-packages/airflow/example_dags/example_skip_dag.py
[2026-04-24 20:13:49,830] {scheduler_job.py:629} INFO - Processing file /home/airflow/.local/lib/python3.6/site-packages/airflow/example_dags/example_skip_dag.py for tasks to queue
[2026-04-24 20:13:49,831] {logging_mixin.py:104} INFO - [2026-04-24 20:13:49,831] {dagbag.py:451} INFO - Filling up the DagBag from /home/airflow/.local/lib/python3.6/site-packages/airflow/example_dags/example_skip_dag.py
[2026-04-24 20:13:49,841] {scheduler_job.py:639} INFO - DAG(s) dict_keys(['example_skip_dag']) retrieved from /home/airflow/.local/lib/python3.6/site-packages/airflow/example_dags/example_skip_dag.py
[2026-04-24 20:13:49,856] {logging_mixin.py:104} INFO - [2026-04-24 20:13:49,856] {dag.py:1824} INFO - Sync 1 DAGs
[2026-04-24 20:13:49,866] {logging_mixin.py:104} INFO - [2026-04-24 20:13:49,866] {dag.py:2280} INFO - Setting next_dagrun for example_skip_dag to 2026-04-22 00:00:00+00:00
[2026-04-24 20:13:49,873] {scheduler_job.py:190} INFO - Processing /home/airflow/.local/lib/python3.6/site-packages/airflow/example_dags/example_skip_dag.py took 0.047 seconds
[2026-04-24 20:14:19,966] {scheduler_job.py:182} INFO - Started process (PID=289) to work on /home/airflow/.local/lib/python3.6/site-packages/airflow/example_dags/example_skip_dag.py
[2026-04-24 20:14:19,967] {scheduler_job.py:629} INFO - Processing file /home/airflow/.local/lib/python3.6/site-packages/airflow/example_dags/example_skip_dag.py for tasks to queue
[2026-04-24 20:14:19,968] {logging_mixin.py:104} INFO - [2026-04-24 20:14:19,967] {dagbag.py:451} INFO - Filling up the DagBag from /home/airflow/.local/lib/python3.6/site-packages/airflow/example_dags/example_skip_dag.py
[2026-04-24 20:14:19,977] {scheduler_job.py:639} INFO - DAG(s) dict_keys(['example_skip_dag']) retrieved from /home/airflow/.local/lib/python3.6/site-packages/airflow/example_dags/example_skip_dag.py
[2026-04-24 20:14:19,996] {logging_mixin.py:104} INFO - [2026-04-24 20:14:19,996] {dag.py:1824} INFO - Sync 1 DAGs
[2026-04-24 20:14:20,007] {logging_mixin.py:104} INFO - [2026-04-24 20:14:20,007] {dag.py:2280} INFO - Setting next_dagrun for example_skip_dag to 2026-04-22 00:00:00+00:00
[2026-04-24 20:14:20,014] {scheduler_job.py:190} INFO - Processing /home/airflow/.local/lib/python3.6/site-packages/airflow/example_dags/example_skip_dag.py took 0.051 seconds
[2026-04-24 20:14:50,057] {scheduler_job.py:182} INFO - Started process (PID=317) to work on /home/airflow/.local/lib/python3.6/site-packages/airflow/example_dags/example_skip_dag.py
[2026-04-24 20:14:50,058] {scheduler_job.py:629} INFO - Processing file /home/airflow/.local/lib/python3.6/site-packages/airflow/example_dags/example_skip_dag.py for tasks to queue
[2026-04-24 20:14:50,058] {logging_mixin.py:104} INFO - [2026-04-24 20:14:50,058] {dagbag.py:451} INFO - Filling up the DagBag from /home/airflow/.local/lib/python3.6/site-packages/airflow/example_dags/example_skip_dag.py
[2026-04-24 20:14:50,067] {scheduler_job.py:639} INFO - DAG(s) dict_keys(['example_skip_dag']) retrieved from /home/airflow/.local/lib/python3.6/site-packages/airflow/example_dags/example_skip_dag.py
[2026-04-24 20:14:50,080] {logging_mixin.py:104} INFO - [2026-04-24 20:14:50,080] {dag.py:1824} INFO - Sync 1 DAGs
[2026-04-24 20:14:50,090] {logging_mixin.py:104} INFO - [2026-04-24 20:14:50,090] {dag.py:2280} INFO - Setting next_dagrun for example_skip_dag to 2026-04-22 00:00:00+00:00
[2026-04-24 20:14:50,097] {scheduler_job.py:190} INFO - Processing /home/airflow/.local/lib/python3.6/site-packages/airflow/example_dags/example_skip_dag.py took 0.042 seconds
[2026-04-24 20:15:20,163] {scheduler_job.py:182} INFO - Started process (PID=344) to work on /home/airflow/.local/lib/python3.6/site-packages/airflow/example_dags/example_skip_dag.py
[2026-04-24 20:15:20,164] {scheduler_job.py:629} INFO - Processing file /home/airflow/.local/lib/python3.6/site-packages/airflow/example_dags/example_skip_dag.py for tasks to queue
[2026-04-24 20:15:20,165] {logging_mixin.py:104} INFO - [2026-04-24 20:15:20,165] {dagbag.py:451} INFO - Filling up the DagBag from /home/airflow/.local/lib/python3.6/site-packages/airflow/example_dags/example_skip_dag.py
[2026-04-24 20:15:20,178] {scheduler_job.py:639} INFO - DAG(s) dict_keys(['example_skip_dag']) retrieved from /home/airflow/.local/lib/python3.6/site-packages/airflow/example_dags/example_skip_dag.py
[2026-04-24 20:15:20,191] {logging_mixin.py:104} INFO - [2026-04-24 20:15:20,191] {dag.py:1824} INFO - Sync 1 DAGs
[2026-04-24 20:15:20,202] {logging_mixin.py:104} INFO - [2026-04-24 20:15:20,201] {dag.py:2280} INFO - Setting next_dagrun for example_skip_dag to 2026-04-22 00:00:00+00:00
[2026-04-24 20:15:20,209] {scheduler_job.py:190} INFO - Processing /home/airflow/.local/lib/python3.6/site-packages/airflow/example_dags/example_skip_dag.py took 0.050 seconds
[2026-04-24 20:15:50,243] {scheduler_job.py:182} INFO - Started process (PID=371) to work on /home/airflow/.local/lib/python3.6/site-packages/airflow/example_dags/example_skip_dag.py
[2026-04-24 20:15:50,244] {scheduler_job.py:629} INFO - Processing file /home/airflow/.local/lib/python3.6/site-packages/airflow/example_dags/example_skip_dag.py for tasks to queue
[2026-04-24 20:15:50,244] {logging_mixin.py:104} INFO - [2026-04-24 20:15:50,244] {dagbag.py:451} INFO - Filling up the DagBag from /home/airflow/.local/lib/python3.6/site-packages/airflow/example_dags/example_skip_dag.py
[2026-04-24 20:15:50,253] {scheduler_job.py:639} INFO - DAG(s) dict_keys(['example_skip_dag']) retrieved from /home/airflow/.local/lib/python3.6/site-packages/airflow/example_dags/example_skip_dag.py
[2026-04-24 20:15:50,268] {logging_mixin.py:104} INFO - [2026-04-24 20:15:50,267] {dag.py:1824} INFO - Sync 1 DAGs
[2026-04-24 20:15:50,278] {logging_mixin.py:104} INFO - [2026-04-24 20:15:50,278] {dag.py:2280} INFO - Setting next_dagrun for example_skip_dag to 2026-04-22 00:00:00+00:00
[2026-04-24 20:15:50,284] {scheduler_job.py:190} INFO - Processing /home/airflow/.local/lib/python3.6/site-packages/airflow/example_dags/example_skip_dag.py took 0.043 seconds
[2026-04-24 20:16:20,368] {scheduler_job.py:182} INFO - Started process (PID=398) to work on /home/airflow/.local/lib/python3.6/site-packages/airflow/example_dags/example_skip_dag.py
[2026-04-24 20:16:20,370] {scheduler_job.py:629} INFO - Processing file /home/airflow/.local/lib/python3.6/site-packages/airflow/example_dags/example_skip_dag.py for tasks to queue
[2026-04-24 20:16:20,370] {logging_mixin.py:104} INFO - [2026-04-24 20:16:20,370] {dagbag.py:451} INFO - Filling up the DagBag from /home/airflow/.local/lib/python3.6/site-packages/airflow/example_dags/example_skip_dag.py
[2026-04-24 20:16:20,381] {scheduler_job.py:639} INFO - DAG(s) dict_keys(['example_skip_dag']) retrieved from /home/airflow/.local/lib/python3.6/site-packages/airflow/example_dags/example_skip_dag.py
[2026-04-24 20:16:20,394] {logging_mixin.py:104} INFO - [2026-04-24 20:16:20,394] {dag.py:1824} INFO - Sync 1 DAGs
[2026-04-24 20:16:20,404] {logging_mixin.py:104} INFO - [2026-04-24 20:16:20,404] {dag.py:2280} INFO - Setting next_dagrun for example_skip_dag to 2026-04-22 00:00:00+00:00
[2026-04-24 20:16:20,410] {scheduler_job.py:190} INFO - Processing /home/airflow/.local/lib/python3.6/site-packages/airflow/example_dags/example_skip_dag.py took 0.045 seconds
[2026-04-24 20:16:50,582] {scheduler_job.py:182} INFO - Started process (PID=427) to work on /home/airflow/.local/lib/python3.6/site-packages/airflow/example_dags/example_skip_dag.py
[2026-04-24 20:16:50,585] {scheduler_job.py:629} INFO - Processing file /home/airflow/.local/lib/python3.6/site-packages/airflow/example_dags/example_skip_dag.py for tasks to queue
[2026-04-24 20:16:50,586] {logging_mixin.py:104} INFO - [2026-04-24 20:16:50,586] {dagbag.py:451} INFO - Filling up the DagBag from /home/airflow/.local/lib/python3.6/site-packages/airflow/example_dags/example_skip_dag.py
[2026-04-24 20:16:50,592] {scheduler_job.py:639} INFO - DAG(s) dict_keys(['example_skip_dag']) retrieved from /home/airflow/.local/lib/python3.6/site-packages/airflow/example_dags/example_skip_dag.py
[2026-04-24 20:16:50,604] {logging_mixin.py:104} INFO - [2026-04-24 20:16:50,604] {dag.py:1824} INFO - Sync 1 DAGs
[2026-04-24 20:16:50,614] {logging_mixin.py:104} INFO - [2026-04-24 20:16:50,614] {dag.py:2280} INFO - Setting next_dagrun for example_skip_dag to 2026-04-22 00:00:00+00:00
[2026-04-24 20:16:50,621] {scheduler_job.py:190} INFO - Processing /home/airflow/.local/lib/python3.6/site-packages/airflow/example_dags/example_skip_dag.py took 0.040 seconds
[2026-04-24 20:17:20,684] {scheduler_job.py:182} INFO - Started process (PID=454) to work on /home/airflow/.local/lib/python3.6/site-packages/airflow/example_dags/example_skip_dag.py
[2026-04-24 20:17:20,685] {scheduler_job.py:629} INFO - Processing file /home/airflow/.local/lib/python3.6/site-packages/airflow/example_dags/example_skip_dag.py for tasks to queue
[2026-04-24 20:17:20,686] {logging_mixin.py:104} INFO - [2026-04-24 20:17:20,686] {dagbag.py:451} INFO - Filling up the DagBag from /home/airflow/.local/lib/python3.6/site-packages/airflow/example_dags/example_skip_dag.py
[2026-04-24 20:17:20,698] {scheduler_job.py:639} INFO - DAG(s) dict_keys(['example_skip_dag']) retrieved from /home/airflow/.local/lib/python3.6/site-packages/airflow/example_dags/example_skip_dag.py
[2026-04-24 20:17:20,713] {logging_mixin.py:104} INFO - [2026-04-24 20:17:20,713] {dag.py:1824} INFO - Sync 1 DAGs
[2026-04-24 20:17:20,725] {logging_mixin.py:104} INFO - [2026-04-24 20:17:20,725] {dag.py:2280} INFO - Setting next_dagrun for example_skip_dag to 2026-04-22 00:00:00+00:00
[2026-04-24 20:17:20,732] {scheduler_job.py:190} INFO - Processing /home/airflow/.local/lib/python3.6/site-packages/airflow/example_dags/example_skip_dag.py took 0.052 seconds
[2026-04-24 20:17:50,805] {scheduler_job.py:182} INFO - Started process (PID=482) to work on /home/airflow/.local/lib/python3.6/site-packages/airflow/example_dags/example_skip_dag.py
[2026-04-24 20:17:50,806] {scheduler_job.py:629} INFO - Processing file /home/airflow/.local/lib/python3.6/site-packages/airflow/example_dags/example_skip_dag.py for tasks to queue
[2026-04-24 20:17:50,806] {logging_mixin.py:104} INFO - [2026-04-24 20:17:50,806] {dagbag.py:451} INFO - Filling up the DagBag from /home/airflow/.local/lib/python3.6/site-packages/airflow/example_dags/example_skip_dag.py
[2026-04-24 20:17:50,813] {scheduler_job.py:639} INFO - DAG(s) dict_keys(['example_skip_dag']) retrieved from /home/airflow/.local/lib/python3.6/site-packages/airflow/example_dags/example_skip_dag.py
[2026-04-24 20:17:50,826] {logging_mixin.py:104} INFO - [2026-04-24 20:17:50,826] {dag.py:1824} INFO - Sync 1 DAGs
[2026-04-24 20:17:50,836] {logging_mixin.py:104} INFO - [2026-04-24 20:17:50,836] {dag.py:2280} INFO - Setting next_dagrun for example_skip_dag to 2026-04-22 00:00:00+00:00
[2026-04-24 20:17:50,843] {scheduler_job.py:190} INFO - Processing /home/airflow/.local/lib/python3.6/site-packages/airflow/example_dags/example_skip_dag.py took 0.040 seconds
[2026-04-24 20:18:21,888] {scheduler_job.py:182} INFO - Started process (PID=512) to work on /home/airflow/.local/lib/python3.6/site-packages/airflow/example_dags/example_skip_dag.py
[2026-04-24 20:18:21,889] {scheduler_job.py:629} INFO - Processing file /home/airflow/.local/lib/python3.6/site-packages/airflow/example_dags/example_skip_dag.py for tasks to queue
[2026-04-24 20:18:21,890] {logging_mixin.py:104} INFO - [2026-04-24 20:18:21,890] {dagbag.py:451} INFO - Filling up the DagBag from /home/airflow/.local/lib/python3.6/site-packages/airflow/example_dags/example_skip_dag.py
[2026-04-24 20:18:21,901] {scheduler_job.py:639} INFO - DAG(s) dict_keys(['example_skip_dag']) retrieved from /home/airflow/.local/lib/python3.6/site-packages/airflow/example_dags/example_skip_dag.py
[2026-04-24 20:18:21,917] {logging_mixin.py:104} INFO - [2026-04-24 20:18:21,917] {dag.py:1824} INFO - Sync 1 DAGs
[2026-04-24 20:18:21,928] {logging_mixin.py:104} INFO - [2026-04-24 20:18:21,928] {dag.py:2280} INFO - Setting next_dagrun for example_skip_dag to 2026-04-22 00:00:00+00:00
[2026-04-24 20:18:21,936] {scheduler_job.py:190} INFO - Processing /home/airflow/.local/lib/python3.6/site-packages/airflow/example_dags/example_skip_dag.py took 0.052 seconds
[2026-04-24 20:18:52,759] {scheduler_job.py:182} INFO - Started process (PID=539) to work on /home/airflow/.local/lib/python3.6/site-packages/airflow/example_dags/example_skip_dag.py
[2026-04-24 20:18:52,759] {scheduler_job.py:629} INFO - Processing file /home/airflow/.local/lib/python3.6/site-packages/airflow/example_dags/example_skip_dag.py for tasks to queue
[2026-04-24 20:18:52,760] {logging_mixin.py:104} INFO - [2026-04-24 20:18:52,760] {dagbag.py:451} INFO - Filling up the DagBag from /home/airflow/.local/lib/python3.6/site-packages/airflow/example_dags/example_skip_dag.py
[2026-04-24 20:18:52,768] {scheduler_job.py:639} INFO - DAG(s) dict_keys(['example_skip_dag']) retrieved from /home/airflow/.local/lib/python3.6/site-packages/airflow/example_dags/example_skip_dag.py
[2026-04-24 20:18:52,784] {logging_mixin.py:104} INFO - [2026-04-24 20:18:52,784] {dag.py:1824} INFO - Sync 1 DAGs
[2026-04-24 20:18:52,796] {logging_mixin.py:104} INFO - [2026-04-24 20:18:52,796] {dag.py:2280} INFO - Setting next_dagrun for example_skip_dag to 2026-04-22 00:00:00+00:00
[2026-04-24 20:18:52,804] {scheduler_job.py:190} INFO - Processing /home/airflow/.local/lib/python3.6/site-packages/airflow/example_dags/example_skip_dag.py took 0.047 seconds
[2026-04-24 20:19:23,665] {scheduler_job.py:182} INFO - Started process (PID=566) to work on /home/airflow/.local/lib/python3.6/site-packages/airflow/example_dags/example_skip_dag.py
[2026-04-24 20:19:23,665] {scheduler_job.py:629} INFO - Processing file /home/airflow/.local/lib/python3.6/site-packages/airflow/example_dags/example_skip_dag.py for tasks to queue
[2026-04-24 20:19:23,666] {logging_mixin.py:104} INFO - [2026-04-24 20:19:23,666] {dagbag.py:451} INFO - Filling up the DagBag from /home/airflow/.local/lib/python3.6/site-packages/airflow/example_dags/example_skip_dag.py
[2026-04-24 20:19:23,674] {scheduler_job.py:639} INFO - DAG(s) dict_keys(['example_skip_dag']) retrieved from /home/airflow/.local/lib/python3.6/site-packages/airflow/example_dags/example_skip_dag.py
[2026-04-24 20:19:23,689] {logging_mixin.py:104} INFO - [2026-04-24 20:19:23,689] {dag.py:1824} INFO - Sync 1 DAGs
[2026-04-24 20:19:23,699] {logging_mixin.py:104} INFO - [2026-04-24 20:19:23,699] {dag.py:2280} INFO - Setting next_dagrun for example_skip_dag to 2026-04-22 00:00:00+00:00
[2026-04-24 20:19:23,705] {scheduler_job.py:190} INFO - Processing /home/airflow/.local/lib/python3.6/site-packages/airflow/example_dags/example_skip_dag.py took 0.042 seconds
[2026-04-24 20:19:54,642] {scheduler_job.py:182} INFO - Started process (PID=593) to work on /home/airflow/.local/lib/python3.6/site-packages/airflow/example_dags/example_skip_dag.py
[2026-04-24 20:19:54,643] {scheduler_job.py:629} INFO - Processing file /home/airflow/.local/lib/python3.6/site-packages/airflow/example_dags/example_skip_dag.py for tasks to queue
[2026-04-24 20:19:54,643] {logging_mixin.py:104} INFO - [2026-04-24 20:19:54,643] {dagbag.py:451} INFO - Filling up the DagBag from /home/airflow/.local/lib/python3.6/site-packages/airflow/example_dags/example_skip_dag.py
[2026-04-24 20:19:54,650] {scheduler_job.py:639} INFO - DAG(s) dict_keys(['example_skip_dag']) retrieved from /home/airflow/.local/lib/python3.6/site-packages/airflow/example_dags/example_skip_dag.py
[2026-04-24 20:19:54,664] {logging_mixin.py:104} INFO - [2026-04-24 20:19:54,664] {dag.py:1824} INFO - Sync 1 DAGs
[2026-04-24 20:19:54,675] {logging_mixin.py:104} INFO - [2026-04-24 20:19:54,675] {dag.py:2280} INFO - Setting next_dagrun for example_skip_dag to 2026-04-22 00:00:00+00:00
[2026-04-24 20:19:54,681] {scheduler_job.py:190} INFO - Processing /home/airflow/.local/lib/python3.6/site-packages/airflow/example_dags/example_skip_dag.py took 0.041 seconds
[2026-04-24 20:20:25,648] {scheduler_job.py:182} INFO - Started process (PID=620) to work on /home/airflow/.local/lib/python3.6/site-packages/airflow/example_dags/example_skip_dag.py
[2026-04-24 20:20:25,649] {scheduler_job.py:629} INFO - Processing file /home/airflow/.local/lib/python3.6/site-packages/airflow/example_dags/example_skip_dag.py for tasks to queue
[2026-04-24 20:20:25,649] {logging_mixin.py:104} INFO - [2026-04-24 20:20:25,649] {dagbag.py:451} INFO - Filling up the DagBag from /home/airflow/.local/lib/python3.6/site-packages/airflow/example_dags/example_skip_dag.py
[2026-04-24 20:20:25,657] {scheduler_job.py:639} INFO - DAG(s) dict_keys(['example_skip_dag']) retrieved from /home/airflow/.local/lib/python3.6/site-packages/airflow/example_dags/example_skip_dag.py
[2026-04-24 20:20:25,670] {logging_mixin.py:104} INFO - [2026-04-24 20:20:25,670] {dag.py:1824} INFO - Sync 1 DAGs
[2026-04-24 20:20:25,682] {logging_mixin.py:104} INFO - [2026-04-24 20:20:25,682] {dag.py:2280} INFO - Setting next_dagrun for example_skip_dag to 2026-04-22 00:00:00+00:00
[2026-04-24 20:20:25,691] {scheduler_job.py:190} INFO - Processing /home/airflow/.local/lib/python3.6/site-packages/airflow/example_dags/example_skip_dag.py took 0.044 seconds
[2026-04-24 20:20:56,571] {scheduler_job.py:182} INFO - Started process (PID=647) to work on /home/airflow/.local/lib/python3.6/site-packages/airflow/example_dags/example_skip_dag.py
[2026-04-24 20:20:56,572] {scheduler_job.py:629} INFO - Processing file /home/airflow/.local/lib/python3.6/site-packages/airflow/example_dags/example_skip_dag.py for tasks to queue
[2026-04-24 20:20:56,572] {logging_mixin.py:104} INFO - [2026-04-24 20:20:56,572] {dagbag.py:451} INFO - Filling up the DagBag from /home/airflow/.local/lib/python3.6/site-packages/airflow/example_dags/example_skip_dag.py
[2026-04-24 20:20:56,579] {scheduler_job.py:639} INFO - DAG(s) dict_keys(['example_skip_dag']) retrieved from /home/airflow/.local/lib/python3.6/site-packages/airflow/example_dags/example_skip_dag.py
[2026-04-24 20:20:56,596] {logging_mixin.py:104} INFO - [2026-04-24 20:20:56,595] {dag.py:1824} INFO - Sync 1 DAGs
[2026-04-24 20:20:56,607] {logging_mixin.py:104} INFO - [2026-04-24 20:20:56,607] {dag.py:2280} INFO - Setting next_dagrun for example_skip_dag to 2026-04-22 00:00:00+00:00
[2026-04-24 20:20:56,615] {scheduler_job.py:190} INFO - Processing /home/airflow/.local/lib/python3.6/site-packages/airflow/example_dags/example_skip_dag.py took 0.045 seconds
[2026-04-24 20:21:27,531] {scheduler_job.py:182} INFO - Started process (PID=674) to work on /home/airflow/.local/lib/python3.6/site-packages/airflow/example_dags/example_skip_dag.py
[2026-04-24 20:21:27,532] {scheduler_job.py:629} INFO - Processing file /home/airflow/.local/lib/python3.6/site-packages/airflow/example_dags/example_skip_dag.py for tasks to queue
[2026-04-24 20:21:27,532] {logging_mixin.py:104} INFO - [2026-04-24 20:21:27,532] {dagbag.py:451} INFO - Filling up the DagBag from /home/airflow/.local/lib/python3.6/site-packages/airflow/example_dags/example_skip_dag.py
[2026-04-24 20:21:27,539] {scheduler_job.py:639} INFO - DAG(s) dict_keys(['example_skip_dag']) retrieved from /home/airflow/.local/lib/python3.6/site-packages/airflow/example_dags/example_skip_dag.py
[2026-04-24 20:21:27,553] {logging_mixin.py:104} INFO - [2026-04-24 20:21:27,553] {dag.py:1824} INFO - Sync 1 DAGs
[2026-04-24 20:21:27,564] {logging_mixin.py:104} INFO - [2026-04-24 20:21:27,564] {dag.py:2280} INFO - Setting next_dagrun for example_skip_dag to 2026-04-22 00:00:00+00:00
[2026-04-24 20:21:27,571] {scheduler_job.py:190} INFO - Processing /home/airflow/.local/lib/python3.6/site-packages/airflow/example_dags/example_skip_dag.py took 0.041 seconds
[2026-04-24 20:21:58,437] {scheduler_job.py:182} INFO - Started process (PID=701) to work on /home/airflow/.local/lib/python3.6/site-packages/airflow/example_dags/example_skip_dag.py
[2026-04-24 20:21:58,439] {scheduler_job.py:629} INFO - Processing file /home/airflow/.local/lib/python3.6/site-packages/airflow/example_dags/example_skip_dag.py for tasks to queue
[2026-04-24 20:21:58,440] {logging_mixin.py:104} INFO - [2026-04-24 20:21:58,440] {dagbag.py:451} INFO - Filling up the DagBag from /home/airflow/.local/lib/python3.6/site-packages/airflow/example_dags/example_skip_dag.py
[2026-04-24 20:21:58,450] {scheduler_job.py:639} INFO - DAG(s) dict_keys(['example_skip_dag']) retrieved from /home/airflow/.local/lib/python3.6/site-packages/airflow/example_dags/example_skip_dag.py
[2026-04-24 20:21:58,464] {logging_mixin.py:104} INFO - [2026-04-24 20:21:58,464] {dag.py:1824} INFO - Sync 1 DAGs
[2026-04-24 20:21:58,474] {logging_mixin.py:104} INFO - [2026-04-24 20:21:58,474] {dag.py:2280} INFO - Setting next_dagrun for example_skip_dag to 2026-04-22 00:00:00+00:00
[2026-04-24 20:21:58,480] {scheduler_job.py:190} INFO - Processing /home/airflow/.local/lib/python3.6/site-packages/airflow/example_dags/example_skip_dag.py took 0.047 seconds
[2026-04-24 20:22:29,430] {scheduler_job.py:182} INFO - Started process (PID=728) to work on /home/airflow/.local/lib/python3.6/site-packages/airflow/example_dags/example_skip_dag.py
[2026-04-24 20:22:29,431] {scheduler_job.py:629} INFO - Processing file /home/airflow/.local/lib/python3.6/site-packages/airflow/example_dags/example_skip_dag.py for tasks to queue
[2026-04-24 20:22:29,431] {logging_mixin.py:104} INFO - [2026-04-24 20:22:29,431] {dagbag.py:451} INFO - Filling up the DagBag from /home/airflow/.local/lib/python3.6/site-packages/airflow/example_dags/example_skip_dag.py
[2026-04-24 20:22:29,438] {scheduler_job.py:639} INFO - DAG(s) dict_keys(['example_skip_dag']) retrieved from /home/airflow/.local/lib/python3.6/site-packages/airflow/example_dags/example_skip_dag.py
[2026-04-24 20:22:29,455] {logging_mixin.py:104} INFO - [2026-04-24 20:22:29,455] {dag.py:1824} INFO - Sync 1 DAGs
[2026-04-24 20:22:29,467] {logging_mixin.py:104} INFO - [2026-04-24 20:22:29,467] {dag.py:2280} INFO - Setting next_dagrun for example_skip_dag to 2026-04-22 00:00:00+00:00
[2026-04-24 20:22:29,473] {scheduler_job.py:190} INFO - Processing /home/airflow/.local/lib/python3.6/site-packages/airflow/example_dags/example_skip_dag.py took 0.046 seconds
[2026-04-24 20:23:00,278] {scheduler_job.py:182} INFO - Started process (PID=755) to work on /home/airflow/.local/lib/python3.6/site-packages/airflow/example_dags/example_skip_dag.py
[2026-04-24 20:23:00,279] {scheduler_job.py:629} INFO - Processing file /home/airflow/.local/lib/python3.6/site-packages/airflow/example_dags/example_skip_dag.py for tasks to queue
[2026-04-24 20:23:00,279] {logging_mixin.py:104} INFO - [2026-04-24 20:23:00,279] {dagbag.py:451} INFO - Filling up the DagBag from /home/airflow/.local/lib/python3.6/site-packages/airflow/example_dags/example_skip_dag.py
[2026-04-24 20:23:00,286] {scheduler_job.py:639} INFO - DAG(s) dict_keys(['example_skip_dag']) retrieved from /home/airflow/.local/lib/python3.6/site-packages/airflow/example_dags/example_skip_dag.py
[2026-04-24 20:23:00,299] {logging_mixin.py:104} INFO - [2026-04-24 20:23:00,299] {dag.py:1824} INFO - Sync 1 DAGs
[2026-04-24 20:23:00,310] {logging_mixin.py:104} INFO - [2026-04-24 20:23:00,310] {dag.py:2280} INFO - Setting next_dagrun for example_skip_dag to 2026-04-22 00:00:00+00:00
[2026-04-24 20:23:00,317] {scheduler_job.py:190} INFO - Processing /home/airflow/.local/lib/python3.6/site-packages/airflow/example_dags/example_skip_dag.py took 0.041 seconds
[2026-04-24 20:23:31,154] {scheduler_job.py:182} INFO - Started process (PID=782) to work on /home/airflow/.local/lib/python3.6/site-packages/airflow/example_dags/example_skip_dag.py
[2026-04-24 20:23:31,156] {scheduler_job.py:629} INFO - Processing file /home/airflow/.local/lib/python3.6/site-packages/airflow/example_dags/example_skip_dag.py for tasks to queue
[2026-04-24 20:23:31,156] {logging_mixin.py:104} INFO - [2026-04-24 20:23:31,156] {dagbag.py:451} INFO - Filling up the DagBag from /home/airflow/.local/lib/python3.6/site-packages/airflow/example_dags/example_skip_dag.py
[2026-04-24 20:23:31,166] {scheduler_job.py:639} INFO - DAG(s) dict_keys(['example_skip_dag']) retrieved from /home/airflow/.local/lib/python3.6/site-packages/airflow/example_dags/example_skip_dag.py
[2026-04-24 20:23:31,181] {logging_mixin.py:104} INFO - [2026-04-24 20:23:31,181] {dag.py:1824} INFO - Sync 1 DAGs
[2026-04-24 20:23:31,191] {logging_mixin.py:104} INFO - [2026-04-24 20:23:31,191] {dag.py:2280} INFO - Setting next_dagrun for example_skip_dag to 2026-04-22 00:00:00+00:00
[2026-04-24 20:23:31,198] {scheduler_job.py:190} INFO - Processing /home/airflow/.local/lib/python3.6/site-packages/airflow/example_dags/example_skip_dag.py took 0.047 seconds
[2026-04-24 20:24:02,095] {scheduler_job.py:182} INFO - Started process (PID=809) to work on /home/airflow/.local/lib/python3.6/site-packages/airflow/example_dags/example_skip_dag.py
[2026-04-24 20:24:02,096] {scheduler_job.py:629} INFO - Processing file /home/airflow/.local/lib/python3.6/site-packages/airflow/example_dags/example_skip_dag.py for tasks to queue
[2026-04-24 20:24:02,097] {logging_mixin.py:104} INFO - [2026-04-24 20:24:02,097] {dagbag.py:451} INFO - Filling up the DagBag from /home/airflow/.local/lib/python3.6/site-packages/airflow/example_dags/example_skip_dag.py
[2026-04-24 20:24:02,106] {scheduler_job.py:639} INFO - DAG(s) dict_keys(['example_skip_dag']) retrieved from /home/airflow/.local/lib/python3.6/site-packages/airflow/example_dags/example_skip_dag.py
[2026-04-24 20:24:02,121] {logging_mixin.py:104} INFO - [2026-04-24 20:24:02,121] {dag.py:1824} INFO - Sync 1 DAGs
[2026-04-24 20:24:02,131] {logging_mixin.py:104} INFO - [2026-04-24 20:24:02,131] {dag.py:2280} INFO - Setting next_dagrun for example_skip_dag to 2026-04-22 00:00:00+00:00
[2026-04-24 20:24:02,138] {scheduler_job.py:190} INFO - Processing /home/airflow/.local/lib/python3.6/site-packages/airflow/example_dags/example_skip_dag.py took 0.047 seconds
[2026-04-24 20:24:33,064] {scheduler_job.py:182} INFO - Started process (PID=836) to work on /home/airflow/.local/lib/python3.6/site-packages/airflow/example_dags/example_skip_dag.py
[2026-04-24 20:24:33,065] {scheduler_job.py:629} INFO - Processing file /home/airflow/.local/lib/python3.6/site-packages/airflow/example_dags/example_skip_dag.py for tasks to queue
[2026-04-24 20:24:33,065] {logging_mixin.py:104} INFO - [2026-04-24 20:24:33,065] {dagbag.py:451} INFO - Filling up the DagBag from /home/airflow/.local/lib/python3.6/site-packages/airflow/example_dags/example_skip_dag.py
[2026-04-24 20:24:33,072] {scheduler_job.py:639} INFO - DAG(s) dict_keys(['example_skip_dag']) retrieved from /home/airflow/.local/lib/python3.6/site-packages/airflow/example_dags/example_skip_dag.py
[2026-04-24 20:24:33,088] {logging_mixin.py:104} INFO - [2026-04-24 20:24:33,087] {dag.py:1824} INFO - Sync 1 DAGs
[2026-04-24 20:24:33,098] {logging_mixin.py:104} INFO - [2026-04-24 20:24:33,098] {dag.py:2280} INFO - Setting next_dagrun for example_skip_dag to 2026-04-22 00:00:00+00:00
[2026-04-24 20:24:33,106] {scheduler_job.py:190} INFO - Processing /home/airflow/.local/lib/python3.6/site-packages/airflow/example_dags/example_skip_dag.py took 0.043 seconds
