[2026-04-24 20:07:25,330] {scheduler_job.py:182} INFO - Started process (PID=54) to work on /home/airflow/.local/lib/python3.6/site-packages/airflow/example_dags/example_latest_only_with_trigger.py
[2026-04-24 20:07:25,331] {scheduler_job.py:629} INFO - Processing file /home/airflow/.local/lib/python3.6/site-packages/airflow/example_dags/example_latest_only_with_trigger.py for tasks to queue
[2026-04-24 20:07:25,331] {logging_mixin.py:104} INFO - [2026-04-24 20:07:25,331] {dagbag.py:451} INFO - Filling up the DagBag from /home/airflow/.local/lib/python3.6/site-packages/airflow/example_dags/example_latest_only_with_trigger.py
[2026-04-24 20:07:25,348] {scheduler_job.py:639} INFO - DAG(s) dict_keys(['latest_only_with_trigger']) retrieved from /home/airflow/.local/lib/python3.6/site-packages/airflow/example_dags/example_latest_only_with_trigger.py
[2026-04-24 20:07:25,385] {logging_mixin.py:104} INFO - [2026-04-24 20:07:25,385] {dag.py:1824} INFO - Sync 1 DAGs
[2026-04-24 20:07:25,400] {logging_mixin.py:104} INFO - [2026-04-24 20:07:25,400] {dag.py:1843} INFO - Creating ORM DAG for latest_only_with_trigger
[2026-04-24 20:07:25,405] {logging_mixin.py:104} INFO - [2026-04-24 20:07:25,405] {dag.py:2280} INFO - Setting next_dagrun for latest_only_with_trigger to 2026-04-22 00:00:00+00:00
[2026-04-24 20:07:25,419] {scheduler_job.py:190} INFO - Processing /home/airflow/.local/lib/python3.6/site-packages/airflow/example_dags/example_latest_only_with_trigger.py took 0.094 seconds
[2026-04-24 20:07:55,491] {scheduler_job.py:182} INFO - Started process (PID=80) to work on /home/airflow/.local/lib/python3.6/site-packages/airflow/example_dags/example_latest_only_with_trigger.py
[2026-04-24 20:07:55,492] {scheduler_job.py:629} INFO - Processing file /home/airflow/.local/lib/python3.6/site-packages/airflow/example_dags/example_latest_only_with_trigger.py for tasks to queue
[2026-04-24 20:07:55,493] {logging_mixin.py:104} INFO - [2026-04-24 20:07:55,493] {dagbag.py:451} INFO - Filling up the DagBag from /home/airflow/.local/lib/python3.6/site-packages/airflow/example_dags/example_latest_only_with_trigger.py
[2026-04-24 20:07:55,502] {scheduler_job.py:639} INFO - DAG(s) dict_keys(['latest_only_with_trigger']) retrieved from /home/airflow/.local/lib/python3.6/site-packages/airflow/example_dags/example_latest_only_with_trigger.py
[2026-04-24 20:07:55,518] {logging_mixin.py:104} INFO - [2026-04-24 20:07:55,518] {dag.py:1824} INFO - Sync 1 DAGs
[2026-04-24 20:07:55,529] {logging_mixin.py:104} INFO - [2026-04-24 20:07:55,529] {dag.py:2280} INFO - Setting next_dagrun for latest_only_with_trigger to 2026-04-22 00:00:00+00:00
[2026-04-24 20:07:55,536] {scheduler_job.py:190} INFO - Processing /home/airflow/.local/lib/python3.6/site-packages/airflow/example_dags/example_latest_only_with_trigger.py took 0.048 seconds
[2026-04-24 20:08:26,456] {scheduler_job.py:182} INFO - Started process (PID=106) to work on /home/airflow/.local/lib/python3.6/site-packages/airflow/example_dags/example_latest_only_with_trigger.py
[2026-04-24 20:08:26,457] {scheduler_job.py:629} INFO - Processing file /home/airflow/.local/lib/python3.6/site-packages/airflow/example_dags/example_latest_only_with_trigger.py for tasks to queue
[2026-04-24 20:08:26,457] {logging_mixin.py:104} INFO - [2026-04-24 20:08:26,457] {dagbag.py:451} INFO - Filling up the DagBag from /home/airflow/.local/lib/python3.6/site-packages/airflow/example_dags/example_latest_only_with_trigger.py
[2026-04-24 20:08:26,464] {scheduler_job.py:639} INFO - DAG(s) dict_keys(['latest_only_with_trigger']) retrieved from /home/airflow/.local/lib/python3.6/site-packages/airflow/example_dags/example_latest_only_with_trigger.py
[2026-04-24 20:08:26,480] {logging_mixin.py:104} INFO - [2026-04-24 20:08:26,480] {dag.py:1824} INFO - Sync 1 DAGs
[2026-04-24 20:08:26,491] {logging_mixin.py:104} INFO - [2026-04-24 20:08:26,491] {dag.py:2280} INFO - Setting next_dagrun for latest_only_with_trigger to 2026-04-22 00:00:00+00:00
[2026-04-24 20:08:26,497] {scheduler_job.py:190} INFO - Processing /home/airflow/.local/lib/python3.6/site-packages/airflow/example_dags/example_latest_only_with_trigger.py took 0.043 seconds
[2026-04-24 20:08:57,326] {scheduler_job.py:182} INFO - Started process (PID=132) to work on /home/airflow/.local/lib/python3.6/site-packages/airflow/example_dags/example_latest_only_with_trigger.py
[2026-04-24 20:08:57,327] {scheduler_job.py:629} INFO - Processing file /home/airflow/.local/lib/python3.6/site-packages/airflow/example_dags/example_latest_only_with_trigger.py for tasks to queue
[2026-04-24 20:08:57,327] {logging_mixin.py:104} INFO - [2026-04-24 20:08:57,327] {dagbag.py:451} INFO - Filling up the DagBag from /home/airflow/.local/lib/python3.6/site-packages/airflow/example_dags/example_latest_only_with_trigger.py
[2026-04-24 20:08:57,335] {scheduler_job.py:639} INFO - DAG(s) dict_keys(['latest_only_with_trigger']) retrieved from /home/airflow/.local/lib/python3.6/site-packages/airflow/example_dags/example_latest_only_with_trigger.py
[2026-04-24 20:08:57,352] {logging_mixin.py:104} INFO - [2026-04-24 20:08:57,351] {dag.py:1824} INFO - Sync 1 DAGs
[2026-04-24 20:08:57,363] {logging_mixin.py:104} INFO - [2026-04-24 20:08:57,363] {dag.py:2280} INFO - Setting next_dagrun for latest_only_with_trigger to 2026-04-22 00:00:00+00:00
[2026-04-24 20:08:57,371] {scheduler_job.py:190} INFO - Processing /home/airflow/.local/lib/python3.6/site-packages/airflow/example_dags/example_latest_only_with_trigger.py took 0.047 seconds
[2026-04-24 20:09:46,008] {scheduler_job.py:182} INFO - Started process (PID=40) to work on /home/airflow/.local/lib/python3.6/site-packages/airflow/example_dags/example_latest_only_with_trigger.py
[2026-04-24 20:09:46,008] {scheduler_job.py:629} INFO - Processing file /home/airflow/.local/lib/python3.6/site-packages/airflow/example_dags/example_latest_only_with_trigger.py for tasks to queue
[2026-04-24 20:09:46,009] {logging_mixin.py:104} INFO - [2026-04-24 20:09:46,009] {dagbag.py:451} INFO - Filling up the DagBag from /home/airflow/.local/lib/python3.6/site-packages/airflow/example_dags/example_latest_only_with_trigger.py
[2026-04-24 20:09:46,016] {scheduler_job.py:639} INFO - DAG(s) dict_keys(['latest_only_with_trigger']) retrieved from /home/airflow/.local/lib/python3.6/site-packages/airflow/example_dags/example_latest_only_with_trigger.py
[2026-04-24 20:09:46,039] {logging_mixin.py:104} INFO - [2026-04-24 20:09:46,039] {dag.py:1824} INFO - Sync 1 DAGs
[2026-04-24 20:09:46,053] {logging_mixin.py:104} INFO - [2026-04-24 20:09:46,052] {dag.py:2280} INFO - Setting next_dagrun for latest_only_with_trigger to 2026-04-22 00:00:00+00:00
[2026-04-24 20:09:46,060] {scheduler_job.py:190} INFO - Processing /home/airflow/.local/lib/python3.6/site-packages/airflow/example_dags/example_latest_only_with_trigger.py took 0.054 seconds
[2026-04-24 20:10:16,087] {scheduler_job.py:182} INFO - Started process (PID=66) to work on /home/airflow/.local/lib/python3.6/site-packages/airflow/example_dags/example_latest_only_with_trigger.py
[2026-04-24 20:10:16,088] {scheduler_job.py:629} INFO - Processing file /home/airflow/.local/lib/python3.6/site-packages/airflow/example_dags/example_latest_only_with_trigger.py for tasks to queue
[2026-04-24 20:10:16,088] {logging_mixin.py:104} INFO - [2026-04-24 20:10:16,088] {dagbag.py:451} INFO - Filling up the DagBag from /home/airflow/.local/lib/python3.6/site-packages/airflow/example_dags/example_latest_only_with_trigger.py
[2026-04-24 20:10:16,096] {scheduler_job.py:639} INFO - DAG(s) dict_keys(['latest_only_with_trigger']) retrieved from /home/airflow/.local/lib/python3.6/site-packages/airflow/example_dags/example_latest_only_with_trigger.py
[2026-04-24 20:10:16,111] {logging_mixin.py:104} INFO - [2026-04-24 20:10:16,110] {dag.py:1824} INFO - Sync 1 DAGs
[2026-04-24 20:10:16,123] {logging_mixin.py:104} INFO - [2026-04-24 20:10:16,123] {dag.py:2280} INFO - Setting next_dagrun for latest_only_with_trigger to 2026-04-22 00:00:00+00:00
[2026-04-24 20:10:16,131] {scheduler_job.py:190} INFO - Processing /home/airflow/.local/lib/python3.6/site-packages/airflow/example_dags/example_latest_only_with_trigger.py took 0.046 seconds
[2026-04-24 20:10:46,165] {scheduler_job.py:182} INFO - Started process (PID=93) to work on /home/airflow/.local/lib/python3.6/site-packages/airflow/example_dags/example_latest_only_with_trigger.py
[2026-04-24 20:10:46,166] {scheduler_job.py:629} INFO - Processing file /home/airflow/.local/lib/python3.6/site-packages/airflow/example_dags/example_latest_only_with_trigger.py for tasks to queue
[2026-04-24 20:10:46,167] {logging_mixin.py:104} INFO - [2026-04-24 20:10:46,166] {dagbag.py:451} INFO - Filling up the DagBag from /home/airflow/.local/lib/python3.6/site-packages/airflow/example_dags/example_latest_only_with_trigger.py
[2026-04-24 20:10:46,175] {scheduler_job.py:639} INFO - DAG(s) dict_keys(['latest_only_with_trigger']) retrieved from /home/airflow/.local/lib/python3.6/site-packages/airflow/example_dags/example_latest_only_with_trigger.py
[2026-04-24 20:10:46,188] {logging_mixin.py:104} INFO - [2026-04-24 20:10:46,187] {dag.py:1824} INFO - Sync 1 DAGs
[2026-04-24 20:10:46,200] {logging_mixin.py:104} INFO - [2026-04-24 20:10:46,200] {dag.py:2280} INFO - Setting next_dagrun for latest_only_with_trigger to 2026-04-22 00:00:00+00:00
[2026-04-24 20:10:46,207] {scheduler_job.py:190} INFO - Processing /home/airflow/.local/lib/python3.6/site-packages/airflow/example_dags/example_latest_only_with_trigger.py took 0.046 seconds
[2026-04-24 20:11:16,291] {scheduler_job.py:182} INFO - Started process (PID=118) to work on /home/airflow/.local/lib/python3.6/site-packages/airflow/example_dags/example_latest_only_with_trigger.py
[2026-04-24 20:11:16,292] {scheduler_job.py:629} INFO - Processing file /home/airflow/.local/lib/python3.6/site-packages/airflow/example_dags/example_latest_only_with_trigger.py for tasks to queue
[2026-04-24 20:11:16,293] {logging_mixin.py:104} INFO - [2026-04-24 20:11:16,293] {dagbag.py:451} INFO - Filling up the DagBag from /home/airflow/.local/lib/python3.6/site-packages/airflow/example_dags/example_latest_only_with_trigger.py
[2026-04-24 20:11:16,302] {scheduler_job.py:639} INFO - DAG(s) dict_keys(['latest_only_with_trigger']) retrieved from /home/airflow/.local/lib/python3.6/site-packages/airflow/example_dags/example_latest_only_with_trigger.py
[2026-04-24 20:11:16,317] {logging_mixin.py:104} INFO - [2026-04-24 20:11:16,317] {dag.py:1824} INFO - Sync 1 DAGs
[2026-04-24 20:11:16,330] {logging_mixin.py:104} INFO - [2026-04-24 20:11:16,330] {dag.py:2280} INFO - Setting next_dagrun for latest_only_with_trigger to 2026-04-22 00:00:00+00:00
[2026-04-24 20:11:16,336] {scheduler_job.py:190} INFO - Processing /home/airflow/.local/lib/python3.6/site-packages/airflow/example_dags/example_latest_only_with_trigger.py took 0.050 seconds
[2026-04-24 20:11:46,360] {scheduler_job.py:182} INFO - Started process (PID=145) to work on /home/airflow/.local/lib/python3.6/site-packages/airflow/example_dags/example_latest_only_with_trigger.py
[2026-04-24 20:11:46,361] {scheduler_job.py:629} INFO - Processing file /home/airflow/.local/lib/python3.6/site-packages/airflow/example_dags/example_latest_only_with_trigger.py for tasks to queue
[2026-04-24 20:11:46,361] {logging_mixin.py:104} INFO - [2026-04-24 20:11:46,361] {dagbag.py:451} INFO - Filling up the DagBag from /home/airflow/.local/lib/python3.6/site-packages/airflow/example_dags/example_latest_only_with_trigger.py
[2026-04-24 20:11:46,372] {scheduler_job.py:639} INFO - DAG(s) dict_keys(['latest_only_with_trigger']) retrieved from /home/airflow/.local/lib/python3.6/site-packages/airflow/example_dags/example_latest_only_with_trigger.py
[2026-04-24 20:11:46,387] {logging_mixin.py:104} INFO - [2026-04-24 20:11:46,386] {dag.py:1824} INFO - Sync 1 DAGs
[2026-04-24 20:11:46,399] {logging_mixin.py:104} INFO - [2026-04-24 20:11:46,399] {dag.py:2280} INFO - Setting next_dagrun for latest_only_with_trigger to 2026-04-22 00:00:00+00:00
[2026-04-24 20:11:46,405] {scheduler_job.py:190} INFO - Processing /home/airflow/.local/lib/python3.6/site-packages/airflow/example_dags/example_latest_only_with_trigger.py took 0.049 seconds
[2026-04-24 20:12:16,489] {scheduler_job.py:182} INFO - Started process (PID=172) to work on /home/airflow/.local/lib/python3.6/site-packages/airflow/example_dags/example_latest_only_with_trigger.py
[2026-04-24 20:12:16,490] {scheduler_job.py:629} INFO - Processing file /home/airflow/.local/lib/python3.6/site-packages/airflow/example_dags/example_latest_only_with_trigger.py for tasks to queue
[2026-04-24 20:12:16,490] {logging_mixin.py:104} INFO - [2026-04-24 20:12:16,490] {dagbag.py:451} INFO - Filling up the DagBag from /home/airflow/.local/lib/python3.6/site-packages/airflow/example_dags/example_latest_only_with_trigger.py
[2026-04-24 20:12:16,497] {scheduler_job.py:639} INFO - DAG(s) dict_keys(['latest_only_with_trigger']) retrieved from /home/airflow/.local/lib/python3.6/site-packages/airflow/example_dags/example_latest_only_with_trigger.py
[2026-04-24 20:12:16,510] {logging_mixin.py:104} INFO - [2026-04-24 20:12:16,509] {dag.py:1824} INFO - Sync 1 DAGs
[2026-04-24 20:12:16,521] {logging_mixin.py:104} INFO - [2026-04-24 20:12:16,521] {dag.py:2280} INFO - Setting next_dagrun for latest_only_with_trigger to 2026-04-22 00:00:00+00:00
[2026-04-24 20:12:16,528] {scheduler_job.py:190} INFO - Processing /home/airflow/.local/lib/python3.6/site-packages/airflow/example_dags/example_latest_only_with_trigger.py took 0.041 seconds
[2026-04-24 20:12:46,566] {scheduler_job.py:182} INFO - Started process (PID=199) to work on /home/airflow/.local/lib/python3.6/site-packages/airflow/example_dags/example_latest_only_with_trigger.py
[2026-04-24 20:12:46,567] {scheduler_job.py:629} INFO - Processing file /home/airflow/.local/lib/python3.6/site-packages/airflow/example_dags/example_latest_only_with_trigger.py for tasks to queue
[2026-04-24 20:12:46,567] {logging_mixin.py:104} INFO - [2026-04-24 20:12:46,567] {dagbag.py:451} INFO - Filling up the DagBag from /home/airflow/.local/lib/python3.6/site-packages/airflow/example_dags/example_latest_only_with_trigger.py
[2026-04-24 20:12:46,573] {scheduler_job.py:639} INFO - DAG(s) dict_keys(['latest_only_with_trigger']) retrieved from /home/airflow/.local/lib/python3.6/site-packages/airflow/example_dags/example_latest_only_with_trigger.py
[2026-04-24 20:12:46,588] {logging_mixin.py:104} INFO - [2026-04-24 20:12:46,588] {dag.py:1824} INFO - Sync 1 DAGs
[2026-04-24 20:12:46,599] {logging_mixin.py:104} INFO - [2026-04-24 20:12:46,599] {dag.py:2280} INFO - Setting next_dagrun for latest_only_with_trigger to 2026-04-22 00:00:00+00:00
[2026-04-24 20:12:46,605] {scheduler_job.py:190} INFO - Processing /home/airflow/.local/lib/python3.6/site-packages/airflow/example_dags/example_latest_only_with_trigger.py took 0.041 seconds
[2026-04-24 20:13:17,616] {scheduler_job.py:182} INFO - Started process (PID=228) to work on /home/airflow/.local/lib/python3.6/site-packages/airflow/example_dags/example_latest_only_with_trigger.py
[2026-04-24 20:13:17,618] {scheduler_job.py:629} INFO - Processing file /home/airflow/.local/lib/python3.6/site-packages/airflow/example_dags/example_latest_only_with_trigger.py for tasks to queue
[2026-04-24 20:13:17,618] {logging_mixin.py:104} INFO - [2026-04-24 20:13:17,618] {dagbag.py:451} INFO - Filling up the DagBag from /home/airflow/.local/lib/python3.6/site-packages/airflow/example_dags/example_latest_only_with_trigger.py
[2026-04-24 20:13:17,628] {scheduler_job.py:639} INFO - DAG(s) dict_keys(['latest_only_with_trigger']) retrieved from /home/airflow/.local/lib/python3.6/site-packages/airflow/example_dags/example_latest_only_with_trigger.py
[2026-04-24 20:13:17,645] {logging_mixin.py:104} INFO - [2026-04-24 20:13:17,645] {dag.py:1824} INFO - Sync 1 DAGs
[2026-04-24 20:13:17,657] {logging_mixin.py:104} INFO - [2026-04-24 20:13:17,656] {dag.py:2280} INFO - Setting next_dagrun for latest_only_with_trigger to 2026-04-22 00:00:00+00:00
[2026-04-24 20:13:17,664] {scheduler_job.py:190} INFO - Processing /home/airflow/.local/lib/python3.6/site-packages/airflow/example_dags/example_latest_only_with_trigger.py took 0.051 seconds
[2026-04-24 20:13:48,576] {scheduler_job.py:182} INFO - Started process (PID=255) to work on /home/airflow/.local/lib/python3.6/site-packages/airflow/example_dags/example_latest_only_with_trigger.py
[2026-04-24 20:13:48,578] {scheduler_job.py:629} INFO - Processing file /home/airflow/.local/lib/python3.6/site-packages/airflow/example_dags/example_latest_only_with_trigger.py for tasks to queue
[2026-04-24 20:13:48,579] {logging_mixin.py:104} INFO - [2026-04-24 20:13:48,578] {dagbag.py:451} INFO - Filling up the DagBag from /home/airflow/.local/lib/python3.6/site-packages/airflow/example_dags/example_latest_only_with_trigger.py
[2026-04-24 20:13:48,588] {scheduler_job.py:639} INFO - DAG(s) dict_keys(['latest_only_with_trigger']) retrieved from /home/airflow/.local/lib/python3.6/site-packages/airflow/example_dags/example_latest_only_with_trigger.py
[2026-04-24 20:13:48,605] {logging_mixin.py:104} INFO - [2026-04-24 20:13:48,604] {dag.py:1824} INFO - Sync 1 DAGs
[2026-04-24 20:13:48,615] {logging_mixin.py:104} INFO - [2026-04-24 20:13:48,615] {dag.py:2280} INFO - Setting next_dagrun for latest_only_with_trigger to 2026-04-22 00:00:00+00:00
[2026-04-24 20:13:48,626] {scheduler_job.py:190} INFO - Processing /home/airflow/.local/lib/python3.6/site-packages/airflow/example_dags/example_latest_only_with_trigger.py took 0.054 seconds
[2026-04-24 20:14:19,629] {scheduler_job.py:182} INFO - Started process (PID=282) to work on /home/airflow/.local/lib/python3.6/site-packages/airflow/example_dags/example_latest_only_with_trigger.py
[2026-04-24 20:14:19,630] {scheduler_job.py:629} INFO - Processing file /home/airflow/.local/lib/python3.6/site-packages/airflow/example_dags/example_latest_only_with_trigger.py for tasks to queue
[2026-04-24 20:14:19,631] {logging_mixin.py:104} INFO - [2026-04-24 20:14:19,631] {dagbag.py:451} INFO - Filling up the DagBag from /home/airflow/.local/lib/python3.6/site-packages/airflow/example_dags/example_latest_only_with_trigger.py
[2026-04-24 20:14:19,642] {scheduler_job.py:639} INFO - DAG(s) dict_keys(['latest_only_with_trigger']) retrieved from /home/airflow/.local/lib/python3.6/site-packages/airflow/example_dags/example_latest_only_with_trigger.py
[2026-04-24 20:14:19,660] {logging_mixin.py:104} INFO - [2026-04-24 20:14:19,660] {dag.py:1824} INFO - Sync 1 DAGs
[2026-04-24 20:14:19,671] {logging_mixin.py:104} INFO - [2026-04-24 20:14:19,671] {dag.py:2280} INFO - Setting next_dagrun for latest_only_with_trigger to 2026-04-22 00:00:00+00:00
[2026-04-24 20:14:19,678] {scheduler_job.py:190} INFO - Processing /home/airflow/.local/lib/python3.6/site-packages/airflow/example_dags/example_latest_only_with_trigger.py took 0.053 seconds
[2026-04-24 20:14:49,736] {scheduler_job.py:182} INFO - Started process (PID=309) to work on /home/airflow/.local/lib/python3.6/site-packages/airflow/example_dags/example_latest_only_with_trigger.py
[2026-04-24 20:14:49,737] {scheduler_job.py:629} INFO - Processing file /home/airflow/.local/lib/python3.6/site-packages/airflow/example_dags/example_latest_only_with_trigger.py for tasks to queue
[2026-04-24 20:14:49,738] {logging_mixin.py:104} INFO - [2026-04-24 20:14:49,738] {dagbag.py:451} INFO - Filling up the DagBag from /home/airflow/.local/lib/python3.6/site-packages/airflow/example_dags/example_latest_only_with_trigger.py
[2026-04-24 20:14:49,750] {scheduler_job.py:639} INFO - DAG(s) dict_keys(['latest_only_with_trigger']) retrieved from /home/airflow/.local/lib/python3.6/site-packages/airflow/example_dags/example_latest_only_with_trigger.py
[2026-04-24 20:14:49,764] {logging_mixin.py:104} INFO - [2026-04-24 20:14:49,764] {dag.py:1824} INFO - Sync 1 DAGs
[2026-04-24 20:14:49,774] {logging_mixin.py:104} INFO - [2026-04-24 20:14:49,773] {dag.py:2280} INFO - Setting next_dagrun for latest_only_with_trigger to 2026-04-22 00:00:00+00:00
[2026-04-24 20:14:49,780] {scheduler_job.py:190} INFO - Processing /home/airflow/.local/lib/python3.6/site-packages/airflow/example_dags/example_latest_only_with_trigger.py took 0.048 seconds
[2026-04-24 20:15:19,829] {scheduler_job.py:182} INFO - Started process (PID=336) to work on /home/airflow/.local/lib/python3.6/site-packages/airflow/example_dags/example_latest_only_with_trigger.py
[2026-04-24 20:15:19,830] {scheduler_job.py:629} INFO - Processing file /home/airflow/.local/lib/python3.6/site-packages/airflow/example_dags/example_latest_only_with_trigger.py for tasks to queue
[2026-04-24 20:15:19,830] {logging_mixin.py:104} INFO - [2026-04-24 20:15:19,830] {dagbag.py:451} INFO - Filling up the DagBag from /home/airflow/.local/lib/python3.6/site-packages/airflow/example_dags/example_latest_only_with_trigger.py
[2026-04-24 20:15:19,842] {scheduler_job.py:639} INFO - DAG(s) dict_keys(['latest_only_with_trigger']) retrieved from /home/airflow/.local/lib/python3.6/site-packages/airflow/example_dags/example_latest_only_with_trigger.py
[2026-04-24 20:15:19,858] {logging_mixin.py:104} INFO - [2026-04-24 20:15:19,858] {dag.py:1824} INFO - Sync 1 DAGs
[2026-04-24 20:15:19,868] {logging_mixin.py:104} INFO - [2026-04-24 20:15:19,868] {dag.py:2280} INFO - Setting next_dagrun for latest_only_with_trigger to 2026-04-22 00:00:00+00:00
[2026-04-24 20:15:19,877] {scheduler_job.py:190} INFO - Processing /home/airflow/.local/lib/python3.6/site-packages/airflow/example_dags/example_latest_only_with_trigger.py took 0.052 seconds
[2026-04-24 20:15:49,921] {scheduler_job.py:182} INFO - Started process (PID=363) to work on /home/airflow/.local/lib/python3.6/site-packages/airflow/example_dags/example_latest_only_with_trigger.py
[2026-04-24 20:15:49,922] {scheduler_job.py:629} INFO - Processing file /home/airflow/.local/lib/python3.6/site-packages/airflow/example_dags/example_latest_only_with_trigger.py for tasks to queue
[2026-04-24 20:15:49,923] {logging_mixin.py:104} INFO - [2026-04-24 20:15:49,922] {dagbag.py:451} INFO - Filling up the DagBag from /home/airflow/.local/lib/python3.6/site-packages/airflow/example_dags/example_latest_only_with_trigger.py
[2026-04-24 20:15:49,932] {scheduler_job.py:639} INFO - DAG(s) dict_keys(['latest_only_with_trigger']) retrieved from /home/airflow/.local/lib/python3.6/site-packages/airflow/example_dags/example_latest_only_with_trigger.py
[2026-04-24 20:15:49,947] {logging_mixin.py:104} INFO - [2026-04-24 20:15:49,947] {dag.py:1824} INFO - Sync 1 DAGs
[2026-04-24 20:15:49,958] {logging_mixin.py:104} INFO - [2026-04-24 20:15:49,958] {dag.py:2280} INFO - Setting next_dagrun for latest_only_with_trigger to 2026-04-22 00:00:00+00:00
[2026-04-24 20:15:49,965] {scheduler_job.py:190} INFO - Processing /home/airflow/.local/lib/python3.6/site-packages/airflow/example_dags/example_latest_only_with_trigger.py took 0.046 seconds
[2026-04-24 20:16:20,047] {scheduler_job.py:182} INFO - Started process (PID=390) to work on /home/airflow/.local/lib/python3.6/site-packages/airflow/example_dags/example_latest_only_with_trigger.py
[2026-04-24 20:16:20,047] {scheduler_job.py:629} INFO - Processing file /home/airflow/.local/lib/python3.6/site-packages/airflow/example_dags/example_latest_only_with_trigger.py for tasks to queue
[2026-04-24 20:16:20,048] {logging_mixin.py:104} INFO - [2026-04-24 20:16:20,048] {dagbag.py:451} INFO - Filling up the DagBag from /home/airflow/.local/lib/python3.6/site-packages/airflow/example_dags/example_latest_only_with_trigger.py
[2026-04-24 20:16:20,057] {scheduler_job.py:639} INFO - DAG(s) dict_keys(['latest_only_with_trigger']) retrieved from /home/airflow/.local/lib/python3.6/site-packages/airflow/example_dags/example_latest_only_with_trigger.py
[2026-04-24 20:16:20,079] {logging_mixin.py:104} INFO - [2026-04-24 20:16:20,079] {dag.py:1824} INFO - Sync 1 DAGs
[2026-04-24 20:16:20,091] {logging_mixin.py:104} INFO - [2026-04-24 20:16:20,091] {dag.py:2280} INFO - Setting next_dagrun for latest_only_with_trigger to 2026-04-22 00:00:00+00:00
[2026-04-24 20:16:20,098] {scheduler_job.py:190} INFO - Processing /home/airflow/.local/lib/python3.6/site-packages/airflow/example_dags/example_latest_only_with_trigger.py took 0.055 seconds
[2026-04-24 20:16:50,140] {scheduler_job.py:182} INFO - Started process (PID=417) to work on /home/airflow/.local/lib/python3.6/site-packages/airflow/example_dags/example_latest_only_with_trigger.py
[2026-04-24 20:16:50,146] {scheduler_job.py:629} INFO - Processing file /home/airflow/.local/lib/python3.6/site-packages/airflow/example_dags/example_latest_only_with_trigger.py for tasks to queue
[2026-04-24 20:16:50,147] {logging_mixin.py:104} INFO - [2026-04-24 20:16:50,147] {dagbag.py:451} INFO - Filling up the DagBag from /home/airflow/.local/lib/python3.6/site-packages/airflow/example_dags/example_latest_only_with_trigger.py
[2026-04-24 20:16:50,153] {scheduler_job.py:639} INFO - DAG(s) dict_keys(['latest_only_with_trigger']) retrieved from /home/airflow/.local/lib/python3.6/site-packages/airflow/example_dags/example_latest_only_with_trigger.py
[2026-04-24 20:16:50,166] {logging_mixin.py:104} INFO - [2026-04-24 20:16:50,166] {dag.py:1824} INFO - Sync 1 DAGs
[2026-04-24 20:16:50,177] {logging_mixin.py:104} INFO - [2026-04-24 20:16:50,177] {dag.py:2280} INFO - Setting next_dagrun for latest_only_with_trigger to 2026-04-22 00:00:00+00:00
[2026-04-24 20:16:50,183] {scheduler_job.py:190} INFO - Processing /home/airflow/.local/lib/python3.6/site-packages/airflow/example_dags/example_latest_only_with_trigger.py took 0.047 seconds
[2026-04-24 20:17:20,315] {scheduler_job.py:182} INFO - Started process (PID=445) to work on /home/airflow/.local/lib/python3.6/site-packages/airflow/example_dags/example_latest_only_with_trigger.py
[2026-04-24 20:17:20,315] {scheduler_job.py:629} INFO - Processing file /home/airflow/.local/lib/python3.6/site-packages/airflow/example_dags/example_latest_only_with_trigger.py for tasks to queue
[2026-04-24 20:17:20,316] {logging_mixin.py:104} INFO - [2026-04-24 20:17:20,316] {dagbag.py:451} INFO - Filling up the DagBag from /home/airflow/.local/lib/python3.6/site-packages/airflow/example_dags/example_latest_only_with_trigger.py
[2026-04-24 20:17:20,322] {scheduler_job.py:639} INFO - DAG(s) dict_keys(['latest_only_with_trigger']) retrieved from /home/airflow/.local/lib/python3.6/site-packages/airflow/example_dags/example_latest_only_with_trigger.py
[2026-04-24 20:17:20,336] {logging_mixin.py:104} INFO - [2026-04-24 20:17:20,335] {dag.py:1824} INFO - Sync 1 DAGs
[2026-04-24 20:17:20,346] {logging_mixin.py:104} INFO - [2026-04-24 20:17:20,346] {dag.py:2280} INFO - Setting next_dagrun for latest_only_with_trigger to 2026-04-22 00:00:00+00:00
[2026-04-24 20:17:20,353] {scheduler_job.py:190} INFO - Processing /home/airflow/.local/lib/python3.6/site-packages/airflow/example_dags/example_latest_only_with_trigger.py took 0.040 seconds
[2026-04-24 20:17:50,394] {scheduler_job.py:182} INFO - Started process (PID=472) to work on /home/airflow/.local/lib/python3.6/site-packages/airflow/example_dags/example_latest_only_with_trigger.py
[2026-04-24 20:17:50,395] {scheduler_job.py:629} INFO - Processing file /home/airflow/.local/lib/python3.6/site-packages/airflow/example_dags/example_latest_only_with_trigger.py for tasks to queue
[2026-04-24 20:17:50,395] {logging_mixin.py:104} INFO - [2026-04-24 20:17:50,395] {dagbag.py:451} INFO - Filling up the DagBag from /home/airflow/.local/lib/python3.6/site-packages/airflow/example_dags/example_latest_only_with_trigger.py
[2026-04-24 20:17:50,402] {scheduler_job.py:639} INFO - DAG(s) dict_keys(['latest_only_with_trigger']) retrieved from /home/airflow/.local/lib/python3.6/site-packages/airflow/example_dags/example_latest_only_with_trigger.py
[2026-04-24 20:17:50,417] {logging_mixin.py:104} INFO - [2026-04-24 20:17:50,417] {dag.py:1824} INFO - Sync 1 DAGs
[2026-04-24 20:17:50,428] {logging_mixin.py:104} INFO - [2026-04-24 20:17:50,428] {dag.py:2280} INFO - Setting next_dagrun for latest_only_with_trigger to 2026-04-22 00:00:00+00:00
[2026-04-24 20:17:50,434] {scheduler_job.py:190} INFO - Processing /home/airflow/.local/lib/python3.6/site-packages/airflow/example_dags/example_latest_only_with_trigger.py took 0.042 seconds
[2026-04-24 20:18:20,452] {scheduler_job.py:182} INFO - Started process (PID=498) to work on /home/airflow/.local/lib/python3.6/site-packages/airflow/example_dags/example_latest_only_with_trigger.py
[2026-04-24 20:18:20,452] {scheduler_job.py:629} INFO - Processing file /home/airflow/.local/lib/python3.6/site-packages/airflow/example_dags/example_latest_only_with_trigger.py for tasks to queue
[2026-04-24 20:18:20,453] {logging_mixin.py:104} INFO - [2026-04-24 20:18:20,453] {dagbag.py:451} INFO - Filling up the DagBag from /home/airflow/.local/lib/python3.6/site-packages/airflow/example_dags/example_latest_only_with_trigger.py
[2026-04-24 20:18:20,460] {scheduler_job.py:639} INFO - DAG(s) dict_keys(['latest_only_with_trigger']) retrieved from /home/airflow/.local/lib/python3.6/site-packages/airflow/example_dags/example_latest_only_with_trigger.py
[2026-04-24 20:18:20,475] {logging_mixin.py:104} INFO - [2026-04-24 20:18:20,475] {dag.py:1824} INFO - Sync 1 DAGs
[2026-04-24 20:18:20,486] {logging_mixin.py:104} INFO - [2026-04-24 20:18:20,485] {dag.py:2280} INFO - Setting next_dagrun for latest_only_with_trigger to 2026-04-22 00:00:00+00:00
[2026-04-24 20:18:20,492] {scheduler_job.py:190} INFO - Processing /home/airflow/.local/lib/python3.6/site-packages/airflow/example_dags/example_latest_only_with_trigger.py took 0.042 seconds
[2026-04-24 20:18:51,311] {scheduler_job.py:182} INFO - Started process (PID=524) to work on /home/airflow/.local/lib/python3.6/site-packages/airflow/example_dags/example_latest_only_with_trigger.py
[2026-04-24 20:18:51,311] {scheduler_job.py:629} INFO - Processing file /home/airflow/.local/lib/python3.6/site-packages/airflow/example_dags/example_latest_only_with_trigger.py for tasks to queue
[2026-04-24 20:18:51,312] {logging_mixin.py:104} INFO - [2026-04-24 20:18:51,312] {dagbag.py:451} INFO - Filling up the DagBag from /home/airflow/.local/lib/python3.6/site-packages/airflow/example_dags/example_latest_only_with_trigger.py
[2026-04-24 20:18:51,320] {scheduler_job.py:639} INFO - DAG(s) dict_keys(['latest_only_with_trigger']) retrieved from /home/airflow/.local/lib/python3.6/site-packages/airflow/example_dags/example_latest_only_with_trigger.py
[2026-04-24 20:18:51,335] {logging_mixin.py:104} INFO - [2026-04-24 20:18:51,334] {dag.py:1824} INFO - Sync 1 DAGs
[2026-04-24 20:18:51,346] {logging_mixin.py:104} INFO - [2026-04-24 20:18:51,346] {dag.py:2280} INFO - Setting next_dagrun for latest_only_with_trigger to 2026-04-22 00:00:00+00:00
[2026-04-24 20:18:51,353] {scheduler_job.py:190} INFO - Processing /home/airflow/.local/lib/python3.6/site-packages/airflow/example_dags/example_latest_only_with_trigger.py took 0.044 seconds
[2026-04-24 20:19:22,187] {scheduler_job.py:182} INFO - Started process (PID=551) to work on /home/airflow/.local/lib/python3.6/site-packages/airflow/example_dags/example_latest_only_with_trigger.py
[2026-04-24 20:19:22,187] {scheduler_job.py:629} INFO - Processing file /home/airflow/.local/lib/python3.6/site-packages/airflow/example_dags/example_latest_only_with_trigger.py for tasks to queue
[2026-04-24 20:19:22,188] {logging_mixin.py:104} INFO - [2026-04-24 20:19:22,188] {dagbag.py:451} INFO - Filling up the DagBag from /home/airflow/.local/lib/python3.6/site-packages/airflow/example_dags/example_latest_only_with_trigger.py
[2026-04-24 20:19:22,195] {scheduler_job.py:639} INFO - DAG(s) dict_keys(['latest_only_with_trigger']) retrieved from /home/airflow/.local/lib/python3.6/site-packages/airflow/example_dags/example_latest_only_with_trigger.py
[2026-04-24 20:19:22,209] {logging_mixin.py:104} INFO - [2026-04-24 20:19:22,209] {dag.py:1824} INFO - Sync 1 DAGs
[2026-04-24 20:19:22,219] {logging_mixin.py:104} INFO - [2026-04-24 20:19:22,219] {dag.py:2280} INFO - Setting next_dagrun for latest_only_with_trigger to 2026-04-22 00:00:00+00:00
[2026-04-24 20:19:22,226] {scheduler_job.py:190} INFO - Processing /home/airflow/.local/lib/python3.6/site-packages/airflow/example_dags/example_latest_only_with_trigger.py took 0.042 seconds
[2026-04-24 20:19:53,156] {scheduler_job.py:182} INFO - Started process (PID=578) to work on /home/airflow/.local/lib/python3.6/site-packages/airflow/example_dags/example_latest_only_with_trigger.py
[2026-04-24 20:19:53,157] {scheduler_job.py:629} INFO - Processing file /home/airflow/.local/lib/python3.6/site-packages/airflow/example_dags/example_latest_only_with_trigger.py for tasks to queue
[2026-04-24 20:19:53,158] {logging_mixin.py:104} INFO - [2026-04-24 20:19:53,158] {dagbag.py:451} INFO - Filling up the DagBag from /home/airflow/.local/lib/python3.6/site-packages/airflow/example_dags/example_latest_only_with_trigger.py
[2026-04-24 20:19:53,168] {scheduler_job.py:639} INFO - DAG(s) dict_keys(['latest_only_with_trigger']) retrieved from /home/airflow/.local/lib/python3.6/site-packages/airflow/example_dags/example_latest_only_with_trigger.py
[2026-04-24 20:19:53,185] {logging_mixin.py:104} INFO - [2026-04-24 20:19:53,185] {dag.py:1824} INFO - Sync 1 DAGs
[2026-04-24 20:19:53,196] {logging_mixin.py:104} INFO - [2026-04-24 20:19:53,196] {dag.py:2280} INFO - Setting next_dagrun for latest_only_with_trigger to 2026-04-22 00:00:00+00:00
[2026-04-24 20:19:53,205] {scheduler_job.py:190} INFO - Processing /home/airflow/.local/lib/python3.6/site-packages/airflow/example_dags/example_latest_only_with_trigger.py took 0.052 seconds
[2026-04-24 20:20:24,085] {scheduler_job.py:182} INFO - Started process (PID=605) to work on /home/airflow/.local/lib/python3.6/site-packages/airflow/example_dags/example_latest_only_with_trigger.py
[2026-04-24 20:20:24,086] {scheduler_job.py:629} INFO - Processing file /home/airflow/.local/lib/python3.6/site-packages/airflow/example_dags/example_latest_only_with_trigger.py for tasks to queue
[2026-04-24 20:20:24,086] {logging_mixin.py:104} INFO - [2026-04-24 20:20:24,086] {dagbag.py:451} INFO - Filling up the DagBag from /home/airflow/.local/lib/python3.6/site-packages/airflow/example_dags/example_latest_only_with_trigger.py
[2026-04-24 20:20:24,095] {scheduler_job.py:639} INFO - DAG(s) dict_keys(['latest_only_with_trigger']) retrieved from /home/airflow/.local/lib/python3.6/site-packages/airflow/example_dags/example_latest_only_with_trigger.py
[2026-04-24 20:20:24,110] {logging_mixin.py:104} INFO - [2026-04-24 20:20:24,110] {dag.py:1824} INFO - Sync 1 DAGs
[2026-04-24 20:20:24,121] {logging_mixin.py:104} INFO - [2026-04-24 20:20:24,121] {dag.py:2280} INFO - Setting next_dagrun for latest_only_with_trigger to 2026-04-22 00:00:00+00:00
[2026-04-24 20:20:24,129] {scheduler_job.py:190} INFO - Processing /home/airflow/.local/lib/python3.6/site-packages/airflow/example_dags/example_latest_only_with_trigger.py took 0.047 seconds
[2026-04-24 20:20:55,113] {scheduler_job.py:182} INFO - Started process (PID=632) to work on /home/airflow/.local/lib/python3.6/site-packages/airflow/example_dags/example_latest_only_with_trigger.py
[2026-04-24 20:20:55,114] {scheduler_job.py:629} INFO - Processing file /home/airflow/.local/lib/python3.6/site-packages/airflow/example_dags/example_latest_only_with_trigger.py for tasks to queue
[2026-04-24 20:20:55,115] {logging_mixin.py:104} INFO - [2026-04-24 20:20:55,115] {dagbag.py:451} INFO - Filling up the DagBag from /home/airflow/.local/lib/python3.6/site-packages/airflow/example_dags/example_latest_only_with_trigger.py
[2026-04-24 20:20:55,126] {scheduler_job.py:639} INFO - DAG(s) dict_keys(['latest_only_with_trigger']) retrieved from /home/airflow/.local/lib/python3.6/site-packages/airflow/example_dags/example_latest_only_with_trigger.py
[2026-04-24 20:20:55,139] {logging_mixin.py:104} INFO - [2026-04-24 20:20:55,139] {dag.py:1824} INFO - Sync 1 DAGs
[2026-04-24 20:20:55,149] {logging_mixin.py:104} INFO - [2026-04-24 20:20:55,149] {dag.py:2280} INFO - Setting next_dagrun for latest_only_with_trigger to 2026-04-22 00:00:00+00:00
[2026-04-24 20:20:55,156] {scheduler_job.py:190} INFO - Processing /home/airflow/.local/lib/python3.6/site-packages/airflow/example_dags/example_latest_only_with_trigger.py took 0.047 seconds
[2026-04-24 20:21:26,052] {scheduler_job.py:182} INFO - Started process (PID=659) to work on /home/airflow/.local/lib/python3.6/site-packages/airflow/example_dags/example_latest_only_with_trigger.py
[2026-04-24 20:21:26,053] {scheduler_job.py:629} INFO - Processing file /home/airflow/.local/lib/python3.6/site-packages/airflow/example_dags/example_latest_only_with_trigger.py for tasks to queue
[2026-04-24 20:21:26,054] {logging_mixin.py:104} INFO - [2026-04-24 20:21:26,054] {dagbag.py:451} INFO - Filling up the DagBag from /home/airflow/.local/lib/python3.6/site-packages/airflow/example_dags/example_latest_only_with_trigger.py
[2026-04-24 20:21:26,064] {scheduler_job.py:639} INFO - DAG(s) dict_keys(['latest_only_with_trigger']) retrieved from /home/airflow/.local/lib/python3.6/site-packages/airflow/example_dags/example_latest_only_with_trigger.py
[2026-04-24 20:21:26,079] {logging_mixin.py:104} INFO - [2026-04-24 20:21:26,079] {dag.py:1824} INFO - Sync 1 DAGs
[2026-04-24 20:21:26,091] {logging_mixin.py:104} INFO - [2026-04-24 20:21:26,090] {dag.py:2280} INFO - Setting next_dagrun for latest_only_with_trigger to 2026-04-22 00:00:00+00:00
[2026-04-24 20:21:26,098] {scheduler_job.py:190} INFO - Processing /home/airflow/.local/lib/python3.6/site-packages/airflow/example_dags/example_latest_only_with_trigger.py took 0.050 seconds
[2026-04-24 20:21:56,984] {scheduler_job.py:182} INFO - Started process (PID=686) to work on /home/airflow/.local/lib/python3.6/site-packages/airflow/example_dags/example_latest_only_with_trigger.py
[2026-04-24 20:21:56,985] {scheduler_job.py:629} INFO - Processing file /home/airflow/.local/lib/python3.6/site-packages/airflow/example_dags/example_latest_only_with_trigger.py for tasks to queue
[2026-04-24 20:21:56,985] {logging_mixin.py:104} INFO - [2026-04-24 20:21:56,985] {dagbag.py:451} INFO - Filling up the DagBag from /home/airflow/.local/lib/python3.6/site-packages/airflow/example_dags/example_latest_only_with_trigger.py
[2026-04-24 20:21:56,992] {scheduler_job.py:639} INFO - DAG(s) dict_keys(['latest_only_with_trigger']) retrieved from /home/airflow/.local/lib/python3.6/site-packages/airflow/example_dags/example_latest_only_with_trigger.py
[2026-04-24 20:21:57,007] {logging_mixin.py:104} INFO - [2026-04-24 20:21:57,007] {dag.py:1824} INFO - Sync 1 DAGs
[2026-04-24 20:21:57,017] {logging_mixin.py:104} INFO - [2026-04-24 20:21:57,017] {dag.py:2280} INFO - Setting next_dagrun for latest_only_with_trigger to 2026-04-22 00:00:00+00:00
[2026-04-24 20:21:57,024] {scheduler_job.py:190} INFO - Processing /home/airflow/.local/lib/python3.6/site-packages/airflow/example_dags/example_latest_only_with_trigger.py took 0.042 seconds
[2026-04-24 20:22:27,915] {scheduler_job.py:182} INFO - Started process (PID=713) to work on /home/airflow/.local/lib/python3.6/site-packages/airflow/example_dags/example_latest_only_with_trigger.py
[2026-04-24 20:22:27,915] {scheduler_job.py:629} INFO - Processing file /home/airflow/.local/lib/python3.6/site-packages/airflow/example_dags/example_latest_only_with_trigger.py for tasks to queue
[2026-04-24 20:22:27,916] {logging_mixin.py:104} INFO - [2026-04-24 20:22:27,916] {dagbag.py:451} INFO - Filling up the DagBag from /home/airflow/.local/lib/python3.6/site-packages/airflow/example_dags/example_latest_only_with_trigger.py
[2026-04-24 20:22:27,922] {scheduler_job.py:639} INFO - DAG(s) dict_keys(['latest_only_with_trigger']) retrieved from /home/airflow/.local/lib/python3.6/site-packages/airflow/example_dags/example_latest_only_with_trigger.py
[2026-04-24 20:22:27,936] {logging_mixin.py:104} INFO - [2026-04-24 20:22:27,936] {dag.py:1824} INFO - Sync 1 DAGs
[2026-04-24 20:22:27,949] {logging_mixin.py:104} INFO - [2026-04-24 20:22:27,949] {dag.py:2280} INFO - Setting next_dagrun for latest_only_with_trigger to 2026-04-22 00:00:00+00:00
[2026-04-24 20:22:27,956] {scheduler_job.py:190} INFO - Processing /home/airflow/.local/lib/python3.6/site-packages/airflow/example_dags/example_latest_only_with_trigger.py took 0.043 seconds
[2026-04-24 20:22:58,830] {scheduler_job.py:182} INFO - Started process (PID=740) to work on /home/airflow/.local/lib/python3.6/site-packages/airflow/example_dags/example_latest_only_with_trigger.py
[2026-04-24 20:22:58,831] {scheduler_job.py:629} INFO - Processing file /home/airflow/.local/lib/python3.6/site-packages/airflow/example_dags/example_latest_only_with_trigger.py for tasks to queue
[2026-04-24 20:22:58,831] {logging_mixin.py:104} INFO - [2026-04-24 20:22:58,831] {dagbag.py:451} INFO - Filling up the DagBag from /home/airflow/.local/lib/python3.6/site-packages/airflow/example_dags/example_latest_only_with_trigger.py
[2026-04-24 20:22:58,838] {scheduler_job.py:639} INFO - DAG(s) dict_keys(['latest_only_with_trigger']) retrieved from /home/airflow/.local/lib/python3.6/site-packages/airflow/example_dags/example_latest_only_with_trigger.py
[2026-04-24 20:22:58,853] {logging_mixin.py:104} INFO - [2026-04-24 20:22:58,852] {dag.py:1824} INFO - Sync 1 DAGs
[2026-04-24 20:22:58,864] {logging_mixin.py:104} INFO - [2026-04-24 20:22:58,864] {dag.py:2280} INFO - Setting next_dagrun for latest_only_with_trigger to 2026-04-22 00:00:00+00:00
[2026-04-24 20:22:58,871] {scheduler_job.py:190} INFO - Processing /home/airflow/.local/lib/python3.6/site-packages/airflow/example_dags/example_latest_only_with_trigger.py took 0.043 seconds
[2026-04-24 20:23:29,711] {scheduler_job.py:182} INFO - Started process (PID=767) to work on /home/airflow/.local/lib/python3.6/site-packages/airflow/example_dags/example_latest_only_with_trigger.py
[2026-04-24 20:23:29,711] {scheduler_job.py:629} INFO - Processing file /home/airflow/.local/lib/python3.6/site-packages/airflow/example_dags/example_latest_only_with_trigger.py for tasks to queue
[2026-04-24 20:23:29,712] {logging_mixin.py:104} INFO - [2026-04-24 20:23:29,712] {dagbag.py:451} INFO - Filling up the DagBag from /home/airflow/.local/lib/python3.6/site-packages/airflow/example_dags/example_latest_only_with_trigger.py
[2026-04-24 20:23:29,718] {scheduler_job.py:639} INFO - DAG(s) dict_keys(['latest_only_with_trigger']) retrieved from /home/airflow/.local/lib/python3.6/site-packages/airflow/example_dags/example_latest_only_with_trigger.py
[2026-04-24 20:23:29,734] {logging_mixin.py:104} INFO - [2026-04-24 20:23:29,734] {dag.py:1824} INFO - Sync 1 DAGs
[2026-04-24 20:23:29,745] {logging_mixin.py:104} INFO - [2026-04-24 20:23:29,745] {dag.py:2280} INFO - Setting next_dagrun for latest_only_with_trigger to 2026-04-22 00:00:00+00:00
[2026-04-24 20:23:29,752] {scheduler_job.py:190} INFO - Processing /home/airflow/.local/lib/python3.6/site-packages/airflow/example_dags/example_latest_only_with_trigger.py took 0.045 seconds
[2026-04-24 20:24:00,624] {scheduler_job.py:182} INFO - Started process (PID=794) to work on /home/airflow/.local/lib/python3.6/site-packages/airflow/example_dags/example_latest_only_with_trigger.py
[2026-04-24 20:24:00,625] {scheduler_job.py:629} INFO - Processing file /home/airflow/.local/lib/python3.6/site-packages/airflow/example_dags/example_latest_only_with_trigger.py for tasks to queue
[2026-04-24 20:24:00,626] {logging_mixin.py:104} INFO - [2026-04-24 20:24:00,625] {dagbag.py:451} INFO - Filling up the DagBag from /home/airflow/.local/lib/python3.6/site-packages/airflow/example_dags/example_latest_only_with_trigger.py
[2026-04-24 20:24:00,632] {scheduler_job.py:639} INFO - DAG(s) dict_keys(['latest_only_with_trigger']) retrieved from /home/airflow/.local/lib/python3.6/site-packages/airflow/example_dags/example_latest_only_with_trigger.py
[2026-04-24 20:24:00,645] {logging_mixin.py:104} INFO - [2026-04-24 20:24:00,645] {dag.py:1824} INFO - Sync 1 DAGs
[2026-04-24 20:24:00,656] {logging_mixin.py:104} INFO - [2026-04-24 20:24:00,656] {dag.py:2280} INFO - Setting next_dagrun for latest_only_with_trigger to 2026-04-22 00:00:00+00:00
[2026-04-24 20:24:00,663] {scheduler_job.py:190} INFO - Processing /home/airflow/.local/lib/python3.6/site-packages/airflow/example_dags/example_latest_only_with_trigger.py took 0.040 seconds
[2026-04-24 20:24:31,573] {scheduler_job.py:182} INFO - Started process (PID=821) to work on /home/airflow/.local/lib/python3.6/site-packages/airflow/example_dags/example_latest_only_with_trigger.py
[2026-04-24 20:24:31,574] {scheduler_job.py:629} INFO - Processing file /home/airflow/.local/lib/python3.6/site-packages/airflow/example_dags/example_latest_only_with_trigger.py for tasks to queue
[2026-04-24 20:24:31,575] {logging_mixin.py:104} INFO - [2026-04-24 20:24:31,574] {dagbag.py:451} INFO - Filling up the DagBag from /home/airflow/.local/lib/python3.6/site-packages/airflow/example_dags/example_latest_only_with_trigger.py
[2026-04-24 20:24:31,584] {scheduler_job.py:639} INFO - DAG(s) dict_keys(['latest_only_with_trigger']) retrieved from /home/airflow/.local/lib/python3.6/site-packages/airflow/example_dags/example_latest_only_with_trigger.py
[2026-04-24 20:24:31,599] {logging_mixin.py:104} INFO - [2026-04-24 20:24:31,599] {dag.py:1824} INFO - Sync 1 DAGs
[2026-04-24 20:24:31,609] {logging_mixin.py:104} INFO - [2026-04-24 20:24:31,609] {dag.py:2280} INFO - Setting next_dagrun for latest_only_with_trigger to 2026-04-22 00:00:00+00:00
[2026-04-24 20:24:31,615] {scheduler_job.py:190} INFO - Processing /home/airflow/.local/lib/python3.6/site-packages/airflow/example_dags/example_latest_only_with_trigger.py took 0.046 seconds
