[2026-04-24 20:07:24,780] {scheduler_job.py:182} INFO - Started process (PID=44) to work on /home/airflow/.local/lib/python3.6/site-packages/airflow/example_dags/tutorial.py
[2026-04-24 20:07:24,781] {scheduler_job.py:629} INFO - Processing file /home/airflow/.local/lib/python3.6/site-packages/airflow/example_dags/tutorial.py for tasks to queue
[2026-04-24 20:07:24,781] {logging_mixin.py:104} INFO - [2026-04-24 20:07:24,781] {dagbag.py:451} INFO - Filling up the DagBag from /home/airflow/.local/lib/python3.6/site-packages/airflow/example_dags/tutorial.py
[2026-04-24 20:07:24,796] {scheduler_job.py:639} INFO - DAG(s) dict_keys(['tutorial']) retrieved from /home/airflow/.local/lib/python3.6/site-packages/airflow/example_dags/tutorial.py
[2026-04-24 20:07:24,832] {logging_mixin.py:104} INFO - [2026-04-24 20:07:24,832] {dag.py:1824} INFO - Sync 1 DAGs
[2026-04-24 20:07:24,841] {logging_mixin.py:104} INFO - [2026-04-24 20:07:24,841] {dag.py:1843} INFO - Creating ORM DAG for tutorial
[2026-04-24 20:07:24,850] {logging_mixin.py:104} INFO - [2026-04-24 20:07:24,850] {dag.py:2280} INFO - Setting next_dagrun for tutorial to 2026-04-22 00:00:00+00:00
[2026-04-24 20:07:24,874] {scheduler_job.py:190} INFO - Processing /home/airflow/.local/lib/python3.6/site-packages/airflow/example_dags/tutorial.py took 0.098 seconds
[2026-04-24 20:07:55,040] {scheduler_job.py:182} INFO - Started process (PID=70) to work on /home/airflow/.local/lib/python3.6/site-packages/airflow/example_dags/tutorial.py
[2026-04-24 20:07:55,041] {scheduler_job.py:629} INFO - Processing file /home/airflow/.local/lib/python3.6/site-packages/airflow/example_dags/tutorial.py for tasks to queue
[2026-04-24 20:07:55,041] {logging_mixin.py:104} INFO - [2026-04-24 20:07:55,041] {dagbag.py:451} INFO - Filling up the DagBag from /home/airflow/.local/lib/python3.6/site-packages/airflow/example_dags/tutorial.py
[2026-04-24 20:07:55,049] {scheduler_job.py:639} INFO - DAG(s) dict_keys(['tutorial']) retrieved from /home/airflow/.local/lib/python3.6/site-packages/airflow/example_dags/tutorial.py
[2026-04-24 20:07:55,065] {logging_mixin.py:104} INFO - [2026-04-24 20:07:55,065] {dag.py:1824} INFO - Sync 1 DAGs
[2026-04-24 20:07:55,077] {logging_mixin.py:104} INFO - [2026-04-24 20:07:55,077] {dag.py:2280} INFO - Setting next_dagrun for tutorial to 2026-04-22 00:00:00+00:00
[2026-04-24 20:07:55,084] {scheduler_job.py:190} INFO - Processing /home/airflow/.local/lib/python3.6/site-packages/airflow/example_dags/tutorial.py took 0.046 seconds
[2026-04-24 20:08:25,115] {scheduler_job.py:182} INFO - Started process (PID=96) to work on /home/airflow/.local/lib/python3.6/site-packages/airflow/example_dags/tutorial.py
[2026-04-24 20:08:25,116] {scheduler_job.py:629} INFO - Processing file /home/airflow/.local/lib/python3.6/site-packages/airflow/example_dags/tutorial.py for tasks to queue
[2026-04-24 20:08:25,116] {logging_mixin.py:104} INFO - [2026-04-24 20:08:25,116] {dagbag.py:451} INFO - Filling up the DagBag from /home/airflow/.local/lib/python3.6/site-packages/airflow/example_dags/tutorial.py
[2026-04-24 20:08:25,122] {scheduler_job.py:639} INFO - DAG(s) dict_keys(['tutorial']) retrieved from /home/airflow/.local/lib/python3.6/site-packages/airflow/example_dags/tutorial.py
[2026-04-24 20:08:25,135] {logging_mixin.py:104} INFO - [2026-04-24 20:08:25,135] {dag.py:1824} INFO - Sync 1 DAGs
[2026-04-24 20:08:25,146] {logging_mixin.py:104} INFO - [2026-04-24 20:08:25,146] {dag.py:2280} INFO - Setting next_dagrun for tutorial to 2026-04-22 00:00:00+00:00
[2026-04-24 20:08:25,152] {scheduler_job.py:190} INFO - Processing /home/airflow/.local/lib/python3.6/site-packages/airflow/example_dags/tutorial.py took 0.039 seconds
[2026-04-24 20:08:56,072] {scheduler_job.py:182} INFO - Started process (PID=122) to work on /home/airflow/.local/lib/python3.6/site-packages/airflow/example_dags/tutorial.py
[2026-04-24 20:08:56,073] {scheduler_job.py:629} INFO - Processing file /home/airflow/.local/lib/python3.6/site-packages/airflow/example_dags/tutorial.py for tasks to queue
[2026-04-24 20:08:56,073] {logging_mixin.py:104} INFO - [2026-04-24 20:08:56,073] {dagbag.py:451} INFO - Filling up the DagBag from /home/airflow/.local/lib/python3.6/site-packages/airflow/example_dags/tutorial.py
[2026-04-24 20:08:56,080] {scheduler_job.py:639} INFO - DAG(s) dict_keys(['tutorial']) retrieved from /home/airflow/.local/lib/python3.6/site-packages/airflow/example_dags/tutorial.py
[2026-04-24 20:08:56,095] {logging_mixin.py:104} INFO - [2026-04-24 20:08:56,095] {dag.py:1824} INFO - Sync 1 DAGs
[2026-04-24 20:08:56,107] {logging_mixin.py:104} INFO - [2026-04-24 20:08:56,107] {dag.py:2280} INFO - Setting next_dagrun for tutorial to 2026-04-22 00:00:00+00:00
[2026-04-24 20:08:56,114] {scheduler_job.py:190} INFO - Processing /home/airflow/.local/lib/python3.6/site-packages/airflow/example_dags/tutorial.py took 0.044 seconds
[2026-04-24 20:09:27,262] {scheduler_job.py:182} INFO - Started process (PID=148) to work on /home/airflow/.local/lib/python3.6/site-packages/airflow/example_dags/tutorial.py
[2026-04-24 20:09:27,263] {scheduler_job.py:629} INFO - Processing file /home/airflow/.local/lib/python3.6/site-packages/airflow/example_dags/tutorial.py for tasks to queue
[2026-04-24 20:09:27,264] {logging_mixin.py:104} INFO - [2026-04-24 20:09:27,264] {dagbag.py:451} INFO - Filling up the DagBag from /home/airflow/.local/lib/python3.6/site-packages/airflow/example_dags/tutorial.py
[2026-04-24 20:09:27,277] {scheduler_job.py:639} INFO - DAG(s) dict_keys(['tutorial']) retrieved from /home/airflow/.local/lib/python3.6/site-packages/airflow/example_dags/tutorial.py
[2026-04-24 20:09:27,297] {logging_mixin.py:104} INFO - [2026-04-24 20:09:27,296] {dag.py:1824} INFO - Sync 1 DAGs
[2026-04-24 20:09:27,310] {logging_mixin.py:104} INFO - [2026-04-24 20:09:27,310] {dag.py:2280} INFO - Setting next_dagrun for tutorial to 2026-04-22 00:00:00+00:00
[2026-04-24 20:09:27,319] {scheduler_job.py:190} INFO - Processing /home/airflow/.local/lib/python3.6/site-packages/airflow/example_dags/tutorial.py took 0.061 seconds
[2026-04-24 20:09:46,321] {scheduler_job.py:182} INFO - Started process (PID=47) to work on /home/airflow/.local/lib/python3.6/site-packages/airflow/example_dags/tutorial.py
[2026-04-24 20:09:46,321] {scheduler_job.py:629} INFO - Processing file /home/airflow/.local/lib/python3.6/site-packages/airflow/example_dags/tutorial.py for tasks to queue
[2026-04-24 20:09:46,322] {logging_mixin.py:104} INFO - [2026-04-24 20:09:46,322] {dagbag.py:451} INFO - Filling up the DagBag from /home/airflow/.local/lib/python3.6/site-packages/airflow/example_dags/tutorial.py
[2026-04-24 20:09:46,330] {scheduler_job.py:639} INFO - DAG(s) dict_keys(['tutorial']) retrieved from /home/airflow/.local/lib/python3.6/site-packages/airflow/example_dags/tutorial.py
[2026-04-24 20:09:46,352] {logging_mixin.py:104} INFO - [2026-04-24 20:09:46,352] {dag.py:1824} INFO - Sync 1 DAGs
[2026-04-24 20:09:46,375] {logging_mixin.py:104} INFO - [2026-04-24 20:09:46,375] {dag.py:2280} INFO - Setting next_dagrun for tutorial to 2026-04-22 00:00:00+00:00
[2026-04-24 20:09:46,394] {scheduler_job.py:190} INFO - Processing /home/airflow/.local/lib/python3.6/site-packages/airflow/example_dags/tutorial.py took 0.076 seconds
[2026-04-24 20:10:16,460] {scheduler_job.py:182} INFO - Started process (PID=74) to work on /home/airflow/.local/lib/python3.6/site-packages/airflow/example_dags/tutorial.py
[2026-04-24 20:10:16,461] {scheduler_job.py:629} INFO - Processing file /home/airflow/.local/lib/python3.6/site-packages/airflow/example_dags/tutorial.py for tasks to queue
[2026-04-24 20:10:16,461] {logging_mixin.py:104} INFO - [2026-04-24 20:10:16,461] {dagbag.py:451} INFO - Filling up the DagBag from /home/airflow/.local/lib/python3.6/site-packages/airflow/example_dags/tutorial.py
[2026-04-24 20:10:16,468] {scheduler_job.py:639} INFO - DAG(s) dict_keys(['tutorial']) retrieved from /home/airflow/.local/lib/python3.6/site-packages/airflow/example_dags/tutorial.py
[2026-04-24 20:10:16,483] {logging_mixin.py:104} INFO - [2026-04-24 20:10:16,483] {dag.py:1824} INFO - Sync 1 DAGs
[2026-04-24 20:10:16,495] {logging_mixin.py:104} INFO - [2026-04-24 20:10:16,495] {dag.py:2280} INFO - Setting next_dagrun for tutorial to 2026-04-22 00:00:00+00:00
[2026-04-24 20:10:16,503] {scheduler_job.py:190} INFO - Processing /home/airflow/.local/lib/python3.6/site-packages/airflow/example_dags/tutorial.py took 0.045 seconds
[2026-04-24 20:10:46,559] {scheduler_job.py:182} INFO - Started process (PID=101) to work on /home/airflow/.local/lib/python3.6/site-packages/airflow/example_dags/tutorial.py
[2026-04-24 20:10:46,560] {scheduler_job.py:629} INFO - Processing file /home/airflow/.local/lib/python3.6/site-packages/airflow/example_dags/tutorial.py for tasks to queue
[2026-04-24 20:10:46,561] {logging_mixin.py:104} INFO - [2026-04-24 20:10:46,561] {dagbag.py:451} INFO - Filling up the DagBag from /home/airflow/.local/lib/python3.6/site-packages/airflow/example_dags/tutorial.py
[2026-04-24 20:10:46,570] {scheduler_job.py:639} INFO - DAG(s) dict_keys(['tutorial']) retrieved from /home/airflow/.local/lib/python3.6/site-packages/airflow/example_dags/tutorial.py
[2026-04-24 20:10:46,582] {logging_mixin.py:104} INFO - [2026-04-24 20:10:46,582] {dag.py:1824} INFO - Sync 1 DAGs
[2026-04-24 20:10:46,595] {logging_mixin.py:104} INFO - [2026-04-24 20:10:46,595] {dag.py:2280} INFO - Setting next_dagrun for tutorial to 2026-04-22 00:00:00+00:00
[2026-04-24 20:10:46,602] {scheduler_job.py:190} INFO - Processing /home/airflow/.local/lib/python3.6/site-packages/airflow/example_dags/tutorial.py took 0.047 seconds
[2026-04-24 20:11:16,688] {scheduler_job.py:182} INFO - Started process (PID=128) to work on /home/airflow/.local/lib/python3.6/site-packages/airflow/example_dags/tutorial.py
[2026-04-24 20:11:16,688] {scheduler_job.py:629} INFO - Processing file /home/airflow/.local/lib/python3.6/site-packages/airflow/example_dags/tutorial.py for tasks to queue
[2026-04-24 20:11:16,689] {logging_mixin.py:104} INFO - [2026-04-24 20:11:16,689] {dagbag.py:451} INFO - Filling up the DagBag from /home/airflow/.local/lib/python3.6/site-packages/airflow/example_dags/tutorial.py
[2026-04-24 20:11:16,695] {scheduler_job.py:639} INFO - DAG(s) dict_keys(['tutorial']) retrieved from /home/airflow/.local/lib/python3.6/site-packages/airflow/example_dags/tutorial.py
[2026-04-24 20:11:16,709] {logging_mixin.py:104} INFO - [2026-04-24 20:11:16,709] {dag.py:1824} INFO - Sync 1 DAGs
[2026-04-24 20:11:16,723] {logging_mixin.py:104} INFO - [2026-04-24 20:11:16,723] {dag.py:2280} INFO - Setting next_dagrun for tutorial to 2026-04-22 00:00:00+00:00
[2026-04-24 20:11:16,729] {scheduler_job.py:190} INFO - Processing /home/airflow/.local/lib/python3.6/site-packages/airflow/example_dags/tutorial.py took 0.043 seconds
[2026-04-24 20:11:46,790] {scheduler_job.py:182} INFO - Started process (PID=155) to work on /home/airflow/.local/lib/python3.6/site-packages/airflow/example_dags/tutorial.py
[2026-04-24 20:11:46,791] {scheduler_job.py:629} INFO - Processing file /home/airflow/.local/lib/python3.6/site-packages/airflow/example_dags/tutorial.py for tasks to queue
[2026-04-24 20:11:46,791] {logging_mixin.py:104} INFO - [2026-04-24 20:11:46,791] {dagbag.py:451} INFO - Filling up the DagBag from /home/airflow/.local/lib/python3.6/site-packages/airflow/example_dags/tutorial.py
[2026-04-24 20:11:46,797] {scheduler_job.py:639} INFO - DAG(s) dict_keys(['tutorial']) retrieved from /home/airflow/.local/lib/python3.6/site-packages/airflow/example_dags/tutorial.py
[2026-04-24 20:11:46,811] {logging_mixin.py:104} INFO - [2026-04-24 20:11:46,811] {dag.py:1824} INFO - Sync 1 DAGs
[2026-04-24 20:11:46,823] {logging_mixin.py:104} INFO - [2026-04-24 20:11:46,823] {dag.py:2280} INFO - Setting next_dagrun for tutorial to 2026-04-22 00:00:00+00:00
[2026-04-24 20:11:46,831] {scheduler_job.py:190} INFO - Processing /home/airflow/.local/lib/python3.6/site-packages/airflow/example_dags/tutorial.py took 0.043 seconds
[2026-04-24 20:12:16,867] {scheduler_job.py:182} INFO - Started process (PID=180) to work on /home/airflow/.local/lib/python3.6/site-packages/airflow/example_dags/tutorial.py
[2026-04-24 20:12:16,868] {scheduler_job.py:629} INFO - Processing file /home/airflow/.local/lib/python3.6/site-packages/airflow/example_dags/tutorial.py for tasks to queue
[2026-04-24 20:12:16,869] {logging_mixin.py:104} INFO - [2026-04-24 20:12:16,869] {dagbag.py:451} INFO - Filling up the DagBag from /home/airflow/.local/lib/python3.6/site-packages/airflow/example_dags/tutorial.py
[2026-04-24 20:12:16,875] {scheduler_job.py:639} INFO - DAG(s) dict_keys(['tutorial']) retrieved from /home/airflow/.local/lib/python3.6/site-packages/airflow/example_dags/tutorial.py
[2026-04-24 20:12:16,889] {logging_mixin.py:104} INFO - [2026-04-24 20:12:16,889] {dag.py:1824} INFO - Sync 1 DAGs
[2026-04-24 20:12:16,901] {logging_mixin.py:104} INFO - [2026-04-24 20:12:16,901] {dag.py:2280} INFO - Setting next_dagrun for tutorial to 2026-04-22 00:00:00+00:00
[2026-04-24 20:12:16,908] {scheduler_job.py:190} INFO - Processing /home/airflow/.local/lib/python3.6/site-packages/airflow/example_dags/tutorial.py took 0.042 seconds
[2026-04-24 20:12:47,919] {scheduler_job.py:182} INFO - Started process (PID=208) to work on /home/airflow/.local/lib/python3.6/site-packages/airflow/example_dags/tutorial.py
[2026-04-24 20:12:47,920] {scheduler_job.py:629} INFO - Processing file /home/airflow/.local/lib/python3.6/site-packages/airflow/example_dags/tutorial.py for tasks to queue
[2026-04-24 20:12:47,920] {logging_mixin.py:104} INFO - [2026-04-24 20:12:47,920] {dagbag.py:451} INFO - Filling up the DagBag from /home/airflow/.local/lib/python3.6/site-packages/airflow/example_dags/tutorial.py
[2026-04-24 20:12:47,929] {scheduler_job.py:639} INFO - DAG(s) dict_keys(['tutorial']) retrieved from /home/airflow/.local/lib/python3.6/site-packages/airflow/example_dags/tutorial.py
[2026-04-24 20:12:47,946] {logging_mixin.py:104} INFO - [2026-04-24 20:12:47,946] {dag.py:1824} INFO - Sync 1 DAGs
[2026-04-24 20:12:47,956] {logging_mixin.py:104} INFO - [2026-04-24 20:12:47,956] {dag.py:2280} INFO - Setting next_dagrun for tutorial to 2026-04-22 00:00:00+00:00
[2026-04-24 20:12:47,963] {scheduler_job.py:190} INFO - Processing /home/airflow/.local/lib/python3.6/site-packages/airflow/example_dags/tutorial.py took 0.048 seconds
[2026-04-24 20:13:18,888] {scheduler_job.py:182} INFO - Started process (PID=235) to work on /home/airflow/.local/lib/python3.6/site-packages/airflow/example_dags/tutorial.py
[2026-04-24 20:13:18,889] {scheduler_job.py:629} INFO - Processing file /home/airflow/.local/lib/python3.6/site-packages/airflow/example_dags/tutorial.py for tasks to queue
[2026-04-24 20:13:18,890] {logging_mixin.py:104} INFO - [2026-04-24 20:13:18,890] {dagbag.py:451} INFO - Filling up the DagBag from /home/airflow/.local/lib/python3.6/site-packages/airflow/example_dags/tutorial.py
[2026-04-24 20:13:18,901] {scheduler_job.py:639} INFO - DAG(s) dict_keys(['tutorial']) retrieved from /home/airflow/.local/lib/python3.6/site-packages/airflow/example_dags/tutorial.py
[2026-04-24 20:13:18,920] {logging_mixin.py:104} INFO - [2026-04-24 20:13:18,919] {dag.py:1824} INFO - Sync 1 DAGs
[2026-04-24 20:13:18,929] {logging_mixin.py:104} INFO - [2026-04-24 20:13:18,929] {dag.py:2280} INFO - Setting next_dagrun for tutorial to 2026-04-22 00:00:00+00:00
[2026-04-24 20:13:18,936] {scheduler_job.py:190} INFO - Processing /home/airflow/.local/lib/python3.6/site-packages/airflow/example_dags/tutorial.py took 0.052 seconds
[2026-04-24 20:13:49,832] {scheduler_job.py:182} INFO - Started process (PID=262) to work on /home/airflow/.local/lib/python3.6/site-packages/airflow/example_dags/tutorial.py
[2026-04-24 20:13:49,833] {scheduler_job.py:629} INFO - Processing file /home/airflow/.local/lib/python3.6/site-packages/airflow/example_dags/tutorial.py for tasks to queue
[2026-04-24 20:13:49,833] {logging_mixin.py:104} INFO - [2026-04-24 20:13:49,833] {dagbag.py:451} INFO - Filling up the DagBag from /home/airflow/.local/lib/python3.6/site-packages/airflow/example_dags/tutorial.py
[2026-04-24 20:13:49,839] {scheduler_job.py:639} INFO - DAG(s) dict_keys(['tutorial']) retrieved from /home/airflow/.local/lib/python3.6/site-packages/airflow/example_dags/tutorial.py
[2026-04-24 20:13:49,865] {logging_mixin.py:104} INFO - [2026-04-24 20:13:49,865] {dag.py:1824} INFO - Sync 1 DAGs
[2026-04-24 20:13:49,875] {logging_mixin.py:104} INFO - [2026-04-24 20:13:49,875] {dag.py:2280} INFO - Setting next_dagrun for tutorial to 2026-04-22 00:00:00+00:00
[2026-04-24 20:13:49,883] {scheduler_job.py:190} INFO - Processing /home/airflow/.local/lib/python3.6/site-packages/airflow/example_dags/tutorial.py took 0.053 seconds
[2026-04-24 20:14:19,911] {scheduler_job.py:182} INFO - Started process (PID=288) to work on /home/airflow/.local/lib/python3.6/site-packages/airflow/example_dags/tutorial.py
[2026-04-24 20:14:19,912] {scheduler_job.py:629} INFO - Processing file /home/airflow/.local/lib/python3.6/site-packages/airflow/example_dags/tutorial.py for tasks to queue
[2026-04-24 20:14:19,913] {logging_mixin.py:104} INFO - [2026-04-24 20:14:19,913] {dagbag.py:451} INFO - Filling up the DagBag from /home/airflow/.local/lib/python3.6/site-packages/airflow/example_dags/tutorial.py
[2026-04-24 20:14:19,923] {scheduler_job.py:639} INFO - DAG(s) dict_keys(['tutorial']) retrieved from /home/airflow/.local/lib/python3.6/site-packages/airflow/example_dags/tutorial.py
[2026-04-24 20:14:19,939] {logging_mixin.py:104} INFO - [2026-04-24 20:14:19,939] {dag.py:1824} INFO - Sync 1 DAGs
[2026-04-24 20:14:19,950] {logging_mixin.py:104} INFO - [2026-04-24 20:14:19,950] {dag.py:2280} INFO - Setting next_dagrun for tutorial to 2026-04-22 00:00:00+00:00
[2026-04-24 20:14:19,956] {scheduler_job.py:190} INFO - Processing /home/airflow/.local/lib/python3.6/site-packages/airflow/example_dags/tutorial.py took 0.050 seconds
[2026-04-24 20:14:49,996] {scheduler_job.py:182} INFO - Started process (PID=315) to work on /home/airflow/.local/lib/python3.6/site-packages/airflow/example_dags/tutorial.py
[2026-04-24 20:14:49,997] {scheduler_job.py:629} INFO - Processing file /home/airflow/.local/lib/python3.6/site-packages/airflow/example_dags/tutorial.py for tasks to queue
[2026-04-24 20:14:49,998] {logging_mixin.py:104} INFO - [2026-04-24 20:14:49,998] {dagbag.py:451} INFO - Filling up the DagBag from /home/airflow/.local/lib/python3.6/site-packages/airflow/example_dags/tutorial.py
[2026-04-24 20:14:50,015] {scheduler_job.py:639} INFO - DAG(s) dict_keys(['tutorial']) retrieved from /home/airflow/.local/lib/python3.6/site-packages/airflow/example_dags/tutorial.py
[2026-04-24 20:14:50,027] {logging_mixin.py:104} INFO - [2026-04-24 20:14:50,027] {dag.py:1824} INFO - Sync 1 DAGs
[2026-04-24 20:14:50,038] {logging_mixin.py:104} INFO - [2026-04-24 20:14:50,037] {dag.py:2280} INFO - Setting next_dagrun for tutorial to 2026-04-22 00:00:00+00:00
[2026-04-24 20:14:50,044] {scheduler_job.py:190} INFO - Processing /home/airflow/.local/lib/python3.6/site-packages/airflow/example_dags/tutorial.py took 0.052 seconds
[2026-04-24 20:15:20,099] {scheduler_job.py:182} INFO - Started process (PID=342) to work on /home/airflow/.local/lib/python3.6/site-packages/airflow/example_dags/tutorial.py
[2026-04-24 20:15:20,100] {scheduler_job.py:629} INFO - Processing file /home/airflow/.local/lib/python3.6/site-packages/airflow/example_dags/tutorial.py for tasks to queue
[2026-04-24 20:15:20,100] {logging_mixin.py:104} INFO - [2026-04-24 20:15:20,100] {dagbag.py:451} INFO - Filling up the DagBag from /home/airflow/.local/lib/python3.6/site-packages/airflow/example_dags/tutorial.py
[2026-04-24 20:15:20,108] {scheduler_job.py:639} INFO - DAG(s) dict_keys(['tutorial']) retrieved from /home/airflow/.local/lib/python3.6/site-packages/airflow/example_dags/tutorial.py
[2026-04-24 20:15:20,125] {logging_mixin.py:104} INFO - [2026-04-24 20:15:20,125] {dag.py:1824} INFO - Sync 1 DAGs
[2026-04-24 20:15:20,136] {logging_mixin.py:104} INFO - [2026-04-24 20:15:20,136] {dag.py:2280} INFO - Setting next_dagrun for tutorial to 2026-04-22 00:00:00+00:00
[2026-04-24 20:15:20,143] {scheduler_job.py:190} INFO - Processing /home/airflow/.local/lib/python3.6/site-packages/airflow/example_dags/tutorial.py took 0.047 seconds
[2026-04-24 20:15:50,190] {scheduler_job.py:182} INFO - Started process (PID=369) to work on /home/airflow/.local/lib/python3.6/site-packages/airflow/example_dags/tutorial.py
[2026-04-24 20:15:50,191] {scheduler_job.py:629} INFO - Processing file /home/airflow/.local/lib/python3.6/site-packages/airflow/example_dags/tutorial.py for tasks to queue
[2026-04-24 20:15:50,191] {logging_mixin.py:104} INFO - [2026-04-24 20:15:50,191] {dagbag.py:451} INFO - Filling up the DagBag from /home/airflow/.local/lib/python3.6/site-packages/airflow/example_dags/tutorial.py
[2026-04-24 20:15:50,199] {scheduler_job.py:639} INFO - DAG(s) dict_keys(['tutorial']) retrieved from /home/airflow/.local/lib/python3.6/site-packages/airflow/example_dags/tutorial.py
[2026-04-24 20:15:50,215] {logging_mixin.py:104} INFO - [2026-04-24 20:15:50,215] {dag.py:1824} INFO - Sync 1 DAGs
[2026-04-24 20:15:50,225] {logging_mixin.py:104} INFO - [2026-04-24 20:15:50,225] {dag.py:2280} INFO - Setting next_dagrun for tutorial to 2026-04-22 00:00:00+00:00
[2026-04-24 20:15:50,231] {scheduler_job.py:190} INFO - Processing /home/airflow/.local/lib/python3.6/site-packages/airflow/example_dags/tutorial.py took 0.043 seconds
[2026-04-24 20:16:20,308] {scheduler_job.py:182} INFO - Started process (PID=396) to work on /home/airflow/.local/lib/python3.6/site-packages/airflow/example_dags/tutorial.py
[2026-04-24 20:16:20,309] {scheduler_job.py:629} INFO - Processing file /home/airflow/.local/lib/python3.6/site-packages/airflow/example_dags/tutorial.py for tasks to queue
[2026-04-24 20:16:20,310] {logging_mixin.py:104} INFO - [2026-04-24 20:16:20,310] {dagbag.py:451} INFO - Filling up the DagBag from /home/airflow/.local/lib/python3.6/site-packages/airflow/example_dags/tutorial.py
[2026-04-24 20:16:20,320] {scheduler_job.py:639} INFO - DAG(s) dict_keys(['tutorial']) retrieved from /home/airflow/.local/lib/python3.6/site-packages/airflow/example_dags/tutorial.py
[2026-04-24 20:16:20,336] {logging_mixin.py:104} INFO - [2026-04-24 20:16:20,336] {dag.py:1824} INFO - Sync 1 DAGs
[2026-04-24 20:16:20,346] {logging_mixin.py:104} INFO - [2026-04-24 20:16:20,346] {dag.py:2280} INFO - Setting next_dagrun for tutorial to 2026-04-22 00:00:00+00:00
[2026-04-24 20:16:20,353] {scheduler_job.py:190} INFO - Processing /home/airflow/.local/lib/python3.6/site-packages/airflow/example_dags/tutorial.py took 0.049 seconds
[2026-04-24 20:16:50,391] {scheduler_job.py:182} INFO - Started process (PID=423) to work on /home/airflow/.local/lib/python3.6/site-packages/airflow/example_dags/tutorial.py
[2026-04-24 20:16:50,394] {scheduler_job.py:629} INFO - Processing file /home/airflow/.local/lib/python3.6/site-packages/airflow/example_dags/tutorial.py for tasks to queue
[2026-04-24 20:16:50,394] {logging_mixin.py:104} INFO - [2026-04-24 20:16:50,394] {dagbag.py:451} INFO - Filling up the DagBag from /home/airflow/.local/lib/python3.6/site-packages/airflow/example_dags/tutorial.py
[2026-04-24 20:16:50,400] {scheduler_job.py:639} INFO - DAG(s) dict_keys(['tutorial']) retrieved from /home/airflow/.local/lib/python3.6/site-packages/airflow/example_dags/tutorial.py
[2026-04-24 20:16:50,421] {logging_mixin.py:104} INFO - [2026-04-24 20:16:50,421] {dag.py:1824} INFO - Sync 1 DAGs
[2026-04-24 20:16:50,434] {logging_mixin.py:104} INFO - [2026-04-24 20:16:50,434] {dag.py:2280} INFO - Setting next_dagrun for tutorial to 2026-04-22 00:00:00+00:00
[2026-04-24 20:16:50,442] {scheduler_job.py:190} INFO - Processing /home/airflow/.local/lib/python3.6/site-packages/airflow/example_dags/tutorial.py took 0.052 seconds
[2026-04-24 20:17:20,496] {scheduler_job.py:182} INFO - Started process (PID=450) to work on /home/airflow/.local/lib/python3.6/site-packages/airflow/example_dags/tutorial.py
[2026-04-24 20:17:20,498] {scheduler_job.py:629} INFO - Processing file /home/airflow/.local/lib/python3.6/site-packages/airflow/example_dags/tutorial.py for tasks to queue
[2026-04-24 20:17:20,499] {logging_mixin.py:104} INFO - [2026-04-24 20:17:20,498] {dagbag.py:451} INFO - Filling up the DagBag from /home/airflow/.local/lib/python3.6/site-packages/airflow/example_dags/tutorial.py
[2026-04-24 20:17:20,508] {scheduler_job.py:639} INFO - DAG(s) dict_keys(['tutorial']) retrieved from /home/airflow/.local/lib/python3.6/site-packages/airflow/example_dags/tutorial.py
[2026-04-24 20:17:20,524] {logging_mixin.py:104} INFO - [2026-04-24 20:17:20,524] {dag.py:1824} INFO - Sync 1 DAGs
[2026-04-24 20:17:20,535] {logging_mixin.py:104} INFO - [2026-04-24 20:17:20,535] {dag.py:2280} INFO - Setting next_dagrun for tutorial to 2026-04-22 00:00:00+00:00
[2026-04-24 20:17:20,542] {scheduler_job.py:190} INFO - Processing /home/airflow/.local/lib/python3.6/site-packages/airflow/example_dags/tutorial.py took 0.050 seconds
[2026-04-24 20:17:50,567] {scheduler_job.py:182} INFO - Started process (PID=477) to work on /home/airflow/.local/lib/python3.6/site-packages/airflow/example_dags/tutorial.py
[2026-04-24 20:17:50,568] {scheduler_job.py:629} INFO - Processing file /home/airflow/.local/lib/python3.6/site-packages/airflow/example_dags/tutorial.py for tasks to queue
[2026-04-24 20:17:50,568] {logging_mixin.py:104} INFO - [2026-04-24 20:17:50,568] {dagbag.py:451} INFO - Filling up the DagBag from /home/airflow/.local/lib/python3.6/site-packages/airflow/example_dags/tutorial.py
[2026-04-24 20:17:50,574] {scheduler_job.py:639} INFO - DAG(s) dict_keys(['tutorial']) retrieved from /home/airflow/.local/lib/python3.6/site-packages/airflow/example_dags/tutorial.py
[2026-04-24 20:17:50,589] {logging_mixin.py:104} INFO - [2026-04-24 20:17:50,589] {dag.py:1824} INFO - Sync 1 DAGs
[2026-04-24 20:17:50,601] {logging_mixin.py:104} INFO - [2026-04-24 20:17:50,601] {dag.py:2280} INFO - Setting next_dagrun for tutorial to 2026-04-22 00:00:00+00:00
[2026-04-24 20:17:50,608] {scheduler_job.py:190} INFO - Processing /home/airflow/.local/lib/python3.6/site-packages/airflow/example_dags/tutorial.py took 0.042 seconds
[2026-04-24 20:18:20,627] {scheduler_job.py:182} INFO - Started process (PID=503) to work on /home/airflow/.local/lib/python3.6/site-packages/airflow/example_dags/tutorial.py
[2026-04-24 20:18:20,628] {scheduler_job.py:629} INFO - Processing file /home/airflow/.local/lib/python3.6/site-packages/airflow/example_dags/tutorial.py for tasks to queue
[2026-04-24 20:18:20,628] {logging_mixin.py:104} INFO - [2026-04-24 20:18:20,628] {dagbag.py:451} INFO - Filling up the DagBag from /home/airflow/.local/lib/python3.6/site-packages/airflow/example_dags/tutorial.py
[2026-04-24 20:18:20,635] {scheduler_job.py:639} INFO - DAG(s) dict_keys(['tutorial']) retrieved from /home/airflow/.local/lib/python3.6/site-packages/airflow/example_dags/tutorial.py
[2026-04-24 20:18:20,651] {logging_mixin.py:104} INFO - [2026-04-24 20:18:20,651] {dag.py:1824} INFO - Sync 1 DAGs
[2026-04-24 20:18:20,663] {logging_mixin.py:104} INFO - [2026-04-24 20:18:20,663] {dag.py:2280} INFO - Setting next_dagrun for tutorial to 2026-04-22 00:00:00+00:00
[2026-04-24 20:18:20,671] {scheduler_job.py:190} INFO - Processing /home/airflow/.local/lib/python3.6/site-packages/airflow/example_dags/tutorial.py took 0.045 seconds
[2026-04-24 20:18:51,492] {scheduler_job.py:182} INFO - Started process (PID=530) to work on /home/airflow/.local/lib/python3.6/site-packages/airflow/example_dags/tutorial.py
[2026-04-24 20:18:51,493] {scheduler_job.py:629} INFO - Processing file /home/airflow/.local/lib/python3.6/site-packages/airflow/example_dags/tutorial.py for tasks to queue
[2026-04-24 20:18:51,493] {logging_mixin.py:104} INFO - [2026-04-24 20:18:51,493] {dagbag.py:451} INFO - Filling up the DagBag from /home/airflow/.local/lib/python3.6/site-packages/airflow/example_dags/tutorial.py
[2026-04-24 20:18:51,500] {scheduler_job.py:639} INFO - DAG(s) dict_keys(['tutorial']) retrieved from /home/airflow/.local/lib/python3.6/site-packages/airflow/example_dags/tutorial.py
[2026-04-24 20:18:51,514] {logging_mixin.py:104} INFO - [2026-04-24 20:18:51,514] {dag.py:1824} INFO - Sync 1 DAGs
[2026-04-24 20:18:51,526] {logging_mixin.py:104} INFO - [2026-04-24 20:18:51,526] {dag.py:2280} INFO - Setting next_dagrun for tutorial to 2026-04-22 00:00:00+00:00
[2026-04-24 20:18:51,533] {scheduler_job.py:190} INFO - Processing /home/airflow/.local/lib/python3.6/site-packages/airflow/example_dags/tutorial.py took 0.042 seconds
[2026-04-24 20:19:22,353] {scheduler_job.py:182} INFO - Started process (PID=557) to work on /home/airflow/.local/lib/python3.6/site-packages/airflow/example_dags/tutorial.py
[2026-04-24 20:19:22,354] {scheduler_job.py:629} INFO - Processing file /home/airflow/.local/lib/python3.6/site-packages/airflow/example_dags/tutorial.py for tasks to queue
[2026-04-24 20:19:22,354] {logging_mixin.py:104} INFO - [2026-04-24 20:19:22,354] {dagbag.py:451} INFO - Filling up the DagBag from /home/airflow/.local/lib/python3.6/site-packages/airflow/example_dags/tutorial.py
[2026-04-24 20:19:22,364] {scheduler_job.py:639} INFO - DAG(s) dict_keys(['tutorial']) retrieved from /home/airflow/.local/lib/python3.6/site-packages/airflow/example_dags/tutorial.py
[2026-04-24 20:19:22,392] {logging_mixin.py:104} INFO - [2026-04-24 20:19:22,392] {dag.py:1824} INFO - Sync 1 DAGs
[2026-04-24 20:19:22,404] {logging_mixin.py:104} INFO - [2026-04-24 20:19:22,404] {dag.py:2280} INFO - Setting next_dagrun for tutorial to 2026-04-22 00:00:00+00:00
[2026-04-24 20:19:22,416] {scheduler_job.py:190} INFO - Processing /home/airflow/.local/lib/python3.6/site-packages/airflow/example_dags/tutorial.py took 0.064 seconds
[2026-04-24 20:19:53,401] {scheduler_job.py:182} INFO - Started process (PID=584) to work on /home/airflow/.local/lib/python3.6/site-packages/airflow/example_dags/tutorial.py
[2026-04-24 20:19:53,401] {scheduler_job.py:629} INFO - Processing file /home/airflow/.local/lib/python3.6/site-packages/airflow/example_dags/tutorial.py for tasks to queue
[2026-04-24 20:19:53,402] {logging_mixin.py:104} INFO - [2026-04-24 20:19:53,402] {dagbag.py:451} INFO - Filling up the DagBag from /home/airflow/.local/lib/python3.6/site-packages/airflow/example_dags/tutorial.py
[2026-04-24 20:19:53,408] {scheduler_job.py:639} INFO - DAG(s) dict_keys(['tutorial']) retrieved from /home/airflow/.local/lib/python3.6/site-packages/airflow/example_dags/tutorial.py
[2026-04-24 20:19:53,421] {logging_mixin.py:104} INFO - [2026-04-24 20:19:53,420] {dag.py:1824} INFO - Sync 1 DAGs
[2026-04-24 20:19:53,431] {logging_mixin.py:104} INFO - [2026-04-24 20:19:53,431] {dag.py:2280} INFO - Setting next_dagrun for tutorial to 2026-04-22 00:00:00+00:00
[2026-04-24 20:19:53,438] {scheduler_job.py:190} INFO - Processing /home/airflow/.local/lib/python3.6/site-packages/airflow/example_dags/tutorial.py took 0.039 seconds
[2026-04-24 20:20:24,336] {scheduler_job.py:182} INFO - Started process (PID=611) to work on /home/airflow/.local/lib/python3.6/site-packages/airflow/example_dags/tutorial.py
[2026-04-24 20:20:24,337] {scheduler_job.py:629} INFO - Processing file /home/airflow/.local/lib/python3.6/site-packages/airflow/example_dags/tutorial.py for tasks to queue
[2026-04-24 20:20:24,337] {logging_mixin.py:104} INFO - [2026-04-24 20:20:24,337] {dagbag.py:451} INFO - Filling up the DagBag from /home/airflow/.local/lib/python3.6/site-packages/airflow/example_dags/tutorial.py
[2026-04-24 20:20:24,344] {scheduler_job.py:639} INFO - DAG(s) dict_keys(['tutorial']) retrieved from /home/airflow/.local/lib/python3.6/site-packages/airflow/example_dags/tutorial.py
[2026-04-24 20:20:24,357] {logging_mixin.py:104} INFO - [2026-04-24 20:20:24,357] {dag.py:1824} INFO - Sync 1 DAGs
[2026-04-24 20:20:24,367] {logging_mixin.py:104} INFO - [2026-04-24 20:20:24,367] {dag.py:2280} INFO - Setting next_dagrun for tutorial to 2026-04-22 00:00:00+00:00
[2026-04-24 20:20:24,375] {scheduler_job.py:190} INFO - Processing /home/airflow/.local/lib/python3.6/site-packages/airflow/example_dags/tutorial.py took 0.041 seconds
[2026-04-24 20:20:55,291] {scheduler_job.py:182} INFO - Started process (PID=638) to work on /home/airflow/.local/lib/python3.6/site-packages/airflow/example_dags/tutorial.py
[2026-04-24 20:20:55,292] {scheduler_job.py:629} INFO - Processing file /home/airflow/.local/lib/python3.6/site-packages/airflow/example_dags/tutorial.py for tasks to queue
[2026-04-24 20:20:55,293] {logging_mixin.py:104} INFO - [2026-04-24 20:20:55,293] {dagbag.py:451} INFO - Filling up the DagBag from /home/airflow/.local/lib/python3.6/site-packages/airflow/example_dags/tutorial.py
[2026-04-24 20:20:55,302] {scheduler_job.py:639} INFO - DAG(s) dict_keys(['tutorial']) retrieved from /home/airflow/.local/lib/python3.6/site-packages/airflow/example_dags/tutorial.py
[2026-04-24 20:20:55,315] {logging_mixin.py:104} INFO - [2026-04-24 20:20:55,315] {dag.py:1824} INFO - Sync 1 DAGs
[2026-04-24 20:20:55,326] {logging_mixin.py:104} INFO - [2026-04-24 20:20:55,326] {dag.py:2280} INFO - Setting next_dagrun for tutorial to 2026-04-22 00:00:00+00:00
[2026-04-24 20:20:55,333] {scheduler_job.py:190} INFO - Processing /home/airflow/.local/lib/python3.6/site-packages/airflow/example_dags/tutorial.py took 0.045 seconds
[2026-04-24 20:21:26,293] {scheduler_job.py:182} INFO - Started process (PID=665) to work on /home/airflow/.local/lib/python3.6/site-packages/airflow/example_dags/tutorial.py
[2026-04-24 20:21:26,294] {scheduler_job.py:629} INFO - Processing file /home/airflow/.local/lib/python3.6/site-packages/airflow/example_dags/tutorial.py for tasks to queue
[2026-04-24 20:21:26,294] {logging_mixin.py:104} INFO - [2026-04-24 20:21:26,294] {dagbag.py:451} INFO - Filling up the DagBag from /home/airflow/.local/lib/python3.6/site-packages/airflow/example_dags/tutorial.py
[2026-04-24 20:21:26,301] {scheduler_job.py:639} INFO - DAG(s) dict_keys(['tutorial']) retrieved from /home/airflow/.local/lib/python3.6/site-packages/airflow/example_dags/tutorial.py
[2026-04-24 20:21:26,314] {logging_mixin.py:104} INFO - [2026-04-24 20:21:26,314] {dag.py:1824} INFO - Sync 1 DAGs
[2026-04-24 20:21:26,326] {logging_mixin.py:104} INFO - [2026-04-24 20:21:26,326] {dag.py:2280} INFO - Setting next_dagrun for tutorial to 2026-04-22 00:00:00+00:00
[2026-04-24 20:21:26,334] {scheduler_job.py:190} INFO - Processing /home/airflow/.local/lib/python3.6/site-packages/airflow/example_dags/tutorial.py took 0.045 seconds
[2026-04-24 20:21:57,159] {scheduler_job.py:182} INFO - Started process (PID=692) to work on /home/airflow/.local/lib/python3.6/site-packages/airflow/example_dags/tutorial.py
[2026-04-24 20:21:57,160] {scheduler_job.py:629} INFO - Processing file /home/airflow/.local/lib/python3.6/site-packages/airflow/example_dags/tutorial.py for tasks to queue
[2026-04-24 20:21:57,161] {logging_mixin.py:104} INFO - [2026-04-24 20:21:57,161] {dagbag.py:451} INFO - Filling up the DagBag from /home/airflow/.local/lib/python3.6/site-packages/airflow/example_dags/tutorial.py
[2026-04-24 20:21:57,166] {scheduler_job.py:639} INFO - DAG(s) dict_keys(['tutorial']) retrieved from /home/airflow/.local/lib/python3.6/site-packages/airflow/example_dags/tutorial.py
[2026-04-24 20:21:57,181] {logging_mixin.py:104} INFO - [2026-04-24 20:21:57,181] {dag.py:1824} INFO - Sync 1 DAGs
[2026-04-24 20:21:57,192] {logging_mixin.py:104} INFO - [2026-04-24 20:21:57,192] {dag.py:2280} INFO - Setting next_dagrun for tutorial to 2026-04-22 00:00:00+00:00
[2026-04-24 20:21:57,200] {scheduler_job.py:190} INFO - Processing /home/airflow/.local/lib/python3.6/site-packages/airflow/example_dags/tutorial.py took 0.042 seconds
[2026-04-24 20:22:28,097] {scheduler_job.py:182} INFO - Started process (PID=719) to work on /home/airflow/.local/lib/python3.6/site-packages/airflow/example_dags/tutorial.py
[2026-04-24 20:22:28,097] {scheduler_job.py:629} INFO - Processing file /home/airflow/.local/lib/python3.6/site-packages/airflow/example_dags/tutorial.py for tasks to queue
[2026-04-24 20:22:28,098] {logging_mixin.py:104} INFO - [2026-04-24 20:22:28,098] {dagbag.py:451} INFO - Filling up the DagBag from /home/airflow/.local/lib/python3.6/site-packages/airflow/example_dags/tutorial.py
[2026-04-24 20:22:28,104] {scheduler_job.py:639} INFO - DAG(s) dict_keys(['tutorial']) retrieved from /home/airflow/.local/lib/python3.6/site-packages/airflow/example_dags/tutorial.py
[2026-04-24 20:22:28,120] {logging_mixin.py:104} INFO - [2026-04-24 20:22:28,120] {dag.py:1824} INFO - Sync 1 DAGs
[2026-04-24 20:22:28,132] {logging_mixin.py:104} INFO - [2026-04-24 20:22:28,132] {dag.py:2280} INFO - Setting next_dagrun for tutorial to 2026-04-22 00:00:00+00:00
[2026-04-24 20:22:28,138] {scheduler_job.py:190} INFO - Processing /home/airflow/.local/lib/python3.6/site-packages/airflow/example_dags/tutorial.py took 0.044 seconds
[2026-04-24 20:22:59,003] {scheduler_job.py:182} INFO - Started process (PID=746) to work on /home/airflow/.local/lib/python3.6/site-packages/airflow/example_dags/tutorial.py
[2026-04-24 20:22:59,004] {scheduler_job.py:629} INFO - Processing file /home/airflow/.local/lib/python3.6/site-packages/airflow/example_dags/tutorial.py for tasks to queue
[2026-04-24 20:22:59,004] {logging_mixin.py:104} INFO - [2026-04-24 20:22:59,004] {dagbag.py:451} INFO - Filling up the DagBag from /home/airflow/.local/lib/python3.6/site-packages/airflow/example_dags/tutorial.py
[2026-04-24 20:22:59,010] {scheduler_job.py:639} INFO - DAG(s) dict_keys(['tutorial']) retrieved from /home/airflow/.local/lib/python3.6/site-packages/airflow/example_dags/tutorial.py
[2026-04-24 20:22:59,025] {logging_mixin.py:104} INFO - [2026-04-24 20:22:59,025] {dag.py:1824} INFO - Sync 1 DAGs
[2026-04-24 20:22:59,037] {logging_mixin.py:104} INFO - [2026-04-24 20:22:59,037] {dag.py:2280} INFO - Setting next_dagrun for tutorial to 2026-04-22 00:00:00+00:00
[2026-04-24 20:22:59,044] {scheduler_job.py:190} INFO - Processing /home/airflow/.local/lib/python3.6/site-packages/airflow/example_dags/tutorial.py took 0.043 seconds
[2026-04-24 20:23:29,899] {scheduler_job.py:182} INFO - Started process (PID=773) to work on /home/airflow/.local/lib/python3.6/site-packages/airflow/example_dags/tutorial.py
[2026-04-24 20:23:29,899] {scheduler_job.py:629} INFO - Processing file /home/airflow/.local/lib/python3.6/site-packages/airflow/example_dags/tutorial.py for tasks to queue
[2026-04-24 20:23:29,900] {logging_mixin.py:104} INFO - [2026-04-24 20:23:29,900] {dagbag.py:451} INFO - Filling up the DagBag from /home/airflow/.local/lib/python3.6/site-packages/airflow/example_dags/tutorial.py
[2026-04-24 20:23:29,906] {scheduler_job.py:639} INFO - DAG(s) dict_keys(['tutorial']) retrieved from /home/airflow/.local/lib/python3.6/site-packages/airflow/example_dags/tutorial.py
[2026-04-24 20:23:29,922] {logging_mixin.py:104} INFO - [2026-04-24 20:23:29,922] {dag.py:1824} INFO - Sync 1 DAGs
[2026-04-24 20:23:29,933] {logging_mixin.py:104} INFO - [2026-04-24 20:23:29,933] {dag.py:2280} INFO - Setting next_dagrun for tutorial to 2026-04-22 00:00:00+00:00
[2026-04-24 20:23:29,940] {scheduler_job.py:190} INFO - Processing /home/airflow/.local/lib/python3.6/site-packages/airflow/example_dags/tutorial.py took 0.043 seconds
[2026-04-24 20:24:00,797] {scheduler_job.py:182} INFO - Started process (PID=800) to work on /home/airflow/.local/lib/python3.6/site-packages/airflow/example_dags/tutorial.py
[2026-04-24 20:24:00,798] {scheduler_job.py:629} INFO - Processing file /home/airflow/.local/lib/python3.6/site-packages/airflow/example_dags/tutorial.py for tasks to queue
[2026-04-24 20:24:00,799] {logging_mixin.py:104} INFO - [2026-04-24 20:24:00,799] {dagbag.py:451} INFO - Filling up the DagBag from /home/airflow/.local/lib/python3.6/site-packages/airflow/example_dags/tutorial.py
[2026-04-24 20:24:00,807] {scheduler_job.py:639} INFO - DAG(s) dict_keys(['tutorial']) retrieved from /home/airflow/.local/lib/python3.6/site-packages/airflow/example_dags/tutorial.py
[2026-04-24 20:24:00,822] {logging_mixin.py:104} INFO - [2026-04-24 20:24:00,822] {dag.py:1824} INFO - Sync 1 DAGs
[2026-04-24 20:24:00,833] {logging_mixin.py:104} INFO - [2026-04-24 20:24:00,833] {dag.py:2280} INFO - Setting next_dagrun for tutorial to 2026-04-22 00:00:00+00:00
[2026-04-24 20:24:00,839] {scheduler_job.py:190} INFO - Processing /home/airflow/.local/lib/python3.6/site-packages/airflow/example_dags/tutorial.py took 0.046 seconds
[2026-04-24 20:24:31,820] {scheduler_job.py:182} INFO - Started process (PID=827) to work on /home/airflow/.local/lib/python3.6/site-packages/airflow/example_dags/tutorial.py
[2026-04-24 20:24:31,821] {scheduler_job.py:629} INFO - Processing file /home/airflow/.local/lib/python3.6/site-packages/airflow/example_dags/tutorial.py for tasks to queue
[2026-04-24 20:24:31,821] {logging_mixin.py:104} INFO - [2026-04-24 20:24:31,821] {dagbag.py:451} INFO - Filling up the DagBag from /home/airflow/.local/lib/python3.6/site-packages/airflow/example_dags/tutorial.py
[2026-04-24 20:24:31,828] {scheduler_job.py:639} INFO - DAG(s) dict_keys(['tutorial']) retrieved from /home/airflow/.local/lib/python3.6/site-packages/airflow/example_dags/tutorial.py
[2026-04-24 20:24:31,841] {logging_mixin.py:104} INFO - [2026-04-24 20:24:31,841] {dag.py:1824} INFO - Sync 1 DAGs
[2026-04-24 20:24:31,851] {logging_mixin.py:104} INFO - [2026-04-24 20:24:31,851] {dag.py:2280} INFO - Setting next_dagrun for tutorial to 2026-04-22 00:00:00+00:00
[2026-04-24 20:24:31,858] {scheduler_job.py:190} INFO - Processing /home/airflow/.local/lib/python3.6/site-packages/airflow/example_dags/tutorial.py took 0.040 seconds
