[2026-04-24 20:21:29,927] {taskinstance.py:877} INFO - Dependencies all met for <TaskInstance: download_rocket_launches.notify 2026-04-24T20:21:12.733296+00:00 [queued]>
[2026-04-24 20:21:29,945] {taskinstance.py:877} INFO - Dependencies all met for <TaskInstance: download_rocket_launches.notify 2026-04-24T20:21:12.733296+00:00 [queued]>
[2026-04-24 20:21:29,945] {taskinstance.py:1068} INFO - 
--------------------------------------------------------------------------------
[2026-04-24 20:21:29,945] {taskinstance.py:1069} INFO - Starting attempt 1 of 1
[2026-04-24 20:21:29,945] {taskinstance.py:1070} INFO - 
--------------------------------------------------------------------------------
[2026-04-24 20:21:29,952] {taskinstance.py:1089} INFO - Executing <Task(BashOperator): notify> on 2026-04-24T20:21:12.733296+00:00
[2026-04-24 20:21:29,955] {standard_task_runner.py:52} INFO - Started process 67 to run task
[2026-04-24 20:21:29,958] {standard_task_runner.py:76} INFO - Running: ['airflow', 'tasks', 'run', 'download_rocket_launches', 'notify', '2026-04-24T20:21:12.733296+00:00', '--job-id', '10', '--pool', 'default_pool', '--raw', '--subdir', 'DAGS_FOLDER/tp9.py', '--cfg-path', '/tmp/tmp3otv5fen', '--error-file', '/tmp/tmpb42n2gx4']
[2026-04-24 20:21:29,958] {standard_task_runner.py:77} INFO - Job 10: Subtask notify
[2026-04-24 20:21:29,985] {logging_mixin.py:104} INFO - Running <TaskInstance: download_rocket_launches.notify 2026-04-24T20:21:12.733296+00:00 [running]> on host 19afc48938a0
[2026-04-24 20:21:30,010] {taskinstance.py:1283} INFO - Exporting the following env vars:
AIRFLOW_CTX_DAG_OWNER=airflow
AIRFLOW_CTX_DAG_ID=download_rocket_launches
AIRFLOW_CTX_TASK_ID=notify
AIRFLOW_CTX_EXECUTION_DATE=2026-04-24T20:21:12.733296+00:00
AIRFLOW_CTX_DAG_RUN_ID=manual__2026-04-24T20:21:12.733296+00:00
[2026-04-24 20:21:30,011] {bash.py:135} INFO - Tmp dir root location: 
 /tmp
[2026-04-24 20:21:30,011] {bash.py:158} INFO - Running command: echo "There are now $(ls -1 /opt/airflow/dags/tmp/images/ | wc -l) images."
[2026-04-24 20:21:30,021] {bash.py:169} INFO - Output:
[2026-04-24 20:21:30,029] {bash.py:173} INFO - There are now 9 images.
[2026-04-24 20:21:30,029] {bash.py:177} INFO - Command exited with return code 0
[2026-04-24 20:21:30,053] {taskinstance.py:1192} INFO - Marking task as SUCCESS. dag_id=download_rocket_launches, task_id=notify, execution_date=20260424T202112, start_date=20260424T202129, end_date=20260424T202130
[2026-04-24 20:21:30,070] {taskinstance.py:1246} INFO - 0 downstream tasks scheduled from follow-on schedule check
[2026-04-24 20:21:30,090] {local_task_job.py:146} INFO - Task exited with return code 0
