[2026-04-24 20:21:18,025] {taskinstance.py:877} INFO - Dependencies all met for <TaskInstance: download_rocket_launches.download_launches 2026-04-24T20:21:17.371406+00:00 [queued]>
[2026-04-24 20:21:18,037] {taskinstance.py:877} INFO - Dependencies all met for <TaskInstance: download_rocket_launches.download_launches 2026-04-24T20:21:17.371406+00:00 [queued]>
[2026-04-24 20:21:18,037] {taskinstance.py:1068} INFO - 
--------------------------------------------------------------------------------
[2026-04-24 20:21:18,037] {taskinstance.py:1069} INFO - Starting attempt 1 of 1
[2026-04-24 20:21:18,037] {taskinstance.py:1070} INFO - 
--------------------------------------------------------------------------------
[2026-04-24 20:21:18,043] {taskinstance.py:1089} INFO - Executing <Task(BashOperator): download_launches> on 2026-04-24T20:21:17.371406+00:00
[2026-04-24 20:21:18,046] {standard_task_runner.py:52} INFO - Started process 61 to run task
[2026-04-24 20:21:18,050] {standard_task_runner.py:76} INFO - Running: ['airflow', 'tasks', 'run', 'download_rocket_launches', 'download_launches', '2026-04-24T20:21:17.371406+00:00', '--job-id', '8', '--pool', 'default_pool', '--raw', '--subdir', 'DAGS_FOLDER/tp9.py', '--cfg-path', '/tmp/tmpglrfleh8', '--error-file', '/tmp/tmperb5rdtr']
[2026-04-24 20:21:18,050] {standard_task_runner.py:77} INFO - Job 8: Subtask download_launches
[2026-04-24 20:21:18,081] {logging_mixin.py:104} INFO - Running <TaskInstance: download_rocket_launches.download_launches 2026-04-24T20:21:17.371406+00:00 [running]> on host 19afc48938a0
[2026-04-24 20:21:18,114] {taskinstance.py:1283} INFO - Exporting the following env vars:
AIRFLOW_CTX_DAG_OWNER=airflow
AIRFLOW_CTX_DAG_ID=download_rocket_launches
AIRFLOW_CTX_TASK_ID=download_launches
AIRFLOW_CTX_EXECUTION_DATE=2026-04-24T20:21:17.371406+00:00
AIRFLOW_CTX_DAG_RUN_ID=manual__2026-04-24T20:21:17.371406+00:00
[2026-04-24 20:21:18,114] {bash.py:135} INFO - Tmp dir root location: 
 /tmp
[2026-04-24 20:21:18,115] {bash.py:158} INFO - Running command: curl -Lk "https://ll.thespacedevs.com/2.0.0/launch/upcoming" -o /opt/airflow/dags/tmp/launches.json
[2026-04-24 20:21:18,125] {bash.py:169} INFO - Output:
[2026-04-24 20:21:18,136] {bash.py:173} INFO -   % Total    % Received % Xferd  Average Speed   Time    Time     Time  Current
[2026-04-24 20:21:18,136] {bash.py:173} INFO -                                  Dload  Upload   Total   Spent    Left  Speed
[2026-04-24 20:21:18,664] {bash.py:173} INFO -   0     0    0     0    0     0      0      0 --:--:-- --:--:-- --:--:--     0  0     0    0     0    0     0      0      0 --:--:-- --:--:-- --:--:--     0
[2026-04-24 20:21:18,851] {bash.py:173} INFO - 100 25441    0 25441    0     0  35581      0 --:--:-- --:--:-- --:--:-- 35581
[2026-04-24 20:21:18,852] {bash.py:177} INFO - Command exited with return code 0
[2026-04-24 20:21:18,875] {taskinstance.py:1192} INFO - Marking task as SUCCESS. dag_id=download_rocket_launches, task_id=download_launches, execution_date=20260424T202117, start_date=20260424T202118, end_date=20260424T202118
[2026-04-24 20:21:18,902] {taskinstance.py:1246} INFO - 1 downstream tasks scheduled from follow-on schedule check
[2026-04-24 20:21:18,944] {local_task_job.py:146} INFO - Task exited with return code 0
