[2026-04-24 20:21:19,753] {taskinstance.py:877} INFO - Dependencies all met for <TaskInstance: download_rocket_launches.get_pictures 2026-04-24T20:21:17.371406+00:00 [queued]>
[2026-04-24 20:21:19,765] {taskinstance.py:877} INFO - Dependencies all met for <TaskInstance: download_rocket_launches.get_pictures 2026-04-24T20:21:17.371406+00:00 [queued]>
[2026-04-24 20:21:19,765] {taskinstance.py:1068} INFO - 
--------------------------------------------------------------------------------
[2026-04-24 20:21:19,765] {taskinstance.py:1069} INFO - Starting attempt 1 of 1
[2026-04-24 20:21:19,765] {taskinstance.py:1070} INFO - 
--------------------------------------------------------------------------------
[2026-04-24 20:21:19,771] {taskinstance.py:1089} INFO - Executing <Task(PythonOperator): get_pictures> on 2026-04-24T20:21:17.371406+00:00
[2026-04-24 20:21:19,775] {standard_task_runner.py:52} INFO - Started process 65 to run task
[2026-04-24 20:21:19,778] {standard_task_runner.py:76} INFO - Running: ['airflow', 'tasks', 'run', 'download_rocket_launches', 'get_pictures', '2026-04-24T20:21:17.371406+00:00', '--job-id', '9', '--pool', 'default_pool', '--raw', '--subdir', 'DAGS_FOLDER/tp9.py', '--cfg-path', '/tmp/tmp1btkeg3_', '--error-file', '/tmp/tmpks5fxjfi']
[2026-04-24 20:21:19,778] {standard_task_runner.py:77} INFO - Job 9: Subtask get_pictures
[2026-04-24 20:21:19,809] {logging_mixin.py:104} INFO - Running <TaskInstance: download_rocket_launches.get_pictures 2026-04-24T20:21:17.371406+00:00 [running]> on host 19afc48938a0
[2026-04-24 20:21:19,842] {taskinstance.py:1283} INFO - Exporting the following env vars:
AIRFLOW_CTX_DAG_OWNER=airflow
AIRFLOW_CTX_DAG_ID=download_rocket_launches
AIRFLOW_CTX_TASK_ID=get_pictures
AIRFLOW_CTX_EXECUTION_DATE=2026-04-24T20:21:17.371406+00:00
AIRFLOW_CTX_DAG_RUN_ID=manual__2026-04-24T20:21:17.371406+00:00
[2026-04-24 20:21:31,823] {python.py:118} INFO - Done. Returned value was: None
[2026-04-24 20:21:31,836] {taskinstance.py:1192} INFO - Marking task as SUCCESS. dag_id=download_rocket_launches, task_id=get_pictures, execution_date=20260424T202117, start_date=20260424T202119, end_date=20260424T202131
[2026-04-24 20:21:31,859] {taskinstance.py:1246} INFO - 1 downstream tasks scheduled from follow-on schedule check
[2026-04-24 20:21:31,883] {local_task_job.py:146} INFO - Task exited with return code 0
